09:16:17.687 INFO  --- [main] c.s.example.ShoppingmallApplication : Starting ShoppingmallApplication on LAPTOP-9DTE2H8I with PID 16272 (C:\Users\taswp\shoppingmall\bin\main started by taswp in C:\Users\taswp\shoppingmall) 
09:16:17.690 DEBUG --- [main] c.s.example.ShoppingmallApplication : Running with Spring Boot v2.3.2.RELEASE, Spring v5.2.8.RELEASE 
09:16:17.691 INFO  --- [main] c.s.example.ShoppingmallApplication : The following profiles are active: local 
09:16:19.175 DEBUG --- [main] c.s.example.config.AuthTokenFilter : Filter 'authenticationJwtTokenFilter' configured for use 
09:16:19.635 INFO  --- [main] c.s.example.ShoppingmallApplication : Started ShoppingmallApplication in 2.291 seconds (JVM running for 2.94) 
09:17:00.085 DEBUG --- [http-nio-9000-exec-1] c.s.e.m.U.shopping_readUser : ==>  Preparing: SELECT user_id as username, user_password as password, user_name as name, user_address as address, user_phone as phone, user_email as email, user_point as point FROM user 
09:17:00.103 DEBUG --- [http-nio-9000-exec-1] c.s.e.m.U.shopping_readUser : ==> Parameters:  
09:17:00.118 TRACE --- [http-nio-9000-exec-1] c.s.e.m.U.shopping_readUser : <==    Columns: username, password, name, address, phone, email, point 
09:17:00.118 TRACE --- [http-nio-9000-exec-1] c.s.e.m.U.shopping_readUser : <==        Row: jy0935, 11111, 금화전기, 대구시 동구, 010-2354-8451, abc@naver.com, 5000 
09:17:00.120 TRACE --- [http-nio-9000-exec-1] c.s.e.m.U.shopping_readUser : <==        Row: jy1234, 356484, 김모씨, 대구시 서구, 010-1111-1234, abced@naver.com, 500000 
09:17:00.120 TRACE --- [http-nio-9000-exec-1] c.s.e.m.U.shopping_readUser : <==        Row: jy12345, 4234, 이모씨, 서울특별시, 010-1111-1234, fruit@naver.com, 1000 
09:17:00.120 TRACE --- [http-nio-9000-exec-1] c.s.e.m.U.shopping_readUser : <==        Row: jy1515, 33311, 김모씨, 대구시 중구, 010-7555-1234, jkjk@naver.com, 20000 
09:17:00.120 TRACE --- [http-nio-9000-exec-1] c.s.e.m.U.shopping_readUser : <==        Row: kkk333, 1523, 김모씨, 대구시 북구, 010-1111-1234, 123c@naver.com, 10000 
09:17:00.120 TRACE --- [http-nio-9000-exec-1] c.s.e.m.U.shopping_readUser : <==        Row: sef, 3423, 박모씨, 대구시 남구, 010-1111-1234, 123c@naver.com, 10000 
09:17:00.120 DEBUG --- [http-nio-9000-exec-1] c.s.e.m.U.shopping_readUser : <==      Total: 6 
09:17:02.086 DEBUG --- [http-nio-9000-exec-2] c.s.e.m.CategoryMapper.readCategory : ==>  Preparing: SELECT cg_id as id, cg_name as name, cg_product_count as product_count FROM category 
09:17:02.087 DEBUG --- [http-nio-9000-exec-2] c.s.e.m.CategoryMapper.readCategory : ==> Parameters:  
09:17:02.088 TRACE --- [http-nio-9000-exec-2] c.s.e.m.CategoryMapper.readCategory : <==    Columns: id, name, product_count 
09:17:02.088 TRACE --- [http-nio-9000-exec-2] c.s.e.m.CategoryMapper.readCategory : <==        Row: 2030, 주방등, 8 
09:17:02.088 TRACE --- [http-nio-9000-exec-2] c.s.e.m.CategoryMapper.readCategory : <==        Row: 20, 등, 8 
09:17:02.088 TRACE --- [http-nio-9000-exec-2] c.s.e.m.CategoryMapper.readCategory : <==        Row: 30, 스탠드, 3 
09:17:02.088 TRACE --- [http-nio-9000-exec-2] c.s.e.m.CategoryMapper.readCategory : <==        Row: 2010, 거실등, 3 
09:17:02.089 TRACE --- [http-nio-9000-exec-2] c.s.e.m.CategoryMapper.readCategory : <==        Row: 2020, 방등, 2 
09:17:02.089 TRACE --- [http-nio-9000-exec-2] c.s.e.m.CategoryMapper.readCategory : <==        Row: 40, 전기재료, 5 
09:17:02.089 TRACE --- [http-nio-9000-exec-2] c.s.e.m.CategoryMapper.readCategory : <==        Row: 0, 전체, 9999999 
09:17:02.089 DEBUG --- [http-nio-9000-exec-2] c.s.e.m.CategoryMapper.readCategory : <==      Total: 7 
09:17:06.520 DEBUG --- [http-nio-9000-exec-3] c.s.e.m.CategoryMapper.readCategory : ==>  Preparing: SELECT cg_id as id, cg_name as name, cg_product_count as product_count FROM category 
09:17:06.521 DEBUG --- [http-nio-9000-exec-3] c.s.e.m.CategoryMapper.readCategory : ==> Parameters:  
09:17:06.523 TRACE --- [http-nio-9000-exec-3] c.s.e.m.CategoryMapper.readCategory : <==    Columns: id, name, product_count 
09:17:06.523 TRACE --- [http-nio-9000-exec-3] c.s.e.m.CategoryMapper.readCategory : <==        Row: 2030, 주방등, 8 
09:17:06.524 TRACE --- [http-nio-9000-exec-3] c.s.e.m.CategoryMapper.readCategory : <==        Row: 20, 등, 8 
09:17:06.524 TRACE --- [http-nio-9000-exec-3] c.s.e.m.CategoryMapper.readCategory : <==        Row: 30, 스탠드, 3 
09:17:06.524 TRACE --- [http-nio-9000-exec-3] c.s.e.m.CategoryMapper.readCategory : <==        Row: 2010, 거실등, 3 
09:17:06.524 TRACE --- [http-nio-9000-exec-3] c.s.e.m.CategoryMapper.readCategory : <==        Row: 2020, 방등, 2 
09:17:06.524 TRACE --- [http-nio-9000-exec-3] c.s.e.m.CategoryMapper.readCategory : <==        Row: 40, 전기재료, 5 
09:17:06.524 TRACE --- [http-nio-9000-exec-3] c.s.e.m.CategoryMapper.readCategory : <==        Row: 0, 전체, 9999999 
09:17:06.525 DEBUG --- [http-nio-9000-exec-3] c.s.e.m.CategoryMapper.readCategory : <==      Total: 7 
09:17:09.217 DEBUG --- [http-nio-9000-exec-5] c.s.e.m.C.readCategory_name : ==>  Preparing: SELECT cg_name as name FROM category WHERE CHAR_LENGTH(cg_id) <= 2 
09:17:09.217 DEBUG --- [http-nio-9000-exec-4] c.s.e.mapper.ProductMapper.ranking : ==>  Preparing: SELECT p_id as id, p_name as name, p_order_count as order_count, p_rank as rank FROM product 
09:17:09.217 DEBUG --- [http-nio-9000-exec-5] c.s.e.m.C.readCategory_name : ==> Parameters:  
09:17:09.217 DEBUG --- [http-nio-9000-exec-4] c.s.e.mapper.ProductMapper.ranking : ==> Parameters:  
09:17:09.218 TRACE --- [http-nio-9000-exec-5] c.s.e.m.C.readCategory_name : <==    Columns: name 
09:17:09.218 TRACE --- [http-nio-9000-exec-4] c.s.e.mapper.ProductMapper.ranking : <==    Columns: id, name, order_count, rank 
09:17:09.218 TRACE --- [http-nio-9000-exec-5] c.s.e.m.C.readCategory_name : <==        Row: 등 
09:17:09.218 TRACE --- [http-nio-9000-exec-4] c.s.e.mapper.ProductMapper.ranking : <==        Row: 1, 거실등, 30, null 
09:17:09.219 TRACE --- [http-nio-9000-exec-5] c.s.e.m.C.readCategory_name : <==        Row: 스탠드 
09:17:09.219 TRACE --- [http-nio-9000-exec-4] c.s.e.mapper.ProductMapper.ranking : <==        Row: 2, 방등, 35, null 
09:17:09.220 TRACE --- [http-nio-9000-exec-5] c.s.e.m.C.readCategory_name : <==        Row: 전기재료 
09:17:09.220 TRACE --- [http-nio-9000-exec-4] c.s.e.mapper.ProductMapper.ranking : <==        Row: 3, 형광등 스탠드, 20, null 
09:17:09.220 TRACE --- [http-nio-9000-exec-5] c.s.e.m.C.readCategory_name : <==        Row: 전체 
09:17:09.221 DEBUG --- [http-nio-9000-exec-5] c.s.e.m.C.readCategory_name : <==      Total: 4 
09:17:09.221 TRACE --- [http-nio-9000-exec-4] c.s.e.mapper.ProductMapper.ranking : <==        Row: 4, 멀티탭, 5, null 
09:17:09.221 TRACE --- [http-nio-9000-exec-4] c.s.e.mapper.ProductMapper.ranking : <==        Row: 5, 주방등, 25, null 
09:17:09.221 TRACE --- [http-nio-9000-exec-4] c.s.e.mapper.ProductMapper.ranking : <==        Row: 6, 6구 콘센트, 25, null 
09:17:09.221 TRACE --- [http-nio-9000-exec-4] c.s.e.mapper.ProductMapper.ranking : <==        Row: 7, LED 스탠드, 15, null 
09:17:09.221 DEBUG --- [http-nio-9000-exec-4] c.s.e.mapper.ProductMapper.ranking : <==      Total: 7 
09:17:11.640 DEBUG --- [http-nio-9000-exec-7] c.s.e.m.CategoryMapper.findCg_id : ==>  Preparing: SELECT cg_id as id FROM category WHERE cg_name = ? 
09:17:11.641 DEBUG --- [http-nio-9000-exec-7] c.s.e.m.CategoryMapper.findCg_id : ==> Parameters: 등(String) 
09:17:11.642 TRACE --- [http-nio-9000-exec-7] c.s.e.m.CategoryMapper.findCg_id : <==    Columns: id 
09:17:11.642 TRACE --- [http-nio-9000-exec-7] c.s.e.m.CategoryMapper.findCg_id : <==        Row: 20 
09:17:11.642 DEBUG --- [http-nio-9000-exec-7] c.s.e.m.CategoryMapper.findCg_id : <==      Total: 1 
09:17:11.643 DEBUG --- [http-nio-9000-exec-7] c.s.e.m.ProductMapper.lowCgData : ==>  Preparing: SELECT p_id as id, p_name as name, p_order_count as order_count, p_rank as rank FROM product, (SELECT cg_id as id FROM category WHERE cg_id LIKE CONCAT(?, '%')) ta1 where ta1.id = product.p_category 
09:17:11.643 DEBUG --- [http-nio-9000-exec-7] c.s.e.m.ProductMapper.lowCgData : ==> Parameters: 20(Integer) 
09:17:11.644 TRACE --- [http-nio-9000-exec-7] c.s.e.m.ProductMapper.lowCgData : <==    Columns: id, name, order_count, rank 
09:17:11.645 TRACE --- [http-nio-9000-exec-7] c.s.e.m.ProductMapper.lowCgData : <==        Row: 5, 주방등, 25, null 
09:17:11.645 TRACE --- [http-nio-9000-exec-7] c.s.e.m.ProductMapper.lowCgData : <==        Row: 1, 거실등, 30, null 
09:17:11.645 TRACE --- [http-nio-9000-exec-7] c.s.e.m.ProductMapper.lowCgData : <==        Row: 2, 방등, 35, null 
09:17:11.645 DEBUG --- [http-nio-9000-exec-7] c.s.e.m.ProductMapper.lowCgData : <==      Total: 3 
09:17:13.932 DEBUG --- [http-nio-9000-exec-8] c.s.e.m.CategoryMapper.findCg_id : ==>  Preparing: SELECT cg_id as id FROM category WHERE cg_name = ? 
09:17:13.933 DEBUG --- [http-nio-9000-exec-8] c.s.e.m.CategoryMapper.findCg_id : ==> Parameters: 스탠드(String) 
09:17:13.933 TRACE --- [http-nio-9000-exec-8] c.s.e.m.CategoryMapper.findCg_id : <==    Columns: id 
09:17:13.934 TRACE --- [http-nio-9000-exec-8] c.s.e.m.CategoryMapper.findCg_id : <==        Row: 30 
09:17:13.934 DEBUG --- [http-nio-9000-exec-8] c.s.e.m.CategoryMapper.findCg_id : <==      Total: 1 
09:17:13.934 DEBUG --- [http-nio-9000-exec-8] c.s.e.m.ProductMapper.lowCgData : ==>  Preparing: SELECT p_id as id, p_name as name, p_order_count as order_count, p_rank as rank FROM product, (SELECT cg_id as id FROM category WHERE cg_id LIKE CONCAT(?, '%')) ta1 where ta1.id = product.p_category 
09:17:13.934 DEBUG --- [http-nio-9000-exec-8] c.s.e.m.ProductMapper.lowCgData : ==> Parameters: 30(Integer) 
09:17:13.935 TRACE --- [http-nio-9000-exec-8] c.s.e.m.ProductMapper.lowCgData : <==    Columns: id, name, order_count, rank 
09:17:13.935 TRACE --- [http-nio-9000-exec-8] c.s.e.m.ProductMapper.lowCgData : <==        Row: 3, 형광등 스탠드, 20, null 
09:17:13.936 TRACE --- [http-nio-9000-exec-8] c.s.e.m.ProductMapper.lowCgData : <==        Row: 7, LED 스탠드, 15, null 
09:17:13.936 DEBUG --- [http-nio-9000-exec-8] c.s.e.m.ProductMapper.lowCgData : <==      Total: 2 
09:17:15.374 DEBUG --- [http-nio-9000-exec-9] c.s.e.m.CategoryMapper.findCg_id : ==>  Preparing: SELECT cg_id as id FROM category WHERE cg_name = ? 
09:17:15.374 DEBUG --- [http-nio-9000-exec-9] c.s.e.m.CategoryMapper.findCg_id : ==> Parameters: 전기재료(String) 
09:17:15.375 TRACE --- [http-nio-9000-exec-9] c.s.e.m.CategoryMapper.findCg_id : <==    Columns: id 
09:17:15.375 TRACE --- [http-nio-9000-exec-9] c.s.e.m.CategoryMapper.findCg_id : <==        Row: 40 
09:17:15.375 DEBUG --- [http-nio-9000-exec-9] c.s.e.m.CategoryMapper.findCg_id : <==      Total: 1 
09:17:15.375 DEBUG --- [http-nio-9000-exec-9] c.s.e.m.ProductMapper.lowCgData : ==>  Preparing: SELECT p_id as id, p_name as name, p_order_count as order_count, p_rank as rank FROM product, (SELECT cg_id as id FROM category WHERE cg_id LIKE CONCAT(?, '%')) ta1 where ta1.id = product.p_category 
09:17:15.376 DEBUG --- [http-nio-9000-exec-9] c.s.e.m.ProductMapper.lowCgData : ==> Parameters: 40(Integer) 
09:17:15.377 TRACE --- [http-nio-9000-exec-9] c.s.e.m.ProductMapper.lowCgData : <==    Columns: id, name, order_count, rank 
09:17:15.377 TRACE --- [http-nio-9000-exec-9] c.s.e.m.ProductMapper.lowCgData : <==        Row: 4, 멀티탭, 5, null 
09:17:15.377 TRACE --- [http-nio-9000-exec-9] c.s.e.m.ProductMapper.lowCgData : <==        Row: 6, 6구 콘센트, 25, null 
09:17:15.377 DEBUG --- [http-nio-9000-exec-9] c.s.e.m.ProductMapper.lowCgData : <==      Total: 2 
09:17:16.927 DEBUG --- [http-nio-9000-exec-10] c.s.e.m.CategoryMapper.findCg_id : ==>  Preparing: SELECT cg_id as id FROM category WHERE cg_name = ? 
09:17:16.928 DEBUG --- [http-nio-9000-exec-10] c.s.e.m.CategoryMapper.findCg_id : ==> Parameters: 등(String) 
09:17:16.929 TRACE --- [http-nio-9000-exec-10] c.s.e.m.CategoryMapper.findCg_id : <==    Columns: id 
09:17:16.929 TRACE --- [http-nio-9000-exec-10] c.s.e.m.CategoryMapper.findCg_id : <==        Row: 20 
09:17:16.929 DEBUG --- [http-nio-9000-exec-10] c.s.e.m.CategoryMapper.findCg_id : <==      Total: 1 
09:17:16.930 DEBUG --- [http-nio-9000-exec-10] c.s.e.m.ProductMapper.lowCgData : ==>  Preparing: SELECT p_id as id, p_name as name, p_order_count as order_count, p_rank as rank FROM product, (SELECT cg_id as id FROM category WHERE cg_id LIKE CONCAT(?, '%')) ta1 where ta1.id = product.p_category 
09:17:16.930 DEBUG --- [http-nio-9000-exec-10] c.s.e.m.ProductMapper.lowCgData : ==> Parameters: 20(Integer) 
09:17:16.931 TRACE --- [http-nio-9000-exec-10] c.s.e.m.ProductMapper.lowCgData : <==    Columns: id, name, order_count, rank 
09:17:16.931 TRACE --- [http-nio-9000-exec-10] c.s.e.m.ProductMapper.lowCgData : <==        Row: 5, 주방등, 25, null 
09:17:16.931 TRACE --- [http-nio-9000-exec-10] c.s.e.m.ProductMapper.lowCgData : <==        Row: 1, 거실등, 30, null 
09:17:16.932 TRACE --- [http-nio-9000-exec-10] c.s.e.m.ProductMapper.lowCgData : <==        Row: 2, 방등, 35, null 
09:17:16.932 DEBUG --- [http-nio-9000-exec-10] c.s.e.m.ProductMapper.lowCgData : <==      Total: 3 
09:17:18.677 DEBUG --- [http-nio-9000-exec-1] c.s.e.m.CategoryMapper.findCg_id : ==>  Preparing: SELECT cg_id as id FROM category WHERE cg_name = ? 
09:17:18.677 DEBUG --- [http-nio-9000-exec-1] c.s.e.m.CategoryMapper.findCg_id : ==> Parameters: 전체(String) 
09:17:18.678 TRACE --- [http-nio-9000-exec-1] c.s.e.m.CategoryMapper.findCg_id : <==    Columns: id 
09:17:18.679 TRACE --- [http-nio-9000-exec-1] c.s.e.m.CategoryMapper.findCg_id : <==        Row: 0 
09:17:18.679 DEBUG --- [http-nio-9000-exec-1] c.s.e.m.CategoryMapper.findCg_id : <==      Total: 1 
09:17:18.680 DEBUG --- [http-nio-9000-exec-1] c.s.e.m.ProductMapper.lowCgData_all : ==>  Preparing: SELECT p_id as id, p_name as name, p_order_count as order_count, p_rank as rank FROM product 
09:17:18.680 DEBUG --- [http-nio-9000-exec-1] c.s.e.m.ProductMapper.lowCgData_all : ==> Parameters:  
09:17:18.681 TRACE --- [http-nio-9000-exec-1] c.s.e.m.ProductMapper.lowCgData_all : <==    Columns: id, name, order_count, rank 
09:17:18.681 TRACE --- [http-nio-9000-exec-1] c.s.e.m.ProductMapper.lowCgData_all : <==        Row: 1, 거실등, 30, null 
09:17:18.682 TRACE --- [http-nio-9000-exec-1] c.s.e.m.ProductMapper.lowCgData_all : <==        Row: 2, 방등, 35, null 
09:17:18.682 TRACE --- [http-nio-9000-exec-1] c.s.e.m.ProductMapper.lowCgData_all : <==        Row: 3, 형광등 스탠드, 20, null 
09:17:18.682 TRACE --- [http-nio-9000-exec-1] c.s.e.m.ProductMapper.lowCgData_all : <==        Row: 4, 멀티탭, 5, null 
09:17:18.682 TRACE --- [http-nio-9000-exec-1] c.s.e.m.ProductMapper.lowCgData_all : <==        Row: 5, 주방등, 25, null 
09:17:18.682 TRACE --- [http-nio-9000-exec-1] c.s.e.m.ProductMapper.lowCgData_all : <==        Row: 6, 6구 콘센트, 25, null 
09:17:18.682 TRACE --- [http-nio-9000-exec-1] c.s.e.m.ProductMapper.lowCgData_all : <==        Row: 7, LED 스탠드, 15, null 
09:17:18.682 DEBUG --- [http-nio-9000-exec-1] c.s.e.m.ProductMapper.lowCgData_all : <==      Total: 7 
09:17:20.771 DEBUG --- [http-nio-9000-exec-2] c.s.e.m.CategoryMapper.readCategory : ==>  Preparing: SELECT cg_id as id, cg_name as name, cg_product_count as product_count FROM category 
09:17:20.771 DEBUG --- [http-nio-9000-exec-2] c.s.e.m.CategoryMapper.readCategory : ==> Parameters:  
09:17:20.773 TRACE --- [http-nio-9000-exec-2] c.s.e.m.CategoryMapper.readCategory : <==    Columns: id, name, product_count 
09:17:20.773 TRACE --- [http-nio-9000-exec-2] c.s.e.m.CategoryMapper.readCategory : <==        Row: 2030, 주방등, 8 
09:17:20.773 TRACE --- [http-nio-9000-exec-2] c.s.e.m.CategoryMapper.readCategory : <==        Row: 20, 등, 8 
09:17:20.773 TRACE --- [http-nio-9000-exec-2] c.s.e.m.CategoryMapper.readCategory : <==        Row: 30, 스탠드, 3 
09:17:20.774 TRACE --- [http-nio-9000-exec-2] c.s.e.m.CategoryMapper.readCategory : <==        Row: 2010, 거실등, 3 
09:17:20.774 TRACE --- [http-nio-9000-exec-2] c.s.e.m.CategoryMapper.readCategory : <==        Row: 2020, 방등, 2 
09:17:20.774 TRACE --- [http-nio-9000-exec-2] c.s.e.m.CategoryMapper.readCategory : <==        Row: 40, 전기재료, 5 
09:17:20.774 TRACE --- [http-nio-9000-exec-2] c.s.e.m.CategoryMapper.readCategory : <==        Row: 0, 전체, 9999999 
09:17:20.774 DEBUG --- [http-nio-9000-exec-2] c.s.e.m.CategoryMapper.readCategory : <==      Total: 7 
09:17:25.799 DEBUG --- [http-nio-9000-exec-3] c.s.e.m.CategoryMapper.readCategory : ==>  Preparing: SELECT cg_id as id, cg_name as name, cg_product_count as product_count FROM category 
09:17:25.799 DEBUG --- [http-nio-9000-exec-3] c.s.e.m.CategoryMapper.readCategory : ==> Parameters:  
09:17:25.801 TRACE --- [http-nio-9000-exec-3] c.s.e.m.CategoryMapper.readCategory : <==    Columns: id, name, product_count 
09:17:25.801 TRACE --- [http-nio-9000-exec-3] c.s.e.m.CategoryMapper.readCategory : <==        Row: 2030, 주방등, 8 
09:17:25.802 TRACE --- [http-nio-9000-exec-3] c.s.e.m.CategoryMapper.readCategory : <==        Row: 20, 등, 8 
09:17:25.802 TRACE --- [http-nio-9000-exec-3] c.s.e.m.CategoryMapper.readCategory : <==        Row: 30, 스탠드, 3 
09:17:25.802 TRACE --- [http-nio-9000-exec-3] c.s.e.m.CategoryMapper.readCategory : <==        Row: 2010, 거실등, 3 
09:17:25.803 TRACE --- [http-nio-9000-exec-3] c.s.e.m.CategoryMapper.readCategory : <==        Row: 2020, 방등, 2 
09:17:25.803 TRACE --- [http-nio-9000-exec-3] c.s.e.m.CategoryMapper.readCategory : <==        Row: 40, 전기재료, 5 
09:17:25.803 TRACE --- [http-nio-9000-exec-3] c.s.e.m.CategoryMapper.readCategory : <==        Row: 0, 전체, 9999999 
09:17:25.803 DEBUG --- [http-nio-9000-exec-3] c.s.e.m.CategoryMapper.readCategory : <==      Total: 7 
09:17:30.964 DEBUG --- [http-nio-9000-exec-5] c.s.e.m.U.shopping_readUser : ==>  Preparing: SELECT user_id as username, user_password as password, user_name as name, user_address as address, user_phone as phone, user_email as email, user_point as point FROM user 
09:17:30.964 DEBUG --- [http-nio-9000-exec-5] c.s.e.m.U.shopping_readUser : ==> Parameters:  
09:17:30.965 TRACE --- [http-nio-9000-exec-5] c.s.e.m.U.shopping_readUser : <==    Columns: username, password, name, address, phone, email, point 
09:17:30.965 TRACE --- [http-nio-9000-exec-5] c.s.e.m.U.shopping_readUser : <==        Row: jy0935, 11111, 금화전기, 대구시 동구, 010-2354-8451, abc@naver.com, 5000 
09:17:30.965 TRACE --- [http-nio-9000-exec-5] c.s.e.m.U.shopping_readUser : <==        Row: jy1234, 356484, 김모씨, 대구시 서구, 010-1111-1234, abced@naver.com, 500000 
09:17:30.965 TRACE --- [http-nio-9000-exec-5] c.s.e.m.U.shopping_readUser : <==        Row: jy12345, 4234, 이모씨, 서울특별시, 010-1111-1234, fruit@naver.com, 1000 
09:17:30.966 TRACE --- [http-nio-9000-exec-5] c.s.e.m.U.shopping_readUser : <==        Row: jy1515, 33311, 김모씨, 대구시 중구, 010-7555-1234, jkjk@naver.com, 20000 
09:17:30.966 TRACE --- [http-nio-9000-exec-5] c.s.e.m.U.shopping_readUser : <==        Row: kkk333, 1523, 김모씨, 대구시 북구, 010-1111-1234, 123c@naver.com, 10000 
09:17:30.966 TRACE --- [http-nio-9000-exec-5] c.s.e.m.U.shopping_readUser : <==        Row: sef, 3423, 박모씨, 대구시 남구, 010-1111-1234, 123c@naver.com, 10000 
09:17:30.966 DEBUG --- [http-nio-9000-exec-5] c.s.e.m.U.shopping_readUser : <==      Total: 6 
09:17:35.130 DEBUG --- [http-nio-9000-exec-4] c.s.e.m.U.shopping_readUser : ==>  Preparing: SELECT user_id as username, user_password as password, user_name as name, user_address as address, user_phone as phone, user_email as email, user_point as point FROM user 
09:17:35.130 DEBUG --- [http-nio-9000-exec-4] c.s.e.m.U.shopping_readUser : ==> Parameters:  
09:17:35.131 TRACE --- [http-nio-9000-exec-4] c.s.e.m.U.shopping_readUser : <==    Columns: username, password, name, address, phone, email, point 
09:17:35.131 TRACE --- [http-nio-9000-exec-4] c.s.e.m.U.shopping_readUser : <==        Row: jy0935, 11111, 금화전기, 대구시 동구, 010-2354-8451, abc@naver.com, 5000 
09:17:35.132 TRACE --- [http-nio-9000-exec-4] c.s.e.m.U.shopping_readUser : <==        Row: jy1234, 356484, 김모씨, 대구시 서구, 010-1111-1234, abced@naver.com, 500000 
09:17:35.132 TRACE --- [http-nio-9000-exec-4] c.s.e.m.U.shopping_readUser : <==        Row: jy12345, 4234, 이모씨, 서울특별시, 010-1111-1234, fruit@naver.com, 1000 
09:17:35.132 TRACE --- [http-nio-9000-exec-4] c.s.e.m.U.shopping_readUser : <==        Row: jy1515, 33311, 김모씨, 대구시 중구, 010-7555-1234, jkjk@naver.com, 20000 
09:17:35.133 TRACE --- [http-nio-9000-exec-4] c.s.e.m.U.shopping_readUser : <==        Row: kkk333, 1523, 김모씨, 대구시 북구, 010-1111-1234, 123c@naver.com, 10000 
09:17:35.133 TRACE --- [http-nio-9000-exec-4] c.s.e.m.U.shopping_readUser : <==        Row: sef, 3423, 박모씨, 대구시 남구, 010-1111-1234, 123c@naver.com, 10000 
09:17:35.133 DEBUG --- [http-nio-9000-exec-4] c.s.e.m.U.shopping_readUser : <==      Total: 6 
09:17:36.923 DEBUG --- [http-nio-9000-exec-6] c.s.e.m.CategoryMapper.readCategory : ==>  Preparing: SELECT cg_id as id, cg_name as name, cg_product_count as product_count FROM category 
09:17:36.923 DEBUG --- [http-nio-9000-exec-6] c.s.e.m.CategoryMapper.readCategory : ==> Parameters:  
09:17:36.924 TRACE --- [http-nio-9000-exec-6] c.s.e.m.CategoryMapper.readCategory : <==    Columns: id, name, product_count 
09:17:36.924 TRACE --- [http-nio-9000-exec-6] c.s.e.m.CategoryMapper.readCategory : <==        Row: 2030, 주방등, 8 
09:17:36.924 TRACE --- [http-nio-9000-exec-6] c.s.e.m.CategoryMapper.readCategory : <==        Row: 20, 등, 8 
09:17:36.924 TRACE --- [http-nio-9000-exec-6] c.s.e.m.CategoryMapper.readCategory : <==        Row: 30, 스탠드, 3 
09:17:36.924 TRACE --- [http-nio-9000-exec-6] c.s.e.m.CategoryMapper.readCategory : <==        Row: 2010, 거실등, 3 
09:17:36.924 TRACE --- [http-nio-9000-exec-6] c.s.e.m.CategoryMapper.readCategory : <==        Row: 2020, 방등, 2 
09:17:36.924 TRACE --- [http-nio-9000-exec-6] c.s.e.m.CategoryMapper.readCategory : <==        Row: 40, 전기재료, 5 
09:17:36.925 TRACE --- [http-nio-9000-exec-6] c.s.e.m.CategoryMapper.readCategory : <==        Row: 0, 전체, 9999999 
09:17:36.925 DEBUG --- [http-nio-9000-exec-6] c.s.e.m.CategoryMapper.readCategory : <==      Total: 7 
09:17:40.941 DEBUG --- [http-nio-9000-exec-7] c.s.e.m.CategoryMapper.readCategory : ==>  Preparing: SELECT cg_id as id, cg_name as name, cg_product_count as product_count FROM category 
09:17:40.941 DEBUG --- [http-nio-9000-exec-7] c.s.e.m.CategoryMapper.readCategory : ==> Parameters:  
09:17:40.942 TRACE --- [http-nio-9000-exec-7] c.s.e.m.CategoryMapper.readCategory : <==    Columns: id, name, product_count 
09:17:40.942 TRACE --- [http-nio-9000-exec-7] c.s.e.m.CategoryMapper.readCategory : <==        Row: 2030, 주방등, 8 
09:17:40.942 TRACE --- [http-nio-9000-exec-7] c.s.e.m.CategoryMapper.readCategory : <==        Row: 20, 등, 8 
09:17:40.942 TRACE --- [http-nio-9000-exec-7] c.s.e.m.CategoryMapper.readCategory : <==        Row: 30, 스탠드, 3 
09:17:40.943 TRACE --- [http-nio-9000-exec-7] c.s.e.m.CategoryMapper.readCategory : <==        Row: 2010, 거실등, 3 
09:17:40.943 TRACE --- [http-nio-9000-exec-7] c.s.e.m.CategoryMapper.readCategory : <==        Row: 2020, 방등, 2 
09:17:40.943 TRACE --- [http-nio-9000-exec-7] c.s.e.m.CategoryMapper.readCategory : <==        Row: 40, 전기재료, 5 
09:17:40.943 TRACE --- [http-nio-9000-exec-7] c.s.e.m.CategoryMapper.readCategory : <==        Row: 0, 전체, 9999999 
09:17:40.943 DEBUG --- [http-nio-9000-exec-7] c.s.e.m.CategoryMapper.readCategory : <==      Total: 7 
09:17:49.707 DEBUG --- [http-nio-9000-exec-9] c.s.e.m.C.readCategory_name : ==>  Preparing: SELECT cg_name as name FROM category WHERE CHAR_LENGTH(cg_id) <= 2 
09:17:49.707 DEBUG --- [http-nio-9000-exec-8] c.s.e.mapper.ProductMapper.ranking : ==>  Preparing: SELECT p_id as id, p_name as name, p_order_count as order_count, p_rank as rank FROM product 
09:17:49.707 DEBUG --- [http-nio-9000-exec-8] c.s.e.mapper.ProductMapper.ranking : ==> Parameters:  
09:17:49.707 DEBUG --- [http-nio-9000-exec-9] c.s.e.m.C.readCategory_name : ==> Parameters:  
09:17:49.708 TRACE --- [http-nio-9000-exec-8] c.s.e.mapper.ProductMapper.ranking : <==    Columns: id, name, order_count, rank 
09:17:49.708 TRACE --- [http-nio-9000-exec-9] c.s.e.m.C.readCategory_name : <==    Columns: name 
09:17:49.708 TRACE --- [http-nio-9000-exec-8] c.s.e.mapper.ProductMapper.ranking : <==        Row: 1, 거실등, 30, null 
09:17:49.708 TRACE --- [http-nio-9000-exec-9] c.s.e.m.C.readCategory_name : <==        Row: 등 
09:17:49.708 TRACE --- [http-nio-9000-exec-9] c.s.e.m.C.readCategory_name : <==        Row: 스탠드 
09:17:49.708 TRACE --- [http-nio-9000-exec-8] c.s.e.mapper.ProductMapper.ranking : <==        Row: 2, 방등, 35, null 
09:17:49.708 TRACE --- [http-nio-9000-exec-9] c.s.e.m.C.readCategory_name : <==        Row: 전기재료 
09:17:49.708 TRACE --- [http-nio-9000-exec-8] c.s.e.mapper.ProductMapper.ranking : <==        Row: 3, 형광등 스탠드, 20, null 
09:17:49.709 TRACE --- [http-nio-9000-exec-9] c.s.e.m.C.readCategory_name : <==        Row: 전체 
09:17:49.709 TRACE --- [http-nio-9000-exec-8] c.s.e.mapper.ProductMapper.ranking : <==        Row: 4, 멀티탭, 5, null 
09:17:49.709 DEBUG --- [http-nio-9000-exec-9] c.s.e.m.C.readCategory_name : <==      Total: 4 
09:17:49.709 TRACE --- [http-nio-9000-exec-8] c.s.e.mapper.ProductMapper.ranking : <==        Row: 5, 주방등, 25, null 
09:17:49.709 TRACE --- [http-nio-9000-exec-8] c.s.e.mapper.ProductMapper.ranking : <==        Row: 6, 6구 콘센트, 25, null 
09:17:49.709 TRACE --- [http-nio-9000-exec-8] c.s.e.mapper.ProductMapper.ranking : <==        Row: 7, LED 스탠드, 15, null 
09:17:49.710 DEBUG --- [http-nio-9000-exec-8] c.s.e.mapper.ProductMapper.ranking : <==      Total: 7 
09:18:09.940 DEBUG --- [http-nio-9000-exec-10] c.s.e.m.U.shopping_readUser : ==>  Preparing: SELECT user_id as username, user_password as password, user_name as name, user_address as address, user_phone as phone, user_email as email, user_point as point FROM user 
09:18:09.940 DEBUG --- [http-nio-9000-exec-10] c.s.e.m.U.shopping_readUser : ==> Parameters:  
09:18:09.941 TRACE --- [http-nio-9000-exec-10] c.s.e.m.U.shopping_readUser : <==    Columns: username, password, name, address, phone, email, point 
09:18:09.941 TRACE --- [http-nio-9000-exec-10] c.s.e.m.U.shopping_readUser : <==        Row: jy0935, 11111, 금화전기, 대구시 동구, 010-2354-8451, abc@naver.com, 5000 
09:18:09.941 TRACE --- [http-nio-9000-exec-10] c.s.e.m.U.shopping_readUser : <==        Row: jy1234, 356484, 김모씨, 대구시 서구, 010-1111-1234, abced@naver.com, 500000 
09:18:09.941 TRACE --- [http-nio-9000-exec-10] c.s.e.m.U.shopping_readUser : <==        Row: jy12345, 4234, 이모씨, 서울특별시, 010-1111-1234, fruit@naver.com, 1000 
09:18:09.942 TRACE --- [http-nio-9000-exec-10] c.s.e.m.U.shopping_readUser : <==        Row: jy1515, 33311, 김모씨, 대구시 중구, 010-7555-1234, jkjk@naver.com, 20000 
09:18:09.942 TRACE --- [http-nio-9000-exec-10] c.s.e.m.U.shopping_readUser : <==        Row: kkk333, 1523, 김모씨, 대구시 북구, 010-1111-1234, 123c@naver.com, 10000 
09:18:09.942 TRACE --- [http-nio-9000-exec-10] c.s.e.m.U.shopping_readUser : <==        Row: sef, 3423, 박모씨, 대구시 남구, 010-1111-1234, 123c@naver.com, 10000 
09:18:09.942 DEBUG --- [http-nio-9000-exec-10] c.s.e.m.U.shopping_readUser : <==      Total: 6 
09:18:11.016 DEBUG --- [http-nio-9000-exec-1] c.s.e.m.CategoryMapper.readCategory : ==>  Preparing: SELECT cg_id as id, cg_name as name, cg_product_count as product_count FROM category 
09:18:11.016 DEBUG --- [http-nio-9000-exec-1] c.s.e.m.CategoryMapper.readCategory : ==> Parameters:  
09:18:11.017 TRACE --- [http-nio-9000-exec-1] c.s.e.m.CategoryMapper.readCategory : <==    Columns: id, name, product_count 
09:18:11.017 TRACE --- [http-nio-9000-exec-1] c.s.e.m.CategoryMapper.readCategory : <==        Row: 2030, 주방등, 8 
09:18:11.017 TRACE --- [http-nio-9000-exec-1] c.s.e.m.CategoryMapper.readCategory : <==        Row: 20, 등, 8 
09:18:11.017 TRACE --- [http-nio-9000-exec-1] c.s.e.m.CategoryMapper.readCategory : <==        Row: 30, 스탠드, 3 
09:18:11.017 TRACE --- [http-nio-9000-exec-1] c.s.e.m.CategoryMapper.readCategory : <==        Row: 2010, 거실등, 3 
09:18:11.017 TRACE --- [http-nio-9000-exec-1] c.s.e.m.CategoryMapper.readCategory : <==        Row: 2020, 방등, 2 
09:18:11.018 TRACE --- [http-nio-9000-exec-1] c.s.e.m.CategoryMapper.readCategory : <==        Row: 40, 전기재료, 5 
09:18:11.018 TRACE --- [http-nio-9000-exec-1] c.s.e.m.CategoryMapper.readCategory : <==        Row: 0, 전체, 9999999 
09:18:11.018 DEBUG --- [http-nio-9000-exec-1] c.s.e.m.CategoryMapper.readCategory : <==      Total: 7 
09:18:17.469 DEBUG --- [http-nio-9000-exec-3] c.s.e.m.C.readCategory_name : ==>  Preparing: SELECT cg_name as name FROM category WHERE CHAR_LENGTH(cg_id) <= 2 
09:18:17.469 DEBUG --- [http-nio-9000-exec-2] c.s.e.mapper.ProductMapper.ranking : ==>  Preparing: SELECT p_id as id, p_name as name, p_order_count as order_count, p_rank as rank FROM product 
09:18:17.469 DEBUG --- [http-nio-9000-exec-3] c.s.e.m.C.readCategory_name : ==> Parameters:  
09:18:17.469 DEBUG --- [http-nio-9000-exec-2] c.s.e.mapper.ProductMapper.ranking : ==> Parameters:  
09:18:17.470 TRACE --- [http-nio-9000-exec-3] c.s.e.m.C.readCategory_name : <==    Columns: name 
09:18:17.470 TRACE --- [http-nio-9000-exec-2] c.s.e.mapper.ProductMapper.ranking : <==    Columns: id, name, order_count, rank 
09:18:17.470 TRACE --- [http-nio-9000-exec-3] c.s.e.m.C.readCategory_name : <==        Row: 등 
09:18:17.470 TRACE --- [http-nio-9000-exec-2] c.s.e.mapper.ProductMapper.ranking : <==        Row: 1, 거실등, 30, null 
09:18:17.470 TRACE --- [http-nio-9000-exec-3] c.s.e.m.C.readCategory_name : <==        Row: 스탠드 
09:18:17.470 TRACE --- [http-nio-9000-exec-2] c.s.e.mapper.ProductMapper.ranking : <==        Row: 2, 방등, 35, null 
09:18:17.471 TRACE --- [http-nio-9000-exec-3] c.s.e.m.C.readCategory_name : <==        Row: 전기재료 
09:18:17.471 TRACE --- [http-nio-9000-exec-2] c.s.e.mapper.ProductMapper.ranking : <==        Row: 3, 형광등 스탠드, 20, null 
09:18:17.471 TRACE --- [http-nio-9000-exec-3] c.s.e.m.C.readCategory_name : <==        Row: 전체 
09:18:17.471 TRACE --- [http-nio-9000-exec-2] c.s.e.mapper.ProductMapper.ranking : <==        Row: 4, 멀티탭, 5, null 
09:18:17.471 DEBUG --- [http-nio-9000-exec-3] c.s.e.m.C.readCategory_name : <==      Total: 4 
09:18:17.471 TRACE --- [http-nio-9000-exec-2] c.s.e.mapper.ProductMapper.ranking : <==        Row: 5, 주방등, 25, null 
09:18:17.471 TRACE --- [http-nio-9000-exec-2] c.s.e.mapper.ProductMapper.ranking : <==        Row: 6, 6구 콘센트, 25, null 
09:18:17.471 TRACE --- [http-nio-9000-exec-2] c.s.e.mapper.ProductMapper.ranking : <==        Row: 7, LED 스탠드, 15, null 
09:18:17.471 DEBUG --- [http-nio-9000-exec-2] c.s.e.mapper.ProductMapper.ranking : <==      Total: 7 
