12:13:54.596 INFO  --- [main] c.s.example.ShoppingmallApplication : Starting ShoppingmallApplication on LAPTOP-9DTE2H8I with PID 16684 (C:\Users\taswp\shoppingmall\bin\main started by taswp in C:\Users\taswp\shoppingmall) 
12:13:54.602 DEBUG --- [main] c.s.example.ShoppingmallApplication : Running with Spring Boot v2.3.2.RELEASE, Spring v5.2.8.RELEASE 
12:13:54.602 INFO  --- [main] c.s.example.ShoppingmallApplication : The following profiles are active: local 
12:13:57.486 DEBUG --- [main] c.s.example.config.AuthTokenFilter : Filter 'authenticationJwtTokenFilter' configured for use 
12:13:58.610 INFO  --- [main] c.s.example.ShoppingmallApplication : Started ShoppingmallApplication in 4.983 seconds (JVM running for 6.314) 
12:14:15.323 DEBUG --- [http-nio-9000-exec-1] c.s.e.m.U.shopping_readUser : ==>  Preparing: SELECT user_id as username, user_password as password, user_name as name, user_address as address, user_phone as phone, user_email as email, user_point as point FROM user 
12:14:15.385 DEBUG --- [http-nio-9000-exec-1] c.s.e.m.U.shopping_readUser : ==> Parameters:  
12:14:15.445 TRACE --- [http-nio-9000-exec-1] c.s.e.m.U.shopping_readUser : <==    Columns: username, password, name, address, phone, email, point 
12:14:15.445 TRACE --- [http-nio-9000-exec-1] c.s.e.m.U.shopping_readUser : <==        Row: jy0935, 4234, jy, 대구시 중구, 010-1111-1234, 123c@naver.com, 3350 
12:14:15.450 TRACE --- [http-nio-9000-exec-1] c.s.e.m.U.shopping_readUser : <==        Row: jy123, 123, 김모씨, 대구시 서구, 010-1111-1255, 123c@naver.com, 50000 
12:14:15.451 TRACE --- [http-nio-9000-exec-1] c.s.e.m.U.shopping_readUser : <==        Row: sdfdsf, 123, ger, 대구시 서구, 010-1111-1234, 123c@naver.com, 30000 
12:14:15.452 TRACE --- [http-nio-9000-exec-1] c.s.e.m.U.shopping_readUser : <==        Row: sdfsd, 32423123, gerger, 대구시 북구, 010-1111-1234, 123c@naver.com, 10000 
12:14:15.453 TRACE --- [http-nio-9000-exec-1] c.s.e.m.U.shopping_readUser : <==        Row: sef, 3423, 박모씨, 대구시 남구, 010-1111-1234, 123c@naver.com, 10000 
12:14:15.454 TRACE --- [http-nio-9000-exec-1] c.s.e.m.U.shopping_readUser : <==        Row: sfvd, 2312321, fsg, 대구시 중구, 010-1111-1234, 123c@naver.com, 10000 
12:14:15.455 DEBUG --- [http-nio-9000-exec-1] c.s.e.m.U.shopping_readUser : <==      Total: 6 
12:14:27.563 DEBUG --- [http-nio-9000-exec-3] c.s.e.mapper.UserMapper.updateUser : ==>  Preparing: update user set user_id = ?, user_password = ?, user_name = ?, user_address = ?, user_phone = ?, user_email = ?, user_point = ? where user_id= ? 
12:14:27.564 DEBUG --- [http-nio-9000-exec-3] c.s.e.mapper.UserMapper.updateUser : ==> Parameters: jy0935(String), 4234(String), jy(String), 대구시 중구(String), 010-1111-1234(String), 123c@naver.com(String), 43350(String), jy0935(String) 
12:14:27.567 DEBUG --- [http-nio-9000-exec-3] c.s.e.mapper.UserMapper.updateUser : <==    Updates: 1 
12:14:27.568 DEBUG --- [http-nio-9000-exec-3] c.s.e.m.U.shopping_readUser : ==>  Preparing: SELECT user_id as username, user_password as password, user_name as name, user_address as address, user_phone as phone, user_email as email, user_point as point FROM user 
12:14:27.568 DEBUG --- [http-nio-9000-exec-3] c.s.e.m.U.shopping_readUser : ==> Parameters:  
12:14:27.571 TRACE --- [http-nio-9000-exec-3] c.s.e.m.U.shopping_readUser : <==    Columns: username, password, name, address, phone, email, point 
12:14:27.571 TRACE --- [http-nio-9000-exec-3] c.s.e.m.U.shopping_readUser : <==        Row: jy0935, 4234, jy, 대구시 중구, 010-1111-1234, 123c@naver.com, 43350 
12:14:27.572 TRACE --- [http-nio-9000-exec-3] c.s.e.m.U.shopping_readUser : <==        Row: jy123, 123, 김모씨, 대구시 서구, 010-1111-1255, 123c@naver.com, 50000 
12:14:27.573 TRACE --- [http-nio-9000-exec-3] c.s.e.m.U.shopping_readUser : <==        Row: sdfdsf, 123, ger, 대구시 서구, 010-1111-1234, 123c@naver.com, 30000 
12:14:27.573 TRACE --- [http-nio-9000-exec-3] c.s.e.m.U.shopping_readUser : <==        Row: sdfsd, 32423123, gerger, 대구시 북구, 010-1111-1234, 123c@naver.com, 10000 
12:14:27.573 TRACE --- [http-nio-9000-exec-3] c.s.e.m.U.shopping_readUser : <==        Row: sef, 3423, 박모씨, 대구시 남구, 010-1111-1234, 123c@naver.com, 10000 
12:14:27.574 TRACE --- [http-nio-9000-exec-3] c.s.e.m.U.shopping_readUser : <==        Row: sfvd, 2312321, fsg, 대구시 중구, 010-1111-1234, 123c@naver.com, 10000 
12:14:27.574 DEBUG --- [http-nio-9000-exec-3] c.s.e.m.U.shopping_readUser : <==      Total: 6 
12:14:29.575 DEBUG --- [http-nio-9000-exec-4] c.s.e.m.U.shopping_readUser : ==>  Preparing: SELECT user_id as username, user_password as password, user_name as name, user_address as address, user_phone as phone, user_email as email, user_point as point FROM user 
12:14:29.576 DEBUG --- [http-nio-9000-exec-4] c.s.e.m.U.shopping_readUser : ==> Parameters:  
12:14:29.578 TRACE --- [http-nio-9000-exec-4] c.s.e.m.U.shopping_readUser : <==    Columns: username, password, name, address, phone, email, point 
12:14:29.578 TRACE --- [http-nio-9000-exec-4] c.s.e.m.U.shopping_readUser : <==        Row: jy0935, 4234, jy, 대구시 중구, 010-1111-1234, 123c@naver.com, 43350 
12:14:29.580 TRACE --- [http-nio-9000-exec-4] c.s.e.m.U.shopping_readUser : <==        Row: jy123, 123, 김모씨, 대구시 서구, 010-1111-1255, 123c@naver.com, 50000 
12:14:29.580 TRACE --- [http-nio-9000-exec-4] c.s.e.m.U.shopping_readUser : <==        Row: sdfdsf, 123, ger, 대구시 서구, 010-1111-1234, 123c@naver.com, 30000 
12:14:29.583 TRACE --- [http-nio-9000-exec-4] c.s.e.m.U.shopping_readUser : <==        Row: sdfsd, 32423123, gerger, 대구시 북구, 010-1111-1234, 123c@naver.com, 10000 
12:14:29.585 TRACE --- [http-nio-9000-exec-4] c.s.e.m.U.shopping_readUser : <==        Row: sef, 3423, 박모씨, 대구시 남구, 010-1111-1234, 123c@naver.com, 10000 
12:14:29.586 TRACE --- [http-nio-9000-exec-4] c.s.e.m.U.shopping_readUser : <==        Row: sfvd, 2312321, fsg, 대구시 중구, 010-1111-1234, 123c@naver.com, 10000 
12:14:29.586 DEBUG --- [http-nio-9000-exec-4] c.s.e.m.U.shopping_readUser : <==      Total: 6 
12:14:37.689 DEBUG --- [http-nio-9000-exec-5] c.s.e.mapper.ProductMapper.ranking : ==>  Preparing: SELECT p_id as id, p_name as name, p_order_count as order_count, p_rank as rank FROM product 
12:14:37.690 DEBUG --- [http-nio-9000-exec-5] c.s.e.mapper.ProductMapper.ranking : ==> Parameters:  
12:14:37.692 TRACE --- [http-nio-9000-exec-5] c.s.e.mapper.ProductMapper.ranking : <==    Columns: id, name, order_count, rank 
12:14:37.693 TRACE --- [http-nio-9000-exec-5] c.s.e.mapper.ProductMapper.ranking : <==        Row: 1, 거실등, 30, null 
12:14:37.694 TRACE --- [http-nio-9000-exec-5] c.s.e.mapper.ProductMapper.ranking : <==        Row: 2, 방등, 35, null 
12:14:37.694 TRACE --- [http-nio-9000-exec-5] c.s.e.mapper.ProductMapper.ranking : <==        Row: 3, 일반스탠드, 20, null 
12:14:37.695 TRACE --- [http-nio-9000-exec-5] c.s.e.mapper.ProductMapper.ranking : <==        Row: 4, 멀티탭, 5, null 
12:14:37.695 TRACE --- [http-nio-9000-exec-5] c.s.e.mapper.ProductMapper.ranking : <==        Row: 5, 주방등, 25, null 
12:14:37.695 DEBUG --- [http-nio-9000-exec-5] c.s.e.mapper.ProductMapper.ranking : <==      Total: 5 
12:21:00.875 DEBUG --- [http-nio-9000-exec-7] c.s.e.mapper.ProductMapper.ranking : ==>  Preparing: SELECT p_id as id, p_name as name, p_order_count as order_count, p_rank as rank FROM product 
12:21:00.875 DEBUG --- [http-nio-9000-exec-7] c.s.e.mapper.ProductMapper.ranking : ==> Parameters:  
12:21:00.877 TRACE --- [http-nio-9000-exec-7] c.s.e.mapper.ProductMapper.ranking : <==    Columns: id, name, order_count, rank 
12:21:00.877 TRACE --- [http-nio-9000-exec-7] c.s.e.mapper.ProductMapper.ranking : <==        Row: 1, 거실등, 30, null 
12:21:00.878 TRACE --- [http-nio-9000-exec-7] c.s.e.mapper.ProductMapper.ranking : <==        Row: 2, 방등, 35, null 
12:21:00.878 TRACE --- [http-nio-9000-exec-7] c.s.e.mapper.ProductMapper.ranking : <==        Row: 3, 일반스탠드, 20, null 
12:21:00.878 TRACE --- [http-nio-9000-exec-7] c.s.e.mapper.ProductMapper.ranking : <==        Row: 4, 멀티탭, 5, null 
12:21:00.878 TRACE --- [http-nio-9000-exec-7] c.s.e.mapper.ProductMapper.ranking : <==        Row: 5, 주방등, 25, null 
12:21:00.879 DEBUG --- [http-nio-9000-exec-7] c.s.e.mapper.ProductMapper.ranking : <==      Total: 5 
