08:42:42.324 INFO  --- [main] c.s.example.ShoppingmallApplication : Starting ShoppingmallApplication on LAPTOP-9DTE2H8I with PID 2696 (C:\Users\taswp\shoppingmall\bin\main started by taswp in C:\Users\taswp\shoppingmall) 
08:42:42.338 DEBUG --- [main] c.s.example.ShoppingmallApplication : Running with Spring Boot v2.3.2.RELEASE, Spring v5.2.8.RELEASE 
08:42:42.338 INFO  --- [main] c.s.example.ShoppingmallApplication : The following profiles are active: local 
08:42:45.911 DEBUG --- [main] c.s.example.config.AuthTokenFilter : Filter 'authenticationJwtTokenFilter' configured for use 
08:42:47.134 INFO  --- [main] c.s.example.ShoppingmallApplication : Started ShoppingmallApplication in 5.595 seconds (JVM running for 6.938) 
08:42:49.886 DEBUG --- [http-nio-9000-exec-1] c.s.e.m.U.shopping_readUser : ==>  Preparing: SELECT user_id as username, user_password as password, user_name as name, user_address as address, user_phone as phone, user_email as email, user_point as point FROM user 
08:42:49.923 DEBUG --- [http-nio-9000-exec-1] c.s.e.m.U.shopping_readUser : ==> Parameters:  
08:42:49.959 TRACE --- [http-nio-9000-exec-1] c.s.e.m.U.shopping_readUser : <==    Columns: username, password, name, address, phone, email, point 
08:42:49.960 TRACE --- [http-nio-9000-exec-1] c.s.e.m.U.shopping_readUser : <==        Row: jy, 123, 김모씨, 대구시 서구, 010-1111-1234, 123c@naver.com, 10000 
08:42:49.965 TRACE --- [http-nio-9000-exec-1] c.s.e.m.U.shopping_readUser : <==        Row: jy0935, 4234, jy, 대구시 중구, 010-1111-1234, 123c@naver.com, 10000 
08:42:49.965 TRACE --- [http-nio-9000-exec-1] c.s.e.m.U.shopping_readUser : <==        Row: sdfdsf, 123, ger, 대구시 서구, 010-1111-1234, 123c@naver.com, 10000 
08:42:49.966 TRACE --- [http-nio-9000-exec-1] c.s.e.m.U.shopping_readUser : <==        Row: sdfsd, 32423123, gerger, 대구시 북구, 010-1111-1234, 123c@naver.com, 10000 
08:42:49.967 TRACE --- [http-nio-9000-exec-1] c.s.e.m.U.shopping_readUser : <==        Row: sef, 3423, 박모씨, 대구시 남구, 010-1111-1234, 123c@naver.com, 10000 
08:42:49.967 TRACE --- [http-nio-9000-exec-1] c.s.e.m.U.shopping_readUser : <==        Row: sfvd, 2312321, fsg, 대구시 중구, 010-1111-1234, 123c@naver.com, 10000 
08:42:49.967 DEBUG --- [http-nio-9000-exec-1] c.s.e.m.U.shopping_readUser : <==      Total: 6 
08:42:58.576 DEBUG --- [http-nio-9000-exec-2] c.s.e.m.CategoryMapper.readCategory : ==>  Preparing: SELECT cg_id as id, cg_name as name, cg_product_count as product_count FROM category 
08:42:58.576 DEBUG --- [http-nio-9000-exec-2] c.s.e.m.CategoryMapper.readCategory : ==> Parameters:  
08:42:58.578 TRACE --- [http-nio-9000-exec-2] c.s.e.m.CategoryMapper.readCategory : <==    Columns: id, name, product_count 
08:42:58.578 TRACE --- [http-nio-9000-exec-2] c.s.e.m.CategoryMapper.readCategory : <==        Row: 20, 조명, 8 
08:42:58.579 TRACE --- [http-nio-9000-exec-2] c.s.e.m.CategoryMapper.readCategory : <==        Row: 2010, 등, 5 
08:42:58.579 TRACE --- [http-nio-9000-exec-2] c.s.e.m.CategoryMapper.readCategory : <==        Row: 2020, 스탠드, 3 
08:42:58.580 TRACE --- [http-nio-9000-exec-2] c.s.e.m.CategoryMapper.readCategory : <==        Row: 201010, 거실등, 3 
08:42:58.580 TRACE --- [http-nio-9000-exec-2] c.s.e.m.CategoryMapper.readCategory : <==        Row: 201020, 방등, 2 
08:42:58.580 DEBUG --- [http-nio-9000-exec-2] c.s.e.m.CategoryMapper.readCategory : <==      Total: 5 
08:43:03.837 DEBUG --- [http-nio-9000-exec-3] c.s.e.mapper.ProductMapper.ranking : ==>  Preparing: SELECT p_id as id, p_name as name, p_order_count as order_count, p_rank as rank FROM product 
08:43:03.838 DEBUG --- [http-nio-9000-exec-3] c.s.e.mapper.ProductMapper.ranking : ==> Parameters:  
08:43:03.840 TRACE --- [http-nio-9000-exec-3] c.s.e.mapper.ProductMapper.ranking : <==    Columns: id, name, order_count, rank 
08:43:03.840 TRACE --- [http-nio-9000-exec-3] c.s.e.mapper.ProductMapper.ranking : <==        Row: 1, 거실등, 30, null 
08:43:03.841 TRACE --- [http-nio-9000-exec-3] c.s.e.mapper.ProductMapper.ranking : <==        Row: 2, 방등, 35, null 
08:43:03.843 TRACE --- [http-nio-9000-exec-3] c.s.e.mapper.ProductMapper.ranking : <==        Row: 3, 일반스탠드, 20, null 
08:43:03.844 TRACE --- [http-nio-9000-exec-3] c.s.e.mapper.ProductMapper.ranking : <==        Row: 4, 멀티탭, 5, null 
08:43:03.844 TRACE --- [http-nio-9000-exec-3] c.s.e.mapper.ProductMapper.ranking : <==        Row: 5, 주방등, 25, null 
08:43:03.845 DEBUG --- [http-nio-9000-exec-3] c.s.e.mapper.ProductMapper.ranking : <==      Total: 5 
08:43:34.482 DEBUG --- [http-nio-9000-exec-4] c.s.e.m.U.shopping_readUser : ==>  Preparing: SELECT user_id as username, user_password as password, user_name as name, user_address as address, user_phone as phone, user_email as email, user_point as point FROM user 
08:43:34.482 DEBUG --- [http-nio-9000-exec-4] c.s.e.m.U.shopping_readUser : ==> Parameters:  
08:43:34.484 TRACE --- [http-nio-9000-exec-4] c.s.e.m.U.shopping_readUser : <==    Columns: username, password, name, address, phone, email, point 
08:43:34.484 TRACE --- [http-nio-9000-exec-4] c.s.e.m.U.shopping_readUser : <==        Row: jy, 123, 김모씨, 대구시 서구, 010-1111-1234, 123c@naver.com, 10000 
08:43:34.486 TRACE --- [http-nio-9000-exec-4] c.s.e.m.U.shopping_readUser : <==        Row: jy0935, 4234, jy, 대구시 중구, 010-1111-1234, 123c@naver.com, 10000 
08:43:34.486 TRACE --- [http-nio-9000-exec-4] c.s.e.m.U.shopping_readUser : <==        Row: sdfdsf, 123, ger, 대구시 서구, 010-1111-1234, 123c@naver.com, 10000 
08:43:34.487 TRACE --- [http-nio-9000-exec-4] c.s.e.m.U.shopping_readUser : <==        Row: sdfsd, 32423123, gerger, 대구시 북구, 010-1111-1234, 123c@naver.com, 10000 
08:43:34.488 TRACE --- [http-nio-9000-exec-4] c.s.e.m.U.shopping_readUser : <==        Row: sef, 3423, 박모씨, 대구시 남구, 010-1111-1234, 123c@naver.com, 10000 
08:43:34.488 TRACE --- [http-nio-9000-exec-4] c.s.e.m.U.shopping_readUser : <==        Row: sfvd, 2312321, fsg, 대구시 중구, 010-1111-1234, 123c@naver.com, 10000 
08:43:34.488 DEBUG --- [http-nio-9000-exec-4] c.s.e.m.U.shopping_readUser : <==      Total: 6 
08:45:40.601 DEBUG --- [http-nio-9000-exec-6] c.s.e.m.U.shopping_readUser : ==>  Preparing: SELECT user_id as username, user_password as password, user_name as name, user_address as address, user_phone as phone, user_email as email, user_point as point FROM user 
08:45:40.602 DEBUG --- [http-nio-9000-exec-6] c.s.e.m.U.shopping_readUser : ==> Parameters:  
08:45:40.602 TRACE --- [http-nio-9000-exec-6] c.s.e.m.U.shopping_readUser : <==    Columns: username, password, name, address, phone, email, point 
08:45:40.602 TRACE --- [http-nio-9000-exec-6] c.s.e.m.U.shopping_readUser : <==        Row: jy, 123, 김모씨, 대구시 서구, 010-1111-1234, 123c@naver.com, 10000 
08:45:40.603 TRACE --- [http-nio-9000-exec-6] c.s.e.m.U.shopping_readUser : <==        Row: jy0935, 4234, jy, 대구시 중구, 010-1111-1234, 123c@naver.com, 10000 
08:45:40.603 TRACE --- [http-nio-9000-exec-6] c.s.e.m.U.shopping_readUser : <==        Row: sdfdsf, 123, ger, 대구시 서구, 010-1111-1234, 123c@naver.com, 10000 
08:45:40.603 TRACE --- [http-nio-9000-exec-6] c.s.e.m.U.shopping_readUser : <==        Row: sdfsd, 32423123, gerger, 대구시 북구, 010-1111-1234, 123c@naver.com, 10000 
08:45:40.605 TRACE --- [http-nio-9000-exec-6] c.s.e.m.U.shopping_readUser : <==        Row: sef, 3423, 박모씨, 대구시 남구, 010-1111-1234, 123c@naver.com, 10000 
08:45:40.606 TRACE --- [http-nio-9000-exec-6] c.s.e.m.U.shopping_readUser : <==        Row: sfvd, 2312321, fsg, 대구시 중구, 010-1111-1234, 123c@naver.com, 10000 
08:45:40.606 DEBUG --- [http-nio-9000-exec-6] c.s.e.m.U.shopping_readUser : <==      Total: 6 
08:46:54.304 DEBUG --- [http-nio-9000-exec-8] c.s.e.m.U.shopping_readUser : ==>  Preparing: SELECT user_id as username, user_password as password, user_name as name, user_address as address, user_phone as phone, user_email as email, user_point as point FROM user 
08:46:54.304 DEBUG --- [http-nio-9000-exec-8] c.s.e.m.U.shopping_readUser : ==> Parameters:  
08:46:54.305 TRACE --- [http-nio-9000-exec-8] c.s.e.m.U.shopping_readUser : <==    Columns: username, password, name, address, phone, email, point 
08:46:54.306 TRACE --- [http-nio-9000-exec-8] c.s.e.m.U.shopping_readUser : <==        Row: jy, 123, 김모씨, 대구시 서구, 010-1111-1234, 123c@naver.com, 10000 
08:46:54.306 TRACE --- [http-nio-9000-exec-8] c.s.e.m.U.shopping_readUser : <==        Row: jy0935, 4234, jy, 대구시 중구, 010-1111-1234, 123c@naver.com, 10000 
08:46:54.306 TRACE --- [http-nio-9000-exec-8] c.s.e.m.U.shopping_readUser : <==        Row: sdfdsf, 123, ger, 대구시 서구, 010-1111-1234, 123c@naver.com, 10000 
08:46:54.306 TRACE --- [http-nio-9000-exec-8] c.s.e.m.U.shopping_readUser : <==        Row: sdfsd, 32423123, gerger, 대구시 북구, 010-1111-1234, 123c@naver.com, 10000 
08:46:54.307 TRACE --- [http-nio-9000-exec-8] c.s.e.m.U.shopping_readUser : <==        Row: sef, 3423, 박모씨, 대구시 남구, 010-1111-1234, 123c@naver.com, 10000 
08:46:54.307 TRACE --- [http-nio-9000-exec-8] c.s.e.m.U.shopping_readUser : <==        Row: sfvd, 2312321, fsg, 대구시 중구, 010-1111-1234, 123c@naver.com, 10000 
08:46:54.307 DEBUG --- [http-nio-9000-exec-8] c.s.e.m.U.shopping_readUser : <==      Total: 6 
08:47:58.813 DEBUG --- [http-nio-9000-exec-10] c.s.e.m.U.shopping_readUser : ==>  Preparing: SELECT user_id as username, user_password as password, user_name as name, user_address as address, user_phone as phone, user_email as email, user_point as point FROM user 
08:47:58.814 DEBUG --- [http-nio-9000-exec-10] c.s.e.m.U.shopping_readUser : ==> Parameters:  
08:47:58.815 TRACE --- [http-nio-9000-exec-10] c.s.e.m.U.shopping_readUser : <==    Columns: username, password, name, address, phone, email, point 
08:47:58.815 TRACE --- [http-nio-9000-exec-10] c.s.e.m.U.shopping_readUser : <==        Row: jy, 123, 김모씨, 대구시 서구, 010-1111-1234, 123c@naver.com, 10000 
08:47:58.816 TRACE --- [http-nio-9000-exec-10] c.s.e.m.U.shopping_readUser : <==        Row: jy0935, 4234, jy, 대구시 중구, 010-1111-1234, 123c@naver.com, 10000 
08:47:58.816 TRACE --- [http-nio-9000-exec-10] c.s.e.m.U.shopping_readUser : <==        Row: sdfdsf, 123, ger, 대구시 서구, 010-1111-1234, 123c@naver.com, 10000 
08:47:58.817 TRACE --- [http-nio-9000-exec-10] c.s.e.m.U.shopping_readUser : <==        Row: sdfsd, 32423123, gerger, 대구시 북구, 010-1111-1234, 123c@naver.com, 10000 
08:47:58.817 TRACE --- [http-nio-9000-exec-10] c.s.e.m.U.shopping_readUser : <==        Row: sef, 3423, 박모씨, 대구시 남구, 010-1111-1234, 123c@naver.com, 10000 
08:47:58.818 TRACE --- [http-nio-9000-exec-10] c.s.e.m.U.shopping_readUser : <==        Row: sfvd, 2312321, fsg, 대구시 중구, 010-1111-1234, 123c@naver.com, 10000 
08:47:58.818 DEBUG --- [http-nio-9000-exec-10] c.s.e.m.U.shopping_readUser : <==      Total: 6 
08:48:06.066 DEBUG --- [http-nio-9000-exec-1] c.s.e.m.U.shopping_readUser : ==>  Preparing: SELECT user_id as username, user_password as password, user_name as name, user_address as address, user_phone as phone, user_email as email, user_point as point FROM user 
08:48:06.067 DEBUG --- [http-nio-9000-exec-1] c.s.e.m.U.shopping_readUser : ==> Parameters:  
08:48:06.068 TRACE --- [http-nio-9000-exec-1] c.s.e.m.U.shopping_readUser : <==    Columns: username, password, name, address, phone, email, point 
08:48:06.069 TRACE --- [http-nio-9000-exec-1] c.s.e.m.U.shopping_readUser : <==        Row: jy, 123, 김모씨, 대구시 서구, 010-1111-1234, 123c@naver.com, 10000 
08:48:06.070 TRACE --- [http-nio-9000-exec-1] c.s.e.m.U.shopping_readUser : <==        Row: jy0935, 4234, jy, 대구시 중구, 010-1111-1234, 123c@naver.com, 10000 
08:48:06.070 TRACE --- [http-nio-9000-exec-1] c.s.e.m.U.shopping_readUser : <==        Row: sdfdsf, 123, ger, 대구시 서구, 010-1111-1234, 123c@naver.com, 10000 
08:48:06.071 TRACE --- [http-nio-9000-exec-1] c.s.e.m.U.shopping_readUser : <==        Row: sdfsd, 32423123, gerger, 대구시 북구, 010-1111-1234, 123c@naver.com, 10000 
08:48:06.071 TRACE --- [http-nio-9000-exec-1] c.s.e.m.U.shopping_readUser : <==        Row: sef, 3423, 박모씨, 대구시 남구, 010-1111-1234, 123c@naver.com, 10000 
08:48:06.071 TRACE --- [http-nio-9000-exec-1] c.s.e.m.U.shopping_readUser : <==        Row: sfvd, 2312321, fsg, 대구시 중구, 010-1111-1234, 123c@naver.com, 10000 
08:48:06.072 DEBUG --- [http-nio-9000-exec-1] c.s.e.m.U.shopping_readUser : <==      Total: 6 
08:49:01.302 DEBUG --- [http-nio-9000-exec-2] c.s.e.m.U.shopping_readUser : ==>  Preparing: SELECT user_id as username, user_password as password, user_name as name, user_address as address, user_phone as phone, user_email as email, user_point as point FROM user 
08:49:01.303 DEBUG --- [http-nio-9000-exec-2] c.s.e.m.U.shopping_readUser : ==> Parameters:  
08:49:01.305 TRACE --- [http-nio-9000-exec-2] c.s.e.m.U.shopping_readUser : <==    Columns: username, password, name, address, phone, email, point 
08:49:01.306 TRACE --- [http-nio-9000-exec-2] c.s.e.m.U.shopping_readUser : <==        Row: jy, 123, 김모씨, 대구시 서구, 010-1111-1234, 123c@naver.com, 10000 
08:49:01.306 TRACE --- [http-nio-9000-exec-2] c.s.e.m.U.shopping_readUser : <==        Row: jy0935, 4234, jy, 대구시 중구, 010-1111-1234, 123c@naver.com, 10000 
08:49:01.307 TRACE --- [http-nio-9000-exec-2] c.s.e.m.U.shopping_readUser : <==        Row: sdfdsf, 123, ger, 대구시 서구, 010-1111-1234, 123c@naver.com, 10000 
08:49:01.307 TRACE --- [http-nio-9000-exec-2] c.s.e.m.U.shopping_readUser : <==        Row: sdfsd, 32423123, gerger, 대구시 북구, 010-1111-1234, 123c@naver.com, 10000 
08:49:01.307 TRACE --- [http-nio-9000-exec-2] c.s.e.m.U.shopping_readUser : <==        Row: sef, 3423, 박모씨, 대구시 남구, 010-1111-1234, 123c@naver.com, 10000 
08:49:01.308 TRACE --- [http-nio-9000-exec-2] c.s.e.m.U.shopping_readUser : <==        Row: sfvd, 2312321, fsg, 대구시 중구, 010-1111-1234, 123c@naver.com, 10000 
08:49:01.308 DEBUG --- [http-nio-9000-exec-2] c.s.e.m.U.shopping_readUser : <==      Total: 6 
08:52:13.165 DEBUG --- [http-nio-9000-exec-4] c.s.e.m.U.shopping_readUser : ==>  Preparing: SELECT user_id as username, user_password as password, user_name as name, user_address as address, user_phone as phone, user_email as email, user_point as point FROM user 
08:52:13.166 DEBUG --- [http-nio-9000-exec-4] c.s.e.m.U.shopping_readUser : ==> Parameters:  
08:52:13.167 TRACE --- [http-nio-9000-exec-4] c.s.e.m.U.shopping_readUser : <==    Columns: username, password, name, address, phone, email, point 
08:52:13.167 TRACE --- [http-nio-9000-exec-4] c.s.e.m.U.shopping_readUser : <==        Row: jy, 123, 김모씨, 대구시 서구, 010-1111-1234, 123c@naver.com, 10000 
08:52:13.168 TRACE --- [http-nio-9000-exec-4] c.s.e.m.U.shopping_readUser : <==        Row: jy0935, 4234, jy, 대구시 중구, 010-1111-1234, 123c@naver.com, 10000 
08:52:13.168 TRACE --- [http-nio-9000-exec-4] c.s.e.m.U.shopping_readUser : <==        Row: sdfdsf, 123, ger, 대구시 서구, 010-1111-1234, 123c@naver.com, 10000 
08:52:13.169 TRACE --- [http-nio-9000-exec-4] c.s.e.m.U.shopping_readUser : <==        Row: sdfsd, 32423123, gerger, 대구시 북구, 010-1111-1234, 123c@naver.com, 10000 
08:52:13.169 TRACE --- [http-nio-9000-exec-4] c.s.e.m.U.shopping_readUser : <==        Row: sef, 3423, 박모씨, 대구시 남구, 010-1111-1234, 123c@naver.com, 10000 
08:52:13.169 TRACE --- [http-nio-9000-exec-4] c.s.e.m.U.shopping_readUser : <==        Row: sfvd, 2312321, fsg, 대구시 중구, 010-1111-1234, 123c@naver.com, 10000 
08:52:13.169 DEBUG --- [http-nio-9000-exec-4] c.s.e.m.U.shopping_readUser : <==      Total: 6 
08:52:16.604 DEBUG --- [http-nio-9000-exec-5] c.s.e.m.U.shopping_readUser : ==>  Preparing: SELECT user_id as username, user_password as password, user_name as name, user_address as address, user_phone as phone, user_email as email, user_point as point FROM user 
08:52:16.604 DEBUG --- [http-nio-9000-exec-5] c.s.e.m.U.shopping_readUser : ==> Parameters:  
08:52:16.605 TRACE --- [http-nio-9000-exec-5] c.s.e.m.U.shopping_readUser : <==    Columns: username, password, name, address, phone, email, point 
08:52:16.606 TRACE --- [http-nio-9000-exec-5] c.s.e.m.U.shopping_readUser : <==        Row: jy, 123, 김모씨, 대구시 서구, 010-1111-1234, 123c@naver.com, 10000 
08:52:16.606 TRACE --- [http-nio-9000-exec-5] c.s.e.m.U.shopping_readUser : <==        Row: jy0935, 4234, jy, 대구시 중구, 010-1111-1234, 123c@naver.com, 10000 
08:52:16.607 TRACE --- [http-nio-9000-exec-5] c.s.e.m.U.shopping_readUser : <==        Row: sdfdsf, 123, ger, 대구시 서구, 010-1111-1234, 123c@naver.com, 10000 
08:52:16.607 TRACE --- [http-nio-9000-exec-5] c.s.e.m.U.shopping_readUser : <==        Row: sdfsd, 32423123, gerger, 대구시 북구, 010-1111-1234, 123c@naver.com, 10000 
08:52:16.607 TRACE --- [http-nio-9000-exec-5] c.s.e.m.U.shopping_readUser : <==        Row: sef, 3423, 박모씨, 대구시 남구, 010-1111-1234, 123c@naver.com, 10000 
08:52:16.608 TRACE --- [http-nio-9000-exec-5] c.s.e.m.U.shopping_readUser : <==        Row: sfvd, 2312321, fsg, 대구시 중구, 010-1111-1234, 123c@naver.com, 10000 
08:52:16.608 DEBUG --- [http-nio-9000-exec-5] c.s.e.m.U.shopping_readUser : <==      Total: 6 
08:53:41.500 DEBUG --- [http-nio-9000-exec-7] c.s.e.m.U.shopping_readUser : ==>  Preparing: SELECT user_id as username, user_password as password, user_name as name, user_address as address, user_phone as phone, user_email as email, user_point as point FROM user 
08:53:41.501 DEBUG --- [http-nio-9000-exec-7] c.s.e.m.U.shopping_readUser : ==> Parameters:  
08:53:41.502 TRACE --- [http-nio-9000-exec-7] c.s.e.m.U.shopping_readUser : <==    Columns: username, password, name, address, phone, email, point 
08:53:41.502 TRACE --- [http-nio-9000-exec-7] c.s.e.m.U.shopping_readUser : <==        Row: jy, 123, 김모씨, 대구시 서구, 010-1111-1234, 123c@naver.com, 10000 
08:53:41.503 TRACE --- [http-nio-9000-exec-7] c.s.e.m.U.shopping_readUser : <==        Row: jy0935, 4234, jy, 대구시 중구, 010-1111-1234, 123c@naver.com, 10000 
08:53:41.503 TRACE --- [http-nio-9000-exec-7] c.s.e.m.U.shopping_readUser : <==        Row: sdfdsf, 123, ger, 대구시 서구, 010-1111-1234, 123c@naver.com, 10000 
08:53:41.503 TRACE --- [http-nio-9000-exec-7] c.s.e.m.U.shopping_readUser : <==        Row: sdfsd, 32423123, gerger, 대구시 북구, 010-1111-1234, 123c@naver.com, 10000 
08:53:41.503 TRACE --- [http-nio-9000-exec-7] c.s.e.m.U.shopping_readUser : <==        Row: sef, 3423, 박모씨, 대구시 남구, 010-1111-1234, 123c@naver.com, 10000 
08:53:41.504 TRACE --- [http-nio-9000-exec-7] c.s.e.m.U.shopping_readUser : <==        Row: sfvd, 2312321, fsg, 대구시 중구, 010-1111-1234, 123c@naver.com, 10000 
08:53:41.504 DEBUG --- [http-nio-9000-exec-7] c.s.e.m.U.shopping_readUser : <==      Total: 6 
08:54:02.509 DEBUG --- [http-nio-9000-exec-8] c.s.e.m.U.shopping_readUser : ==>  Preparing: SELECT user_id as username, user_password as password, user_name as name, user_address as address, user_phone as phone, user_email as email, user_point as point FROM user 
08:54:02.509 DEBUG --- [http-nio-9000-exec-8] c.s.e.m.U.shopping_readUser : ==> Parameters:  
08:54:02.510 TRACE --- [http-nio-9000-exec-8] c.s.e.m.U.shopping_readUser : <==    Columns: username, password, name, address, phone, email, point 
08:54:02.511 TRACE --- [http-nio-9000-exec-8] c.s.e.m.U.shopping_readUser : <==        Row: jy, 123, 김모씨, 대구시 서구, 010-1111-1234, 123c@naver.com, 10000 
08:54:02.511 TRACE --- [http-nio-9000-exec-8] c.s.e.m.U.shopping_readUser : <==        Row: jy0935, 4234, jy, 대구시 중구, 010-1111-1234, 123c@naver.com, 10000 
08:54:02.511 TRACE --- [http-nio-9000-exec-8] c.s.e.m.U.shopping_readUser : <==        Row: sdfdsf, 123, ger, 대구시 서구, 010-1111-1234, 123c@naver.com, 10000 
08:54:02.511 TRACE --- [http-nio-9000-exec-8] c.s.e.m.U.shopping_readUser : <==        Row: sdfsd, 32423123, gerger, 대구시 북구, 010-1111-1234, 123c@naver.com, 10000 
08:54:02.512 TRACE --- [http-nio-9000-exec-8] c.s.e.m.U.shopping_readUser : <==        Row: sef, 3423, 박모씨, 대구시 남구, 010-1111-1234, 123c@naver.com, 10000 
08:54:02.512 TRACE --- [http-nio-9000-exec-8] c.s.e.m.U.shopping_readUser : <==        Row: sfvd, 2312321, fsg, 대구시 중구, 010-1111-1234, 123c@naver.com, 10000 
08:54:02.512 DEBUG --- [http-nio-9000-exec-8] c.s.e.m.U.shopping_readUser : <==      Total: 6 
08:55:21.500 DEBUG --- [http-nio-9000-exec-10] c.s.e.m.U.shopping_readUser : ==>  Preparing: SELECT user_id as username, user_password as password, user_name as name, user_address as address, user_phone as phone, user_email as email, user_point as point FROM user 
08:55:21.501 DEBUG --- [http-nio-9000-exec-10] c.s.e.m.U.shopping_readUser : ==> Parameters:  
08:55:21.504 TRACE --- [http-nio-9000-exec-10] c.s.e.m.U.shopping_readUser : <==    Columns: username, password, name, address, phone, email, point 
08:55:21.504 TRACE --- [http-nio-9000-exec-10] c.s.e.m.U.shopping_readUser : <==        Row: jy, 123, 김모씨, 대구시 서구, 010-1111-1234, 123c@naver.com, 10000 
08:55:21.505 TRACE --- [http-nio-9000-exec-10] c.s.e.m.U.shopping_readUser : <==        Row: jy0935, 4234, jy, 대구시 중구, 010-1111-1234, 123c@naver.com, 10000 
08:55:21.506 TRACE --- [http-nio-9000-exec-10] c.s.e.m.U.shopping_readUser : <==        Row: sdfdsf, 123, ger, 대구시 서구, 010-1111-1234, 123c@naver.com, 10000 
08:55:21.507 TRACE --- [http-nio-9000-exec-10] c.s.e.m.U.shopping_readUser : <==        Row: sdfsd, 32423123, gerger, 대구시 북구, 010-1111-1234, 123c@naver.com, 10000 
08:55:21.508 TRACE --- [http-nio-9000-exec-10] c.s.e.m.U.shopping_readUser : <==        Row: sef, 3423, 박모씨, 대구시 남구, 010-1111-1234, 123c@naver.com, 10000 
08:55:21.509 TRACE --- [http-nio-9000-exec-10] c.s.e.m.U.shopping_readUser : <==        Row: sfvd, 2312321, fsg, 대구시 중구, 010-1111-1234, 123c@naver.com, 10000 
08:55:21.509 DEBUG --- [http-nio-9000-exec-10] c.s.e.m.U.shopping_readUser : <==      Total: 6 
08:55:31.669 DEBUG --- [http-nio-9000-exec-1] c.s.e.m.U.shopping_readUser : ==>  Preparing: SELECT user_id as username, user_password as password, user_name as name, user_address as address, user_phone as phone, user_email as email, user_point as point FROM user 
08:55:31.669 DEBUG --- [http-nio-9000-exec-1] c.s.e.m.U.shopping_readUser : ==> Parameters:  
08:55:31.671 TRACE --- [http-nio-9000-exec-1] c.s.e.m.U.shopping_readUser : <==    Columns: username, password, name, address, phone, email, point 
08:55:31.671 TRACE --- [http-nio-9000-exec-1] c.s.e.m.U.shopping_readUser : <==        Row: jy, 123, 김모씨, 대구시 서구, 010-1111-1234, 123c@naver.com, 10000 
08:55:31.671 TRACE --- [http-nio-9000-exec-1] c.s.e.m.U.shopping_readUser : <==        Row: jy0935, 4234, jy, 대구시 중구, 010-1111-1234, 123c@naver.com, 10000 
08:55:31.671 TRACE --- [http-nio-9000-exec-1] c.s.e.m.U.shopping_readUser : <==        Row: sdfdsf, 123, ger, 대구시 서구, 010-1111-1234, 123c@naver.com, 10000 
08:55:31.671 TRACE --- [http-nio-9000-exec-1] c.s.e.m.U.shopping_readUser : <==        Row: sdfsd, 32423123, gerger, 대구시 북구, 010-1111-1234, 123c@naver.com, 10000 
08:55:31.672 TRACE --- [http-nio-9000-exec-1] c.s.e.m.U.shopping_readUser : <==        Row: sef, 3423, 박모씨, 대구시 남구, 010-1111-1234, 123c@naver.com, 10000 
08:55:31.672 TRACE --- [http-nio-9000-exec-1] c.s.e.m.U.shopping_readUser : <==        Row: sfvd, 2312321, fsg, 대구시 중구, 010-1111-1234, 123c@naver.com, 10000 
08:55:31.672 DEBUG --- [http-nio-9000-exec-1] c.s.e.m.U.shopping_readUser : <==      Total: 6 
08:55:54.160 DEBUG --- [http-nio-9000-exec-2] c.s.e.m.U.shopping_readUser : ==>  Preparing: SELECT user_id as username, user_password as password, user_name as name, user_address as address, user_phone as phone, user_email as email, user_point as point FROM user 
08:55:54.162 DEBUG --- [http-nio-9000-exec-2] c.s.e.m.U.shopping_readUser : ==> Parameters:  
08:55:54.168 TRACE --- [http-nio-9000-exec-2] c.s.e.m.U.shopping_readUser : <==    Columns: username, password, name, address, phone, email, point 
08:55:54.168 TRACE --- [http-nio-9000-exec-2] c.s.e.m.U.shopping_readUser : <==        Row: jy, 123, 김모씨, 대구시 서구, 010-1111-1234, 123c@naver.com, 10000 
08:55:54.169 TRACE --- [http-nio-9000-exec-2] c.s.e.m.U.shopping_readUser : <==        Row: jy0935, 4234, jy, 대구시 중구, 010-1111-1234, 123c@naver.com, 10000 
08:55:54.169 TRACE --- [http-nio-9000-exec-2] c.s.e.m.U.shopping_readUser : <==        Row: sdfdsf, 123, ger, 대구시 서구, 010-1111-1234, 123c@naver.com, 10000 
08:55:54.170 TRACE --- [http-nio-9000-exec-2] c.s.e.m.U.shopping_readUser : <==        Row: sdfsd, 32423123, gerger, 대구시 북구, 010-1111-1234, 123c@naver.com, 10000 
08:55:54.170 TRACE --- [http-nio-9000-exec-2] c.s.e.m.U.shopping_readUser : <==        Row: sef, 3423, 박모씨, 대구시 남구, 010-1111-1234, 123c@naver.com, 10000 
08:55:54.171 TRACE --- [http-nio-9000-exec-2] c.s.e.m.U.shopping_readUser : <==        Row: sfvd, 2312321, fsg, 대구시 중구, 010-1111-1234, 123c@naver.com, 10000 
08:55:54.172 DEBUG --- [http-nio-9000-exec-2] c.s.e.m.U.shopping_readUser : <==      Total: 6 
08:57:23.176 DEBUG --- [http-nio-9000-exec-4] c.s.e.m.U.shopping_readUser : ==>  Preparing: SELECT user_id as username, user_password as password, user_name as name, user_address as address, user_phone as phone, user_email as email, user_point as point FROM user 
08:57:23.177 DEBUG --- [http-nio-9000-exec-4] c.s.e.m.U.shopping_readUser : ==> Parameters:  
08:57:23.180 TRACE --- [http-nio-9000-exec-4] c.s.e.m.U.shopping_readUser : <==    Columns: username, password, name, address, phone, email, point 
08:57:23.181 TRACE --- [http-nio-9000-exec-4] c.s.e.m.U.shopping_readUser : <==        Row: jy, 123, 김모씨, 대구시 서구, 010-1111-1234, 123c@naver.com, 10000 
08:57:23.182 TRACE --- [http-nio-9000-exec-4] c.s.e.m.U.shopping_readUser : <==        Row: jy0935, 4234, jy, 대구시 중구, 010-1111-1234, 123c@naver.com, 10000 
08:57:23.182 TRACE --- [http-nio-9000-exec-4] c.s.e.m.U.shopping_readUser : <==        Row: sdfdsf, 123, ger, 대구시 서구, 010-1111-1234, 123c@naver.com, 10000 
08:57:23.183 TRACE --- [http-nio-9000-exec-4] c.s.e.m.U.shopping_readUser : <==        Row: sdfsd, 32423123, gerger, 대구시 북구, 010-1111-1234, 123c@naver.com, 10000 
08:57:23.183 TRACE --- [http-nio-9000-exec-4] c.s.e.m.U.shopping_readUser : <==        Row: sef, 3423, 박모씨, 대구시 남구, 010-1111-1234, 123c@naver.com, 10000 
08:57:23.184 TRACE --- [http-nio-9000-exec-4] c.s.e.m.U.shopping_readUser : <==        Row: sfvd, 2312321, fsg, 대구시 중구, 010-1111-1234, 123c@naver.com, 10000 
08:57:23.184 DEBUG --- [http-nio-9000-exec-4] c.s.e.m.U.shopping_readUser : <==      Total: 6 
08:58:07.272 DEBUG --- [http-nio-9000-exec-5] c.s.e.m.U.shopping_readUser : ==>  Preparing: SELECT user_id as username, user_password as password, user_name as name, user_address as address, user_phone as phone, user_email as email, user_point as point FROM user 
08:58:07.273 DEBUG --- [http-nio-9000-exec-5] c.s.e.m.U.shopping_readUser : ==> Parameters:  
08:58:07.274 TRACE --- [http-nio-9000-exec-5] c.s.e.m.U.shopping_readUser : <==    Columns: username, password, name, address, phone, email, point 
08:58:07.274 TRACE --- [http-nio-9000-exec-5] c.s.e.m.U.shopping_readUser : <==        Row: jy, 123, 김모씨, 대구시 서구, 010-1111-1234, 123c@naver.com, 10000 
08:58:07.274 TRACE --- [http-nio-9000-exec-5] c.s.e.m.U.shopping_readUser : <==        Row: jy0935, 4234, jy, 대구시 중구, 010-1111-1234, 123c@naver.com, 10000 
08:58:07.275 TRACE --- [http-nio-9000-exec-5] c.s.e.m.U.shopping_readUser : <==        Row: sdfdsf, 123, ger, 대구시 서구, 010-1111-1234, 123c@naver.com, 10000 
08:58:07.275 TRACE --- [http-nio-9000-exec-5] c.s.e.m.U.shopping_readUser : <==        Row: sdfsd, 32423123, gerger, 대구시 북구, 010-1111-1234, 123c@naver.com, 10000 
08:58:07.275 TRACE --- [http-nio-9000-exec-5] c.s.e.m.U.shopping_readUser : <==        Row: sef, 3423, 박모씨, 대구시 남구, 010-1111-1234, 123c@naver.com, 10000 
08:58:07.275 TRACE --- [http-nio-9000-exec-5] c.s.e.m.U.shopping_readUser : <==        Row: sfvd, 2312321, fsg, 대구시 중구, 010-1111-1234, 123c@naver.com, 10000 
08:58:07.275 DEBUG --- [http-nio-9000-exec-5] c.s.e.m.U.shopping_readUser : <==      Total: 6 
08:58:55.748 DEBUG --- [http-nio-9000-exec-6] c.s.e.m.U.shopping_readUser : ==>  Preparing: SELECT user_id as username, user_password as password, user_name as name, user_address as address, user_phone as phone, user_email as email, user_point as point FROM user 
08:58:55.748 DEBUG --- [http-nio-9000-exec-6] c.s.e.m.U.shopping_readUser : ==> Parameters:  
08:58:55.750 TRACE --- [http-nio-9000-exec-6] c.s.e.m.U.shopping_readUser : <==    Columns: username, password, name, address, phone, email, point 
08:58:55.750 TRACE --- [http-nio-9000-exec-6] c.s.e.m.U.shopping_readUser : <==        Row: jy, 123, 김모씨, 대구시 서구, 010-1111-1234, 123c@naver.com, 10000 
08:58:55.751 TRACE --- [http-nio-9000-exec-6] c.s.e.m.U.shopping_readUser : <==        Row: jy0935, 4234, jy, 대구시 중구, 010-1111-1234, 123c@naver.com, 10000 
08:58:55.751 TRACE --- [http-nio-9000-exec-6] c.s.e.m.U.shopping_readUser : <==        Row: sdfdsf, 123, ger, 대구시 서구, 010-1111-1234, 123c@naver.com, 10000 
08:58:55.751 TRACE --- [http-nio-9000-exec-6] c.s.e.m.U.shopping_readUser : <==        Row: sdfsd, 32423123, gerger, 대구시 북구, 010-1111-1234, 123c@naver.com, 10000 
08:58:55.751 TRACE --- [http-nio-9000-exec-6] c.s.e.m.U.shopping_readUser : <==        Row: sef, 3423, 박모씨, 대구시 남구, 010-1111-1234, 123c@naver.com, 10000 
08:58:55.752 TRACE --- [http-nio-9000-exec-6] c.s.e.m.U.shopping_readUser : <==        Row: sfvd, 2312321, fsg, 대구시 중구, 010-1111-1234, 123c@naver.com, 10000 
08:58:55.752 DEBUG --- [http-nio-9000-exec-6] c.s.e.m.U.shopping_readUser : <==      Total: 6 
08:59:45.960 DEBUG --- [http-nio-9000-exec-7] c.s.e.m.U.shopping_readUser : ==>  Preparing: SELECT user_id as username, user_password as password, user_name as name, user_address as address, user_phone as phone, user_email as email, user_point as point FROM user 
08:59:45.961 DEBUG --- [http-nio-9000-exec-7] c.s.e.m.U.shopping_readUser : ==> Parameters:  
08:59:45.962 TRACE --- [http-nio-9000-exec-7] c.s.e.m.U.shopping_readUser : <==    Columns: username, password, name, address, phone, email, point 
08:59:45.962 TRACE --- [http-nio-9000-exec-7] c.s.e.m.U.shopping_readUser : <==        Row: jy, 123, 김모씨, 대구시 서구, 010-1111-1234, 123c@naver.com, 10000 
08:59:45.962 TRACE --- [http-nio-9000-exec-7] c.s.e.m.U.shopping_readUser : <==        Row: jy0935, 4234, jy, 대구시 중구, 010-1111-1234, 123c@naver.com, 10000 
08:59:45.963 TRACE --- [http-nio-9000-exec-7] c.s.e.m.U.shopping_readUser : <==        Row: sdfdsf, 123, ger, 대구시 서구, 010-1111-1234, 123c@naver.com, 10000 
08:59:45.963 TRACE --- [http-nio-9000-exec-7] c.s.e.m.U.shopping_readUser : <==        Row: sdfsd, 32423123, gerger, 대구시 북구, 010-1111-1234, 123c@naver.com, 10000 
08:59:45.963 TRACE --- [http-nio-9000-exec-7] c.s.e.m.U.shopping_readUser : <==        Row: sef, 3423, 박모씨, 대구시 남구, 010-1111-1234, 123c@naver.com, 10000 
08:59:45.963 TRACE --- [http-nio-9000-exec-7] c.s.e.m.U.shopping_readUser : <==        Row: sfvd, 2312321, fsg, 대구시 중구, 010-1111-1234, 123c@naver.com, 10000 
08:59:45.964 DEBUG --- [http-nio-9000-exec-7] c.s.e.m.U.shopping_readUser : <==      Total: 6 
09:00:19.408 DEBUG --- [http-nio-9000-exec-8] c.s.e.m.U.shopping_readUser : ==>  Preparing: SELECT user_id as username, user_password as password, user_name as name, user_address as address, user_phone as phone, user_email as email, user_point as point FROM user 
09:00:19.408 DEBUG --- [http-nio-9000-exec-8] c.s.e.m.U.shopping_readUser : ==> Parameters:  
09:00:19.410 TRACE --- [http-nio-9000-exec-8] c.s.e.m.U.shopping_readUser : <==    Columns: username, password, name, address, phone, email, point 
09:00:19.411 TRACE --- [http-nio-9000-exec-8] c.s.e.m.U.shopping_readUser : <==        Row: jy, 123, 김모씨, 대구시 서구, 010-1111-1234, 123c@naver.com, 10000 
09:00:19.411 TRACE --- [http-nio-9000-exec-8] c.s.e.m.U.shopping_readUser : <==        Row: jy0935, 4234, jy, 대구시 중구, 010-1111-1234, 123c@naver.com, 10000 
09:00:19.411 TRACE --- [http-nio-9000-exec-8] c.s.e.m.U.shopping_readUser : <==        Row: sdfdsf, 123, ger, 대구시 서구, 010-1111-1234, 123c@naver.com, 10000 
09:00:19.411 TRACE --- [http-nio-9000-exec-8] c.s.e.m.U.shopping_readUser : <==        Row: sdfsd, 32423123, gerger, 대구시 북구, 010-1111-1234, 123c@naver.com, 10000 
09:00:19.412 TRACE --- [http-nio-9000-exec-8] c.s.e.m.U.shopping_readUser : <==        Row: sef, 3423, 박모씨, 대구시 남구, 010-1111-1234, 123c@naver.com, 10000 
09:00:19.412 TRACE --- [http-nio-9000-exec-8] c.s.e.m.U.shopping_readUser : <==        Row: sfvd, 2312321, fsg, 대구시 중구, 010-1111-1234, 123c@naver.com, 10000 
09:00:19.413 DEBUG --- [http-nio-9000-exec-8] c.s.e.m.U.shopping_readUser : <==      Total: 6 
09:00:25.916 DEBUG --- [http-nio-9000-exec-9] c.s.e.m.U.shopping_readUser : ==>  Preparing: SELECT user_id as username, user_password as password, user_name as name, user_address as address, user_phone as phone, user_email as email, user_point as point FROM user 
09:00:25.916 DEBUG --- [http-nio-9000-exec-9] c.s.e.m.U.shopping_readUser : ==> Parameters:  
09:00:25.917 TRACE --- [http-nio-9000-exec-9] c.s.e.m.U.shopping_readUser : <==    Columns: username, password, name, address, phone, email, point 
09:00:25.917 TRACE --- [http-nio-9000-exec-9] c.s.e.m.U.shopping_readUser : <==        Row: jy, 123, 김모씨, 대구시 서구, 010-1111-1234, 123c@naver.com, 10000 
09:00:25.918 TRACE --- [http-nio-9000-exec-9] c.s.e.m.U.shopping_readUser : <==        Row: jy0935, 4234, jy, 대구시 중구, 010-1111-1234, 123c@naver.com, 10000 
09:00:25.918 TRACE --- [http-nio-9000-exec-9] c.s.e.m.U.shopping_readUser : <==        Row: sdfdsf, 123, ger, 대구시 서구, 010-1111-1234, 123c@naver.com, 10000 
09:00:25.918 TRACE --- [http-nio-9000-exec-9] c.s.e.m.U.shopping_readUser : <==        Row: sdfsd, 32423123, gerger, 대구시 북구, 010-1111-1234, 123c@naver.com, 10000 
09:00:25.919 TRACE --- [http-nio-9000-exec-9] c.s.e.m.U.shopping_readUser : <==        Row: sef, 3423, 박모씨, 대구시 남구, 010-1111-1234, 123c@naver.com, 10000 
09:00:25.919 TRACE --- [http-nio-9000-exec-9] c.s.e.m.U.shopping_readUser : <==        Row: sfvd, 2312321, fsg, 대구시 중구, 010-1111-1234, 123c@naver.com, 10000 
09:00:25.919 DEBUG --- [http-nio-9000-exec-9] c.s.e.m.U.shopping_readUser : <==      Total: 6 
09:03:54.441 DEBUG --- [http-nio-9000-exec-1] c.s.e.m.U.shopping_readUser : ==>  Preparing: SELECT user_id as username, user_password as password, user_name as name, user_address as address, user_phone as phone, user_email as email, user_point as point FROM user 
09:03:54.442 DEBUG --- [http-nio-9000-exec-1] c.s.e.m.U.shopping_readUser : ==> Parameters:  
09:03:54.444 TRACE --- [http-nio-9000-exec-1] c.s.e.m.U.shopping_readUser : <==    Columns: username, password, name, address, phone, email, point 
09:03:54.444 TRACE --- [http-nio-9000-exec-1] c.s.e.m.U.shopping_readUser : <==        Row: jy, 123, 김모씨, 대구시 서구, 010-1111-1234, 123c@naver.com, 10000 
09:03:54.444 TRACE --- [http-nio-9000-exec-1] c.s.e.m.U.shopping_readUser : <==        Row: jy0935, 4234, jy, 대구시 중구, 010-1111-1234, 123c@naver.com, 10000 
09:03:54.445 TRACE --- [http-nio-9000-exec-1] c.s.e.m.U.shopping_readUser : <==        Row: sdfdsf, 123, ger, 대구시 서구, 010-1111-1234, 123c@naver.com, 10000 
09:03:54.445 TRACE --- [http-nio-9000-exec-1] c.s.e.m.U.shopping_readUser : <==        Row: sdfsd, 32423123, gerger, 대구시 북구, 010-1111-1234, 123c@naver.com, 10000 
09:03:54.445 TRACE --- [http-nio-9000-exec-1] c.s.e.m.U.shopping_readUser : <==        Row: sef, 3423, 박모씨, 대구시 남구, 010-1111-1234, 123c@naver.com, 10000 
09:03:54.445 TRACE --- [http-nio-9000-exec-1] c.s.e.m.U.shopping_readUser : <==        Row: sfvd, 2312321, fsg, 대구시 중구, 010-1111-1234, 123c@naver.com, 10000 
09:03:54.446 DEBUG --- [http-nio-9000-exec-1] c.s.e.m.U.shopping_readUser : <==      Total: 6 
09:42:12.675 DEBUG --- [http-nio-9000-exec-3] c.s.e.m.U.shopping_readUser : ==>  Preparing: SELECT user_id as username, user_password as password, user_name as name, user_address as address, user_phone as phone, user_email as email, user_point as point FROM user 
09:42:12.676 DEBUG --- [http-nio-9000-exec-3] c.s.e.m.U.shopping_readUser : ==> Parameters:  
09:42:12.677 TRACE --- [http-nio-9000-exec-3] c.s.e.m.U.shopping_readUser : <==    Columns: username, password, name, address, phone, email, point 
09:42:12.677 TRACE --- [http-nio-9000-exec-3] c.s.e.m.U.shopping_readUser : <==        Row: jy, 123, 김모씨, 대구시 서구, 010-1111-1234, 123c@naver.com, 10000 
09:42:12.677 TRACE --- [http-nio-9000-exec-3] c.s.e.m.U.shopping_readUser : <==        Row: jy0935, 4234, jy, 대구시 중구, 010-1111-1234, 123c@naver.com, 10000 
09:42:12.677 TRACE --- [http-nio-9000-exec-3] c.s.e.m.U.shopping_readUser : <==        Row: sdfdsf, 123, ger, 대구시 서구, 010-1111-1234, 123c@naver.com, 10000 
09:42:12.678 TRACE --- [http-nio-9000-exec-3] c.s.e.m.U.shopping_readUser : <==        Row: sdfsd, 32423123, gerger, 대구시 북구, 010-1111-1234, 123c@naver.com, 10000 
09:42:12.678 TRACE --- [http-nio-9000-exec-3] c.s.e.m.U.shopping_readUser : <==        Row: sef, 3423, 박모씨, 대구시 남구, 010-1111-1234, 123c@naver.com, 10000 
09:42:12.678 TRACE --- [http-nio-9000-exec-3] c.s.e.m.U.shopping_readUser : <==        Row: sfvd, 2312321, fsg, 대구시 중구, 010-1111-1234, 123c@naver.com, 10000 
09:42:12.678 DEBUG --- [http-nio-9000-exec-3] c.s.e.m.U.shopping_readUser : <==      Total: 6 
09:42:45.211 DEBUG --- [http-nio-9000-exec-4] c.s.e.m.U.shopping_readUser : ==>  Preparing: SELECT user_id as username, user_password as password, user_name as name, user_address as address, user_phone as phone, user_email as email, user_point as point FROM user 
09:42:45.211 DEBUG --- [http-nio-9000-exec-4] c.s.e.m.U.shopping_readUser : ==> Parameters:  
09:42:45.212 TRACE --- [http-nio-9000-exec-4] c.s.e.m.U.shopping_readUser : <==    Columns: username, password, name, address, phone, email, point 
09:42:45.212 TRACE --- [http-nio-9000-exec-4] c.s.e.m.U.shopping_readUser : <==        Row: jy, 123, 김모씨, 대구시 서구, 010-1111-1234, 123c@naver.com, 10000 
09:42:45.212 TRACE --- [http-nio-9000-exec-4] c.s.e.m.U.shopping_readUser : <==        Row: jy0935, 4234, jy, 대구시 중구, 010-1111-1234, 123c@naver.com, 10000 
09:42:45.212 TRACE --- [http-nio-9000-exec-4] c.s.e.m.U.shopping_readUser : <==        Row: sdfdsf, 123, ger, 대구시 서구, 010-1111-1234, 123c@naver.com, 10000 
09:42:45.212 TRACE --- [http-nio-9000-exec-4] c.s.e.m.U.shopping_readUser : <==        Row: sdfsd, 32423123, gerger, 대구시 북구, 010-1111-1234, 123c@naver.com, 10000 
09:42:45.212 TRACE --- [http-nio-9000-exec-4] c.s.e.m.U.shopping_readUser : <==        Row: sef, 3423, 박모씨, 대구시 남구, 010-1111-1234, 123c@naver.com, 10000 
09:42:45.212 TRACE --- [http-nio-9000-exec-4] c.s.e.m.U.shopping_readUser : <==        Row: sfvd, 2312321, fsg, 대구시 중구, 010-1111-1234, 123c@naver.com, 10000 
09:42:45.213 DEBUG --- [http-nio-9000-exec-4] c.s.e.m.U.shopping_readUser : <==      Total: 6 
09:47:53.777 DEBUG --- [http-nio-9000-exec-6] c.s.e.m.U.shopping_readUser : ==>  Preparing: SELECT user_id as username, user_password as password, user_name as name, user_address as address, user_phone as phone, user_email as email, user_point as point FROM user 
09:47:53.778 DEBUG --- [http-nio-9000-exec-6] c.s.e.m.U.shopping_readUser : ==> Parameters:  
09:47:53.780 TRACE --- [http-nio-9000-exec-6] c.s.e.m.U.shopping_readUser : <==    Columns: username, password, name, address, phone, email, point 
09:47:53.780 TRACE --- [http-nio-9000-exec-6] c.s.e.m.U.shopping_readUser : <==        Row: jy, 123, 김모씨, 대구시 서구, 010-1111-1234, 123c@naver.com, 10000 
09:47:53.781 TRACE --- [http-nio-9000-exec-6] c.s.e.m.U.shopping_readUser : <==        Row: jy0935, 4234, jy, 대구시 중구, 010-1111-1234, 123c@naver.com, 10000 
09:47:53.781 TRACE --- [http-nio-9000-exec-6] c.s.e.m.U.shopping_readUser : <==        Row: sdfdsf, 123, ger, 대구시 서구, 010-1111-1234, 123c@naver.com, 10000 
09:47:53.782 TRACE --- [http-nio-9000-exec-6] c.s.e.m.U.shopping_readUser : <==        Row: sdfsd, 32423123, gerger, 대구시 북구, 010-1111-1234, 123c@naver.com, 10000 
09:47:53.782 TRACE --- [http-nio-9000-exec-6] c.s.e.m.U.shopping_readUser : <==        Row: sef, 3423, 박모씨, 대구시 남구, 010-1111-1234, 123c@naver.com, 10000 
09:47:53.782 TRACE --- [http-nio-9000-exec-6] c.s.e.m.U.shopping_readUser : <==        Row: sfvd, 2312321, fsg, 대구시 중구, 010-1111-1234, 123c@naver.com, 10000 
09:47:53.782 DEBUG --- [http-nio-9000-exec-6] c.s.e.m.U.shopping_readUser : <==      Total: 6 
09:48:02.126 DEBUG --- [http-nio-9000-exec-7] c.s.e.m.U.shopping_readUser : ==>  Preparing: SELECT user_id as username, user_password as password, user_name as name, user_address as address, user_phone as phone, user_email as email, user_point as point FROM user 
09:48:02.126 DEBUG --- [http-nio-9000-exec-7] c.s.e.m.U.shopping_readUser : ==> Parameters:  
09:48:02.128 TRACE --- [http-nio-9000-exec-7] c.s.e.m.U.shopping_readUser : <==    Columns: username, password, name, address, phone, email, point 
09:48:02.128 TRACE --- [http-nio-9000-exec-7] c.s.e.m.U.shopping_readUser : <==        Row: jy, 123, 김모씨, 대구시 서구, 010-1111-1234, 123c@naver.com, 10000 
09:48:02.129 TRACE --- [http-nio-9000-exec-7] c.s.e.m.U.shopping_readUser : <==        Row: jy0935, 4234, jy, 대구시 중구, 010-1111-1234, 123c@naver.com, 10000 
09:48:02.129 TRACE --- [http-nio-9000-exec-7] c.s.e.m.U.shopping_readUser : <==        Row: sdfdsf, 123, ger, 대구시 서구, 010-1111-1234, 123c@naver.com, 10000 
09:48:02.129 TRACE --- [http-nio-9000-exec-7] c.s.e.m.U.shopping_readUser : <==        Row: sdfsd, 32423123, gerger, 대구시 북구, 010-1111-1234, 123c@naver.com, 10000 
09:48:02.129 TRACE --- [http-nio-9000-exec-7] c.s.e.m.U.shopping_readUser : <==        Row: sef, 3423, 박모씨, 대구시 남구, 010-1111-1234, 123c@naver.com, 10000 
09:48:02.129 TRACE --- [http-nio-9000-exec-7] c.s.e.m.U.shopping_readUser : <==        Row: sfvd, 2312321, fsg, 대구시 중구, 010-1111-1234, 123c@naver.com, 10000 
09:48:02.130 DEBUG --- [http-nio-9000-exec-7] c.s.e.m.U.shopping_readUser : <==      Total: 6 
09:48:11.058 DEBUG --- [http-nio-9000-exec-8] c.s.e.m.U.shopping_readUser : ==>  Preparing: SELECT user_id as username, user_password as password, user_name as name, user_address as address, user_phone as phone, user_email as email, user_point as point FROM user 
09:48:11.059 DEBUG --- [http-nio-9000-exec-8] c.s.e.m.U.shopping_readUser : ==> Parameters:  
09:48:11.060 TRACE --- [http-nio-9000-exec-8] c.s.e.m.U.shopping_readUser : <==    Columns: username, password, name, address, phone, email, point 
09:48:11.060 TRACE --- [http-nio-9000-exec-8] c.s.e.m.U.shopping_readUser : <==        Row: jy, 123, 김모씨, 대구시 서구, 010-1111-1234, 123c@naver.com, 10000 
09:48:11.060 TRACE --- [http-nio-9000-exec-8] c.s.e.m.U.shopping_readUser : <==        Row: jy0935, 4234, jy, 대구시 중구, 010-1111-1234, 123c@naver.com, 10000 
09:48:11.061 TRACE --- [http-nio-9000-exec-8] c.s.e.m.U.shopping_readUser : <==        Row: sdfdsf, 123, ger, 대구시 서구, 010-1111-1234, 123c@naver.com, 10000 
09:48:11.061 TRACE --- [http-nio-9000-exec-8] c.s.e.m.U.shopping_readUser : <==        Row: sdfsd, 32423123, gerger, 대구시 북구, 010-1111-1234, 123c@naver.com, 10000 
09:48:11.061 TRACE --- [http-nio-9000-exec-8] c.s.e.m.U.shopping_readUser : <==        Row: sef, 3423, 박모씨, 대구시 남구, 010-1111-1234, 123c@naver.com, 10000 
09:48:11.061 TRACE --- [http-nio-9000-exec-8] c.s.e.m.U.shopping_readUser : <==        Row: sfvd, 2312321, fsg, 대구시 중구, 010-1111-1234, 123c@naver.com, 10000 
09:48:11.061 DEBUG --- [http-nio-9000-exec-8] c.s.e.m.U.shopping_readUser : <==      Total: 6 
09:57:52.296 DEBUG --- [http-nio-9000-exec-10] c.s.e.m.U.shopping_readUser : ==>  Preparing: SELECT user_id as username, user_password as password, user_name as name, user_address as address, user_phone as phone, user_email as email, user_point as point FROM user 
09:57:52.297 DEBUG --- [http-nio-9000-exec-10] c.s.e.m.U.shopping_readUser : ==> Parameters:  
09:57:52.299 TRACE --- [http-nio-9000-exec-10] c.s.e.m.U.shopping_readUser : <==    Columns: username, password, name, address, phone, email, point 
09:57:52.299 TRACE --- [http-nio-9000-exec-10] c.s.e.m.U.shopping_readUser : <==        Row: jy, 123, 김모씨, 대구시 서구, 010-1111-1234, 123c@naver.com, 10000 
09:57:52.300 TRACE --- [http-nio-9000-exec-10] c.s.e.m.U.shopping_readUser : <==        Row: jy0935, 4234, jy, 대구시 중구, 010-1111-1234, 123c@naver.com, 10000 
09:57:52.300 TRACE --- [http-nio-9000-exec-10] c.s.e.m.U.shopping_readUser : <==        Row: sdfdsf, 123, ger, 대구시 서구, 010-1111-1234, 123c@naver.com, 10000 
09:57:52.301 TRACE --- [http-nio-9000-exec-10] c.s.e.m.U.shopping_readUser : <==        Row: sdfsd, 32423123, gerger, 대구시 북구, 010-1111-1234, 123c@naver.com, 10000 
09:57:52.301 TRACE --- [http-nio-9000-exec-10] c.s.e.m.U.shopping_readUser : <==        Row: sef, 3423, 박모씨, 대구시 남구, 010-1111-1234, 123c@naver.com, 10000 
09:57:52.301 TRACE --- [http-nio-9000-exec-10] c.s.e.m.U.shopping_readUser : <==        Row: sfvd, 2312321, fsg, 대구시 중구, 010-1111-1234, 123c@naver.com, 10000 
09:57:52.301 DEBUG --- [http-nio-9000-exec-10] c.s.e.m.U.shopping_readUser : <==      Total: 6 
10:05:14.605 DEBUG --- [http-nio-9000-exec-2] c.s.e.m.U.shopping_readUser : ==>  Preparing: SELECT user_id as username, user_password as password, user_name as name, user_address as address, user_phone as phone, user_email as email, user_point as point FROM user 
10:05:14.606 DEBUG --- [http-nio-9000-exec-2] c.s.e.m.U.shopping_readUser : ==> Parameters:  
10:05:14.608 TRACE --- [http-nio-9000-exec-2] c.s.e.m.U.shopping_readUser : <==    Columns: username, password, name, address, phone, email, point 
10:05:14.608 TRACE --- [http-nio-9000-exec-2] c.s.e.m.U.shopping_readUser : <==        Row: jy, 123, 김모씨, 대구시 서구, 010-1111-1234, 123c@naver.com, 10000 
10:05:14.609 TRACE --- [http-nio-9000-exec-2] c.s.e.m.U.shopping_readUser : <==        Row: jy0935, 4234, jy, 대구시 중구, 010-1111-1234, 123c@naver.com, 10000 
10:05:14.609 TRACE --- [http-nio-9000-exec-2] c.s.e.m.U.shopping_readUser : <==        Row: sdfdsf, 123, ger, 대구시 서구, 010-1111-1234, 123c@naver.com, 10000 
10:05:14.609 TRACE --- [http-nio-9000-exec-2] c.s.e.m.U.shopping_readUser : <==        Row: sdfsd, 32423123, gerger, 대구시 북구, 010-1111-1234, 123c@naver.com, 10000 
10:05:14.609 TRACE --- [http-nio-9000-exec-2] c.s.e.m.U.shopping_readUser : <==        Row: sef, 3423, 박모씨, 대구시 남구, 010-1111-1234, 123c@naver.com, 10000 
10:05:14.609 TRACE --- [http-nio-9000-exec-2] c.s.e.m.U.shopping_readUser : <==        Row: sfvd, 2312321, fsg, 대구시 중구, 010-1111-1234, 123c@naver.com, 10000 
10:05:14.610 DEBUG --- [http-nio-9000-exec-2] c.s.e.m.U.shopping_readUser : <==      Total: 6 
10:05:23.198 DEBUG --- [http-nio-9000-exec-3] c.s.e.m.CategoryMapper.readCategory : ==>  Preparing: SELECT cg_id as id, cg_name as name, cg_product_count as product_count FROM category 
10:05:23.199 DEBUG --- [http-nio-9000-exec-3] c.s.e.m.CategoryMapper.readCategory : ==> Parameters:  
10:05:23.200 TRACE --- [http-nio-9000-exec-3] c.s.e.m.CategoryMapper.readCategory : <==    Columns: id, name, product_count 
10:05:23.200 TRACE --- [http-nio-9000-exec-3] c.s.e.m.CategoryMapper.readCategory : <==        Row: 20, 조명, 8 
10:05:23.201 TRACE --- [http-nio-9000-exec-3] c.s.e.m.CategoryMapper.readCategory : <==        Row: 2010, 등, 5 
10:05:23.201 TRACE --- [http-nio-9000-exec-3] c.s.e.m.CategoryMapper.readCategory : <==        Row: 2020, 스탠드, 3 
10:05:23.202 TRACE --- [http-nio-9000-exec-3] c.s.e.m.CategoryMapper.readCategory : <==        Row: 201010, 거실등, 3 
10:05:23.202 TRACE --- [http-nio-9000-exec-3] c.s.e.m.CategoryMapper.readCategory : <==        Row: 201020, 방등, 2 
10:05:23.202 DEBUG --- [http-nio-9000-exec-3] c.s.e.m.CategoryMapper.readCategory : <==      Total: 5 
10:05:27.459 DEBUG --- [http-nio-9000-exec-4] c.s.e.mapper.ProductMapper.ranking : ==>  Preparing: SELECT p_id as id, p_name as name, p_order_count as order_count, p_rank as rank FROM product 
10:05:27.459 DEBUG --- [http-nio-9000-exec-4] c.s.e.mapper.ProductMapper.ranking : ==> Parameters:  
10:05:27.460 TRACE --- [http-nio-9000-exec-4] c.s.e.mapper.ProductMapper.ranking : <==    Columns: id, name, order_count, rank 
10:05:27.461 TRACE --- [http-nio-9000-exec-4] c.s.e.mapper.ProductMapper.ranking : <==        Row: 1, 거실등, 30, null 
10:05:27.462 TRACE --- [http-nio-9000-exec-4] c.s.e.mapper.ProductMapper.ranking : <==        Row: 2, 방등, 35, null 
10:05:27.463 TRACE --- [http-nio-9000-exec-4] c.s.e.mapper.ProductMapper.ranking : <==        Row: 3, 일반스탠드, 20, null 
10:05:27.463 TRACE --- [http-nio-9000-exec-4] c.s.e.mapper.ProductMapper.ranking : <==        Row: 4, 멀티탭, 5, null 
10:05:27.463 TRACE --- [http-nio-9000-exec-4] c.s.e.mapper.ProductMapper.ranking : <==        Row: 5, 주방등, 25, null 
10:05:27.464 DEBUG --- [http-nio-9000-exec-4] c.s.e.mapper.ProductMapper.ranking : <==      Total: 5 
10:05:30.074 DEBUG --- [http-nio-9000-exec-5] c.s.e.m.U.shopping_readUser : ==>  Preparing: SELECT user_id as username, user_password as password, user_name as name, user_address as address, user_phone as phone, user_email as email, user_point as point FROM user 
10:05:30.075 DEBUG --- [http-nio-9000-exec-5] c.s.e.m.U.shopping_readUser : ==> Parameters:  
10:05:30.076 TRACE --- [http-nio-9000-exec-5] c.s.e.m.U.shopping_readUser : <==    Columns: username, password, name, address, phone, email, point 
10:05:30.076 TRACE --- [http-nio-9000-exec-5] c.s.e.m.U.shopping_readUser : <==        Row: jy, 123, 김모씨, 대구시 서구, 010-1111-1234, 123c@naver.com, 10000 
10:05:30.077 TRACE --- [http-nio-9000-exec-5] c.s.e.m.U.shopping_readUser : <==        Row: jy0935, 4234, jy, 대구시 중구, 010-1111-1234, 123c@naver.com, 10000 
10:05:30.077 TRACE --- [http-nio-9000-exec-5] c.s.e.m.U.shopping_readUser : <==        Row: sdfdsf, 123, ger, 대구시 서구, 010-1111-1234, 123c@naver.com, 10000 
10:05:30.077 TRACE --- [http-nio-9000-exec-5] c.s.e.m.U.shopping_readUser : <==        Row: sdfsd, 32423123, gerger, 대구시 북구, 010-1111-1234, 123c@naver.com, 10000 
10:05:30.078 TRACE --- [http-nio-9000-exec-5] c.s.e.m.U.shopping_readUser : <==        Row: sef, 3423, 박모씨, 대구시 남구, 010-1111-1234, 123c@naver.com, 10000 
10:05:30.078 TRACE --- [http-nio-9000-exec-5] c.s.e.m.U.shopping_readUser : <==        Row: sfvd, 2312321, fsg, 대구시 중구, 010-1111-1234, 123c@naver.com, 10000 
10:05:30.078 DEBUG --- [http-nio-9000-exec-5] c.s.e.m.U.shopping_readUser : <==      Total: 6 
19:44:14.756 INFO  --- [main] c.s.example.ShoppingmallApplication : Starting ShoppingmallApplication on LAPTOP-9DTE2H8I with PID 9172 (C:\Users\taswp\shoppingmall\bin\main started by taswp in C:\Users\taswp\shoppingmall) 
19:44:14.758 DEBUG --- [main] c.s.example.ShoppingmallApplication : Running with Spring Boot v2.3.2.RELEASE, Spring v5.2.8.RELEASE 
19:44:14.758 INFO  --- [main] c.s.example.ShoppingmallApplication : The following profiles are active: local 
19:44:16.514 DEBUG --- [main] c.s.example.config.AuthTokenFilter : Filter 'authenticationJwtTokenFilter' configured for use 
19:44:17.004 INFO  --- [main] c.s.example.ShoppingmallApplication : Started ShoppingmallApplication in 2.579 seconds (JVM running for 3.151) 
19:44:37.876 DEBUG --- [http-nio-9000-exec-1] c.s.e.m.U.shopping_readUser : ==>  Preparing: SELECT user_id as username, user_password as password, user_name as name, user_address as address, user_phone as phone, user_email as email, user_point as point FROM user 
19:44:37.893 DEBUG --- [http-nio-9000-exec-1] c.s.e.m.U.shopping_readUser : ==> Parameters:  
19:44:37.907 TRACE --- [http-nio-9000-exec-1] c.s.e.m.U.shopping_readUser : <==    Columns: username, password, name, address, phone, email, point 
19:44:37.907 TRACE --- [http-nio-9000-exec-1] c.s.e.m.U.shopping_readUser : <==        Row: jy, 123, 김모씨, 대구시 서구, 010-1111-1234, 123c@naver.com, 10000 
19:44:37.909 TRACE --- [http-nio-9000-exec-1] c.s.e.m.U.shopping_readUser : <==        Row: jy0935, 4234, jy, 대구시 중구, 010-1111-1234, 123c@naver.com, 10000 
19:44:37.909 TRACE --- [http-nio-9000-exec-1] c.s.e.m.U.shopping_readUser : <==        Row: sdfdsf, 123, ger, 대구시 서구, 010-1111-1234, 123c@naver.com, 10000 
19:44:37.910 TRACE --- [http-nio-9000-exec-1] c.s.e.m.U.shopping_readUser : <==        Row: sdfsd, 32423123, gerger, 대구시 북구, 010-1111-1234, 123c@naver.com, 10000 
19:44:37.910 TRACE --- [http-nio-9000-exec-1] c.s.e.m.U.shopping_readUser : <==        Row: sef, 3423, 박모씨, 대구시 남구, 010-1111-1234, 123c@naver.com, 10000 
19:44:37.910 TRACE --- [http-nio-9000-exec-1] c.s.e.m.U.shopping_readUser : <==        Row: sfvd, 2312321, fsg, 대구시 중구, 010-1111-1234, 123c@naver.com, 10000 
19:44:37.910 DEBUG --- [http-nio-9000-exec-1] c.s.e.m.U.shopping_readUser : <==      Total: 6 
19:47:15.336 DEBUG --- [http-nio-9000-exec-3] c.s.e.m.CategoryMapper.readCategory : ==>  Preparing: SELECT cg_id as id, cg_name as name, cg_product_count as product_count FROM category 
19:47:15.337 DEBUG --- [http-nio-9000-exec-3] c.s.e.m.CategoryMapper.readCategory : ==> Parameters:  
19:47:15.338 TRACE --- [http-nio-9000-exec-3] c.s.e.m.CategoryMapper.readCategory : <==    Columns: id, name, product_count 
19:47:15.338 TRACE --- [http-nio-9000-exec-3] c.s.e.m.CategoryMapper.readCategory : <==        Row: 20, 조명, 8 
19:47:15.338 TRACE --- [http-nio-9000-exec-3] c.s.e.m.CategoryMapper.readCategory : <==        Row: 2010, 등, 5 
19:47:15.338 TRACE --- [http-nio-9000-exec-3] c.s.e.m.CategoryMapper.readCategory : <==        Row: 2020, 스탠드, 3 
19:47:15.339 TRACE --- [http-nio-9000-exec-3] c.s.e.m.CategoryMapper.readCategory : <==        Row: 201010, 거실등, 3 
19:47:15.339 TRACE --- [http-nio-9000-exec-3] c.s.e.m.CategoryMapper.readCategory : <==        Row: 201020, 방등, 2 
19:47:15.339 DEBUG --- [http-nio-9000-exec-3] c.s.e.m.CategoryMapper.readCategory : <==      Total: 5 
19:47:19.210 DEBUG --- [http-nio-9000-exec-4] c.s.e.m.CategoryMapper.readCategory : ==>  Preparing: SELECT cg_id as id, cg_name as name, cg_product_count as product_count FROM category 
19:47:19.210 DEBUG --- [http-nio-9000-exec-4] c.s.e.m.CategoryMapper.readCategory : ==> Parameters:  
19:47:19.211 TRACE --- [http-nio-9000-exec-4] c.s.e.m.CategoryMapper.readCategory : <==    Columns: id, name, product_count 
19:47:19.211 TRACE --- [http-nio-9000-exec-4] c.s.e.m.CategoryMapper.readCategory : <==        Row: 20, 조명, 8 
19:47:19.212 TRACE --- [http-nio-9000-exec-4] c.s.e.m.CategoryMapper.readCategory : <==        Row: 2010, 등, 5 
19:47:19.212 TRACE --- [http-nio-9000-exec-4] c.s.e.m.CategoryMapper.readCategory : <==        Row: 2020, 스탠드, 3 
19:47:19.213 TRACE --- [http-nio-9000-exec-4] c.s.e.m.CategoryMapper.readCategory : <==        Row: 201010, 거실등, 3 
19:47:19.213 TRACE --- [http-nio-9000-exec-4] c.s.e.m.CategoryMapper.readCategory : <==        Row: 201020, 방등, 2 
19:47:19.213 DEBUG --- [http-nio-9000-exec-4] c.s.e.m.CategoryMapper.readCategory : <==      Total: 5 
19:47:26.468 DEBUG --- [http-nio-9000-exec-5] c.s.e.m.U.shopping_readUser : ==>  Preparing: SELECT user_id as username, user_password as password, user_name as name, user_address as address, user_phone as phone, user_email as email, user_point as point FROM user 
19:47:26.469 DEBUG --- [http-nio-9000-exec-5] c.s.e.m.U.shopping_readUser : ==> Parameters:  
19:47:26.470 TRACE --- [http-nio-9000-exec-5] c.s.e.m.U.shopping_readUser : <==    Columns: username, password, name, address, phone, email, point 
19:47:26.470 TRACE --- [http-nio-9000-exec-5] c.s.e.m.U.shopping_readUser : <==        Row: jy, 123, 김모씨, 대구시 서구, 010-1111-1234, 123c@naver.com, 10000 
19:47:26.471 TRACE --- [http-nio-9000-exec-5] c.s.e.m.U.shopping_readUser : <==        Row: jy0935, 4234, jy, 대구시 중구, 010-1111-1234, 123c@naver.com, 10000 
19:47:26.471 TRACE --- [http-nio-9000-exec-5] c.s.e.m.U.shopping_readUser : <==        Row: sdfdsf, 123, ger, 대구시 서구, 010-1111-1234, 123c@naver.com, 10000 
19:47:26.471 TRACE --- [http-nio-9000-exec-5] c.s.e.m.U.shopping_readUser : <==        Row: sdfsd, 32423123, gerger, 대구시 북구, 010-1111-1234, 123c@naver.com, 10000 
19:47:26.471 TRACE --- [http-nio-9000-exec-5] c.s.e.m.U.shopping_readUser : <==        Row: sef, 3423, 박모씨, 대구시 남구, 010-1111-1234, 123c@naver.com, 10000 
19:47:26.472 TRACE --- [http-nio-9000-exec-5] c.s.e.m.U.shopping_readUser : <==        Row: sfvd, 2312321, fsg, 대구시 중구, 010-1111-1234, 123c@naver.com, 10000 
19:47:26.472 DEBUG --- [http-nio-9000-exec-5] c.s.e.m.U.shopping_readUser : <==      Total: 6 
