10:11:33.148 INFO  --- [main] c.s.example.ShoppingmallApplication : Starting ShoppingmallApplication on LAPTOP-9DTE2H8I with PID 19272 (C:\Users\taswp\shoppingmall\bin\main started by taswp in C:\Users\taswp\shoppingmall) 
10:11:33.152 DEBUG --- [main] c.s.example.ShoppingmallApplication : Running with Spring Boot v2.3.2.RELEASE, Spring v5.2.8.RELEASE 
10:11:33.153 INFO  --- [main] c.s.example.ShoppingmallApplication : The following profiles are active: local 
10:11:34.296 DEBUG --- [main] c.s.example.config.AuthTokenFilter : Filter 'authenticationJwtTokenFilter' configured for use 
10:11:34.720 INFO  --- [main] c.s.example.ShoppingmallApplication : Started ShoppingmallApplication in 1.904 seconds (JVM running for 2.548) 
10:11:53.773 DEBUG --- [http-nio-9000-exec-1] c.s.e.m.U.shopping_readUser : ==>  Preparing: SELECT user_id as username, user_password as password, user_name as name, user_address as address, user_phone as phone, user_email as email, user_point as point FROM user 
10:11:53.789 DEBUG --- [http-nio-9000-exec-1] c.s.e.m.U.shopping_readUser : ==> Parameters:  
10:11:53.803 TRACE --- [http-nio-9000-exec-1] c.s.e.m.U.shopping_readUser : <==    Columns: username, password, name, address, phone, email, point 
10:11:53.803 TRACE --- [http-nio-9000-exec-1] c.s.e.m.U.shopping_readUser : <==        Row: jy0935, 11111, 주문자1, 대구시 동구, 010-2354-8451, abc@naver.com, 5000 
10:11:53.804 TRACE --- [http-nio-9000-exec-1] c.s.e.m.U.shopping_readUser : <==        Row: jy1234, 356484, 주문자2, 대구시 서구, 010-1111-1234, abced@naver.com, 500000 
10:11:53.805 TRACE --- [http-nio-9000-exec-1] c.s.e.m.U.shopping_readUser : <==        Row: jy12345, 4234, 이모씨, 대구시 수성구, 010-1111-1234, fruit@naver.com, 1000 
10:11:53.805 TRACE --- [http-nio-9000-exec-1] c.s.e.m.U.shopping_readUser : <==        Row: jy1515, 33311, 김모씨, 대구시 중구, 010-7555-1234, jkjk@naver.com, 20000 
10:11:53.805 TRACE --- [http-nio-9000-exec-1] c.s.e.m.U.shopping_readUser : <==        Row: kkk333, 1523, 김모씨, 대구시 북구, 010-1111-1234, 123c@naver.com, 10000 
10:11:53.805 TRACE --- [http-nio-9000-exec-1] c.s.e.m.U.shopping_readUser : <==        Row: zzsfdx15, 3423, 박모씨, 대구시 남구, 010-1111-1234, 123c@naver.com, 10000 
10:11:53.805 DEBUG --- [http-nio-9000-exec-1] c.s.e.m.U.shopping_readUser : <==      Total: 6 
10:12:15.842 DEBUG --- [http-nio-9000-exec-2] c.s.e.m.P.readAllProduct : ==>  Preparing: SELECT product.p_id as id, p_name as name, p_price as price, p_order_count as order_count, p_views as views, p_category as category, p_quantity as quantity, pi_unique as image, p_text as text FROM product JOIN product_img ON (product.p_id = product_img.p_id); 
10:12:15.842 DEBUG --- [http-nio-9000-exec-2] c.s.e.m.P.readAllProduct : ==> Parameters:  
10:12:15.844 TRACE --- [http-nio-9000-exec-2] c.s.e.m.P.readAllProduct : <==    Columns: id, name, price, order_count, views, category, quantity, image, text 
10:12:15.844 TRACE --- [http-nio-9000-exec-2] c.s.e.m.P.readAllProduct : <==        Row: 1, 거실등 1, 200000, 30, 5, 2010, 3, 20210209_1658426, <<BLOB>> 
10:12:15.845 TRACE --- [http-nio-9000-exec-2] c.s.e.m.P.readAllProduct : <==        Row: 2, 방등, 70000, 35, 4, 4010, 2, 20210208_1235562, <<BLOB>> 
10:12:15.845 TRACE --- [http-nio-9000-exec-2] c.s.e.m.P.readAllProduct : <==        Row: 3, 형광등 스탠드, 70000, 20, 2, 6020, 3, 20210205_1622562, <<BLOB>> 
10:12:15.845 TRACE --- [http-nio-9000-exec-2] c.s.e.m.P.readAllProduct : <==        Row: 4, 멀티탭, 5000, 5, 2, 7020, 5, 20210205_1622522, <<BLOB>> 
10:12:15.845 TRACE --- [http-nio-9000-exec-2] c.s.e.m.P.readAllProduct : <==        Row: 5, 식탁등, 150000, 25, 3, 3010, 5, 20210209_1635562, <<BLOB>> 
10:12:15.845 TRACE --- [http-nio-9000-exec-2] c.s.e.m.P.readAllProduct : <==        Row: 6, 2구 스위치, 10000, 25, 3, 7010, 4, 20210209_1545351, <<BLOB>> 
10:12:15.845 TRACE --- [http-nio-9000-exec-2] c.s.e.m.P.readAllProduct : <==        Row: 7, LED 스탠드, 100000, 15, 2, 6010, 3, 20210210_1635562, <<BLOB>> 
10:12:15.846 TRACE --- [http-nio-9000-exec-2] c.s.e.m.P.readAllProduct : <==        Row: 8, 3구 스위치, 50000, 20, 0, 7030, 6, 20210208_1635562, <<BLOB>> 
10:12:15.847 TRACE --- [http-nio-9000-exec-2] c.s.e.m.P.readAllProduct : <==        Row: 9, 거실등 2, 600000, 10, 0, 2010, 5, 20210209_1659745, <<BLOB>> 
10:12:15.847 DEBUG --- [http-nio-9000-exec-2] c.s.e.m.P.readAllProduct : <==      Total: 9 
10:12:25.056 DEBUG --- [http-nio-9000-exec-4] c.s.e.m.ProductMapper.readProduct : ==>  Preparing: SELECT product.p_id as id, p_name as name, p_price as price, p_order_count as order_count, p_views as views, p_category as category, p_quantity as quantity, pi_unique as image, p_text as text FROM product JOIN product_img ON (product.p_id = product_img.p_id) WHERE product.p_id = ? 
10:12:25.057 DEBUG --- [http-nio-9000-exec-4] c.s.e.m.ProductMapper.readProduct : ==> Parameters: 1(Integer) 
10:12:25.057 TRACE --- [http-nio-9000-exec-4] c.s.e.m.ProductMapper.readProduct : <==    Columns: id, name, price, order_count, views, category, quantity, image, text 
10:12:25.057 TRACE --- [http-nio-9000-exec-4] c.s.e.m.ProductMapper.readProduct : <==        Row: 1, 거실등 1, 200000, 30, 5, 2010, 3, 20210209_1658426, <<BLOB>> 
10:12:25.058 DEBUG --- [http-nio-9000-exec-4] c.s.e.m.ProductMapper.readProduct : <==      Total: 1 
10:12:33.228 DEBUG --- [http-nio-9000-exec-5] c.s.e.m.P.readAllProduct : ==>  Preparing: SELECT product.p_id as id, p_name as name, p_price as price, p_order_count as order_count, p_views as views, p_category as category, p_quantity as quantity, pi_unique as image, p_text as text FROM product JOIN product_img ON (product.p_id = product_img.p_id); 
10:12:33.228 DEBUG --- [http-nio-9000-exec-5] c.s.e.m.P.readAllProduct : ==> Parameters:  
10:12:33.229 TRACE --- [http-nio-9000-exec-5] c.s.e.m.P.readAllProduct : <==    Columns: id, name, price, order_count, views, category, quantity, image, text 
10:12:33.229 TRACE --- [http-nio-9000-exec-5] c.s.e.m.P.readAllProduct : <==        Row: 1, 거실등 1, 200000, 30, 5, 2010, 3, 20210209_1658426, <<BLOB>> 
10:12:33.230 TRACE --- [http-nio-9000-exec-5] c.s.e.m.P.readAllProduct : <==        Row: 2, 방등, 70000, 35, 4, 4010, 2, 20210208_1235562, <<BLOB>> 
10:12:33.230 TRACE --- [http-nio-9000-exec-5] c.s.e.m.P.readAllProduct : <==        Row: 3, 형광등 스탠드, 70000, 20, 2, 6020, 3, 20210205_1622562, <<BLOB>> 
10:12:33.230 TRACE --- [http-nio-9000-exec-5] c.s.e.m.P.readAllProduct : <==        Row: 4, 멀티탭, 5000, 5, 2, 7020, 5, 20210205_1622522, <<BLOB>> 
10:12:33.230 TRACE --- [http-nio-9000-exec-5] c.s.e.m.P.readAllProduct : <==        Row: 5, 식탁등, 150000, 25, 3, 3010, 5, 20210209_1635562, <<BLOB>> 
10:12:33.231 TRACE --- [http-nio-9000-exec-5] c.s.e.m.P.readAllProduct : <==        Row: 6, 2구 스위치, 10000, 25, 3, 7010, 4, 20210209_1545351, <<BLOB>> 
10:12:33.233 TRACE --- [http-nio-9000-exec-5] c.s.e.m.P.readAllProduct : <==        Row: 7, LED 스탠드, 100000, 15, 2, 6010, 3, 20210210_1635562, <<BLOB>> 
10:12:33.233 TRACE --- [http-nio-9000-exec-5] c.s.e.m.P.readAllProduct : <==        Row: 8, 3구 스위치, 50000, 20, 0, 7030, 6, 20210208_1635562, <<BLOB>> 
10:12:33.234 TRACE --- [http-nio-9000-exec-5] c.s.e.m.P.readAllProduct : <==        Row: 9, 거실등 2, 600000, 10, 0, 2010, 5, 20210209_1659745, <<BLOB>> 
10:12:33.235 DEBUG --- [http-nio-9000-exec-5] c.s.e.m.P.readAllProduct : <==      Total: 9 
10:12:39.115 DEBUG --- [http-nio-9000-exec-7] c.s.e.m.O.readSales_oneday : ==>  Preparing: SELECT * FROM ( SELECT ta.o_id, ta.o_date, tc.user_id, tc.user_name, tc.user_phone, tb.o_order_price FROM orders ta LEFT JOIN user tc ON ta.user_id = tc.user_id left JOIN (SELECT o_id, sum(od_price * od_count) o_order_price FROM order_detail GROUP BY o_id )tb ON ta.o_id = tb.o_id WHERE o_date = ? )ta, ( SELECT SUM(tb.o_order_price) o_total_price FROM orders ta JOIN user tc ON ta.user_id = tc.user_id left JOIN (SELECT o_id, sum(od_price * od_count) o_order_price FROM order_detail GROUP BY o_id )tb ON ta.o_id = tb.o_id WHERE o_date = ? )tb 
10:12:39.116 DEBUG --- [http-nio-9000-exec-7] c.s.e.m.O.readSales_oneday : ==> Parameters: 2021-02-19(String), 2021-02-19(String) 
10:12:39.117 DEBUG --- [http-nio-9000-exec-7] c.s.e.m.O.readSales_oneday : <==      Total: 0 
10:12:43.862 DEBUG --- [http-nio-9000-exec-8] c.s.e.m.OrderMapper.readSales_year : ==>  Preparing: SELECT * FROM ( SELECT ta.o_id, ta.o_date, tc.user_id, tc.user_name, tc.user_phone, tb.o_order_price FROM orders ta LEFT JOIN user tc ON ta.user_id = tc.user_id left JOIN (SELECT o_id, sum(od_price * od_count) o_order_price FROM order_detail GROUP BY o_id )tb ON ta.o_id = tb.o_id WHERE o_date BETWEEN date(?) AND date(?) )ta, ( SELECT SUM(tb.o_order_price) o_total_price FROM orders ta JOIN user tc ON ta.user_id = tc.user_id left JOIN (SELECT o_id, sum(od_price * od_count) o_order_price FROM order_detail GROUP BY o_id )tb ON ta.o_id = tb.o_id WHERE o_date BETWEEN DATE(?) AND DATE(?) )tb 
10:12:43.863 DEBUG --- [http-nio-9000-exec-8] c.s.e.m.OrderMapper.readSales_year : ==> Parameters: 2017-01-01(String), 2022-12-31(String), 2017-01-01(String), 2022-12-31(String) 
10:12:43.865 TRACE --- [http-nio-9000-exec-8] c.s.e.m.OrderMapper.readSales_year : <==    Columns: o_id, o_date, user_id, user_name, user_phone, o_order_price, o_total_price 
10:12:43.865 TRACE --- [http-nio-9000-exec-8] c.s.e.m.OrderMapper.readSales_year : <==        Row: 1, 2020-12-23, jy0935, 주문자1, 010-2354-8451, 820000, 3160000 
10:12:43.866 TRACE --- [http-nio-9000-exec-8] c.s.e.m.OrderMapper.readSales_year : <==        Row: 2, 2020-12-25, jy1234, 주문자2, 010-1111-1234, 810000, 3160000 
10:12:43.867 TRACE --- [http-nio-9000-exec-8] c.s.e.m.OrderMapper.readSales_year : <==        Row: 3, 2021-01-16, jy0935, 주문자1, 010-2354-8451, 210000, 3160000 
10:12:43.867 TRACE --- [http-nio-9000-exec-8] c.s.e.m.OrderMapper.readSales_year : <==        Row: 4, 2021-02-16, jy0935, 주문자1, 010-2354-8451, 230000, 3160000 
10:12:43.868 TRACE --- [http-nio-9000-exec-8] c.s.e.m.OrderMapper.readSales_year : <==        Row: 5, 2021-03-16, jy0935, 주문자1, 010-2354-8451, 900000, 3160000 
10:12:43.868 TRACE --- [http-nio-9000-exec-8] c.s.e.m.OrderMapper.readSales_year : <==        Row: 6, 2019-02-16, jy1234, 주문자2, 010-1111-1234, 140000, 3160000 
10:12:43.869 TRACE --- [http-nio-9000-exec-8] c.s.e.m.OrderMapper.readSales_year : <==        Row: 7, 2020-12-28, jy1234, 주문자2, 010-1111-1234, 50000, 3160000 
10:12:43.869 DEBUG --- [http-nio-9000-exec-8] c.s.e.m.OrderMapper.readSales_year : <==      Total: 7 
10:12:49.871 DEBUG --- [http-nio-9000-exec-9] c.s.e.mapper.ProductMapper.ranking : ==>  Preparing: SELECT p_id as id, p_name as name, p_order_count as order_count, p_rank as rank FROM product 
10:12:49.872 DEBUG --- [http-nio-9000-exec-10] c.s.e.m.C.readCategory_name : ==>  Preparing: SELECT cg_name as name FROM category WHERE CHAR_LENGTH(cg_id) <= 2 
10:12:49.873 DEBUG --- [http-nio-9000-exec-10] c.s.e.m.C.readCategory_name : ==> Parameters:  
10:12:49.873 DEBUG --- [http-nio-9000-exec-9] c.s.e.mapper.ProductMapper.ranking : ==> Parameters:  
10:12:49.873 TRACE --- [http-nio-9000-exec-9] c.s.e.mapper.ProductMapper.ranking : <==    Columns: id, name, order_count, rank 
10:12:49.873 TRACE --- [http-nio-9000-exec-9] c.s.e.mapper.ProductMapper.ranking : <==        Row: 1, 거실등 1, 30, null 
10:12:49.873 TRACE --- [http-nio-9000-exec-10] c.s.e.m.C.readCategory_name : <==    Columns: name 
10:12:49.874 TRACE --- [http-nio-9000-exec-9] c.s.e.mapper.ProductMapper.ranking : <==        Row: 2, 방등, 35, null 
10:12:49.874 TRACE --- [http-nio-9000-exec-10] c.s.e.m.C.readCategory_name : <==        Row: 전체 
10:12:49.874 TRACE --- [http-nio-9000-exec-9] c.s.e.mapper.ProductMapper.ranking : <==        Row: 3, 형광등 스탠드, 20, null 
10:12:49.874 TRACE --- [http-nio-9000-exec-10] c.s.e.m.C.readCategory_name : <==        Row: 거실등 
10:12:49.874 TRACE --- [http-nio-9000-exec-9] c.s.e.mapper.ProductMapper.ranking : <==        Row: 4, 멀티탭, 5, null 
10:12:49.874 TRACE --- [http-nio-9000-exec-10] c.s.e.m.C.readCategory_name : <==        Row: 식탁등 
10:12:49.874 TRACE --- [http-nio-9000-exec-9] c.s.e.mapper.ProductMapper.ranking : <==        Row: 5, 식탁등, 25, null 
10:12:49.874 TRACE --- [http-nio-9000-exec-10] c.s.e.m.C.readCategory_name : <==        Row: 방등 
10:12:49.874 TRACE --- [http-nio-9000-exec-9] c.s.e.mapper.ProductMapper.ranking : <==        Row: 6, 2구 스위치, 25, null 
10:12:49.874 TRACE --- [http-nio-9000-exec-10] c.s.e.m.C.readCategory_name : <==        Row: 주방등 
10:12:49.874 TRACE --- [http-nio-9000-exec-9] c.s.e.mapper.ProductMapper.ranking : <==        Row: 7, LED 스탠드, 15, null 
10:12:49.874 TRACE --- [http-nio-9000-exec-10] c.s.e.m.C.readCategory_name : <==        Row: 스탠드 
10:12:49.874 TRACE --- [http-nio-9000-exec-9] c.s.e.mapper.ProductMapper.ranking : <==        Row: 8, 3구 스위치, 20, null 
10:12:49.874 TRACE --- [http-nio-9000-exec-9] c.s.e.mapper.ProductMapper.ranking : <==        Row: 9, 거실등 2, 10, null 
10:12:49.874 TRACE --- [http-nio-9000-exec-10] c.s.e.m.C.readCategory_name : <==        Row: 전기재료 
10:12:49.874 DEBUG --- [http-nio-9000-exec-9] c.s.e.mapper.ProductMapper.ranking : <==      Total: 9 
10:12:49.874 DEBUG --- [http-nio-9000-exec-10] c.s.e.m.C.readCategory_name : <==      Total: 7 
10:12:51.341 DEBUG --- [http-nio-9000-exec-1] c.s.e.m.P.readAllProduct : ==>  Preparing: SELECT product.p_id as id, p_name as name, p_price as price, p_order_count as order_count, p_views as views, p_category as category, p_quantity as quantity, pi_unique as image, p_text as text FROM product JOIN product_img ON (product.p_id = product_img.p_id); 
10:12:51.342 DEBUG --- [http-nio-9000-exec-1] c.s.e.m.P.readAllProduct : ==> Parameters:  
10:12:51.343 TRACE --- [http-nio-9000-exec-1] c.s.e.m.P.readAllProduct : <==    Columns: id, name, price, order_count, views, category, quantity, image, text 
10:12:51.343 TRACE --- [http-nio-9000-exec-1] c.s.e.m.P.readAllProduct : <==        Row: 1, 거실등 1, 200000, 30, 5, 2010, 3, 20210209_1658426, <<BLOB>> 
10:12:51.343 TRACE --- [http-nio-9000-exec-1] c.s.e.m.P.readAllProduct : <==        Row: 2, 방등, 70000, 35, 4, 4010, 2, 20210208_1235562, <<BLOB>> 
10:12:51.344 TRACE --- [http-nio-9000-exec-1] c.s.e.m.P.readAllProduct : <==        Row: 3, 형광등 스탠드, 70000, 20, 2, 6020, 3, 20210205_1622562, <<BLOB>> 
10:12:51.344 TRACE --- [http-nio-9000-exec-1] c.s.e.m.P.readAllProduct : <==        Row: 4, 멀티탭, 5000, 5, 2, 7020, 5, 20210205_1622522, <<BLOB>> 
10:12:51.344 TRACE --- [http-nio-9000-exec-1] c.s.e.m.P.readAllProduct : <==        Row: 5, 식탁등, 150000, 25, 3, 3010, 5, 20210209_1635562, <<BLOB>> 
10:12:51.344 TRACE --- [http-nio-9000-exec-1] c.s.e.m.P.readAllProduct : <==        Row: 6, 2구 스위치, 10000, 25, 3, 7010, 4, 20210209_1545351, <<BLOB>> 
10:12:51.344 TRACE --- [http-nio-9000-exec-1] c.s.e.m.P.readAllProduct : <==        Row: 7, LED 스탠드, 100000, 15, 2, 6010, 3, 20210210_1635562, <<BLOB>> 
10:12:51.344 TRACE --- [http-nio-9000-exec-1] c.s.e.m.P.readAllProduct : <==        Row: 8, 3구 스위치, 50000, 20, 0, 7030, 6, 20210208_1635562, <<BLOB>> 
10:12:51.345 TRACE --- [http-nio-9000-exec-1] c.s.e.m.P.readAllProduct : <==        Row: 9, 거실등 2, 600000, 10, 0, 2010, 5, 20210209_1659745, <<BLOB>> 
10:12:51.345 DEBUG --- [http-nio-9000-exec-1] c.s.e.m.P.readAllProduct : <==      Total: 9 
10:12:52.638 DEBUG --- [http-nio-9000-exec-2] c.s.e.m.CategoryMapper.readCategory : ==>  Preparing: SELECT cg_id, cg_name as name, cg_product_count as product_count FROM category 
10:12:52.638 DEBUG --- [http-nio-9000-exec-2] c.s.e.m.CategoryMapper.readCategory : ==> Parameters:  
10:12:52.639 TRACE --- [http-nio-9000-exec-2] c.s.e.m.CategoryMapper.readCategory : <==    Columns: cg_id, name, product_count 
10:12:52.639 TRACE --- [http-nio-9000-exec-2] c.s.e.m.CategoryMapper.readCategory : <==        Row: 0, 전체, 9999999 
10:12:52.640 TRACE --- [http-nio-9000-exec-2] c.s.e.m.CategoryMapper.readCategory : <==        Row: 20, 거실등, 4 
10:12:52.640 TRACE --- [http-nio-9000-exec-2] c.s.e.m.CategoryMapper.readCategory : <==        Row: 30, 식탁등, 4 
10:12:52.640 TRACE --- [http-nio-9000-exec-2] c.s.e.m.CategoryMapper.readCategory : <==        Row: 40, 방등, 4 
10:12:52.640 TRACE --- [http-nio-9000-exec-2] c.s.e.m.CategoryMapper.readCategory : <==        Row: 50, 주방등, 4 
10:12:52.640 TRACE --- [http-nio-9000-exec-2] c.s.e.m.CategoryMapper.readCategory : <==        Row: 60, 스탠드, 4 
10:12:52.640 TRACE --- [http-nio-9000-exec-2] c.s.e.m.CategoryMapper.readCategory : <==        Row: 70, 전기재료, 4 
10:12:52.640 TRACE --- [http-nio-9000-exec-2] c.s.e.m.CategoryMapper.readCategory : <==        Row: 2011, 거실등 30평형, 2 
10:12:52.641 TRACE --- [http-nio-9000-exec-2] c.s.e.m.CategoryMapper.readCategory : <==        Row: 2012, 거실등 40평형, 2 
10:12:52.641 TRACE --- [http-nio-9000-exec-2] c.s.e.m.CategoryMapper.readCategory : <==        Row: 3011, 소형 식탁등, 2 
10:12:52.641 TRACE --- [http-nio-9000-exec-2] c.s.e.m.CategoryMapper.readCategory : <==        Row: 3012, 중형 식탁등, 2 
10:12:52.641 TRACE --- [http-nio-9000-exec-2] c.s.e.m.CategoryMapper.readCategory : <==        Row: 4011, 소형 방등, 2 
10:12:52.642 TRACE --- [http-nio-9000-exec-2] c.s.e.m.CategoryMapper.readCategory : <==        Row: 4012, 대형 방등, 2 
10:12:52.642 TRACE --- [http-nio-9000-exec-2] c.s.e.m.CategoryMapper.readCategory : <==        Row: 5011, 싱크대, 2 
10:12:52.642 TRACE --- [http-nio-9000-exec-2] c.s.e.m.CategoryMapper.readCategory : <==        Row: 5012, 레일형, 2 
10:12:52.642 TRACE --- [http-nio-9000-exec-2] c.s.e.m.CategoryMapper.readCategory : <==        Row: 6011, LED스탠드, 2 
10:12:52.642 TRACE --- [http-nio-9000-exec-2] c.s.e.m.CategoryMapper.readCategory : <==        Row: 6012, 일반스탠드, 2 
10:12:52.642 TRACE --- [http-nio-9000-exec-2] c.s.e.m.CategoryMapper.readCategory : <==        Row: 7011, 2구스위치, 2 
10:12:52.643 TRACE --- [http-nio-9000-exec-2] c.s.e.m.CategoryMapper.readCategory : <==        Row: 7012, 멀티탭, 2 
10:12:52.643 DEBUG --- [http-nio-9000-exec-2] c.s.e.m.CategoryMapper.readCategory : <==      Total: 19 
10:12:54.527 DEBUG --- [http-nio-9000-exec-3] c.s.e.mapper.OrderMapper.readOrder : ==>  Preparing: SELECT ta.o_id, o_date, SUM(tb.od_count*tb.od_price) o_total_price, o_state, user_id, GROUP_CONCAT( tc.p_name SEPARATOR ', ') p_total_name FROM orders ta LEFT JOIN order_detail tb ON(ta.o_id = tb.o_id) LEFT JOIN product tc ON(tb.p_id = tc.p_id) GROUP BY o_id 
10:12:54.527 DEBUG --- [http-nio-9000-exec-3] c.s.e.mapper.OrderMapper.readOrder : ==> Parameters:  
10:12:54.528 TRACE --- [http-nio-9000-exec-3] c.s.e.mapper.OrderMapper.readOrder : <==    Columns: o_id, o_date, o_total_price, o_state, user_id, p_total_name 
10:12:54.529 TRACE --- [http-nio-9000-exec-3] c.s.e.mapper.OrderMapper.readOrder : <==        Row: 1, 2020-12-23, 820000, 배송중, jy0935, <<BLOB>> 
10:12:54.530 TRACE --- [http-nio-9000-exec-3] c.s.e.mapper.OrderMapper.readOrder : <==        Row: 2, 2020-12-25, 810000, 배송완료, jy1234, <<BLOB>> 
10:12:54.530 TRACE --- [http-nio-9000-exec-3] c.s.e.mapper.OrderMapper.readOrder : <==        Row: 3, 2021-01-16, 210000, 배송중, jy0935, <<BLOB>> 
10:12:54.531 TRACE --- [http-nio-9000-exec-3] c.s.e.mapper.OrderMapper.readOrder : <==        Row: 4, 2021-02-16, 230000, 배송완료, jy0935, <<BLOB>> 
10:12:54.532 TRACE --- [http-nio-9000-exec-3] c.s.e.mapper.OrderMapper.readOrder : <==        Row: 5, 2021-03-16, 900000, 배송준비중, jy0935, <<BLOB>> 
10:12:54.532 TRACE --- [http-nio-9000-exec-3] c.s.e.mapper.OrderMapper.readOrder : <==        Row: 6, 2019-02-16, 140000, 배송완료, jy1234, <<BLOB>> 
10:12:54.533 TRACE --- [http-nio-9000-exec-3] c.s.e.mapper.OrderMapper.readOrder : <==        Row: 7, 2020-12-28, 50000, 배송완료, jy1234, <<BLOB>> 
10:12:54.533 DEBUG --- [http-nio-9000-exec-3] c.s.e.mapper.OrderMapper.readOrder : <==      Total: 7 
10:12:59.825 DEBUG --- [http-nio-9000-exec-5] c.s.e.m.O.readOrderDetails : ==>  Preparing: SELECT tb.od_id, tb.od_price, tb.od_count, tb.p_id, tb.o_id, ta.o_state, ta.o_date, ta.o_id, tc.user_name, tc.user_address, tc.user_phone, td.o_total_price, te.p_name, tf.pi_image, tf.pi_unique FROM orders ta LEFT JOIN order_detail tb ON (ta.o_id = tb.o_id) LEFT JOIN user tc ON (ta.user_id = tc.user_id) LEFT JOIN ( SELECT ta.o_id, SUM(tb.od_price*tb.od_count) o_total_price FROM orders ta LEFT JOIN order_detail tb ON (ta.o_id = tb.o_id) GROUP BY ta.o_id ) td ON ta.o_id = td.o_id LEFT JOIN product te ON (tb.p_id = te.p_id) LEFT JOIN product_img tf ON (te.p_id = tf.p_id) WHERE ta.o_id = ? 
10:12:59.825 DEBUG --- [http-nio-9000-exec-5] c.s.e.m.O.readOrderDetails : ==> Parameters: 2(Integer) 
10:12:59.826 TRACE --- [http-nio-9000-exec-5] c.s.e.m.O.readOrderDetails : <==    Columns: od_id, od_price, od_count, p_id, o_id, o_state, o_date, o_id, user_name, user_address, user_phone, o_total_price, p_name, pi_image, pi_unique 
10:12:59.827 TRACE --- [http-nio-9000-exec-5] c.s.e.m.O.readOrderDetails : <==        Row: 6, 70000, 3, 3, 2, 배송완료, 2020-12-25, 2, 주문자2, 대구시 서구, 010-1111-1234, 810000, 형광등 스탠드, lightStand, 20210205_1622562 
10:12:59.828 TRACE --- [http-nio-9000-exec-5] c.s.e.m.O.readOrderDetails : <==        Row: 5, 150000, 4, 5, 2, 배송완료, 2020-12-25, 2, 주문자2, 대구시 서구, 010-1111-1234, 810000, 식탁등, diningLamp, 20210209_1635562 
10:12:59.829 DEBUG --- [http-nio-9000-exec-5] c.s.e.m.O.readOrderDetails : <==      Total: 2 
10:13:04.162 DEBUG --- [http-nio-9000-exec-6] c.s.e.mapper.OrderMapper.readOrder : ==>  Preparing: SELECT ta.o_id, o_date, SUM(tb.od_count*tb.od_price) o_total_price, o_state, user_id, GROUP_CONCAT( tc.p_name SEPARATOR ', ') p_total_name FROM orders ta LEFT JOIN order_detail tb ON(ta.o_id = tb.o_id) LEFT JOIN product tc ON(tb.p_id = tc.p_id) GROUP BY o_id 
10:13:04.163 DEBUG --- [http-nio-9000-exec-6] c.s.e.mapper.OrderMapper.readOrder : ==> Parameters:  
10:13:04.164 TRACE --- [http-nio-9000-exec-6] c.s.e.mapper.OrderMapper.readOrder : <==    Columns: o_id, o_date, o_total_price, o_state, user_id, p_total_name 
10:13:04.165 TRACE --- [http-nio-9000-exec-6] c.s.e.mapper.OrderMapper.readOrder : <==        Row: 1, 2020-12-23, 820000, 배송중, jy0935, <<BLOB>> 
10:13:04.167 TRACE --- [http-nio-9000-exec-6] c.s.e.mapper.OrderMapper.readOrder : <==        Row: 2, 2020-12-25, 810000, 배송완료, jy1234, <<BLOB>> 
10:13:04.168 TRACE --- [http-nio-9000-exec-6] c.s.e.mapper.OrderMapper.readOrder : <==        Row: 3, 2021-01-16, 210000, 배송중, jy0935, <<BLOB>> 
10:13:04.169 TRACE --- [http-nio-9000-exec-6] c.s.e.mapper.OrderMapper.readOrder : <==        Row: 4, 2021-02-16, 230000, 배송완료, jy0935, <<BLOB>> 
10:13:04.169 TRACE --- [http-nio-9000-exec-6] c.s.e.mapper.OrderMapper.readOrder : <==        Row: 5, 2021-03-16, 900000, 배송준비중, jy0935, <<BLOB>> 
10:13:04.170 TRACE --- [http-nio-9000-exec-6] c.s.e.mapper.OrderMapper.readOrder : <==        Row: 6, 2019-02-16, 140000, 배송완료, jy1234, <<BLOB>> 
10:13:04.170 TRACE --- [http-nio-9000-exec-6] c.s.e.mapper.OrderMapper.readOrder : <==        Row: 7, 2020-12-28, 50000, 배송완료, jy1234, <<BLOB>> 
10:13:04.170 DEBUG --- [http-nio-9000-exec-6] c.s.e.mapper.OrderMapper.readOrder : <==      Total: 7 
10:13:05.161 DEBUG --- [http-nio-9000-exec-7] c.s.e.m.U.shopping_readUser : ==>  Preparing: SELECT user_id as username, user_password as password, user_name as name, user_address as address, user_phone as phone, user_email as email, user_point as point FROM user 
10:13:05.161 DEBUG --- [http-nio-9000-exec-7] c.s.e.m.U.shopping_readUser : ==> Parameters:  
10:13:05.162 TRACE --- [http-nio-9000-exec-7] c.s.e.m.U.shopping_readUser : <==    Columns: username, password, name, address, phone, email, point 
10:13:05.162 TRACE --- [http-nio-9000-exec-7] c.s.e.m.U.shopping_readUser : <==        Row: jy0935, 11111, 주문자1, 대구시 동구, 010-2354-8451, abc@naver.com, 5000 
10:13:05.162 TRACE --- [http-nio-9000-exec-7] c.s.e.m.U.shopping_readUser : <==        Row: jy1234, 356484, 주문자2, 대구시 서구, 010-1111-1234, abced@naver.com, 500000 
10:13:05.163 TRACE --- [http-nio-9000-exec-7] c.s.e.m.U.shopping_readUser : <==        Row: jy12345, 4234, 이모씨, 대구시 수성구, 010-1111-1234, fruit@naver.com, 1000 
10:13:05.163 TRACE --- [http-nio-9000-exec-7] c.s.e.m.U.shopping_readUser : <==        Row: jy1515, 33311, 김모씨, 대구시 중구, 010-7555-1234, jkjk@naver.com, 20000 
10:13:05.163 TRACE --- [http-nio-9000-exec-7] c.s.e.m.U.shopping_readUser : <==        Row: kkk333, 1523, 김모씨, 대구시 북구, 010-1111-1234, 123c@naver.com, 10000 
10:13:05.163 TRACE --- [http-nio-9000-exec-7] c.s.e.m.U.shopping_readUser : <==        Row: zzsfdx15, 3423, 박모씨, 대구시 남구, 010-1111-1234, 123c@naver.com, 10000 
10:13:05.163 DEBUG --- [http-nio-9000-exec-7] c.s.e.m.U.shopping_readUser : <==      Total: 6 
10:13:16.780 DEBUG --- [http-nio-9000-exec-8] c.s.e.m.U.shopping_readUser : ==>  Preparing: SELECT user_id as username, user_password as password, user_name as name, user_address as address, user_phone as phone, user_email as email, user_point as point FROM user 
10:13:16.781 DEBUG --- [http-nio-9000-exec-8] c.s.e.m.U.shopping_readUser : ==> Parameters:  
10:13:16.781 TRACE --- [http-nio-9000-exec-8] c.s.e.m.U.shopping_readUser : <==    Columns: username, password, name, address, phone, email, point 
10:13:16.781 TRACE --- [http-nio-9000-exec-8] c.s.e.m.U.shopping_readUser : <==        Row: jy0935, 11111, 주문자1, 대구시 동구, 010-2354-8451, abc@naver.com, 5000 
10:13:16.781 TRACE --- [http-nio-9000-exec-8] c.s.e.m.U.shopping_readUser : <==        Row: jy1234, 356484, 주문자2, 대구시 서구, 010-1111-1234, abced@naver.com, 500000 
10:13:16.782 TRACE --- [http-nio-9000-exec-8] c.s.e.m.U.shopping_readUser : <==        Row: jy12345, 4234, 이모씨, 대구시 수성구, 010-1111-1234, fruit@naver.com, 1000 
10:13:16.782 TRACE --- [http-nio-9000-exec-8] c.s.e.m.U.shopping_readUser : <==        Row: jy1515, 33311, 김모씨, 대구시 중구, 010-7555-1234, jkjk@naver.com, 20000 
10:13:16.783 TRACE --- [http-nio-9000-exec-8] c.s.e.m.U.shopping_readUser : <==        Row: kkk333, 1523, 김모씨, 대구시 북구, 010-1111-1234, 123c@naver.com, 10000 
10:13:16.783 TRACE --- [http-nio-9000-exec-8] c.s.e.m.U.shopping_readUser : <==        Row: zzsfdx15, 3423, 박모씨, 대구시 남구, 010-1111-1234, 123c@naver.com, 10000 
10:13:16.783 DEBUG --- [http-nio-9000-exec-8] c.s.e.m.U.shopping_readUser : <==      Total: 6 
10:13:29.702 DEBUG --- [http-nio-9000-exec-10] c.s.e.m.U.shopping_readUser : ==>  Preparing: SELECT user_id as username, user_password as password, user_name as name, user_address as address, user_phone as phone, user_email as email, user_point as point FROM user 
10:13:29.703 DEBUG --- [http-nio-9000-exec-10] c.s.e.m.U.shopping_readUser : ==> Parameters:  
10:13:29.704 TRACE --- [http-nio-9000-exec-10] c.s.e.m.U.shopping_readUser : <==    Columns: username, password, name, address, phone, email, point 
10:13:29.704 TRACE --- [http-nio-9000-exec-10] c.s.e.m.U.shopping_readUser : <==        Row: jy0935, 11111, 주문자1, 대구시 동구, 010-2354-8451, abc@naver.com, 5000 
10:13:29.704 TRACE --- [http-nio-9000-exec-10] c.s.e.m.U.shopping_readUser : <==        Row: jy1234, 356484, 주문자2, 대구시 서구, 010-1111-1234, abced@naver.com, 500000 
10:13:29.704 TRACE --- [http-nio-9000-exec-10] c.s.e.m.U.shopping_readUser : <==        Row: jy12345, 4234, 이모씨, 대구시 수성구, 010-1111-1234, fruit@naver.com, 1000 
10:13:29.704 TRACE --- [http-nio-9000-exec-10] c.s.e.m.U.shopping_readUser : <==        Row: jy1515, 33311, 김모씨, 대구시 중구, 010-7555-1234, jkjk@naver.com, 20000 
10:13:29.705 TRACE --- [http-nio-9000-exec-10] c.s.e.m.U.shopping_readUser : <==        Row: kkk333, 1523, 김모씨, 대구시 북구, 010-1111-1234, 123c@naver.com, 10000 
10:13:29.705 TRACE --- [http-nio-9000-exec-10] c.s.e.m.U.shopping_readUser : <==        Row: zzsfdx15, 3423, 박모씨, 대구시 남구, 010-1111-1234, 123c@naver.com, 10000 
10:13:29.705 DEBUG --- [http-nio-9000-exec-10] c.s.e.m.U.shopping_readUser : <==      Total: 6 
10:13:30.512 DEBUG --- [http-nio-9000-exec-9] c.s.e.m.CategoryMapper.readCategory : ==>  Preparing: SELECT cg_id, cg_name as name, cg_product_count as product_count FROM category 
10:13:30.513 DEBUG --- [http-nio-9000-exec-9] c.s.e.m.CategoryMapper.readCategory : ==> Parameters:  
10:13:30.514 TRACE --- [http-nio-9000-exec-9] c.s.e.m.CategoryMapper.readCategory : <==    Columns: cg_id, name, product_count 
10:13:30.514 TRACE --- [http-nio-9000-exec-9] c.s.e.m.CategoryMapper.readCategory : <==        Row: 0, 전체, 9999999 
10:13:30.514 TRACE --- [http-nio-9000-exec-9] c.s.e.m.CategoryMapper.readCategory : <==        Row: 20, 거실등, 4 
10:13:30.514 TRACE --- [http-nio-9000-exec-9] c.s.e.m.CategoryMapper.readCategory : <==        Row: 30, 식탁등, 4 
10:13:30.514 TRACE --- [http-nio-9000-exec-9] c.s.e.m.CategoryMapper.readCategory : <==        Row: 40, 방등, 4 
10:13:30.514 TRACE --- [http-nio-9000-exec-9] c.s.e.m.CategoryMapper.readCategory : <==        Row: 50, 주방등, 4 
10:13:30.514 TRACE --- [http-nio-9000-exec-9] c.s.e.m.CategoryMapper.readCategory : <==        Row: 60, 스탠드, 4 
10:13:30.514 TRACE --- [http-nio-9000-exec-9] c.s.e.m.CategoryMapper.readCategory : <==        Row: 70, 전기재료, 4 
10:13:30.514 TRACE --- [http-nio-9000-exec-9] c.s.e.m.CategoryMapper.readCategory : <==        Row: 2011, 거실등 30평형, 2 
10:13:30.514 TRACE --- [http-nio-9000-exec-9] c.s.e.m.CategoryMapper.readCategory : <==        Row: 2012, 거실등 40평형, 2 
10:13:30.514 TRACE --- [http-nio-9000-exec-9] c.s.e.m.CategoryMapper.readCategory : <==        Row: 3011, 소형 식탁등, 2 
10:13:30.514 TRACE --- [http-nio-9000-exec-9] c.s.e.m.CategoryMapper.readCategory : <==        Row: 3012, 중형 식탁등, 2 
10:13:30.514 TRACE --- [http-nio-9000-exec-9] c.s.e.m.CategoryMapper.readCategory : <==        Row: 4011, 소형 방등, 2 
10:13:30.514 TRACE --- [http-nio-9000-exec-9] c.s.e.m.CategoryMapper.readCategory : <==        Row: 4012, 대형 방등, 2 
10:13:30.515 TRACE --- [http-nio-9000-exec-9] c.s.e.m.CategoryMapper.readCategory : <==        Row: 5011, 싱크대, 2 
10:13:30.515 TRACE --- [http-nio-9000-exec-9] c.s.e.m.CategoryMapper.readCategory : <==        Row: 5012, 레일형, 2 
10:13:30.515 TRACE --- [http-nio-9000-exec-9] c.s.e.m.CategoryMapper.readCategory : <==        Row: 6011, LED스탠드, 2 
10:13:30.515 TRACE --- [http-nio-9000-exec-9] c.s.e.m.CategoryMapper.readCategory : <==        Row: 6012, 일반스탠드, 2 
10:13:30.515 TRACE --- [http-nio-9000-exec-9] c.s.e.m.CategoryMapper.readCategory : <==        Row: 7011, 2구스위치, 2 
10:13:30.515 TRACE --- [http-nio-9000-exec-9] c.s.e.m.CategoryMapper.readCategory : <==        Row: 7012, 멀티탭, 2 
10:13:30.515 DEBUG --- [http-nio-9000-exec-9] c.s.e.m.CategoryMapper.readCategory : <==      Total: 19 
10:13:31.267 DEBUG --- [http-nio-9000-exec-1] c.s.e.mapper.OrderMapper.readOrder : ==>  Preparing: SELECT ta.o_id, o_date, SUM(tb.od_count*tb.od_price) o_total_price, o_state, user_id, GROUP_CONCAT( tc.p_name SEPARATOR ', ') p_total_name FROM orders ta LEFT JOIN order_detail tb ON(ta.o_id = tb.o_id) LEFT JOIN product tc ON(tb.p_id = tc.p_id) GROUP BY o_id 
10:13:31.267 DEBUG --- [http-nio-9000-exec-1] c.s.e.mapper.OrderMapper.readOrder : ==> Parameters:  
10:13:31.268 TRACE --- [http-nio-9000-exec-1] c.s.e.mapper.OrderMapper.readOrder : <==    Columns: o_id, o_date, o_total_price, o_state, user_id, p_total_name 
10:13:31.268 TRACE --- [http-nio-9000-exec-1] c.s.e.mapper.OrderMapper.readOrder : <==        Row: 1, 2020-12-23, 820000, 배송중, jy0935, <<BLOB>> 
10:13:31.269 TRACE --- [http-nio-9000-exec-1] c.s.e.mapper.OrderMapper.readOrder : <==        Row: 2, 2020-12-25, 810000, 배송완료, jy1234, <<BLOB>> 
10:13:31.270 TRACE --- [http-nio-9000-exec-1] c.s.e.mapper.OrderMapper.readOrder : <==        Row: 3, 2021-01-16, 210000, 배송중, jy0935, <<BLOB>> 
10:13:31.270 TRACE --- [http-nio-9000-exec-1] c.s.e.mapper.OrderMapper.readOrder : <==        Row: 4, 2021-02-16, 230000, 배송완료, jy0935, <<BLOB>> 
10:13:31.270 TRACE --- [http-nio-9000-exec-1] c.s.e.mapper.OrderMapper.readOrder : <==        Row: 5, 2021-03-16, 900000, 배송준비중, jy0935, <<BLOB>> 
10:13:31.271 TRACE --- [http-nio-9000-exec-1] c.s.e.mapper.OrderMapper.readOrder : <==        Row: 6, 2019-02-16, 140000, 배송완료, jy1234, <<BLOB>> 
10:13:31.271 TRACE --- [http-nio-9000-exec-1] c.s.e.mapper.OrderMapper.readOrder : <==        Row: 7, 2020-12-28, 50000, 배송완료, jy1234, <<BLOB>> 
10:13:31.271 DEBUG --- [http-nio-9000-exec-1] c.s.e.mapper.OrderMapper.readOrder : <==      Total: 7 
10:13:34.236 DEBUG --- [http-nio-9000-exec-2] c.s.e.m.P.readAllProduct : ==>  Preparing: SELECT product.p_id as id, p_name as name, p_price as price, p_order_count as order_count, p_views as views, p_category as category, p_quantity as quantity, pi_unique as image, p_text as text FROM product JOIN product_img ON (product.p_id = product_img.p_id); 
10:13:34.237 DEBUG --- [http-nio-9000-exec-2] c.s.e.m.P.readAllProduct : ==> Parameters:  
10:13:34.238 TRACE --- [http-nio-9000-exec-2] c.s.e.m.P.readAllProduct : <==    Columns: id, name, price, order_count, views, category, quantity, image, text 
10:13:34.238 TRACE --- [http-nio-9000-exec-2] c.s.e.m.P.readAllProduct : <==        Row: 1, 거실등 1, 200000, 30, 5, 2010, 3, 20210209_1658426, <<BLOB>> 
10:13:34.238 TRACE --- [http-nio-9000-exec-2] c.s.e.m.P.readAllProduct : <==        Row: 2, 방등, 70000, 35, 4, 4010, 2, 20210208_1235562, <<BLOB>> 
10:13:34.238 TRACE --- [http-nio-9000-exec-2] c.s.e.m.P.readAllProduct : <==        Row: 3, 형광등 스탠드, 70000, 20, 2, 6020, 3, 20210205_1622562, <<BLOB>> 
10:13:34.238 TRACE --- [http-nio-9000-exec-2] c.s.e.m.P.readAllProduct : <==        Row: 4, 멀티탭, 5000, 5, 2, 7020, 5, 20210205_1622522, <<BLOB>> 
10:13:34.238 TRACE --- [http-nio-9000-exec-2] c.s.e.m.P.readAllProduct : <==        Row: 5, 식탁등, 150000, 25, 3, 3010, 5, 20210209_1635562, <<BLOB>> 
10:13:34.238 TRACE --- [http-nio-9000-exec-2] c.s.e.m.P.readAllProduct : <==        Row: 6, 2구 스위치, 10000, 25, 3, 7010, 4, 20210209_1545351, <<BLOB>> 
10:13:34.239 TRACE --- [http-nio-9000-exec-2] c.s.e.m.P.readAllProduct : <==        Row: 7, LED 스탠드, 100000, 15, 2, 6010, 3, 20210210_1635562, <<BLOB>> 
10:13:34.239 TRACE --- [http-nio-9000-exec-2] c.s.e.m.P.readAllProduct : <==        Row: 8, 3구 스위치, 50000, 20, 0, 7030, 6, 20210208_1635562, <<BLOB>> 
10:13:34.239 TRACE --- [http-nio-9000-exec-2] c.s.e.m.P.readAllProduct : <==        Row: 9, 거실등 2, 600000, 10, 0, 2010, 5, 20210209_1659745, <<BLOB>> 
10:13:34.239 DEBUG --- [http-nio-9000-exec-2] c.s.e.m.P.readAllProduct : <==      Total: 9 
10:13:35.972 DEBUG --- [http-nio-9000-exec-4] c.s.e.m.C.readCategory_name : ==>  Preparing: SELECT cg_name as name FROM category WHERE CHAR_LENGTH(cg_id) <= 2 
10:13:35.972 DEBUG --- [http-nio-9000-exec-3] c.s.e.mapper.ProductMapper.ranking : ==>  Preparing: SELECT p_id as id, p_name as name, p_order_count as order_count, p_rank as rank FROM product 
10:13:35.972 DEBUG --- [http-nio-9000-exec-3] c.s.e.mapper.ProductMapper.ranking : ==> Parameters:  
10:13:35.972 DEBUG --- [http-nio-9000-exec-4] c.s.e.m.C.readCategory_name : ==> Parameters:  
10:13:35.973 TRACE --- [http-nio-9000-exec-4] c.s.e.m.C.readCategory_name : <==    Columns: name 
10:13:35.973 TRACE --- [http-nio-9000-exec-3] c.s.e.mapper.ProductMapper.ranking : <==    Columns: id, name, order_count, rank 
10:13:35.973 TRACE --- [http-nio-9000-exec-4] c.s.e.m.C.readCategory_name : <==        Row: 전체 
10:13:35.973 TRACE --- [http-nio-9000-exec-3] c.s.e.mapper.ProductMapper.ranking : <==        Row: 1, 거실등 1, 30, null 
10:13:35.973 TRACE --- [http-nio-9000-exec-4] c.s.e.m.C.readCategory_name : <==        Row: 거실등 
10:13:35.973 TRACE --- [http-nio-9000-exec-3] c.s.e.mapper.ProductMapper.ranking : <==        Row: 2, 방등, 35, null 
10:13:35.973 TRACE --- [http-nio-9000-exec-4] c.s.e.m.C.readCategory_name : <==        Row: 식탁등 
10:13:35.973 TRACE --- [http-nio-9000-exec-3] c.s.e.mapper.ProductMapper.ranking : <==        Row: 3, 형광등 스탠드, 20, null 
10:13:35.973 TRACE --- [http-nio-9000-exec-4] c.s.e.m.C.readCategory_name : <==        Row: 방등 
10:13:35.973 TRACE --- [http-nio-9000-exec-3] c.s.e.mapper.ProductMapper.ranking : <==        Row: 4, 멀티탭, 5, null 
10:13:35.973 TRACE --- [http-nio-9000-exec-4] c.s.e.m.C.readCategory_name : <==        Row: 주방등 
10:13:35.973 TRACE --- [http-nio-9000-exec-3] c.s.e.mapper.ProductMapper.ranking : <==        Row: 5, 식탁등, 25, null 
10:13:35.973 TRACE --- [http-nio-9000-exec-4] c.s.e.m.C.readCategory_name : <==        Row: 스탠드 
10:13:35.973 TRACE --- [http-nio-9000-exec-3] c.s.e.mapper.ProductMapper.ranking : <==        Row: 6, 2구 스위치, 25, null 
10:13:35.973 TRACE --- [http-nio-9000-exec-4] c.s.e.m.C.readCategory_name : <==        Row: 전기재료 
10:13:35.973 TRACE --- [http-nio-9000-exec-3] c.s.e.mapper.ProductMapper.ranking : <==        Row: 7, LED 스탠드, 15, null 
10:13:35.974 DEBUG --- [http-nio-9000-exec-4] c.s.e.m.C.readCategory_name : <==      Total: 7 
10:13:35.974 TRACE --- [http-nio-9000-exec-3] c.s.e.mapper.ProductMapper.ranking : <==        Row: 8, 3구 스위치, 20, null 
10:13:35.974 TRACE --- [http-nio-9000-exec-3] c.s.e.mapper.ProductMapper.ranking : <==        Row: 9, 거실등 2, 10, null 
10:13:35.974 DEBUG --- [http-nio-9000-exec-3] c.s.e.mapper.ProductMapper.ranking : <==      Total: 9 
11:46:44.209 DEBUG --- [http-nio-9000-exec-7] c.s.e.m.U.shopping_readUser : ==>  Preparing: SELECT user_id as username, user_password as password, user_name as name, user_address as address, user_phone as phone, user_email as email, user_point as point FROM user 
11:46:44.214 DEBUG --- [http-nio-9000-exec-7] c.s.e.m.U.shopping_readUser : ==> Parameters:  
11:46:44.217 TRACE --- [http-nio-9000-exec-7] c.s.e.m.U.shopping_readUser : <==    Columns: username, password, name, address, phone, email, point 
11:46:44.217 TRACE --- [http-nio-9000-exec-7] c.s.e.m.U.shopping_readUser : <==        Row: jy0935, 11111, 주문자1, 대구시 동구, 010-2354-8451, abc@naver.com, 5000 
11:46:44.218 TRACE --- [http-nio-9000-exec-7] c.s.e.m.U.shopping_readUser : <==        Row: jy1234, 356484, 주문자2, 대구시 서구, 010-1111-1234, abced@naver.com, 500000 
11:46:44.218 TRACE --- [http-nio-9000-exec-7] c.s.e.m.U.shopping_readUser : <==        Row: jy12345, 4234, 이모씨, 대구시 수성구, 010-1111-1234, fruit@naver.com, 1000 
11:46:44.218 TRACE --- [http-nio-9000-exec-7] c.s.e.m.U.shopping_readUser : <==        Row: jy1515, 33311, 김모씨, 대구시 중구, 010-7555-1234, jkjk@naver.com, 20000 
11:46:44.218 TRACE --- [http-nio-9000-exec-7] c.s.e.m.U.shopping_readUser : <==        Row: kkk333, 1523, 김모씨, 대구시 북구, 010-1111-1234, 123c@naver.com, 10000 
11:46:44.218 TRACE --- [http-nio-9000-exec-7] c.s.e.m.U.shopping_readUser : <==        Row: zzsfdx15, 3423, 박모씨, 대구시 남구, 010-1111-1234, 123c@naver.com, 10000 
11:46:44.218 DEBUG --- [http-nio-9000-exec-7] c.s.e.m.U.shopping_readUser : <==      Total: 6 
11:46:45.167 DEBUG --- [http-nio-9000-exec-8] c.s.e.mapper.ProductMapper.ranking : ==>  Preparing: SELECT p_id as id, p_name as name, p_order_count as order_count, p_rank as rank FROM product 
11:46:45.167 DEBUG --- [http-nio-9000-exec-8] c.s.e.mapper.ProductMapper.ranking : ==> Parameters:  
11:46:45.169 TRACE --- [http-nio-9000-exec-8] c.s.e.mapper.ProductMapper.ranking : <==    Columns: id, name, order_count, rank 
11:46:45.170 TRACE --- [http-nio-9000-exec-8] c.s.e.mapper.ProductMapper.ranking : <==        Row: 1, 거실등 1, 30, null 
11:46:45.170 DEBUG --- [http-nio-9000-exec-10] c.s.e.m.C.readCategory_name : ==>  Preparing: SELECT cg_name as name FROM category WHERE CHAR_LENGTH(cg_id) <= 2 
11:46:45.170 DEBUG --- [http-nio-9000-exec-10] c.s.e.m.C.readCategory_name : ==> Parameters:  
11:46:45.170 TRACE --- [http-nio-9000-exec-8] c.s.e.mapper.ProductMapper.ranking : <==        Row: 2, 방등, 35, null 
11:46:45.170 TRACE --- [http-nio-9000-exec-8] c.s.e.mapper.ProductMapper.ranking : <==        Row: 3, 형광등 스탠드, 20, null 
11:46:45.170 TRACE --- [http-nio-9000-exec-8] c.s.e.mapper.ProductMapper.ranking : <==        Row: 4, 멀티탭, 5, null 
11:46:45.170 TRACE --- [http-nio-9000-exec-8] c.s.e.mapper.ProductMapper.ranking : <==        Row: 5, 식탁등, 25, null 
11:46:45.170 TRACE --- [http-nio-9000-exec-8] c.s.e.mapper.ProductMapper.ranking : <==        Row: 6, 2구 스위치, 25, null 
11:46:45.170 TRACE --- [http-nio-9000-exec-10] c.s.e.m.C.readCategory_name : <==    Columns: name 
11:46:45.171 TRACE --- [http-nio-9000-exec-8] c.s.e.mapper.ProductMapper.ranking : <==        Row: 7, LED 스탠드, 15, null 
11:46:45.171 TRACE --- [http-nio-9000-exec-10] c.s.e.m.C.readCategory_name : <==        Row: 전체 
11:46:45.171 TRACE --- [http-nio-9000-exec-8] c.s.e.mapper.ProductMapper.ranking : <==        Row: 8, 3구 스위치, 20, null 
11:46:45.171 TRACE --- [http-nio-9000-exec-8] c.s.e.mapper.ProductMapper.ranking : <==        Row: 9, 거실등 2, 10, null 
11:46:45.171 DEBUG --- [http-nio-9000-exec-8] c.s.e.mapper.ProductMapper.ranking : <==      Total: 9 
11:46:45.171 TRACE --- [http-nio-9000-exec-10] c.s.e.m.C.readCategory_name : <==        Row: 거실등 
11:46:45.171 TRACE --- [http-nio-9000-exec-10] c.s.e.m.C.readCategory_name : <==        Row: 식탁등 
11:46:45.171 TRACE --- [http-nio-9000-exec-10] c.s.e.m.C.readCategory_name : <==        Row: 방등 
11:46:45.171 TRACE --- [http-nio-9000-exec-10] c.s.e.m.C.readCategory_name : <==        Row: 주방등 
11:46:45.171 TRACE --- [http-nio-9000-exec-10] c.s.e.m.C.readCategory_name : <==        Row: 스탠드 
11:46:45.171 TRACE --- [http-nio-9000-exec-10] c.s.e.m.C.readCategory_name : <==        Row: 전기재료 
11:46:45.171 DEBUG --- [http-nio-9000-exec-10] c.s.e.m.C.readCategory_name : <==      Total: 7 
11:46:49.053 DEBUG --- [http-nio-9000-exec-9] c.s.e.m.CategoryMapper.readCategory : ==>  Preparing: SELECT cg_id, cg_name as name, cg_product_count as product_count FROM category 
11:46:49.053 DEBUG --- [http-nio-9000-exec-9] c.s.e.m.CategoryMapper.readCategory : ==> Parameters:  
11:46:49.054 TRACE --- [http-nio-9000-exec-9] c.s.e.m.CategoryMapper.readCategory : <==    Columns: cg_id, name, product_count 
11:46:49.054 TRACE --- [http-nio-9000-exec-9] c.s.e.m.CategoryMapper.readCategory : <==        Row: 0, 전체, 9999999 
11:46:49.054 TRACE --- [http-nio-9000-exec-9] c.s.e.m.CategoryMapper.readCategory : <==        Row: 20, 거실등, 4 
11:46:49.054 TRACE --- [http-nio-9000-exec-9] c.s.e.m.CategoryMapper.readCategory : <==        Row: 30, 식탁등, 4 
11:46:49.054 TRACE --- [http-nio-9000-exec-9] c.s.e.m.CategoryMapper.readCategory : <==        Row: 40, 방등, 4 
11:46:49.054 TRACE --- [http-nio-9000-exec-9] c.s.e.m.CategoryMapper.readCategory : <==        Row: 50, 주방등, 4 
11:46:49.054 TRACE --- [http-nio-9000-exec-9] c.s.e.m.CategoryMapper.readCategory : <==        Row: 60, 스탠드, 4 
11:46:49.054 TRACE --- [http-nio-9000-exec-9] c.s.e.m.CategoryMapper.readCategory : <==        Row: 70, 전기재료, 4 
11:46:49.055 TRACE --- [http-nio-9000-exec-9] c.s.e.m.CategoryMapper.readCategory : <==        Row: 2011, 거실등 30평형, 2 
11:46:49.055 TRACE --- [http-nio-9000-exec-9] c.s.e.m.CategoryMapper.readCategory : <==        Row: 2012, 거실등 40평형, 2 
11:46:49.055 TRACE --- [http-nio-9000-exec-9] c.s.e.m.CategoryMapper.readCategory : <==        Row: 3011, 소형 식탁등, 2 
11:46:49.055 TRACE --- [http-nio-9000-exec-9] c.s.e.m.CategoryMapper.readCategory : <==        Row: 3012, 중형 식탁등, 2 
11:46:49.055 TRACE --- [http-nio-9000-exec-9] c.s.e.m.CategoryMapper.readCategory : <==        Row: 4011, 소형 방등, 2 
11:46:49.055 TRACE --- [http-nio-9000-exec-9] c.s.e.m.CategoryMapper.readCategory : <==        Row: 4012, 대형 방등, 2 
11:46:49.055 TRACE --- [http-nio-9000-exec-9] c.s.e.m.CategoryMapper.readCategory : <==        Row: 5011, 싱크대, 2 
11:46:49.055 TRACE --- [http-nio-9000-exec-9] c.s.e.m.CategoryMapper.readCategory : <==        Row: 5012, 레일형, 2 
11:46:49.055 TRACE --- [http-nio-9000-exec-9] c.s.e.m.CategoryMapper.readCategory : <==        Row: 6011, LED스탠드, 2 
11:46:49.055 TRACE --- [http-nio-9000-exec-9] c.s.e.m.CategoryMapper.readCategory : <==        Row: 6012, 일반스탠드, 2 
11:46:49.055 TRACE --- [http-nio-9000-exec-9] c.s.e.m.CategoryMapper.readCategory : <==        Row: 7011, 2구스위치, 2 
11:46:49.055 TRACE --- [http-nio-9000-exec-9] c.s.e.m.CategoryMapper.readCategory : <==        Row: 7012, 멀티탭, 2 
11:46:49.056 DEBUG --- [http-nio-9000-exec-9] c.s.e.m.CategoryMapper.readCategory : <==      Total: 19 
11:46:49.928 DEBUG --- [http-nio-9000-exec-1] c.s.e.mapper.OrderMapper.readOrder : ==>  Preparing: SELECT ta.o_id, o_date, SUM(tb.od_count*tb.od_price) o_total_price, o_state, user_id, GROUP_CONCAT( tc.p_name SEPARATOR ', ') p_total_name FROM orders ta LEFT JOIN order_detail tb ON(ta.o_id = tb.o_id) LEFT JOIN product tc ON(tb.p_id = tc.p_id) GROUP BY o_id 
11:46:49.929 DEBUG --- [http-nio-9000-exec-1] c.s.e.mapper.OrderMapper.readOrder : ==> Parameters:  
11:46:49.930 TRACE --- [http-nio-9000-exec-1] c.s.e.mapper.OrderMapper.readOrder : <==    Columns: o_id, o_date, o_total_price, o_state, user_id, p_total_name 
11:46:49.930 TRACE --- [http-nio-9000-exec-1] c.s.e.mapper.OrderMapper.readOrder : <==        Row: 1, 2020-12-23, 820000, 배송중, jy0935, <<BLOB>> 
11:46:49.932 TRACE --- [http-nio-9000-exec-1] c.s.e.mapper.OrderMapper.readOrder : <==        Row: 2, 2020-12-25, 810000, 배송완료, jy1234, <<BLOB>> 
11:46:49.934 TRACE --- [http-nio-9000-exec-1] c.s.e.mapper.OrderMapper.readOrder : <==        Row: 3, 2021-01-16, 210000, 배송중, jy0935, <<BLOB>> 
11:46:49.934 TRACE --- [http-nio-9000-exec-1] c.s.e.mapper.OrderMapper.readOrder : <==        Row: 4, 2021-02-16, 230000, 배송완료, jy0935, <<BLOB>> 
11:46:49.935 TRACE --- [http-nio-9000-exec-1] c.s.e.mapper.OrderMapper.readOrder : <==        Row: 5, 2021-03-16, 900000, 배송준비중, jy0935, <<BLOB>> 
11:46:49.935 TRACE --- [http-nio-9000-exec-1] c.s.e.mapper.OrderMapper.readOrder : <==        Row: 6, 2019-02-16, 140000, 배송완료, jy1234, <<BLOB>> 
11:46:49.936 TRACE --- [http-nio-9000-exec-1] c.s.e.mapper.OrderMapper.readOrder : <==        Row: 7, 2020-12-28, 50000, 배송완료, jy1234, <<BLOB>> 
11:46:49.936 DEBUG --- [http-nio-9000-exec-1] c.s.e.mapper.OrderMapper.readOrder : <==      Total: 7 
11:46:50.902 DEBUG --- [http-nio-9000-exec-2] c.s.e.m.P.readAllProduct : ==>  Preparing: SELECT product.p_id as id, p_name as name, p_price as price, p_order_count as order_count, p_views as views, p_category as category, p_quantity as quantity, pi_unique as image, p_text as text FROM product JOIN product_img ON (product.p_id = product_img.p_id); 
11:46:50.902 DEBUG --- [http-nio-9000-exec-2] c.s.e.m.P.readAllProduct : ==> Parameters:  
11:46:50.903 TRACE --- [http-nio-9000-exec-2] c.s.e.m.P.readAllProduct : <==    Columns: id, name, price, order_count, views, category, quantity, image, text 
11:46:50.903 TRACE --- [http-nio-9000-exec-2] c.s.e.m.P.readAllProduct : <==        Row: 1, 거실등 1, 200000, 30, 5, 2010, 3, 20210209_1658426, <<BLOB>> 
11:46:50.904 TRACE --- [http-nio-9000-exec-2] c.s.e.m.P.readAllProduct : <==        Row: 2, 방등, 70000, 35, 4, 4010, 2, 20210208_1235562, <<BLOB>> 
11:46:50.904 TRACE --- [http-nio-9000-exec-2] c.s.e.m.P.readAllProduct : <==        Row: 3, 형광등 스탠드, 70000, 20, 2, 6020, 3, 20210205_1622562, <<BLOB>> 
11:46:50.904 TRACE --- [http-nio-9000-exec-2] c.s.e.m.P.readAllProduct : <==        Row: 4, 멀티탭, 5000, 5, 2, 7020, 5, 20210205_1622522, <<BLOB>> 
11:46:50.904 TRACE --- [http-nio-9000-exec-2] c.s.e.m.P.readAllProduct : <==        Row: 5, 식탁등, 150000, 25, 3, 3010, 5, 20210209_1635562, <<BLOB>> 
11:46:50.904 TRACE --- [http-nio-9000-exec-2] c.s.e.m.P.readAllProduct : <==        Row: 6, 2구 스위치, 10000, 25, 3, 7010, 4, 20210209_1545351, <<BLOB>> 
11:46:50.904 TRACE --- [http-nio-9000-exec-2] c.s.e.m.P.readAllProduct : <==        Row: 7, LED 스탠드, 100000, 15, 2, 6010, 3, 20210210_1635562, <<BLOB>> 
11:46:50.904 TRACE --- [http-nio-9000-exec-2] c.s.e.m.P.readAllProduct : <==        Row: 8, 3구 스위치, 50000, 20, 0, 7030, 6, 20210208_1635562, <<BLOB>> 
11:46:50.904 TRACE --- [http-nio-9000-exec-2] c.s.e.m.P.readAllProduct : <==        Row: 9, 거실등 2, 600000, 10, 0, 2010, 5, 20210209_1659745, <<BLOB>> 
11:46:50.904 DEBUG --- [http-nio-9000-exec-2] c.s.e.m.P.readAllProduct : <==      Total: 9 
11:46:52.357 DEBUG --- [http-nio-9000-exec-3] c.s.e.m.CategoryMapper.readCategory : ==>  Preparing: SELECT cg_id, cg_name as name, cg_product_count as product_count FROM category 
11:46:52.357 DEBUG --- [http-nio-9000-exec-3] c.s.e.m.CategoryMapper.readCategory : ==> Parameters:  
11:46:52.358 TRACE --- [http-nio-9000-exec-3] c.s.e.m.CategoryMapper.readCategory : <==    Columns: cg_id, name, product_count 
11:46:52.358 TRACE --- [http-nio-9000-exec-3] c.s.e.m.CategoryMapper.readCategory : <==        Row: 0, 전체, 9999999 
11:46:52.358 TRACE --- [http-nio-9000-exec-3] c.s.e.m.CategoryMapper.readCategory : <==        Row: 20, 거실등, 4 
11:46:52.358 TRACE --- [http-nio-9000-exec-3] c.s.e.m.CategoryMapper.readCategory : <==        Row: 30, 식탁등, 4 
11:46:52.359 TRACE --- [http-nio-9000-exec-3] c.s.e.m.CategoryMapper.readCategory : <==        Row: 40, 방등, 4 
11:46:52.359 TRACE --- [http-nio-9000-exec-3] c.s.e.m.CategoryMapper.readCategory : <==        Row: 50, 주방등, 4 
11:46:52.359 TRACE --- [http-nio-9000-exec-3] c.s.e.m.CategoryMapper.readCategory : <==        Row: 60, 스탠드, 4 
11:46:52.359 TRACE --- [http-nio-9000-exec-3] c.s.e.m.CategoryMapper.readCategory : <==        Row: 70, 전기재료, 4 
11:46:52.359 TRACE --- [http-nio-9000-exec-3] c.s.e.m.CategoryMapper.readCategory : <==        Row: 2011, 거실등 30평형, 2 
11:46:52.359 TRACE --- [http-nio-9000-exec-3] c.s.e.m.CategoryMapper.readCategory : <==        Row: 2012, 거실등 40평형, 2 
11:46:52.359 TRACE --- [http-nio-9000-exec-3] c.s.e.m.CategoryMapper.readCategory : <==        Row: 3011, 소형 식탁등, 2 
11:46:52.359 TRACE --- [http-nio-9000-exec-3] c.s.e.m.CategoryMapper.readCategory : <==        Row: 3012, 중형 식탁등, 2 
11:46:52.359 TRACE --- [http-nio-9000-exec-3] c.s.e.m.CategoryMapper.readCategory : <==        Row: 4011, 소형 방등, 2 
11:46:52.359 TRACE --- [http-nio-9000-exec-3] c.s.e.m.CategoryMapper.readCategory : <==        Row: 4012, 대형 방등, 2 
11:46:52.359 TRACE --- [http-nio-9000-exec-3] c.s.e.m.CategoryMapper.readCategory : <==        Row: 5011, 싱크대, 2 
11:46:52.359 TRACE --- [http-nio-9000-exec-3] c.s.e.m.CategoryMapper.readCategory : <==        Row: 5012, 레일형, 2 
11:46:52.360 TRACE --- [http-nio-9000-exec-3] c.s.e.m.CategoryMapper.readCategory : <==        Row: 6011, LED스탠드, 2 
11:46:52.360 TRACE --- [http-nio-9000-exec-3] c.s.e.m.CategoryMapper.readCategory : <==        Row: 6012, 일반스탠드, 2 
11:46:52.360 TRACE --- [http-nio-9000-exec-3] c.s.e.m.CategoryMapper.readCategory : <==        Row: 7011, 2구스위치, 2 
11:46:52.360 TRACE --- [http-nio-9000-exec-3] c.s.e.m.CategoryMapper.readCategory : <==        Row: 7012, 멀티탭, 2 
11:46:52.360 DEBUG --- [http-nio-9000-exec-3] c.s.e.m.CategoryMapper.readCategory : <==      Total: 19 
11:46:54.382 DEBUG --- [http-nio-9000-exec-4] c.s.e.m.U.shopping_readUser : ==>  Preparing: SELECT user_id as username, user_password as password, user_name as name, user_address as address, user_phone as phone, user_email as email, user_point as point FROM user 
11:46:54.382 DEBUG --- [http-nio-9000-exec-4] c.s.e.m.U.shopping_readUser : ==> Parameters:  
11:46:54.382 TRACE --- [http-nio-9000-exec-4] c.s.e.m.U.shopping_readUser : <==    Columns: username, password, name, address, phone, email, point 
11:46:54.382 TRACE --- [http-nio-9000-exec-4] c.s.e.m.U.shopping_readUser : <==        Row: jy0935, 11111, 주문자1, 대구시 동구, 010-2354-8451, abc@naver.com, 5000 
11:46:54.383 TRACE --- [http-nio-9000-exec-4] c.s.e.m.U.shopping_readUser : <==        Row: jy1234, 356484, 주문자2, 대구시 서구, 010-1111-1234, abced@naver.com, 500000 
11:46:54.383 TRACE --- [http-nio-9000-exec-4] c.s.e.m.U.shopping_readUser : <==        Row: jy12345, 4234, 이모씨, 대구시 수성구, 010-1111-1234, fruit@naver.com, 1000 
11:46:54.383 TRACE --- [http-nio-9000-exec-4] c.s.e.m.U.shopping_readUser : <==        Row: jy1515, 33311, 김모씨, 대구시 중구, 010-7555-1234, jkjk@naver.com, 20000 
11:46:54.383 TRACE --- [http-nio-9000-exec-4] c.s.e.m.U.shopping_readUser : <==        Row: kkk333, 1523, 김모씨, 대구시 북구, 010-1111-1234, 123c@naver.com, 10000 
11:46:54.383 TRACE --- [http-nio-9000-exec-4] c.s.e.m.U.shopping_readUser : <==        Row: zzsfdx15, 3423, 박모씨, 대구시 남구, 010-1111-1234, 123c@naver.com, 10000 
11:46:54.383 DEBUG --- [http-nio-9000-exec-4] c.s.e.m.U.shopping_readUser : <==      Total: 6 
11:46:57.611 DEBUG --- [http-nio-9000-exec-6] c.s.e.m.CategoryMapper.readCategory : ==>  Preparing: SELECT cg_id, cg_name as name, cg_product_count as product_count FROM category 
11:46:57.612 DEBUG --- [http-nio-9000-exec-6] c.s.e.m.CategoryMapper.readCategory : ==> Parameters:  
11:46:57.613 TRACE --- [http-nio-9000-exec-6] c.s.e.m.CategoryMapper.readCategory : <==    Columns: cg_id, name, product_count 
11:46:57.613 TRACE --- [http-nio-9000-exec-6] c.s.e.m.CategoryMapper.readCategory : <==        Row: 0, 전체, 9999999 
11:46:57.613 TRACE --- [http-nio-9000-exec-6] c.s.e.m.CategoryMapper.readCategory : <==        Row: 20, 거실등, 4 
11:46:57.613 TRACE --- [http-nio-9000-exec-6] c.s.e.m.CategoryMapper.readCategory : <==        Row: 30, 식탁등, 4 
11:46:57.613 TRACE --- [http-nio-9000-exec-6] c.s.e.m.CategoryMapper.readCategory : <==        Row: 40, 방등, 4 
11:46:57.613 TRACE --- [http-nio-9000-exec-6] c.s.e.m.CategoryMapper.readCategory : <==        Row: 50, 주방등, 4 
11:46:57.613 TRACE --- [http-nio-9000-exec-6] c.s.e.m.CategoryMapper.readCategory : <==        Row: 60, 스탠드, 4 
11:46:57.613 TRACE --- [http-nio-9000-exec-6] c.s.e.m.CategoryMapper.readCategory : <==        Row: 70, 전기재료, 4 
11:46:57.613 TRACE --- [http-nio-9000-exec-6] c.s.e.m.CategoryMapper.readCategory : <==        Row: 2011, 거실등 30평형, 2 
11:46:57.613 TRACE --- [http-nio-9000-exec-6] c.s.e.m.CategoryMapper.readCategory : <==        Row: 2012, 거실등 40평형, 2 
11:46:57.614 TRACE --- [http-nio-9000-exec-6] c.s.e.m.CategoryMapper.readCategory : <==        Row: 3011, 소형 식탁등, 2 
11:46:57.614 TRACE --- [http-nio-9000-exec-6] c.s.e.m.CategoryMapper.readCategory : <==        Row: 3012, 중형 식탁등, 2 
11:46:57.614 TRACE --- [http-nio-9000-exec-6] c.s.e.m.CategoryMapper.readCategory : <==        Row: 4011, 소형 방등, 2 
11:46:57.614 TRACE --- [http-nio-9000-exec-6] c.s.e.m.CategoryMapper.readCategory : <==        Row: 4012, 대형 방등, 2 
11:46:57.614 TRACE --- [http-nio-9000-exec-6] c.s.e.m.CategoryMapper.readCategory : <==        Row: 5011, 싱크대, 2 
11:46:57.614 TRACE --- [http-nio-9000-exec-6] c.s.e.m.CategoryMapper.readCategory : <==        Row: 5012, 레일형, 2 
11:46:57.614 TRACE --- [http-nio-9000-exec-6] c.s.e.m.CategoryMapper.readCategory : <==        Row: 6011, LED스탠드, 2 
11:46:57.614 TRACE --- [http-nio-9000-exec-6] c.s.e.m.CategoryMapper.readCategory : <==        Row: 6012, 일반스탠드, 2 
11:46:57.614 TRACE --- [http-nio-9000-exec-6] c.s.e.m.CategoryMapper.readCategory : <==        Row: 7011, 2구스위치, 2 
11:46:57.614 TRACE --- [http-nio-9000-exec-6] c.s.e.m.CategoryMapper.readCategory : <==        Row: 7012, 멀티탭, 2 
11:46:57.614 DEBUG --- [http-nio-9000-exec-6] c.s.e.m.CategoryMapper.readCategory : <==      Total: 19 
11:47:00.615 DEBUG --- [http-nio-9000-exec-5] c.s.e.mapper.ProductMapper.ranking : ==>  Preparing: SELECT p_id as id, p_name as name, p_order_count as order_count, p_rank as rank FROM product 
11:47:00.615 DEBUG --- [http-nio-9000-exec-7] c.s.e.m.C.readCategory_name : ==>  Preparing: SELECT cg_name as name FROM category WHERE CHAR_LENGTH(cg_id) <= 2 
11:47:00.615 DEBUG --- [http-nio-9000-exec-5] c.s.e.mapper.ProductMapper.ranking : ==> Parameters:  
11:47:00.615 DEBUG --- [http-nio-9000-exec-7] c.s.e.m.C.readCategory_name : ==> Parameters:  
11:47:00.616 TRACE --- [http-nio-9000-exec-7] c.s.e.m.C.readCategory_name : <==    Columns: name 
11:47:00.616 TRACE --- [http-nio-9000-exec-7] c.s.e.m.C.readCategory_name : <==        Row: 전체 
11:47:00.616 TRACE --- [http-nio-9000-exec-5] c.s.e.mapper.ProductMapper.ranking : <==    Columns: id, name, order_count, rank 
11:47:00.616 TRACE --- [http-nio-9000-exec-5] c.s.e.mapper.ProductMapper.ranking : <==        Row: 1, 거실등 1, 30, null 
11:47:00.616 TRACE --- [http-nio-9000-exec-7] c.s.e.m.C.readCategory_name : <==        Row: 거실등 
11:47:00.616 TRACE --- [http-nio-9000-exec-7] c.s.e.m.C.readCategory_name : <==        Row: 식탁등 
11:47:00.616 TRACE --- [http-nio-9000-exec-7] c.s.e.m.C.readCategory_name : <==        Row: 방등 
11:47:00.616 TRACE --- [http-nio-9000-exec-5] c.s.e.mapper.ProductMapper.ranking : <==        Row: 2, 방등, 35, null 
11:47:00.616 TRACE --- [http-nio-9000-exec-7] c.s.e.m.C.readCategory_name : <==        Row: 주방등 
11:47:00.616 TRACE --- [http-nio-9000-exec-5] c.s.e.mapper.ProductMapper.ranking : <==        Row: 3, 형광등 스탠드, 20, null 
11:47:00.616 TRACE --- [http-nio-9000-exec-5] c.s.e.mapper.ProductMapper.ranking : <==        Row: 4, 멀티탭, 5, null 
11:47:00.616 TRACE --- [http-nio-9000-exec-7] c.s.e.m.C.readCategory_name : <==        Row: 스탠드 
11:47:00.616 TRACE --- [http-nio-9000-exec-5] c.s.e.mapper.ProductMapper.ranking : <==        Row: 5, 식탁등, 25, null 
11:47:00.616 TRACE --- [http-nio-9000-exec-7] c.s.e.m.C.readCategory_name : <==        Row: 전기재료 
11:47:00.616 DEBUG --- [http-nio-9000-exec-7] c.s.e.m.C.readCategory_name : <==      Total: 7 
11:47:00.616 TRACE --- [http-nio-9000-exec-5] c.s.e.mapper.ProductMapper.ranking : <==        Row: 6, 2구 스위치, 25, null 
11:47:00.616 TRACE --- [http-nio-9000-exec-5] c.s.e.mapper.ProductMapper.ranking : <==        Row: 7, LED 스탠드, 15, null 
11:47:00.616 TRACE --- [http-nio-9000-exec-5] c.s.e.mapper.ProductMapper.ranking : <==        Row: 8, 3구 스위치, 20, null 
11:47:00.616 TRACE --- [http-nio-9000-exec-5] c.s.e.mapper.ProductMapper.ranking : <==        Row: 9, 거실등 2, 10, null 
11:47:00.616 DEBUG --- [http-nio-9000-exec-5] c.s.e.mapper.ProductMapper.ranking : <==      Total: 9 
11:50:11.749 DEBUG --- [http-nio-9000-exec-9] c.s.e.m.P.readAllProduct : ==>  Preparing: SELECT product.p_id as id, p_name as name, p_price as price, p_order_count as order_count, p_views as views, p_category as category, p_quantity as quantity, pi_unique as image, p_text as text FROM product JOIN product_img ON (product.p_id = product_img.p_id); 
11:50:11.750 DEBUG --- [http-nio-9000-exec-9] c.s.e.m.P.readAllProduct : ==> Parameters:  
11:50:11.752 TRACE --- [http-nio-9000-exec-9] c.s.e.m.P.readAllProduct : <==    Columns: id, name, price, order_count, views, category, quantity, image, text 
11:50:11.752 TRACE --- [http-nio-9000-exec-9] c.s.e.m.P.readAllProduct : <==        Row: 1, 거실등 1, 200000, 30, 5, 2010, 3, 20210209_1658426, <<BLOB>> 
11:50:11.752 TRACE --- [http-nio-9000-exec-9] c.s.e.m.P.readAllProduct : <==        Row: 2, 방등, 70000, 35, 4, 4010, 2, 20210208_1235562, <<BLOB>> 
11:50:11.752 TRACE --- [http-nio-9000-exec-9] c.s.e.m.P.readAllProduct : <==        Row: 3, 형광등 스탠드, 70000, 20, 2, 6020, 3, 20210205_1622562, <<BLOB>> 
11:50:11.752 TRACE --- [http-nio-9000-exec-9] c.s.e.m.P.readAllProduct : <==        Row: 4, 멀티탭, 5000, 5, 2, 7020, 5, 20210205_1622522, <<BLOB>> 
11:50:11.752 TRACE --- [http-nio-9000-exec-9] c.s.e.m.P.readAllProduct : <==        Row: 5, 식탁등, 150000, 25, 3, 3010, 5, 20210209_1635562, <<BLOB>> 
11:50:11.752 TRACE --- [http-nio-9000-exec-9] c.s.e.m.P.readAllProduct : <==        Row: 6, 2구 스위치, 10000, 25, 3, 7010, 4, 20210209_1545351, <<BLOB>> 
11:50:11.752 TRACE --- [http-nio-9000-exec-9] c.s.e.m.P.readAllProduct : <==        Row: 7, LED 스탠드, 100000, 15, 2, 6010, 3, 20210210_1635562, <<BLOB>> 
11:50:11.752 TRACE --- [http-nio-9000-exec-9] c.s.e.m.P.readAllProduct : <==        Row: 8, 3구 스위치, 50000, 20, 0, 7030, 6, 20210208_1635562, <<BLOB>> 
11:50:11.754 TRACE --- [http-nio-9000-exec-9] c.s.e.m.P.readAllProduct : <==        Row: 9, 거실등 2, 600000, 10, 0, 2010, 5, 20210209_1659745, <<BLOB>> 
11:50:11.754 DEBUG --- [http-nio-9000-exec-9] c.s.e.m.P.readAllProduct : <==      Total: 9 
11:50:23.299 DEBUG --- [http-nio-9000-exec-1] c.s.e.m.P.readAllProduct : ==>  Preparing: SELECT product.p_id as id, p_name as name, p_price as price, p_order_count as order_count, p_views as views, p_category as category, p_quantity as quantity, pi_unique as image, p_text as text FROM product JOIN product_img ON (product.p_id = product_img.p_id); 
11:50:23.300 DEBUG --- [http-nio-9000-exec-1] c.s.e.m.P.readAllProduct : ==> Parameters:  
11:50:23.300 TRACE --- [http-nio-9000-exec-1] c.s.e.m.P.readAllProduct : <==    Columns: id, name, price, order_count, views, category, quantity, image, text 
11:50:23.300 TRACE --- [http-nio-9000-exec-1] c.s.e.m.P.readAllProduct : <==        Row: 1, 거실등 1, 200000, 30, 5, 2010, 3, 20210209_1658426, <<BLOB>> 
11:50:23.300 TRACE --- [http-nio-9000-exec-1] c.s.e.m.P.readAllProduct : <==        Row: 2, 방등, 70000, 35, 4, 4010, 2, 20210208_1235562, <<BLOB>> 
11:50:23.300 TRACE --- [http-nio-9000-exec-1] c.s.e.m.P.readAllProduct : <==        Row: 3, 형광등 스탠드, 70000, 20, 2, 6020, 3, 20210205_1622562, <<BLOB>> 
11:50:23.300 TRACE --- [http-nio-9000-exec-1] c.s.e.m.P.readAllProduct : <==        Row: 4, 멀티탭, 5000, 5, 2, 7020, 5, 20210205_1622522, <<BLOB>> 
11:50:23.300 TRACE --- [http-nio-9000-exec-1] c.s.e.m.P.readAllProduct : <==        Row: 5, 식탁등, 150000, 25, 3, 3010, 5, 20210209_1635562, <<BLOB>> 
11:50:23.300 TRACE --- [http-nio-9000-exec-1] c.s.e.m.P.readAllProduct : <==        Row: 6, 2구 스위치, 10000, 25, 3, 7010, 4, 20210209_1545351, <<BLOB>> 
11:50:23.301 TRACE --- [http-nio-9000-exec-1] c.s.e.m.P.readAllProduct : <==        Row: 7, LED 스탠드, 100000, 15, 2, 6010, 3, 20210210_1635562, <<BLOB>> 
11:50:23.301 TRACE --- [http-nio-9000-exec-1] c.s.e.m.P.readAllProduct : <==        Row: 8, 3구 스위치, 50000, 20, 0, 7030, 6, 20210208_1635562, <<BLOB>> 
11:50:23.301 TRACE --- [http-nio-9000-exec-1] c.s.e.m.P.readAllProduct : <==        Row: 9, 거실등 2, 600000, 10, 0, 2010, 5, 20210209_1659745, <<BLOB>> 
11:50:23.301 DEBUG --- [http-nio-9000-exec-1] c.s.e.m.P.readAllProduct : <==      Total: 9 
11:50:40.217 DEBUG --- [http-nio-9000-exec-2] c.s.e.m.CategoryMapper.readCategory : ==>  Preparing: SELECT cg_id, cg_name as name, cg_product_count as product_count FROM category 
11:50:40.217 DEBUG --- [http-nio-9000-exec-2] c.s.e.m.CategoryMapper.readCategory : ==> Parameters:  
11:50:40.218 TRACE --- [http-nio-9000-exec-2] c.s.e.m.CategoryMapper.readCategory : <==    Columns: cg_id, name, product_count 
11:50:40.218 TRACE --- [http-nio-9000-exec-2] c.s.e.m.CategoryMapper.readCategory : <==        Row: 0, 전체, 9999999 
11:50:40.218 TRACE --- [http-nio-9000-exec-2] c.s.e.m.CategoryMapper.readCategory : <==        Row: 20, 거실등, 4 
11:50:40.218 TRACE --- [http-nio-9000-exec-2] c.s.e.m.CategoryMapper.readCategory : <==        Row: 30, 식탁등, 4 
11:50:40.218 TRACE --- [http-nio-9000-exec-2] c.s.e.m.CategoryMapper.readCategory : <==        Row: 40, 방등, 4 
11:50:40.218 TRACE --- [http-nio-9000-exec-2] c.s.e.m.CategoryMapper.readCategory : <==        Row: 50, 주방등, 4 
11:50:40.218 TRACE --- [http-nio-9000-exec-2] c.s.e.m.CategoryMapper.readCategory : <==        Row: 60, 스탠드, 4 
11:50:40.218 TRACE --- [http-nio-9000-exec-2] c.s.e.m.CategoryMapper.readCategory : <==        Row: 70, 전기재료, 4 
11:50:40.218 TRACE --- [http-nio-9000-exec-2] c.s.e.m.CategoryMapper.readCategory : <==        Row: 2011, 거실등 30평형, 2 
11:50:40.218 TRACE --- [http-nio-9000-exec-2] c.s.e.m.CategoryMapper.readCategory : <==        Row: 2012, 거실등 40평형, 2 
11:50:40.218 TRACE --- [http-nio-9000-exec-2] c.s.e.m.CategoryMapper.readCategory : <==        Row: 3011, 소형 식탁등, 2 
11:50:40.219 TRACE --- [http-nio-9000-exec-2] c.s.e.m.CategoryMapper.readCategory : <==        Row: 3012, 중형 식탁등, 2 
11:50:40.219 TRACE --- [http-nio-9000-exec-2] c.s.e.m.CategoryMapper.readCategory : <==        Row: 4011, 소형 방등, 2 
11:50:40.219 TRACE --- [http-nio-9000-exec-2] c.s.e.m.CategoryMapper.readCategory : <==        Row: 4012, 대형 방등, 2 
11:50:40.219 TRACE --- [http-nio-9000-exec-2] c.s.e.m.CategoryMapper.readCategory : <==        Row: 5011, 싱크대, 2 
11:50:40.219 TRACE --- [http-nio-9000-exec-2] c.s.e.m.CategoryMapper.readCategory : <==        Row: 5012, 레일형, 2 
11:50:40.219 TRACE --- [http-nio-9000-exec-2] c.s.e.m.CategoryMapper.readCategory : <==        Row: 6011, LED스탠드, 2 
11:50:40.219 TRACE --- [http-nio-9000-exec-2] c.s.e.m.CategoryMapper.readCategory : <==        Row: 6012, 일반스탠드, 2 
11:50:40.219 TRACE --- [http-nio-9000-exec-2] c.s.e.m.CategoryMapper.readCategory : <==        Row: 7011, 2구스위치, 2 
11:50:40.219 TRACE --- [http-nio-9000-exec-2] c.s.e.m.CategoryMapper.readCategory : <==        Row: 7012, 멀티탭, 2 
11:50:40.219 DEBUG --- [http-nio-9000-exec-2] c.s.e.m.CategoryMapper.readCategory : <==      Total: 19 
11:50:45.469 DEBUG --- [http-nio-9000-exec-3] c.s.e.mapper.ProductMapper.ranking : ==>  Preparing: SELECT p_id as id, p_name as name, p_order_count as order_count, p_rank as rank FROM product 
11:50:45.469 DEBUG --- [http-nio-9000-exec-4] c.s.e.m.C.readCategory_name : ==>  Preparing: SELECT cg_name as name FROM category WHERE CHAR_LENGTH(cg_id) <= 2 
11:50:45.469 DEBUG --- [http-nio-9000-exec-3] c.s.e.mapper.ProductMapper.ranking : ==> Parameters:  
11:50:45.469 DEBUG --- [http-nio-9000-exec-4] c.s.e.m.C.readCategory_name : ==> Parameters:  
11:50:45.470 TRACE --- [http-nio-9000-exec-4] c.s.e.m.C.readCategory_name : <==    Columns: name 
11:50:45.470 TRACE --- [http-nio-9000-exec-3] c.s.e.mapper.ProductMapper.ranking : <==    Columns: id, name, order_count, rank 
11:50:45.470 TRACE --- [http-nio-9000-exec-4] c.s.e.m.C.readCategory_name : <==        Row: 전체 
11:50:45.470 TRACE --- [http-nio-9000-exec-3] c.s.e.mapper.ProductMapper.ranking : <==        Row: 1, 거실등 1, 30, null 
11:50:45.470 TRACE --- [http-nio-9000-exec-3] c.s.e.mapper.ProductMapper.ranking : <==        Row: 2, 방등, 35, null 
11:50:45.470 TRACE --- [http-nio-9000-exec-4] c.s.e.m.C.readCategory_name : <==        Row: 거실등 
11:50:45.470 TRACE --- [http-nio-9000-exec-4] c.s.e.m.C.readCategory_name : <==        Row: 식탁등 
11:50:45.470 TRACE --- [http-nio-9000-exec-3] c.s.e.mapper.ProductMapper.ranking : <==        Row: 3, 형광등 스탠드, 20, null 
11:50:45.470 TRACE --- [http-nio-9000-exec-4] c.s.e.m.C.readCategory_name : <==        Row: 방등 
11:50:45.470 TRACE --- [http-nio-9000-exec-4] c.s.e.m.C.readCategory_name : <==        Row: 주방등 
11:50:45.470 TRACE --- [http-nio-9000-exec-3] c.s.e.mapper.ProductMapper.ranking : <==        Row: 4, 멀티탭, 5, null 
11:50:45.470 TRACE --- [http-nio-9000-exec-4] c.s.e.m.C.readCategory_name : <==        Row: 스탠드 
11:50:45.470 TRACE --- [http-nio-9000-exec-3] c.s.e.mapper.ProductMapper.ranking : <==        Row: 5, 식탁등, 25, null 
11:50:45.470 TRACE --- [http-nio-9000-exec-4] c.s.e.m.C.readCategory_name : <==        Row: 전기재료 
11:50:45.470 DEBUG --- [http-nio-9000-exec-4] c.s.e.m.C.readCategory_name : <==      Total: 7 
11:50:45.470 TRACE --- [http-nio-9000-exec-3] c.s.e.mapper.ProductMapper.ranking : <==        Row: 6, 2구 스위치, 25, null 
11:50:45.470 TRACE --- [http-nio-9000-exec-3] c.s.e.mapper.ProductMapper.ranking : <==        Row: 7, LED 스탠드, 15, null 
11:50:45.470 TRACE --- [http-nio-9000-exec-3] c.s.e.mapper.ProductMapper.ranking : <==        Row: 8, 3구 스위치, 20, null 
11:50:45.470 TRACE --- [http-nio-9000-exec-3] c.s.e.mapper.ProductMapper.ranking : <==        Row: 9, 거실등 2, 10, null 
11:50:45.470 DEBUG --- [http-nio-9000-exec-3] c.s.e.mapper.ProductMapper.ranking : <==      Total: 9 
11:50:46.523 DEBUG --- [http-nio-9000-exec-6] c.s.e.mapper.OrderMapper.readOrder : ==>  Preparing: SELECT ta.o_id, o_date, SUM(tb.od_count*tb.od_price) o_total_price, o_state, user_id, GROUP_CONCAT( tc.p_name SEPARATOR ', ') p_total_name FROM orders ta LEFT JOIN order_detail tb ON(ta.o_id = tb.o_id) LEFT JOIN product tc ON(tb.p_id = tc.p_id) GROUP BY o_id 
11:50:46.524 DEBUG --- [http-nio-9000-exec-6] c.s.e.mapper.OrderMapper.readOrder : ==> Parameters:  
11:50:46.524 TRACE --- [http-nio-9000-exec-6] c.s.e.mapper.OrderMapper.readOrder : <==    Columns: o_id, o_date, o_total_price, o_state, user_id, p_total_name 
11:50:46.524 TRACE --- [http-nio-9000-exec-6] c.s.e.mapper.OrderMapper.readOrder : <==        Row: 1, 2020-12-23, 820000, 배송중, jy0935, <<BLOB>> 
11:50:46.525 TRACE --- [http-nio-9000-exec-6] c.s.e.mapper.OrderMapper.readOrder : <==        Row: 2, 2020-12-25, 810000, 배송완료, jy1234, <<BLOB>> 
11:50:46.525 TRACE --- [http-nio-9000-exec-6] c.s.e.mapper.OrderMapper.readOrder : <==        Row: 3, 2021-01-16, 210000, 배송중, jy0935, <<BLOB>> 
11:50:46.525 TRACE --- [http-nio-9000-exec-6] c.s.e.mapper.OrderMapper.readOrder : <==        Row: 4, 2021-02-16, 230000, 배송완료, jy0935, <<BLOB>> 
11:50:46.525 TRACE --- [http-nio-9000-exec-6] c.s.e.mapper.OrderMapper.readOrder : <==        Row: 5, 2021-03-16, 900000, 배송준비중, jy0935, <<BLOB>> 
11:50:46.525 TRACE --- [http-nio-9000-exec-6] c.s.e.mapper.OrderMapper.readOrder : <==        Row: 6, 2019-02-16, 140000, 배송완료, jy1234, <<BLOB>> 
11:50:46.526 TRACE --- [http-nio-9000-exec-6] c.s.e.mapper.OrderMapper.readOrder : <==        Row: 7, 2020-12-28, 50000, 배송완료, jy1234, <<BLOB>> 
11:50:46.526 DEBUG --- [http-nio-9000-exec-6] c.s.e.mapper.OrderMapper.readOrder : <==      Total: 7 
12:12:30.757 DEBUG --- [http-nio-9000-exec-10] c.s.e.m.U.shopping_readUser : ==>  Preparing: SELECT user_id as username, user_password as password, user_name as name, user_address as address, user_phone as phone, user_email as email, user_point as point FROM user 
12:12:30.758 DEBUG --- [http-nio-9000-exec-10] c.s.e.m.U.shopping_readUser : ==> Parameters:  
12:12:30.758 TRACE --- [http-nio-9000-exec-10] c.s.e.m.U.shopping_readUser : <==    Columns: username, password, name, address, phone, email, point 
12:12:30.758 TRACE --- [http-nio-9000-exec-10] c.s.e.m.U.shopping_readUser : <==        Row: jy0935, 11111, 주문자1, 대구시 동구, 010-2354-8451, abc@naver.com, 5000 
12:12:30.759 TRACE --- [http-nio-9000-exec-10] c.s.e.m.U.shopping_readUser : <==        Row: jy1234, 356484, 주문자2, 대구시 서구, 010-1111-1234, abced@naver.com, 500000 
12:12:30.759 TRACE --- [http-nio-9000-exec-10] c.s.e.m.U.shopping_readUser : <==        Row: jy12345, 4234, 이모씨, 대구시 수성구, 010-1111-1234, fruit@naver.com, 1000 
12:12:30.759 TRACE --- [http-nio-9000-exec-10] c.s.e.m.U.shopping_readUser : <==        Row: jy1515, 33311, 김모씨, 대구시 중구, 010-7555-1234, jkjk@naver.com, 20000 
12:12:30.759 TRACE --- [http-nio-9000-exec-10] c.s.e.m.U.shopping_readUser : <==        Row: kkk333, 1523, 김모씨, 대구시 북구, 010-1111-1234, 123c@naver.com, 10000 
12:12:30.759 TRACE --- [http-nio-9000-exec-10] c.s.e.m.U.shopping_readUser : <==        Row: zzsfdx15, 3423, 박모씨, 대구시 남구, 010-1111-1234, 123c@naver.com, 10000 
12:12:30.759 DEBUG --- [http-nio-9000-exec-10] c.s.e.m.U.shopping_readUser : <==      Total: 6 
12:12:35.177 DEBUG --- [http-nio-9000-exec-8] c.s.e.m.U.shopping_readUser : ==>  Preparing: SELECT user_id as username, user_password as password, user_name as name, user_address as address, user_phone as phone, user_email as email, user_point as point FROM user 
12:12:35.177 DEBUG --- [http-nio-9000-exec-8] c.s.e.m.U.shopping_readUser : ==> Parameters:  
12:12:35.177 TRACE --- [http-nio-9000-exec-8] c.s.e.m.U.shopping_readUser : <==    Columns: username, password, name, address, phone, email, point 
12:12:35.177 TRACE --- [http-nio-9000-exec-8] c.s.e.m.U.shopping_readUser : <==        Row: jy0935, 11111, 주문자1, 대구시 동구, 010-2354-8451, abc@naver.com, 5000 
12:12:35.177 TRACE --- [http-nio-9000-exec-8] c.s.e.m.U.shopping_readUser : <==        Row: jy1234, 356484, 주문자2, 대구시 서구, 010-1111-1234, abced@naver.com, 500000 
12:12:35.178 TRACE --- [http-nio-9000-exec-8] c.s.e.m.U.shopping_readUser : <==        Row: jy12345, 4234, 이모씨, 대구시 수성구, 010-1111-1234, fruit@naver.com, 1000 
12:12:35.178 TRACE --- [http-nio-9000-exec-8] c.s.e.m.U.shopping_readUser : <==        Row: jy1515, 33311, 김모씨, 대구시 중구, 010-7555-1234, jkjk@naver.com, 20000 
12:12:35.178 TRACE --- [http-nio-9000-exec-8] c.s.e.m.U.shopping_readUser : <==        Row: kkk333, 1523, 김모씨, 대구시 북구, 010-1111-1234, 123c@naver.com, 10000 
12:12:35.178 TRACE --- [http-nio-9000-exec-8] c.s.e.m.U.shopping_readUser : <==        Row: zzsfdx15, 3423, 박모씨, 대구시 남구, 010-1111-1234, 123c@naver.com, 10000 
12:12:35.178 DEBUG --- [http-nio-9000-exec-8] c.s.e.m.U.shopping_readUser : <==      Total: 6 
