15:10:31.880 INFO  --- [main] c.s.example.ShoppingmallApplication : Starting ShoppingmallApplication on DESKTOP-PQ5J03J with PID 6016 (C:\Users\l4\Documents\Project\shoppingmall\bin\main started by l4 in C:\Users\l4\Documents\Project\shoppingmall) 
15:10:31.883 DEBUG --- [main] c.s.example.ShoppingmallApplication : Running with Spring Boot v2.3.2.RELEASE, Spring v5.2.8.RELEASE 
15:10:31.883 INFO  --- [main] c.s.example.ShoppingmallApplication : The following profiles are active: local 
15:10:33.209 DEBUG --- [main] c.s.example.config.AuthTokenFilter : Filter 'authenticationJwtTokenFilter' configured for use 
15:10:33.621 INFO  --- [main] c.s.example.ShoppingmallApplication : Started ShoppingmallApplication in 2.083 seconds (JVM running for 2.605) 
15:10:55.673 DEBUG --- [http-nio-9000-exec-1] c.s.e.m.CategoryMapper.readCategory : ==>  Preparing: SELECT cg_id as id, cg_name as name, cg_product_count as product_count FROM category 
15:10:55.692 DEBUG --- [http-nio-9000-exec-1] c.s.e.m.CategoryMapper.readCategory : ==> Parameters:  
15:10:55.707 TRACE --- [http-nio-9000-exec-1] c.s.e.m.CategoryMapper.readCategory : <==    Columns: id, name, product_count 
15:10:55.707 TRACE --- [http-nio-9000-exec-1] c.s.e.m.CategoryMapper.readCategory : <==        Row: 2030, 주방등, 8 
15:10:55.708 TRACE --- [http-nio-9000-exec-1] c.s.e.m.CategoryMapper.readCategory : <==        Row: 20, 등, 8 
15:10:55.708 TRACE --- [http-nio-9000-exec-1] c.s.e.m.CategoryMapper.readCategory : <==        Row: 30, 스탠드, 3 
15:10:55.709 TRACE --- [http-nio-9000-exec-1] c.s.e.m.CategoryMapper.readCategory : <==        Row: 2010, 거실등, 3 
15:10:55.709 TRACE --- [http-nio-9000-exec-1] c.s.e.m.CategoryMapper.readCategory : <==        Row: 2020, 방등, 2 
15:10:55.709 TRACE --- [http-nio-9000-exec-1] c.s.e.m.CategoryMapper.readCategory : <==        Row: 40, 전기재료, 5 
15:10:55.709 TRACE --- [http-nio-9000-exec-1] c.s.e.m.CategoryMapper.readCategory : <==        Row: 0, 전체, 9999999 
15:10:55.709 DEBUG --- [http-nio-9000-exec-1] c.s.e.m.CategoryMapper.readCategory : <==      Total: 7 
15:10:56.905 DEBUG --- [http-nio-9000-exec-2] c.s.e.mapper.OrderMapper.readOrder : ==>  Preparing: SELECT ta.o_id, o_date, SUM(tb.od_count*tb.od_price) o_total_price, o_state, user_id, GROUP_CONCAT( tc.p_name SEPARATOR ', ') p_total_name FROM orders ta LEFT JOIN order_detail tb ON(ta.o_id = tb.o_id) LEFT JOIN product tc ON(tb.p_id = tc.p_id) GROUP BY o_id 
15:10:56.906 DEBUG --- [http-nio-9000-exec-2] c.s.e.mapper.OrderMapper.readOrder : ==> Parameters:  
15:10:56.914 TRACE --- [http-nio-9000-exec-2] c.s.e.mapper.OrderMapper.readOrder : <==    Columns: o_id, o_date, o_total_price, o_state, user_id, p_total_name 
15:10:56.915 TRACE --- [http-nio-9000-exec-2] c.s.e.mapper.OrderMapper.readOrder : <==        Row: 1, 2020-12-23, 954000, 배송중, jy0935, <<BLOB>> 
15:10:56.917 TRACE --- [http-nio-9000-exec-2] c.s.e.mapper.OrderMapper.readOrder : <==        Row: 2, 2020-12-25, 690000, 배송완료, jy1234, <<BLOB>> 
15:10:56.918 DEBUG --- [http-nio-9000-exec-2] c.s.e.mapper.OrderMapper.readOrder : <==      Total: 2 
15:17:02.086 DEBUG --- [http-nio-9000-exec-4] c.s.e.m.CategoryMapper.readCategory : ==>  Preparing: SELECT cg_id as id, cg_name as name, cg_product_count as product_count FROM category 
15:17:02.086 DEBUG --- [http-nio-9000-exec-4] c.s.e.m.CategoryMapper.readCategory : ==> Parameters:  
15:17:02.087 TRACE --- [http-nio-9000-exec-4] c.s.e.m.CategoryMapper.readCategory : <==    Columns: id, name, product_count 
15:17:02.087 TRACE --- [http-nio-9000-exec-4] c.s.e.m.CategoryMapper.readCategory : <==        Row: 2030, 주방등, 8 
15:17:02.087 TRACE --- [http-nio-9000-exec-4] c.s.e.m.CategoryMapper.readCategory : <==        Row: 20, 등, 8 
15:17:02.088 TRACE --- [http-nio-9000-exec-4] c.s.e.m.CategoryMapper.readCategory : <==        Row: 30, 스탠드, 3 
15:17:02.088 TRACE --- [http-nio-9000-exec-4] c.s.e.m.CategoryMapper.readCategory : <==        Row: 2010, 거실등, 3 
15:17:02.088 TRACE --- [http-nio-9000-exec-4] c.s.e.m.CategoryMapper.readCategory : <==        Row: 2020, 방등, 2 
15:17:02.088 TRACE --- [http-nio-9000-exec-4] c.s.e.m.CategoryMapper.readCategory : <==        Row: 40, 전기재료, 5 
15:17:02.089 TRACE --- [http-nio-9000-exec-4] c.s.e.m.CategoryMapper.readCategory : <==        Row: 0, 전체, 9999999 
15:17:02.089 DEBUG --- [http-nio-9000-exec-4] c.s.e.m.CategoryMapper.readCategory : <==      Total: 7 
15:17:42.333 DEBUG --- [http-nio-9000-exec-5] c.s.e.mapper.ProductMapper.ranking : ==>  Preparing: SELECT p_id as id, p_name as name, p_order_count as order_count, p_rank as rank FROM product 
15:17:42.333 DEBUG --- [http-nio-9000-exec-6] c.s.e.m.C.readCategory_name : ==>  Preparing: SELECT cg_name as name FROM category WHERE CHAR_LENGTH(cg_id) <= 2 
15:17:42.333 DEBUG --- [http-nio-9000-exec-5] c.s.e.mapper.ProductMapper.ranking : ==> Parameters:  
15:17:42.333 DEBUG --- [http-nio-9000-exec-6] c.s.e.m.C.readCategory_name : ==> Parameters:  
15:17:42.334 TRACE --- [http-nio-9000-exec-5] c.s.e.mapper.ProductMapper.ranking : <==    Columns: id, name, order_count, rank 
15:17:42.334 TRACE --- [http-nio-9000-exec-5] c.s.e.mapper.ProductMapper.ranking : <==        Row: 1, 거실등, 30, null 
15:17:42.334 TRACE --- [http-nio-9000-exec-5] c.s.e.mapper.ProductMapper.ranking : <==        Row: 2, 방등, 35, null 
15:17:42.334 TRACE --- [http-nio-9000-exec-5] c.s.e.mapper.ProductMapper.ranking : <==        Row: 3, 형광등 스탠드, 20, null 
15:17:42.334 TRACE --- [http-nio-9000-exec-5] c.s.e.mapper.ProductMapper.ranking : <==        Row: 4, 멀티탭, 5, null 
15:17:42.334 TRACE --- [http-nio-9000-exec-5] c.s.e.mapper.ProductMapper.ranking : <==        Row: 5, 식탁등, 25, null 
15:17:42.334 TRACE --- [http-nio-9000-exec-6] c.s.e.m.C.readCategory_name : <==    Columns: name 
15:17:42.334 TRACE --- [http-nio-9000-exec-6] c.s.e.m.C.readCategory_name : <==        Row: 등 
15:17:42.335 TRACE --- [http-nio-9000-exec-5] c.s.e.mapper.ProductMapper.ranking : <==        Row: 6, 2구 스위치, 25, null 
15:17:42.335 TRACE --- [http-nio-9000-exec-6] c.s.e.m.C.readCategory_name : <==        Row: 스탠드 
15:17:42.335 TRACE --- [http-nio-9000-exec-5] c.s.e.mapper.ProductMapper.ranking : <==        Row: 7, LED 스탠드, 15, null 
15:17:42.335 TRACE --- [http-nio-9000-exec-5] c.s.e.mapper.ProductMapper.ranking : <==        Row: 123, 제품2, 0, null 
15:17:42.335 TRACE --- [http-nio-9000-exec-5] c.s.e.mapper.ProductMapper.ranking : <==        Row: 150, 제품111, 0, null 
15:17:42.335 DEBUG --- [http-nio-9000-exec-5] c.s.e.mapper.ProductMapper.ranking : <==      Total: 9 
15:17:42.335 TRACE --- [http-nio-9000-exec-6] c.s.e.m.C.readCategory_name : <==        Row: 전기재료 
15:17:42.335 TRACE --- [http-nio-9000-exec-6] c.s.e.m.C.readCategory_name : <==        Row: 전체 
15:17:42.335 DEBUG --- [http-nio-9000-exec-6] c.s.e.m.C.readCategory_name : <==      Total: 4 
15:17:54.817 DEBUG --- [http-nio-9000-exec-7] c.s.e.m.U.shopping_readUser : ==>  Preparing: SELECT user_id as username, user_password as password, user_name as name, user_address as address, user_phone as phone, user_email as email, user_point as point FROM user 
15:17:54.817 DEBUG --- [http-nio-9000-exec-7] c.s.e.m.U.shopping_readUser : ==> Parameters:  
15:17:54.818 TRACE --- [http-nio-9000-exec-7] c.s.e.m.U.shopping_readUser : <==    Columns: username, password, name, address, phone, email, point 
15:17:54.818 TRACE --- [http-nio-9000-exec-7] c.s.e.m.U.shopping_readUser : <==        Row: jy0935, 11111, 주문자1, 대구시 동구, 010-2354-8451, abc@naver.com, 50000 
15:17:54.818 TRACE --- [http-nio-9000-exec-7] c.s.e.m.U.shopping_readUser : <==        Row: jy1234, 356484, 주문자2, 대구시 서구, 010-1111-1234, abced@naver.com, 500000 
15:17:54.818 TRACE --- [http-nio-9000-exec-7] c.s.e.m.U.shopping_readUser : <==        Row: jy12345, 4234, 이모씨, 대구시 수성구, 010-1111-1234, fruit@naver.com, 1000 
15:17:54.818 TRACE --- [http-nio-9000-exec-7] c.s.e.m.U.shopping_readUser : <==        Row: jy1515, 33311, 김모씨, 대구시 중구, 010-7555-1234, jkjk@naver.com, 20000 
15:17:54.819 TRACE --- [http-nio-9000-exec-7] c.s.e.m.U.shopping_readUser : <==        Row: kkk333, 1523, 김모씨, 대구시 북구, 010-1111-1234, 123c@naver.com, 10000 
15:17:54.819 TRACE --- [http-nio-9000-exec-7] c.s.e.m.U.shopping_readUser : <==        Row: sef, 3423, 박모씨, 대구시 남구, 010-1111-1234, 123c@naver.com, 10000 
15:17:54.819 DEBUG --- [http-nio-9000-exec-7] c.s.e.m.U.shopping_readUser : <==      Total: 6 
15:17:57.004 DEBUG --- [http-nio-9000-exec-8] c.s.e.m.U.shopping_readUser : ==>  Preparing: SELECT user_id as username, user_password as password, user_name as name, user_address as address, user_phone as phone, user_email as email, user_point as point FROM user 
15:17:57.005 DEBUG --- [http-nio-9000-exec-8] c.s.e.m.U.shopping_readUser : ==> Parameters:  
15:17:57.005 TRACE --- [http-nio-9000-exec-8] c.s.e.m.U.shopping_readUser : <==    Columns: username, password, name, address, phone, email, point 
15:17:57.005 TRACE --- [http-nio-9000-exec-8] c.s.e.m.U.shopping_readUser : <==        Row: jy0935, 11111, 주문자1, 대구시 동구, 010-2354-8451, abc@naver.com, 50000 
15:17:57.006 TRACE --- [http-nio-9000-exec-8] c.s.e.m.U.shopping_readUser : <==        Row: jy1234, 356484, 주문자2, 대구시 서구, 010-1111-1234, abced@naver.com, 500000 
15:17:57.006 TRACE --- [http-nio-9000-exec-8] c.s.e.m.U.shopping_readUser : <==        Row: jy12345, 4234, 이모씨, 대구시 수성구, 010-1111-1234, fruit@naver.com, 1000 
15:17:57.006 TRACE --- [http-nio-9000-exec-8] c.s.e.m.U.shopping_readUser : <==        Row: jy1515, 33311, 김모씨, 대구시 중구, 010-7555-1234, jkjk@naver.com, 20000 
15:17:57.006 TRACE --- [http-nio-9000-exec-8] c.s.e.m.U.shopping_readUser : <==        Row: kkk333, 1523, 김모씨, 대구시 북구, 010-1111-1234, 123c@naver.com, 10000 
15:17:57.006 TRACE --- [http-nio-9000-exec-8] c.s.e.m.U.shopping_readUser : <==        Row: sef, 3423, 박모씨, 대구시 남구, 010-1111-1234, 123c@naver.com, 10000 
15:17:57.006 DEBUG --- [http-nio-9000-exec-8] c.s.e.m.U.shopping_readUser : <==      Total: 6 
15:18:01.751 DEBUG --- [http-nio-9000-exec-9] c.s.e.m.U.shopping_readUser : ==>  Preparing: SELECT user_id as username, user_password as password, user_name as name, user_address as address, user_phone as phone, user_email as email, user_point as point FROM user 
15:18:01.751 DEBUG --- [http-nio-9000-exec-9] c.s.e.m.U.shopping_readUser : ==> Parameters:  
15:18:01.752 TRACE --- [http-nio-9000-exec-9] c.s.e.m.U.shopping_readUser : <==    Columns: username, password, name, address, phone, email, point 
15:18:01.752 TRACE --- [http-nio-9000-exec-9] c.s.e.m.U.shopping_readUser : <==        Row: jy0935, 11111, 주문자1, 대구시 동구, 010-2354-8451, abc@naver.com, 50000 
15:18:01.752 TRACE --- [http-nio-9000-exec-9] c.s.e.m.U.shopping_readUser : <==        Row: jy1234, 356484, 주문자2, 대구시 서구, 010-1111-1234, abced@naver.com, 500000 
15:18:01.753 TRACE --- [http-nio-9000-exec-9] c.s.e.m.U.shopping_readUser : <==        Row: jy12345, 4234, 이모씨, 대구시 수성구, 010-1111-1234, fruit@naver.com, 1000 
15:18:01.753 TRACE --- [http-nio-9000-exec-9] c.s.e.m.U.shopping_readUser : <==        Row: jy1515, 33311, 김모씨, 대구시 중구, 010-7555-1234, jkjk@naver.com, 20000 
15:18:01.754 TRACE --- [http-nio-9000-exec-9] c.s.e.m.U.shopping_readUser : <==        Row: kkk333, 1523, 김모씨, 대구시 북구, 010-1111-1234, 123c@naver.com, 10000 
15:18:01.754 TRACE --- [http-nio-9000-exec-9] c.s.e.m.U.shopping_readUser : <==        Row: sef, 3423, 박모씨, 대구시 남구, 010-1111-1234, 123c@naver.com, 10000 
15:18:01.754 DEBUG --- [http-nio-9000-exec-9] c.s.e.m.U.shopping_readUser : <==      Total: 6 
15:18:02.976 DEBUG --- [http-nio-9000-exec-10] c.s.e.m.CategoryMapper.readCategory : ==>  Preparing: SELECT cg_id as id, cg_name as name, cg_product_count as product_count FROM category 
15:18:02.976 DEBUG --- [http-nio-9000-exec-10] c.s.e.m.CategoryMapper.readCategory : ==> Parameters:  
15:18:02.976 TRACE --- [http-nio-9000-exec-10] c.s.e.m.CategoryMapper.readCategory : <==    Columns: id, name, product_count 
15:18:02.977 TRACE --- [http-nio-9000-exec-10] c.s.e.m.CategoryMapper.readCategory : <==        Row: 2030, 주방등, 8 
15:18:02.977 TRACE --- [http-nio-9000-exec-10] c.s.e.m.CategoryMapper.readCategory : <==        Row: 20, 등, 8 
15:18:02.978 TRACE --- [http-nio-9000-exec-10] c.s.e.m.CategoryMapper.readCategory : <==        Row: 30, 스탠드, 3 
15:18:02.978 TRACE --- [http-nio-9000-exec-10] c.s.e.m.CategoryMapper.readCategory : <==        Row: 2010, 거실등, 3 
15:18:02.978 TRACE --- [http-nio-9000-exec-10] c.s.e.m.CategoryMapper.readCategory : <==        Row: 2020, 방등, 2 
15:18:02.978 TRACE --- [http-nio-9000-exec-10] c.s.e.m.CategoryMapper.readCategory : <==        Row: 40, 전기재료, 5 
15:18:02.978 TRACE --- [http-nio-9000-exec-10] c.s.e.m.CategoryMapper.readCategory : <==        Row: 0, 전체, 9999999 
15:18:02.978 DEBUG --- [http-nio-9000-exec-10] c.s.e.m.CategoryMapper.readCategory : <==      Total: 7 
15:37:13.486 DEBUG --- [http-nio-9000-exec-3] c.s.e.mapper.OrderMapper.readOrder : ==>  Preparing: SELECT ta.o_id, o_date, SUM(tb.od_count*tb.od_price) o_total_price, o_state, user_id, GROUP_CONCAT( tc.p_name SEPARATOR ', ') p_total_name FROM orders ta LEFT JOIN order_detail tb ON(ta.o_id = tb.o_id) LEFT JOIN product tc ON(tb.p_id = tc.p_id) GROUP BY o_id 
15:37:13.486 DEBUG --- [http-nio-9000-exec-3] c.s.e.mapper.OrderMapper.readOrder : ==> Parameters:  
15:37:13.487 TRACE --- [http-nio-9000-exec-3] c.s.e.mapper.OrderMapper.readOrder : <==    Columns: o_id, o_date, o_total_price, o_state, user_id, p_total_name 
15:37:13.487 TRACE --- [http-nio-9000-exec-3] c.s.e.mapper.OrderMapper.readOrder : <==        Row: 1, 2020-12-23, 954000, 배송중, jy0935, <<BLOB>> 
15:37:13.488 TRACE --- [http-nio-9000-exec-3] c.s.e.mapper.OrderMapper.readOrder : <==        Row: 2, 2020-12-25, 690000, 배송완료, jy1234, <<BLOB>> 
15:37:13.489 DEBUG --- [http-nio-9000-exec-3] c.s.e.mapper.OrderMapper.readOrder : <==      Total: 2 
15:37:17.536 DEBUG --- [http-nio-9000-exec-4] c.s.e.m.P.readAllProduct : ==>  Preparing: SELECT product.p_id as id, p_name as name, p_price as price, p_order_count as order_count, p_views as views, p_category as category, p_quantity as quantity, pi_image as image, p_text as text FROM product JOIN product_img ON (product.p_id = product_img.p_id); 
15:37:17.536 DEBUG --- [http-nio-9000-exec-4] c.s.e.m.P.readAllProduct : ==> Parameters:  
15:37:17.537 TRACE --- [http-nio-9000-exec-4] c.s.e.m.P.readAllProduct : <==    Columns: id, name, price, order_count, views, category, quantity, image, text 
15:37:17.537 TRACE --- [http-nio-9000-exec-4] c.s.e.m.P.readAllProduct : <==        Row: 1, 거실등, 200000, 30, 5, 2010, 3, livingLamp40, <<BLOB>> 
15:37:17.537 TRACE --- [http-nio-9000-exec-4] c.s.e.m.P.readAllProduct : <==        Row: 2, 방등, 70000, 35, 4, 2020, 2, roomLamp, <<BLOB>> 
15:37:17.537 TRACE --- [http-nio-9000-exec-4] c.s.e.m.P.readAllProduct : <==        Row: 3, 형광등 스탠드, 70000, 20, 2, 30, 3, lightStand, <<BLOB>> 
15:37:17.537 TRACE --- [http-nio-9000-exec-4] c.s.e.m.P.readAllProduct : <==        Row: 4, 멀티탭, 5000, 5, 2, 40, 5, multiPlug, <<BLOB>> 
15:37:17.537 TRACE --- [http-nio-9000-exec-4] c.s.e.m.P.readAllProduct : <==        Row: 5, 식탁등, 150000, 25, 3, 2030, 5, diningLamp, <<BLOB>> 
15:37:17.538 TRACE --- [http-nio-9000-exec-4] c.s.e.m.P.readAllProduct : <==        Row: 6, 2구 스위치, 10000, 25, 3, 40, 4, switchTwo, <<BLOB>> 
15:37:17.538 TRACE --- [http-nio-9000-exec-4] c.s.e.m.P.readAllProduct : <==        Row: 7, LED 스탠드, 100000, 15, 2, 30, 3, ledStand, <<BLOB>> 
15:37:17.539 DEBUG --- [http-nio-9000-exec-4] c.s.e.m.P.readAllProduct : <==      Total: 7 
15:52:49.643 DEBUG --- [http-nio-9000-exec-5] c.s.e.m.CategoryMapper.readCategory : ==>  Preparing: SELECT cg_id as id, cg_name as name, cg_product_count as product_count FROM category 
15:52:49.643 DEBUG --- [http-nio-9000-exec-5] c.s.e.m.CategoryMapper.readCategory : ==> Parameters:  
15:52:49.643 TRACE --- [http-nio-9000-exec-5] c.s.e.m.CategoryMapper.readCategory : <==    Columns: id, name, product_count 
15:52:49.643 TRACE --- [http-nio-9000-exec-5] c.s.e.m.CategoryMapper.readCategory : <==        Row: 0, 전체, 9999999 
15:52:49.644 TRACE --- [http-nio-9000-exec-5] c.s.e.m.CategoryMapper.readCategory : <==        Row: 20, 거실등, 4 
15:52:49.644 TRACE --- [http-nio-9000-exec-5] c.s.e.m.CategoryMapper.readCategory : <==        Row: 30, 식탁등, 4 
15:52:49.644 TRACE --- [http-nio-9000-exec-5] c.s.e.m.CategoryMapper.readCategory : <==        Row: 40, 방등, 4 
15:52:49.644 TRACE --- [http-nio-9000-exec-5] c.s.e.m.CategoryMapper.readCategory : <==        Row: 50, 주방등, 4 
15:52:49.644 TRACE --- [http-nio-9000-exec-5] c.s.e.m.CategoryMapper.readCategory : <==        Row: 60, 스탠드, 4 
15:52:49.644 TRACE --- [http-nio-9000-exec-5] c.s.e.m.CategoryMapper.readCategory : <==        Row: 70, 전기재료, 4 
15:52:49.644 TRACE --- [http-nio-9000-exec-5] c.s.e.m.CategoryMapper.readCategory : <==        Row: 2010, 거실등 30평형, 2 
15:52:49.644 TRACE --- [http-nio-9000-exec-5] c.s.e.m.CategoryMapper.readCategory : <==        Row: 2020, 거실등 40평형, 2 
15:52:49.644 TRACE --- [http-nio-9000-exec-5] c.s.e.m.CategoryMapper.readCategory : <==        Row: 3010, 소형 식탁등, 2 
15:52:49.644 TRACE --- [http-nio-9000-exec-5] c.s.e.m.CategoryMapper.readCategory : <==        Row: 3020, 대형 식탁등, 2 
15:52:49.645 TRACE --- [http-nio-9000-exec-5] c.s.e.m.CategoryMapper.readCategory : <==        Row: 4010, 소형 방등, 2 
15:52:49.645 TRACE --- [http-nio-9000-exec-5] c.s.e.m.CategoryMapper.readCategory : <==        Row: 4020, 대형 방등, 2 
15:52:49.645 TRACE --- [http-nio-9000-exec-5] c.s.e.m.CategoryMapper.readCategory : <==        Row: 5010, 싱크대, 2 
15:52:49.645 TRACE --- [http-nio-9000-exec-5] c.s.e.m.CategoryMapper.readCategory : <==        Row: 5020, 레일형, 2 
15:52:49.645 TRACE --- [http-nio-9000-exec-5] c.s.e.m.CategoryMapper.readCategory : <==        Row: 6010, LED스탠드, 2 
15:52:49.645 TRACE --- [http-nio-9000-exec-5] c.s.e.m.CategoryMapper.readCategory : <==        Row: 6020, 일반스탠드, 2 
15:52:49.645 TRACE --- [http-nio-9000-exec-5] c.s.e.m.CategoryMapper.readCategory : <==        Row: 7010, 2구스위치, 2 
15:52:49.645 TRACE --- [http-nio-9000-exec-5] c.s.e.m.CategoryMapper.readCategory : <==        Row: 7020, 멀티탭, 2 
15:52:49.645 DEBUG --- [http-nio-9000-exec-5] c.s.e.m.CategoryMapper.readCategory : <==      Total: 19 
16:38:22.970 DEBUG --- [http-nio-9000-exec-8] c.s.e.m.CategoryMapper.readCategory : ==>  Preparing: SELECT cg_id as id, cg_name as name, cg_product_count as product_count FROM category 
16:38:22.970 DEBUG --- [http-nio-9000-exec-8] c.s.e.m.CategoryMapper.readCategory : ==> Parameters:  
16:38:22.971 TRACE --- [http-nio-9000-exec-8] c.s.e.m.CategoryMapper.readCategory : <==    Columns: id, name, product_count 
16:38:22.971 TRACE --- [http-nio-9000-exec-8] c.s.e.m.CategoryMapper.readCategory : <==        Row: 0, 전체, 9999999 
16:38:22.971 TRACE --- [http-nio-9000-exec-8] c.s.e.m.CategoryMapper.readCategory : <==        Row: 20, 거실등, 4 
16:38:22.971 TRACE --- [http-nio-9000-exec-8] c.s.e.m.CategoryMapper.readCategory : <==        Row: 30, 식탁등, 4 
16:38:22.972 TRACE --- [http-nio-9000-exec-8] c.s.e.m.CategoryMapper.readCategory : <==        Row: 40, 방등, 4 
16:38:22.972 TRACE --- [http-nio-9000-exec-8] c.s.e.m.CategoryMapper.readCategory : <==        Row: 50, 주방등, 4 
16:38:22.972 TRACE --- [http-nio-9000-exec-8] c.s.e.m.CategoryMapper.readCategory : <==        Row: 60, 스탠드, 4 
16:38:22.972 TRACE --- [http-nio-9000-exec-8] c.s.e.m.CategoryMapper.readCategory : <==        Row: 70, 전기재료, 4 
16:38:22.972 TRACE --- [http-nio-9000-exec-8] c.s.e.m.CategoryMapper.readCategory : <==        Row: 2010, 거실등 30평형, 2 
16:38:22.972 TRACE --- [http-nio-9000-exec-8] c.s.e.m.CategoryMapper.readCategory : <==        Row: 2020, 거실등 40평형, 2 
16:38:22.972 TRACE --- [http-nio-9000-exec-8] c.s.e.m.CategoryMapper.readCategory : <==        Row: 3010, 소형 식탁등, 2 
16:38:22.972 TRACE --- [http-nio-9000-exec-8] c.s.e.m.CategoryMapper.readCategory : <==        Row: 3020, 대형 식탁등, 2 
16:38:22.972 TRACE --- [http-nio-9000-exec-8] c.s.e.m.CategoryMapper.readCategory : <==        Row: 4010, 소형 방등, 2 
16:38:22.972 TRACE --- [http-nio-9000-exec-8] c.s.e.m.CategoryMapper.readCategory : <==        Row: 4020, 대형 방등, 2 
16:38:22.972 TRACE --- [http-nio-9000-exec-8] c.s.e.m.CategoryMapper.readCategory : <==        Row: 5010, 싱크대, 2 
16:38:22.973 TRACE --- [http-nio-9000-exec-8] c.s.e.m.CategoryMapper.readCategory : <==        Row: 5020, 레일형, 2 
16:38:22.973 TRACE --- [http-nio-9000-exec-8] c.s.e.m.CategoryMapper.readCategory : <==        Row: 6010, LED스탠드, 2 
16:38:22.973 TRACE --- [http-nio-9000-exec-8] c.s.e.m.CategoryMapper.readCategory : <==        Row: 6020, 일반스탠드, 2 
16:38:22.973 TRACE --- [http-nio-9000-exec-8] c.s.e.m.CategoryMapper.readCategory : <==        Row: 7010, 2구스위치, 2 
16:38:22.973 TRACE --- [http-nio-9000-exec-8] c.s.e.m.CategoryMapper.readCategory : <==        Row: 7020, 멀티탭, 2 
16:38:22.973 DEBUG --- [http-nio-9000-exec-8] c.s.e.m.CategoryMapper.readCategory : <==      Total: 19 
17:17:08.450 DEBUG --- [http-nio-9000-exec-10] c.s.e.m.CategoryMapper.readCategory : ==>  Preparing: SELECT cg_id as id, cg_name as name, cg_product_count as product_count FROM category 
17:17:08.450 DEBUG --- [http-nio-9000-exec-10] c.s.e.m.CategoryMapper.readCategory : ==> Parameters:  
17:17:08.451 TRACE --- [http-nio-9000-exec-10] c.s.e.m.CategoryMapper.readCategory : <==    Columns: id, name, product_count 
17:17:08.451 TRACE --- [http-nio-9000-exec-10] c.s.e.m.CategoryMapper.readCategory : <==        Row: 0, 전체, 9999999 
17:17:08.451 TRACE --- [http-nio-9000-exec-10] c.s.e.m.CategoryMapper.readCategory : <==        Row: 20, 거실등, 4 
17:17:08.451 TRACE --- [http-nio-9000-exec-10] c.s.e.m.CategoryMapper.readCategory : <==        Row: 30, 식탁등, 4 
17:17:08.451 TRACE --- [http-nio-9000-exec-10] c.s.e.m.CategoryMapper.readCategory : <==        Row: 40, 방등, 4 
17:17:08.451 TRACE --- [http-nio-9000-exec-10] c.s.e.m.CategoryMapper.readCategory : <==        Row: 50, 주방등, 4 
17:17:08.451 TRACE --- [http-nio-9000-exec-10] c.s.e.m.CategoryMapper.readCategory : <==        Row: 60, 스탠드, 4 
17:17:08.451 TRACE --- [http-nio-9000-exec-10] c.s.e.m.CategoryMapper.readCategory : <==        Row: 70, 전기재료, 4 
17:17:08.451 TRACE --- [http-nio-9000-exec-10] c.s.e.m.CategoryMapper.readCategory : <==        Row: 2010, 거실등 30평형, 2 
17:17:08.451 TRACE --- [http-nio-9000-exec-10] c.s.e.m.CategoryMapper.readCategory : <==        Row: 2020, 거실등 40평형, 2 
17:17:08.452 TRACE --- [http-nio-9000-exec-10] c.s.e.m.CategoryMapper.readCategory : <==        Row: 3010, 소형 식탁등, 2 
17:17:08.452 TRACE --- [http-nio-9000-exec-10] c.s.e.m.CategoryMapper.readCategory : <==        Row: 3020, 대형 식탁등, 2 
17:17:08.452 TRACE --- [http-nio-9000-exec-10] c.s.e.m.CategoryMapper.readCategory : <==        Row: 4010, 소형 방등, 2 
17:17:08.452 TRACE --- [http-nio-9000-exec-10] c.s.e.m.CategoryMapper.readCategory : <==        Row: 4020, 대형 방등, 2 
17:17:08.452 TRACE --- [http-nio-9000-exec-10] c.s.e.m.CategoryMapper.readCategory : <==        Row: 5010, 싱크대, 2 
17:17:08.452 TRACE --- [http-nio-9000-exec-10] c.s.e.m.CategoryMapper.readCategory : <==        Row: 5020, 레일형, 2 
17:17:08.452 TRACE --- [http-nio-9000-exec-10] c.s.e.m.CategoryMapper.readCategory : <==        Row: 6010, LED스탠드, 2 
17:17:08.452 TRACE --- [http-nio-9000-exec-10] c.s.e.m.CategoryMapper.readCategory : <==        Row: 6020, 일반스탠드, 2 
17:17:08.452 TRACE --- [http-nio-9000-exec-10] c.s.e.m.CategoryMapper.readCategory : <==        Row: 7010, 2구스위치, 2 
17:17:08.452 TRACE --- [http-nio-9000-exec-10] c.s.e.m.CategoryMapper.readCategory : <==        Row: 7020, 멀티탭, 2 
17:17:08.453 DEBUG --- [http-nio-9000-exec-10] c.s.e.m.CategoryMapper.readCategory : <==      Total: 19 
17:27:51.500 DEBUG --- [http-nio-9000-exec-2] c.s.e.m.U.shopping_readUser : ==>  Preparing: SELECT user_id as username, user_password as password, user_name as name, user_address as address, user_phone as phone, user_email as email, user_point as point FROM user 
17:27:51.500 DEBUG --- [http-nio-9000-exec-2] c.s.e.m.U.shopping_readUser : ==> Parameters:  
17:27:51.501 TRACE --- [http-nio-9000-exec-2] c.s.e.m.U.shopping_readUser : <==    Columns: username, password, name, address, phone, email, point 
17:27:51.501 TRACE --- [http-nio-9000-exec-2] c.s.e.m.U.shopping_readUser : <==        Row: jy0935, 11111, 주문자1, 대구시 동구, 010-2354-8451, abc@naver.com, 50000 
17:27:51.501 TRACE --- [http-nio-9000-exec-2] c.s.e.m.U.shopping_readUser : <==        Row: jy1234, 356484, 주문자2, 대구시 서구, 010-1111-1234, abced@naver.com, 500000 
17:27:51.501 TRACE --- [http-nio-9000-exec-2] c.s.e.m.U.shopping_readUser : <==        Row: jy12345, 4234, 이모씨, 대구시 수성구, 010-1111-1234, fruit@naver.com, 1000 
17:27:51.501 TRACE --- [http-nio-9000-exec-2] c.s.e.m.U.shopping_readUser : <==        Row: jy1515, 33311, 김모씨, 대구시 중구, 010-7555-1234, jkjk@naver.com, 20000 
17:27:51.501 TRACE --- [http-nio-9000-exec-2] c.s.e.m.U.shopping_readUser : <==        Row: kkk333, 1523, 김모씨, 대구시 북구, 010-1111-1234, 123c@naver.com, 10000 
17:27:51.502 TRACE --- [http-nio-9000-exec-2] c.s.e.m.U.shopping_readUser : <==        Row: sef, 3423, 박모씨, 대구시 남구, 010-1111-1234, 123c@naver.com, 10000 
17:27:51.502 DEBUG --- [http-nio-9000-exec-2] c.s.e.m.U.shopping_readUser : <==      Total: 6 
17:27:54.995 DEBUG --- [http-nio-9000-exec-3] c.s.e.m.CategoryMapper.readCategory : ==>  Preparing: SELECT cg_id as id, cg_name as name, cg_product_count as product_count FROM category 
17:27:54.995 DEBUG --- [http-nio-9000-exec-3] c.s.e.m.CategoryMapper.readCategory : ==> Parameters:  
17:27:54.996 TRACE --- [http-nio-9000-exec-3] c.s.e.m.CategoryMapper.readCategory : <==    Columns: id, name, product_count 
17:27:54.997 TRACE --- [http-nio-9000-exec-3] c.s.e.m.CategoryMapper.readCategory : <==        Row: 0, 전체, 9999999 
17:27:54.997 TRACE --- [http-nio-9000-exec-3] c.s.e.m.CategoryMapper.readCategory : <==        Row: 20, 거실등, 4 
17:27:54.997 TRACE --- [http-nio-9000-exec-3] c.s.e.m.CategoryMapper.readCategory : <==        Row: 30, 식탁등, 4 
17:27:54.997 TRACE --- [http-nio-9000-exec-3] c.s.e.m.CategoryMapper.readCategory : <==        Row: 40, 방등, 4 
17:27:54.997 TRACE --- [http-nio-9000-exec-3] c.s.e.m.CategoryMapper.readCategory : <==        Row: 50, 주방등, 4 
17:27:54.997 TRACE --- [http-nio-9000-exec-3] c.s.e.m.CategoryMapper.readCategory : <==        Row: 60, 스탠드, 4 
17:27:54.997 TRACE --- [http-nio-9000-exec-3] c.s.e.m.CategoryMapper.readCategory : <==        Row: 70, 전기재료, 4 
17:27:54.997 TRACE --- [http-nio-9000-exec-3] c.s.e.m.CategoryMapper.readCategory : <==        Row: 2010, 거실등 30평형, 2 
17:27:54.997 TRACE --- [http-nio-9000-exec-3] c.s.e.m.CategoryMapper.readCategory : <==        Row: 2020, 거실등 40평형, 2 
17:27:54.997 TRACE --- [http-nio-9000-exec-3] c.s.e.m.CategoryMapper.readCategory : <==        Row: 3010, 소형 식탁등, 2 
17:27:54.998 TRACE --- [http-nio-9000-exec-3] c.s.e.m.CategoryMapper.readCategory : <==        Row: 3020, 대형 식탁등, 2 
17:27:54.998 TRACE --- [http-nio-9000-exec-3] c.s.e.m.CategoryMapper.readCategory : <==        Row: 4010, 소형 방등, 2 
17:27:54.998 TRACE --- [http-nio-9000-exec-3] c.s.e.m.CategoryMapper.readCategory : <==        Row: 4020, 대형 방등, 2 
17:27:54.998 TRACE --- [http-nio-9000-exec-3] c.s.e.m.CategoryMapper.readCategory : <==        Row: 5010, 싱크대, 2 
17:27:54.998 TRACE --- [http-nio-9000-exec-3] c.s.e.m.CategoryMapper.readCategory : <==        Row: 5020, 레일형, 2 
17:27:54.998 TRACE --- [http-nio-9000-exec-3] c.s.e.m.CategoryMapper.readCategory : <==        Row: 6010, LED스탠드, 2 
17:27:54.998 TRACE --- [http-nio-9000-exec-3] c.s.e.m.CategoryMapper.readCategory : <==        Row: 6020, 일반스탠드, 2 
17:27:54.998 TRACE --- [http-nio-9000-exec-3] c.s.e.m.CategoryMapper.readCategory : <==        Row: 7010, 2구스위치, 2 
17:27:54.998 TRACE --- [http-nio-9000-exec-3] c.s.e.m.CategoryMapper.readCategory : <==        Row: 7020, 멀티탭, 2 
17:27:54.998 DEBUG --- [http-nio-9000-exec-3] c.s.e.m.CategoryMapper.readCategory : <==      Total: 19 
17:27:55.710 DEBUG --- [http-nio-9000-exec-4] c.s.e.mapper.OrderMapper.readOrder : ==>  Preparing: SELECT ta.o_id, o_date, SUM(tb.od_count*tb.od_price) o_total_price, o_state, user_id, GROUP_CONCAT( tc.p_name SEPARATOR ', ') p_total_name FROM orders ta LEFT JOIN order_detail tb ON(ta.o_id = tb.o_id) LEFT JOIN product tc ON(tb.p_id = tc.p_id) GROUP BY o_id 
17:27:55.716 DEBUG --- [http-nio-9000-exec-4] c.s.e.mapper.OrderMapper.readOrder : ==> Parameters:  
17:27:55.717 TRACE --- [http-nio-9000-exec-4] c.s.e.mapper.OrderMapper.readOrder : <==    Columns: o_id, o_date, o_total_price, o_state, user_id, p_total_name 
17:27:55.717 TRACE --- [http-nio-9000-exec-4] c.s.e.mapper.OrderMapper.readOrder : <==        Row: 1, 2020-12-23, 954000, 배송중, jy0935, <<BLOB>> 
17:27:55.718 TRACE --- [http-nio-9000-exec-4] c.s.e.mapper.OrderMapper.readOrder : <==        Row: 2, 2020-12-25, 690000, 배송완료, jy1234, <<BLOB>> 
17:27:55.719 DEBUG --- [http-nio-9000-exec-4] c.s.e.mapper.OrderMapper.readOrder : <==      Total: 2 
17:27:58.049 DEBUG --- [http-nio-9000-exec-6] c.s.e.m.P.readAllProduct : ==>  Preparing: SELECT product.p_id as id, p_name as name, p_price as price, p_order_count as order_count, p_views as views, p_category as category, p_quantity as quantity, pi_image as image, p_text as text FROM product JOIN product_img ON (product.p_id = product_img.p_id); 
17:27:58.050 DEBUG --- [http-nio-9000-exec-6] c.s.e.m.P.readAllProduct : ==> Parameters:  
17:27:58.050 TRACE --- [http-nio-9000-exec-6] c.s.e.m.P.readAllProduct : <==    Columns: id, name, price, order_count, views, category, quantity, image, text 
17:27:58.050 TRACE --- [http-nio-9000-exec-6] c.s.e.m.P.readAllProduct : <==        Row: 1, 거실등, 200000, 30, 5, 2010, 3, livingLamp40, <<BLOB>> 
17:27:58.050 TRACE --- [http-nio-9000-exec-6] c.s.e.m.P.readAllProduct : <==        Row: 2, 방등, 70000, 35, 4, 2020, 2, roomLamp, <<BLOB>> 
17:27:58.051 TRACE --- [http-nio-9000-exec-6] c.s.e.m.P.readAllProduct : <==        Row: 3, 형광등 스탠드, 70000, 20, 2, 30, 3, lightStand, <<BLOB>> 
17:27:58.051 TRACE --- [http-nio-9000-exec-6] c.s.e.m.P.readAllProduct : <==        Row: 4, 멀티탭, 5000, 5, 2, 40, 5, multiPlug, <<BLOB>> 
17:27:58.051 TRACE --- [http-nio-9000-exec-6] c.s.e.m.P.readAllProduct : <==        Row: 5, 식탁등, 150000, 25, 3, 2030, 5, diningLamp, <<BLOB>> 
17:27:58.051 TRACE --- [http-nio-9000-exec-6] c.s.e.m.P.readAllProduct : <==        Row: 6, 2구 스위치, 10000, 25, 3, 40, 4, switchTwo, <<BLOB>> 
17:27:58.051 TRACE --- [http-nio-9000-exec-6] c.s.e.m.P.readAllProduct : <==        Row: 7, LED 스탠드, 100000, 15, 2, 30, 3, ledStand, <<BLOB>> 
17:27:58.051 DEBUG --- [http-nio-9000-exec-6] c.s.e.m.P.readAllProduct : <==      Total: 7 
17:28:02.820 DEBUG --- [http-nio-9000-exec-5] c.s.e.mapper.ProductMapper.ranking : ==>  Preparing: SELECT p_id as id, p_name as name, p_order_count as order_count, p_rank as rank FROM product 
17:28:02.820 DEBUG --- [http-nio-9000-exec-7] c.s.e.m.C.readCategory_name : ==>  Preparing: SELECT cg_name as name FROM category WHERE CHAR_LENGTH(cg_id) <= 2 
17:28:02.820 DEBUG --- [http-nio-9000-exec-7] c.s.e.m.C.readCategory_name : ==> Parameters:  
17:28:02.820 DEBUG --- [http-nio-9000-exec-5] c.s.e.mapper.ProductMapper.ranking : ==> Parameters:  
17:28:02.821 TRACE --- [http-nio-9000-exec-7] c.s.e.m.C.readCategory_name : <==    Columns: name 
17:28:02.821 TRACE --- [http-nio-9000-exec-5] c.s.e.mapper.ProductMapper.ranking : <==    Columns: id, name, order_count, rank 
17:28:02.821 TRACE --- [http-nio-9000-exec-7] c.s.e.m.C.readCategory_name : <==        Row: 전체 
17:28:02.821 TRACE --- [http-nio-9000-exec-5] c.s.e.mapper.ProductMapper.ranking : <==        Row: 1, 거실등, 30, null 
17:28:02.821 TRACE --- [http-nio-9000-exec-7] c.s.e.m.C.readCategory_name : <==        Row: 거실등 
17:28:02.821 TRACE --- [http-nio-9000-exec-5] c.s.e.mapper.ProductMapper.ranking : <==        Row: 2, 방등, 35, null 
17:28:02.821 TRACE --- [http-nio-9000-exec-7] c.s.e.m.C.readCategory_name : <==        Row: 식탁등 
17:28:02.821 TRACE --- [http-nio-9000-exec-5] c.s.e.mapper.ProductMapper.ranking : <==        Row: 3, 형광등 스탠드, 20, null 
17:28:02.821 TRACE --- [http-nio-9000-exec-7] c.s.e.m.C.readCategory_name : <==        Row: 방등 
17:28:02.821 TRACE --- [http-nio-9000-exec-5] c.s.e.mapper.ProductMapper.ranking : <==        Row: 4, 멀티탭, 5, null 
17:28:02.821 TRACE --- [http-nio-9000-exec-7] c.s.e.m.C.readCategory_name : <==        Row: 주방등 
17:28:02.821 TRACE --- [http-nio-9000-exec-5] c.s.e.mapper.ProductMapper.ranking : <==        Row: 5, 식탁등, 25, null 
17:28:02.821 TRACE --- [http-nio-9000-exec-7] c.s.e.m.C.readCategory_name : <==        Row: 스탠드 
17:28:02.821 TRACE --- [http-nio-9000-exec-5] c.s.e.mapper.ProductMapper.ranking : <==        Row: 6, 2구 스위치, 25, null 
17:28:02.821 TRACE --- [http-nio-9000-exec-7] c.s.e.m.C.readCategory_name : <==        Row: 전기재료 
17:28:02.821 TRACE --- [http-nio-9000-exec-5] c.s.e.mapper.ProductMapper.ranking : <==        Row: 7, LED 스탠드, 15, null 
17:28:02.821 DEBUG --- [http-nio-9000-exec-7] c.s.e.m.C.readCategory_name : <==      Total: 7 
17:28:02.821 TRACE --- [http-nio-9000-exec-5] c.s.e.mapper.ProductMapper.ranking : <==        Row: 123, 제품2, 0, null 
17:28:02.821 TRACE --- [http-nio-9000-exec-5] c.s.e.mapper.ProductMapper.ranking : <==        Row: 150, 제품111, 0, null 
17:28:02.821 DEBUG --- [http-nio-9000-exec-5] c.s.e.mapper.ProductMapper.ranking : <==      Total: 9 
17:28:05.212 DEBUG --- [http-nio-9000-exec-8] c.s.e.m.CategoryMapper.readCategory : ==>  Preparing: SELECT cg_id as id, cg_name as name, cg_product_count as product_count FROM category 
17:28:05.213 DEBUG --- [http-nio-9000-exec-8] c.s.e.m.CategoryMapper.readCategory : ==> Parameters:  
17:28:05.213 TRACE --- [http-nio-9000-exec-8] c.s.e.m.CategoryMapper.readCategory : <==    Columns: id, name, product_count 
17:28:05.213 TRACE --- [http-nio-9000-exec-8] c.s.e.m.CategoryMapper.readCategory : <==        Row: 0, 전체, 9999999 
17:28:05.213 TRACE --- [http-nio-9000-exec-8] c.s.e.m.CategoryMapper.readCategory : <==        Row: 20, 거실등, 4 
17:28:05.213 TRACE --- [http-nio-9000-exec-8] c.s.e.m.CategoryMapper.readCategory : <==        Row: 30, 식탁등, 4 
17:28:05.213 TRACE --- [http-nio-9000-exec-8] c.s.e.m.CategoryMapper.readCategory : <==        Row: 40, 방등, 4 
17:28:05.213 TRACE --- [http-nio-9000-exec-8] c.s.e.m.CategoryMapper.readCategory : <==        Row: 50, 주방등, 4 
17:28:05.214 TRACE --- [http-nio-9000-exec-8] c.s.e.m.CategoryMapper.readCategory : <==        Row: 60, 스탠드, 4 
17:28:05.214 TRACE --- [http-nio-9000-exec-8] c.s.e.m.CategoryMapper.readCategory : <==        Row: 70, 전기재료, 4 
17:28:05.214 TRACE --- [http-nio-9000-exec-8] c.s.e.m.CategoryMapper.readCategory : <==        Row: 2010, 거실등 30평형, 2 
17:28:05.214 TRACE --- [http-nio-9000-exec-8] c.s.e.m.CategoryMapper.readCategory : <==        Row: 2020, 거실등 40평형, 2 
17:28:05.214 TRACE --- [http-nio-9000-exec-8] c.s.e.m.CategoryMapper.readCategory : <==        Row: 3010, 소형 식탁등, 2 
17:28:05.214 TRACE --- [http-nio-9000-exec-8] c.s.e.m.CategoryMapper.readCategory : <==        Row: 3020, 대형 식탁등, 2 
17:28:05.214 TRACE --- [http-nio-9000-exec-8] c.s.e.m.CategoryMapper.readCategory : <==        Row: 4010, 소형 방등, 2 
17:28:05.214 TRACE --- [http-nio-9000-exec-8] c.s.e.m.CategoryMapper.readCategory : <==        Row: 4020, 대형 방등, 2 
17:28:05.214 TRACE --- [http-nio-9000-exec-8] c.s.e.m.CategoryMapper.readCategory : <==        Row: 5010, 싱크대, 2 
17:28:05.214 TRACE --- [http-nio-9000-exec-8] c.s.e.m.CategoryMapper.readCategory : <==        Row: 5020, 레일형, 2 
17:28:05.214 TRACE --- [http-nio-9000-exec-8] c.s.e.m.CategoryMapper.readCategory : <==        Row: 6010, LED스탠드, 2 
17:28:05.214 TRACE --- [http-nio-9000-exec-8] c.s.e.m.CategoryMapper.readCategory : <==        Row: 6020, 일반스탠드, 2 
17:28:05.214 TRACE --- [http-nio-9000-exec-8] c.s.e.m.CategoryMapper.readCategory : <==        Row: 7010, 2구스위치, 2 
17:28:05.214 TRACE --- [http-nio-9000-exec-8] c.s.e.m.CategoryMapper.readCategory : <==        Row: 7020, 멀티탭, 2 
17:28:05.214 DEBUG --- [http-nio-9000-exec-8] c.s.e.m.CategoryMapper.readCategory : <==      Total: 19 
17:28:08.258 DEBUG --- [http-nio-9000-exec-9] c.s.e.mapper.OrderMapper.readOrder : ==>  Preparing: SELECT ta.o_id, o_date, SUM(tb.od_count*tb.od_price) o_total_price, o_state, user_id, GROUP_CONCAT( tc.p_name SEPARATOR ', ') p_total_name FROM orders ta LEFT JOIN order_detail tb ON(ta.o_id = tb.o_id) LEFT JOIN product tc ON(tb.p_id = tc.p_id) GROUP BY o_id 
17:28:08.258 DEBUG --- [http-nio-9000-exec-9] c.s.e.mapper.OrderMapper.readOrder : ==> Parameters:  
17:28:08.259 TRACE --- [http-nio-9000-exec-9] c.s.e.mapper.OrderMapper.readOrder : <==    Columns: o_id, o_date, o_total_price, o_state, user_id, p_total_name 
17:28:08.259 TRACE --- [http-nio-9000-exec-9] c.s.e.mapper.OrderMapper.readOrder : <==        Row: 1, 2020-12-23, 954000, 배송중, jy0935, <<BLOB>> 
17:28:08.260 TRACE --- [http-nio-9000-exec-9] c.s.e.mapper.OrderMapper.readOrder : <==        Row: 2, 2020-12-25, 690000, 배송완료, jy1234, <<BLOB>> 
17:28:08.260 DEBUG --- [http-nio-9000-exec-9] c.s.e.mapper.OrderMapper.readOrder : <==      Total: 2 
17:28:13.871 DEBUG --- [http-nio-9000-exec-10] c.s.e.m.P.readAllProduct : ==>  Preparing: SELECT product.p_id as id, p_name as name, p_price as price, p_order_count as order_count, p_views as views, p_category as category, p_quantity as quantity, pi_image as image, p_text as text FROM product JOIN product_img ON (product.p_id = product_img.p_id); 
17:28:13.871 DEBUG --- [http-nio-9000-exec-10] c.s.e.m.P.readAllProduct : ==> Parameters:  
17:28:13.872 TRACE --- [http-nio-9000-exec-10] c.s.e.m.P.readAllProduct : <==    Columns: id, name, price, order_count, views, category, quantity, image, text 
17:28:13.873 TRACE --- [http-nio-9000-exec-10] c.s.e.m.P.readAllProduct : <==        Row: 1, 거실등, 200000, 30, 5, 2010, 3, livingLamp40, <<BLOB>> 
17:28:13.873 TRACE --- [http-nio-9000-exec-10] c.s.e.m.P.readAllProduct : <==        Row: 2, 방등, 70000, 35, 4, 2020, 2, roomLamp, <<BLOB>> 
17:28:13.874 TRACE --- [http-nio-9000-exec-10] c.s.e.m.P.readAllProduct : <==        Row: 3, 형광등 스탠드, 70000, 20, 2, 30, 3, lightStand, <<BLOB>> 
17:28:13.874 TRACE --- [http-nio-9000-exec-10] c.s.e.m.P.readAllProduct : <==        Row: 4, 멀티탭, 5000, 5, 2, 40, 5, multiPlug, <<BLOB>> 
17:28:13.874 TRACE --- [http-nio-9000-exec-10] c.s.e.m.P.readAllProduct : <==        Row: 5, 식탁등, 150000, 25, 3, 2030, 5, diningLamp, <<BLOB>> 
17:28:13.874 TRACE --- [http-nio-9000-exec-10] c.s.e.m.P.readAllProduct : <==        Row: 6, 2구 스위치, 10000, 25, 3, 40, 4, switchTwo, <<BLOB>> 
17:28:13.874 TRACE --- [http-nio-9000-exec-10] c.s.e.m.P.readAllProduct : <==        Row: 7, LED 스탠드, 100000, 15, 2, 30, 3, ledStand, <<BLOB>> 
17:28:13.874 DEBUG --- [http-nio-9000-exec-10] c.s.e.m.P.readAllProduct : <==      Total: 7 
17:30:15.744 DEBUG --- [http-nio-9000-exec-3] c.s.e.m.CategoryMapper.readCategory : ==>  Preparing: SELECT cg_id as id, cg_name as name, cg_product_count as product_count FROM category 
17:30:15.744 DEBUG --- [http-nio-9000-exec-3] c.s.e.m.CategoryMapper.readCategory : ==> Parameters:  
17:30:15.744 TRACE --- [http-nio-9000-exec-3] c.s.e.m.CategoryMapper.readCategory : <==    Columns: id, name, product_count 
17:30:15.744 TRACE --- [http-nio-9000-exec-3] c.s.e.m.CategoryMapper.readCategory : <==        Row: 0, 전체, 9999999 
17:30:15.744 TRACE --- [http-nio-9000-exec-3] c.s.e.m.CategoryMapper.readCategory : <==        Row: 20, 거실등, 4 
17:30:15.744 TRACE --- [http-nio-9000-exec-3] c.s.e.m.CategoryMapper.readCategory : <==        Row: 30, 식탁등, 4 
17:30:15.745 TRACE --- [http-nio-9000-exec-3] c.s.e.m.CategoryMapper.readCategory : <==        Row: 40, 방등, 4 
17:30:15.745 TRACE --- [http-nio-9000-exec-3] c.s.e.m.CategoryMapper.readCategory : <==        Row: 50, 주방등, 4 
17:30:15.745 TRACE --- [http-nio-9000-exec-3] c.s.e.m.CategoryMapper.readCategory : <==        Row: 60, 스탠드, 4 
17:30:15.745 TRACE --- [http-nio-9000-exec-3] c.s.e.m.CategoryMapper.readCategory : <==        Row: 70, 전기재료, 4 
17:30:15.745 TRACE --- [http-nio-9000-exec-3] c.s.e.m.CategoryMapper.readCategory : <==        Row: 2010, 거실등 30평형, 2 
17:30:15.745 TRACE --- [http-nio-9000-exec-3] c.s.e.m.CategoryMapper.readCategory : <==        Row: 2020, 거실등 40평형, 2 
17:30:15.745 TRACE --- [http-nio-9000-exec-3] c.s.e.m.CategoryMapper.readCategory : <==        Row: 3010, 소형 식탁등, 2 
17:30:15.745 TRACE --- [http-nio-9000-exec-3] c.s.e.m.CategoryMapper.readCategory : <==        Row: 3020, 대형 식탁등, 2 
17:30:15.745 TRACE --- [http-nio-9000-exec-3] c.s.e.m.CategoryMapper.readCategory : <==        Row: 4010, 소형 방등, 2 
17:30:15.745 TRACE --- [http-nio-9000-exec-3] c.s.e.m.CategoryMapper.readCategory : <==        Row: 4020, 대형 방등, 2 
17:30:15.745 TRACE --- [http-nio-9000-exec-3] c.s.e.m.CategoryMapper.readCategory : <==        Row: 5010, 싱크대, 2 
17:30:15.745 TRACE --- [http-nio-9000-exec-3] c.s.e.m.CategoryMapper.readCategory : <==        Row: 5020, 레일형, 2 
17:30:15.745 TRACE --- [http-nio-9000-exec-3] c.s.e.m.CategoryMapper.readCategory : <==        Row: 6010, LED스탠드, 2 
17:30:15.745 TRACE --- [http-nio-9000-exec-3] c.s.e.m.CategoryMapper.readCategory : <==        Row: 6020, 일반스탠드, 2 
17:30:15.745 TRACE --- [http-nio-9000-exec-3] c.s.e.m.CategoryMapper.readCategory : <==        Row: 7010, 2구스위치, 2 
17:30:15.745 TRACE --- [http-nio-9000-exec-3] c.s.e.m.CategoryMapper.readCategory : <==        Row: 7020, 멀티탭, 2 
17:30:15.745 DEBUG --- [http-nio-9000-exec-3] c.s.e.m.CategoryMapper.readCategory : <==      Total: 19 
17:31:57.382 DEBUG --- [http-nio-9000-exec-6] c.s.e.m.CategoryMapper.readCategory : ==>  Preparing: SELECT cg_id as id, cg_name as name, cg_product_count as product_count FROM category 
17:31:57.383 DEBUG --- [http-nio-9000-exec-6] c.s.e.m.CategoryMapper.readCategory : ==> Parameters:  
17:31:57.383 TRACE --- [http-nio-9000-exec-6] c.s.e.m.CategoryMapper.readCategory : <==    Columns: id, name, product_count 
17:31:57.383 TRACE --- [http-nio-9000-exec-6] c.s.e.m.CategoryMapper.readCategory : <==        Row: 0, 전체, 9999999 
17:31:57.383 TRACE --- [http-nio-9000-exec-6] c.s.e.m.CategoryMapper.readCategory : <==        Row: 20, 거실등, 4 
17:31:57.383 TRACE --- [http-nio-9000-exec-6] c.s.e.m.CategoryMapper.readCategory : <==        Row: 30, 식탁등, 4 
17:31:57.383 TRACE --- [http-nio-9000-exec-6] c.s.e.m.CategoryMapper.readCategory : <==        Row: 40, 방등, 4 
17:31:57.383 TRACE --- [http-nio-9000-exec-6] c.s.e.m.CategoryMapper.readCategory : <==        Row: 50, 주방등, 4 
17:31:57.383 TRACE --- [http-nio-9000-exec-6] c.s.e.m.CategoryMapper.readCategory : <==        Row: 60, 스탠드, 4 
17:31:57.383 TRACE --- [http-nio-9000-exec-6] c.s.e.m.CategoryMapper.readCategory : <==        Row: 70, 전기재료, 4 
17:31:57.383 TRACE --- [http-nio-9000-exec-6] c.s.e.m.CategoryMapper.readCategory : <==        Row: 2010, 거실등 30평형, 2 
17:31:57.383 TRACE --- [http-nio-9000-exec-6] c.s.e.m.CategoryMapper.readCategory : <==        Row: 2020, 거실등 40평형, 2 
17:31:57.383 TRACE --- [http-nio-9000-exec-6] c.s.e.m.CategoryMapper.readCategory : <==        Row: 3010, 소형 식탁등, 2 
17:31:57.384 TRACE --- [http-nio-9000-exec-6] c.s.e.m.CategoryMapper.readCategory : <==        Row: 3020, 대형 식탁등, 2 
17:31:57.384 TRACE --- [http-nio-9000-exec-6] c.s.e.m.CategoryMapper.readCategory : <==        Row: 4010, 소형 방등, 2 
17:31:57.384 TRACE --- [http-nio-9000-exec-6] c.s.e.m.CategoryMapper.readCategory : <==        Row: 4020, 대형 방등, 2 
17:31:57.384 TRACE --- [http-nio-9000-exec-6] c.s.e.m.CategoryMapper.readCategory : <==        Row: 5010, 싱크대, 2 
17:31:57.384 TRACE --- [http-nio-9000-exec-6] c.s.e.m.CategoryMapper.readCategory : <==        Row: 5020, 레일형, 2 
17:31:57.384 TRACE --- [http-nio-9000-exec-6] c.s.e.m.CategoryMapper.readCategory : <==        Row: 6010, LED스탠드, 2 
17:31:57.384 TRACE --- [http-nio-9000-exec-6] c.s.e.m.CategoryMapper.readCategory : <==        Row: 6020, 일반스탠드, 2 
17:31:57.384 TRACE --- [http-nio-9000-exec-6] c.s.e.m.CategoryMapper.readCategory : <==        Row: 7010, 2구스위치, 2 
17:31:57.384 TRACE --- [http-nio-9000-exec-6] c.s.e.m.CategoryMapper.readCategory : <==        Row: 7020, 멀티탭, 2 
17:31:57.384 DEBUG --- [http-nio-9000-exec-6] c.s.e.m.CategoryMapper.readCategory : <==      Total: 19 
17:32:00.071 DEBUG --- [http-nio-9000-exec-7] c.s.e.m.CategoryMapper.readCategory : ==>  Preparing: SELECT cg_id as id, cg_name as name, cg_product_count as product_count FROM category 
17:32:00.071 DEBUG --- [http-nio-9000-exec-7] c.s.e.m.CategoryMapper.readCategory : ==> Parameters:  
17:32:00.072 TRACE --- [http-nio-9000-exec-7] c.s.e.m.CategoryMapper.readCategory : <==    Columns: id, name, product_count 
17:32:00.072 TRACE --- [http-nio-9000-exec-7] c.s.e.m.CategoryMapper.readCategory : <==        Row: 0, 전체, 9999999 
17:32:00.072 TRACE --- [http-nio-9000-exec-7] c.s.e.m.CategoryMapper.readCategory : <==        Row: 20, 거실등, 4 
17:32:00.072 TRACE --- [http-nio-9000-exec-7] c.s.e.m.CategoryMapper.readCategory : <==        Row: 30, 식탁등, 4 
17:32:00.072 TRACE --- [http-nio-9000-exec-7] c.s.e.m.CategoryMapper.readCategory : <==        Row: 40, 방등, 4 
17:32:00.072 TRACE --- [http-nio-9000-exec-7] c.s.e.m.CategoryMapper.readCategory : <==        Row: 50, 주방등, 4 
17:32:00.072 TRACE --- [http-nio-9000-exec-7] c.s.e.m.CategoryMapper.readCategory : <==        Row: 60, 스탠드, 4 
17:32:00.072 TRACE --- [http-nio-9000-exec-7] c.s.e.m.CategoryMapper.readCategory : <==        Row: 70, 전기재료, 4 
17:32:00.072 TRACE --- [http-nio-9000-exec-7] c.s.e.m.CategoryMapper.readCategory : <==        Row: 2010, 거실등 30평형, 2 
17:32:00.072 TRACE --- [http-nio-9000-exec-7] c.s.e.m.CategoryMapper.readCategory : <==        Row: 2020, 거실등 40평형, 2 
17:32:00.072 TRACE --- [http-nio-9000-exec-7] c.s.e.m.CategoryMapper.readCategory : <==        Row: 3010, 소형 식탁등, 2 
17:32:00.072 TRACE --- [http-nio-9000-exec-7] c.s.e.m.CategoryMapper.readCategory : <==        Row: 3020, 대형 식탁등, 2 
17:32:00.072 TRACE --- [http-nio-9000-exec-7] c.s.e.m.CategoryMapper.readCategory : <==        Row: 4010, 소형 방등, 2 
17:32:00.072 TRACE --- [http-nio-9000-exec-7] c.s.e.m.CategoryMapper.readCategory : <==        Row: 4020, 대형 방등, 2 
17:32:00.073 TRACE --- [http-nio-9000-exec-7] c.s.e.m.CategoryMapper.readCategory : <==        Row: 5010, 싱크대, 2 
17:32:00.073 TRACE --- [http-nio-9000-exec-7] c.s.e.m.CategoryMapper.readCategory : <==        Row: 5020, 레일형, 2 
17:32:00.073 TRACE --- [http-nio-9000-exec-7] c.s.e.m.CategoryMapper.readCategory : <==        Row: 6010, LED스탠드, 2 
17:32:00.073 TRACE --- [http-nio-9000-exec-7] c.s.e.m.CategoryMapper.readCategory : <==        Row: 6020, 일반스탠드, 2 
17:32:00.073 TRACE --- [http-nio-9000-exec-7] c.s.e.m.CategoryMapper.readCategory : <==        Row: 7010, 2구스위치, 2 
17:32:00.073 TRACE --- [http-nio-9000-exec-7] c.s.e.m.CategoryMapper.readCategory : <==        Row: 7020, 멀티탭, 2 
17:32:00.073 DEBUG --- [http-nio-9000-exec-7] c.s.e.m.CategoryMapper.readCategory : <==      Total: 19 
17:32:05.327 DEBUG --- [http-nio-9000-exec-5] c.s.e.m.CategoryMapper.readCategory : ==>  Preparing: SELECT cg_id as id, cg_name as name, cg_product_count as product_count FROM category 
17:32:05.328 DEBUG --- [http-nio-9000-exec-5] c.s.e.m.CategoryMapper.readCategory : ==> Parameters:  
17:32:05.329 TRACE --- [http-nio-9000-exec-5] c.s.e.m.CategoryMapper.readCategory : <==    Columns: id, name, product_count 
17:32:05.329 TRACE --- [http-nio-9000-exec-5] c.s.e.m.CategoryMapper.readCategory : <==        Row: 0, 전체, 9999999 
17:32:05.329 TRACE --- [http-nio-9000-exec-5] c.s.e.m.CategoryMapper.readCategory : <==        Row: 20, 거실등, 4 
17:32:05.329 TRACE --- [http-nio-9000-exec-5] c.s.e.m.CategoryMapper.readCategory : <==        Row: 30, 식탁등, 4 
17:32:05.329 TRACE --- [http-nio-9000-exec-5] c.s.e.m.CategoryMapper.readCategory : <==        Row: 40, 방등, 4 
17:32:05.329 TRACE --- [http-nio-9000-exec-5] c.s.e.m.CategoryMapper.readCategory : <==        Row: 50, 주방등, 4 
17:32:05.329 TRACE --- [http-nio-9000-exec-5] c.s.e.m.CategoryMapper.readCategory : <==        Row: 60, 스탠드, 4 
17:32:05.329 TRACE --- [http-nio-9000-exec-5] c.s.e.m.CategoryMapper.readCategory : <==        Row: 70, 전기재료, 4 
17:32:05.329 TRACE --- [http-nio-9000-exec-5] c.s.e.m.CategoryMapper.readCategory : <==        Row: 2010, 거실등 30평형, 2 
17:32:05.329 TRACE --- [http-nio-9000-exec-5] c.s.e.m.CategoryMapper.readCategory : <==        Row: 2020, 거실등 40평형, 2 
17:32:05.329 TRACE --- [http-nio-9000-exec-5] c.s.e.m.CategoryMapper.readCategory : <==        Row: 3010, 소형 식탁등, 2 
17:32:05.329 TRACE --- [http-nio-9000-exec-5] c.s.e.m.CategoryMapper.readCategory : <==        Row: 3020, 대형 식탁등, 2 
17:32:05.329 TRACE --- [http-nio-9000-exec-5] c.s.e.m.CategoryMapper.readCategory : <==        Row: 4010, 소형 방등, 2 
17:32:05.329 TRACE --- [http-nio-9000-exec-5] c.s.e.m.CategoryMapper.readCategory : <==        Row: 4020, 대형 방등, 2 
17:32:05.329 TRACE --- [http-nio-9000-exec-5] c.s.e.m.CategoryMapper.readCategory : <==        Row: 5010, 싱크대, 2 
17:32:05.330 TRACE --- [http-nio-9000-exec-5] c.s.e.m.CategoryMapper.readCategory : <==        Row: 5020, 레일형, 2 
17:32:05.330 TRACE --- [http-nio-9000-exec-5] c.s.e.m.CategoryMapper.readCategory : <==        Row: 6010, LED스탠드, 2 
17:32:05.330 TRACE --- [http-nio-9000-exec-5] c.s.e.m.CategoryMapper.readCategory : <==        Row: 6020, 일반스탠드, 2 
17:32:05.330 TRACE --- [http-nio-9000-exec-5] c.s.e.m.CategoryMapper.readCategory : <==        Row: 7010, 2구스위치, 2 
17:32:05.330 TRACE --- [http-nio-9000-exec-5] c.s.e.m.CategoryMapper.readCategory : <==        Row: 7020, 멀티탭, 2 
17:32:05.330 DEBUG --- [http-nio-9000-exec-5] c.s.e.m.CategoryMapper.readCategory : <==      Total: 19 
17:32:07.761 DEBUG --- [http-nio-9000-exec-8] c.s.e.m.CategoryMapper.readCategory : ==>  Preparing: SELECT cg_id as id, cg_name as name, cg_product_count as product_count FROM category 
17:32:07.762 DEBUG --- [http-nio-9000-exec-8] c.s.e.m.CategoryMapper.readCategory : ==> Parameters:  
17:32:07.762 TRACE --- [http-nio-9000-exec-8] c.s.e.m.CategoryMapper.readCategory : <==    Columns: id, name, product_count 
17:32:07.762 TRACE --- [http-nio-9000-exec-8] c.s.e.m.CategoryMapper.readCategory : <==        Row: 0, 전체, 9999999 
17:32:07.762 TRACE --- [http-nio-9000-exec-8] c.s.e.m.CategoryMapper.readCategory : <==        Row: 20, 거실등, 4 
17:32:07.762 TRACE --- [http-nio-9000-exec-8] c.s.e.m.CategoryMapper.readCategory : <==        Row: 30, 식탁등, 4 
17:32:07.762 TRACE --- [http-nio-9000-exec-8] c.s.e.m.CategoryMapper.readCategory : <==        Row: 40, 방등, 4 
17:32:07.763 TRACE --- [http-nio-9000-exec-8] c.s.e.m.CategoryMapper.readCategory : <==        Row: 50, 주방등, 4 
17:32:07.763 TRACE --- [http-nio-9000-exec-8] c.s.e.m.CategoryMapper.readCategory : <==        Row: 60, 스탠드, 4 
17:32:07.763 TRACE --- [http-nio-9000-exec-8] c.s.e.m.CategoryMapper.readCategory : <==        Row: 70, 전기재료, 4 
17:32:07.763 TRACE --- [http-nio-9000-exec-8] c.s.e.m.CategoryMapper.readCategory : <==        Row: 2010, 거실등 30평형, 2 
17:32:07.763 TRACE --- [http-nio-9000-exec-8] c.s.e.m.CategoryMapper.readCategory : <==        Row: 2020, 거실등 40평형, 2 
17:32:07.763 TRACE --- [http-nio-9000-exec-8] c.s.e.m.CategoryMapper.readCategory : <==        Row: 3010, 소형 식탁등, 2 
17:32:07.763 TRACE --- [http-nio-9000-exec-8] c.s.e.m.CategoryMapper.readCategory : <==        Row: 3020, 대형 식탁등, 2 
17:32:07.763 TRACE --- [http-nio-9000-exec-8] c.s.e.m.CategoryMapper.readCategory : <==        Row: 4010, 소형 방등, 2 
17:32:07.763 TRACE --- [http-nio-9000-exec-8] c.s.e.m.CategoryMapper.readCategory : <==        Row: 4020, 대형 방등, 2 
17:32:07.763 TRACE --- [http-nio-9000-exec-8] c.s.e.m.CategoryMapper.readCategory : <==        Row: 5010, 싱크대, 2 
17:32:07.763 TRACE --- [http-nio-9000-exec-8] c.s.e.m.CategoryMapper.readCategory : <==        Row: 5020, 레일형, 2 
17:32:07.763 TRACE --- [http-nio-9000-exec-8] c.s.e.m.CategoryMapper.readCategory : <==        Row: 6010, LED스탠드, 2 
17:32:07.763 TRACE --- [http-nio-9000-exec-8] c.s.e.m.CategoryMapper.readCategory : <==        Row: 6020, 일반스탠드, 2 
17:32:07.763 TRACE --- [http-nio-9000-exec-8] c.s.e.m.CategoryMapper.readCategory : <==        Row: 7010, 2구스위치, 2 
17:32:07.763 TRACE --- [http-nio-9000-exec-8] c.s.e.m.CategoryMapper.readCategory : <==        Row: 7020, 멀티탭, 2 
17:32:07.763 DEBUG --- [http-nio-9000-exec-8] c.s.e.m.CategoryMapper.readCategory : <==      Total: 19 
17:32:17.284 DEBUG --- [http-nio-9000-exec-9] c.s.e.m.CategoryMapper.readCategory : ==>  Preparing: SELECT cg_id as id, cg_name as name, cg_product_count as product_count FROM category 
17:32:17.284 DEBUG --- [http-nio-9000-exec-9] c.s.e.m.CategoryMapper.readCategory : ==> Parameters:  
17:32:17.284 TRACE --- [http-nio-9000-exec-9] c.s.e.m.CategoryMapper.readCategory : <==    Columns: id, name, product_count 
17:32:17.284 TRACE --- [http-nio-9000-exec-9] c.s.e.m.CategoryMapper.readCategory : <==        Row: 0, 전체, 9999999 
17:32:17.284 TRACE --- [http-nio-9000-exec-9] c.s.e.m.CategoryMapper.readCategory : <==        Row: 20, 거실등, 4 
17:32:17.284 TRACE --- [http-nio-9000-exec-9] c.s.e.m.CategoryMapper.readCategory : <==        Row: 30, 식탁등, 4 
17:32:17.284 TRACE --- [http-nio-9000-exec-9] c.s.e.m.CategoryMapper.readCategory : <==        Row: 40, 방등, 4 
17:32:17.284 TRACE --- [http-nio-9000-exec-9] c.s.e.m.CategoryMapper.readCategory : <==        Row: 50, 주방등, 4 
17:32:17.284 TRACE --- [http-nio-9000-exec-9] c.s.e.m.CategoryMapper.readCategory : <==        Row: 60, 스탠드, 4 
17:32:17.285 TRACE --- [http-nio-9000-exec-9] c.s.e.m.CategoryMapper.readCategory : <==        Row: 70, 전기재료, 4 
17:32:17.285 TRACE --- [http-nio-9000-exec-9] c.s.e.m.CategoryMapper.readCategory : <==        Row: 2010, 거실등 30평형, 2 
17:32:17.285 TRACE --- [http-nio-9000-exec-9] c.s.e.m.CategoryMapper.readCategory : <==        Row: 2020, 거실등 40평형, 2 
17:32:17.285 TRACE --- [http-nio-9000-exec-9] c.s.e.m.CategoryMapper.readCategory : <==        Row: 3010, 소형 식탁등, 2 
17:32:17.285 TRACE --- [http-nio-9000-exec-9] c.s.e.m.CategoryMapper.readCategory : <==        Row: 3020, 대형 식탁등, 2 
17:32:17.285 TRACE --- [http-nio-9000-exec-9] c.s.e.m.CategoryMapper.readCategory : <==        Row: 4010, 소형 방등, 2 
17:32:17.285 TRACE --- [http-nio-9000-exec-9] c.s.e.m.CategoryMapper.readCategory : <==        Row: 4020, 대형 방등, 2 
17:32:17.285 TRACE --- [http-nio-9000-exec-9] c.s.e.m.CategoryMapper.readCategory : <==        Row: 5010, 싱크대, 2 
17:32:17.285 TRACE --- [http-nio-9000-exec-9] c.s.e.m.CategoryMapper.readCategory : <==        Row: 5020, 레일형, 2 
17:32:17.285 TRACE --- [http-nio-9000-exec-9] c.s.e.m.CategoryMapper.readCategory : <==        Row: 6010, LED스탠드, 2 
17:32:17.285 TRACE --- [http-nio-9000-exec-9] c.s.e.m.CategoryMapper.readCategory : <==        Row: 6020, 일반스탠드, 2 
17:32:17.285 TRACE --- [http-nio-9000-exec-9] c.s.e.m.CategoryMapper.readCategory : <==        Row: 7010, 2구스위치, 2 
17:32:17.285 TRACE --- [http-nio-9000-exec-9] c.s.e.m.CategoryMapper.readCategory : <==        Row: 7020, 멀티탭, 2 
17:32:17.285 DEBUG --- [http-nio-9000-exec-9] c.s.e.m.CategoryMapper.readCategory : <==      Total: 19 
17:32:24.507 DEBUG --- [http-nio-9000-exec-10] c.s.e.m.CategoryMapper.readCategory : ==>  Preparing: SELECT cg_id as id, cg_name as name, cg_product_count as product_count FROM category 
17:32:24.507 DEBUG --- [http-nio-9000-exec-10] c.s.e.m.CategoryMapper.readCategory : ==> Parameters:  
17:32:24.507 TRACE --- [http-nio-9000-exec-10] c.s.e.m.CategoryMapper.readCategory : <==    Columns: id, name, product_count 
17:32:24.507 TRACE --- [http-nio-9000-exec-10] c.s.e.m.CategoryMapper.readCategory : <==        Row: 0, 전체, 9999999 
17:32:24.507 TRACE --- [http-nio-9000-exec-10] c.s.e.m.CategoryMapper.readCategory : <==        Row: 20, 거실등, 4 
17:32:24.507 TRACE --- [http-nio-9000-exec-10] c.s.e.m.CategoryMapper.readCategory : <==        Row: 30, 식탁등, 4 
17:32:24.507 TRACE --- [http-nio-9000-exec-10] c.s.e.m.CategoryMapper.readCategory : <==        Row: 40, 방등, 4 
17:32:24.507 TRACE --- [http-nio-9000-exec-10] c.s.e.m.CategoryMapper.readCategory : <==        Row: 50, 주방등, 4 
17:32:24.507 TRACE --- [http-nio-9000-exec-10] c.s.e.m.CategoryMapper.readCategory : <==        Row: 60, 스탠드, 4 
17:32:24.507 TRACE --- [http-nio-9000-exec-10] c.s.e.m.CategoryMapper.readCategory : <==        Row: 70, 전기재료, 4 
17:32:24.507 TRACE --- [http-nio-9000-exec-10] c.s.e.m.CategoryMapper.readCategory : <==        Row: 2010, 거실등 30평형, 2 
17:32:24.507 TRACE --- [http-nio-9000-exec-10] c.s.e.m.CategoryMapper.readCategory : <==        Row: 2020, 거실등 40평형, 2 
17:32:24.507 TRACE --- [http-nio-9000-exec-10] c.s.e.m.CategoryMapper.readCategory : <==        Row: 3010, 소형 식탁등, 2 
17:32:24.508 TRACE --- [http-nio-9000-exec-10] c.s.e.m.CategoryMapper.readCategory : <==        Row: 3020, 대형 식탁등, 2 
17:32:24.508 TRACE --- [http-nio-9000-exec-10] c.s.e.m.CategoryMapper.readCategory : <==        Row: 4010, 소형 방등, 2 
17:32:24.508 TRACE --- [http-nio-9000-exec-10] c.s.e.m.CategoryMapper.readCategory : <==        Row: 4020, 대형 방등, 2 
17:32:24.508 TRACE --- [http-nio-9000-exec-10] c.s.e.m.CategoryMapper.readCategory : <==        Row: 5010, 싱크대, 2 
17:32:24.508 TRACE --- [http-nio-9000-exec-10] c.s.e.m.CategoryMapper.readCategory : <==        Row: 5020, 레일형, 2 
17:32:24.508 TRACE --- [http-nio-9000-exec-10] c.s.e.m.CategoryMapper.readCategory : <==        Row: 6010, LED스탠드, 2 
17:32:24.508 TRACE --- [http-nio-9000-exec-10] c.s.e.m.CategoryMapper.readCategory : <==        Row: 6020, 일반스탠드, 2 
17:32:24.508 TRACE --- [http-nio-9000-exec-10] c.s.e.m.CategoryMapper.readCategory : <==        Row: 7010, 2구스위치, 2 
17:32:24.508 TRACE --- [http-nio-9000-exec-10] c.s.e.m.CategoryMapper.readCategory : <==        Row: 7020, 멀티탭, 2 
17:32:24.508 DEBUG --- [http-nio-9000-exec-10] c.s.e.m.CategoryMapper.readCategory : <==      Total: 19 
17:32:26.684 DEBUG --- [http-nio-9000-exec-1] c.s.e.m.CategoryMapper.readCategory : ==>  Preparing: SELECT cg_id as id, cg_name as name, cg_product_count as product_count FROM category 
17:32:26.684 DEBUG --- [http-nio-9000-exec-1] c.s.e.m.CategoryMapper.readCategory : ==> Parameters:  
17:32:26.686 TRACE --- [http-nio-9000-exec-1] c.s.e.m.CategoryMapper.readCategory : <==    Columns: id, name, product_count 
17:32:26.686 TRACE --- [http-nio-9000-exec-1] c.s.e.m.CategoryMapper.readCategory : <==        Row: 0, 전체, 9999999 
17:32:26.687 TRACE --- [http-nio-9000-exec-1] c.s.e.m.CategoryMapper.readCategory : <==        Row: 20, 거실등, 4 
17:32:26.687 TRACE --- [http-nio-9000-exec-1] c.s.e.m.CategoryMapper.readCategory : <==        Row: 30, 식탁등, 4 
17:32:26.687 TRACE --- [http-nio-9000-exec-1] c.s.e.m.CategoryMapper.readCategory : <==        Row: 40, 방등, 4 
17:32:26.687 TRACE --- [http-nio-9000-exec-1] c.s.e.m.CategoryMapper.readCategory : <==        Row: 50, 주방등, 4 
17:32:26.687 TRACE --- [http-nio-9000-exec-1] c.s.e.m.CategoryMapper.readCategory : <==        Row: 60, 스탠드, 4 
17:32:26.687 TRACE --- [http-nio-9000-exec-1] c.s.e.m.CategoryMapper.readCategory : <==        Row: 70, 전기재료, 4 
17:32:26.687 TRACE --- [http-nio-9000-exec-1] c.s.e.m.CategoryMapper.readCategory : <==        Row: 2010, 거실등 30평형, 2 
17:32:26.687 TRACE --- [http-nio-9000-exec-1] c.s.e.m.CategoryMapper.readCategory : <==        Row: 2020, 거실등 40평형, 2 
17:32:26.687 TRACE --- [http-nio-9000-exec-1] c.s.e.m.CategoryMapper.readCategory : <==        Row: 3010, 소형 식탁등, 2 
17:32:26.687 TRACE --- [http-nio-9000-exec-1] c.s.e.m.CategoryMapper.readCategory : <==        Row: 3020, 대형 식탁등, 2 
17:32:26.687 TRACE --- [http-nio-9000-exec-1] c.s.e.m.CategoryMapper.readCategory : <==        Row: 4010, 소형 방등, 2 
17:32:26.688 TRACE --- [http-nio-9000-exec-1] c.s.e.m.CategoryMapper.readCategory : <==        Row: 4020, 대형 방등, 2 
17:32:26.688 TRACE --- [http-nio-9000-exec-1] c.s.e.m.CategoryMapper.readCategory : <==        Row: 5010, 싱크대, 2 
17:32:26.688 TRACE --- [http-nio-9000-exec-1] c.s.e.m.CategoryMapper.readCategory : <==        Row: 5020, 레일형, 2 
17:32:26.688 TRACE --- [http-nio-9000-exec-1] c.s.e.m.CategoryMapper.readCategory : <==        Row: 6010, LED스탠드, 2 
17:32:26.688 TRACE --- [http-nio-9000-exec-1] c.s.e.m.CategoryMapper.readCategory : <==        Row: 6020, 일반스탠드, 2 
17:32:26.688 TRACE --- [http-nio-9000-exec-1] c.s.e.m.CategoryMapper.readCategory : <==        Row: 7010, 2구스위치, 2 
17:32:26.688 TRACE --- [http-nio-9000-exec-1] c.s.e.m.CategoryMapper.readCategory : <==        Row: 7020, 멀티탭, 2 
17:32:26.688 DEBUG --- [http-nio-9000-exec-1] c.s.e.m.CategoryMapper.readCategory : <==      Total: 19 
17:35:58.539 DEBUG --- [http-nio-9000-exec-3] c.s.e.m.CategoryMapper.readCategory : ==>  Preparing: SELECT cg_id as id, cg_name as name, cg_product_count as product_count FROM category 
17:35:58.539 DEBUG --- [http-nio-9000-exec-3] c.s.e.m.CategoryMapper.readCategory : ==> Parameters:  
17:35:58.540 TRACE --- [http-nio-9000-exec-3] c.s.e.m.CategoryMapper.readCategory : <==    Columns: id, name, product_count 
17:35:58.540 TRACE --- [http-nio-9000-exec-3] c.s.e.m.CategoryMapper.readCategory : <==        Row: 0, 전체, 9999999 
17:35:58.540 TRACE --- [http-nio-9000-exec-3] c.s.e.m.CategoryMapper.readCategory : <==        Row: 20, 거실등, 4 
17:35:58.540 TRACE --- [http-nio-9000-exec-3] c.s.e.m.CategoryMapper.readCategory : <==        Row: 30, 식탁등, 4 
17:35:58.541 TRACE --- [http-nio-9000-exec-3] c.s.e.m.CategoryMapper.readCategory : <==        Row: 40, 방등, 4 
17:35:58.541 TRACE --- [http-nio-9000-exec-3] c.s.e.m.CategoryMapper.readCategory : <==        Row: 50, 주방등, 4 
17:35:58.541 TRACE --- [http-nio-9000-exec-3] c.s.e.m.CategoryMapper.readCategory : <==        Row: 60, 스탠드, 4 
17:35:58.541 TRACE --- [http-nio-9000-exec-3] c.s.e.m.CategoryMapper.readCategory : <==        Row: 70, 전기재료, 4 
17:35:58.541 TRACE --- [http-nio-9000-exec-3] c.s.e.m.CategoryMapper.readCategory : <==        Row: 2010, 거실등 30평형, 2 
17:35:58.541 TRACE --- [http-nio-9000-exec-3] c.s.e.m.CategoryMapper.readCategory : <==        Row: 2020, 거실등 40평형, 2 
17:35:58.541 TRACE --- [http-nio-9000-exec-3] c.s.e.m.CategoryMapper.readCategory : <==        Row: 3010, 소형 식탁등, 2 
17:35:58.541 TRACE --- [http-nio-9000-exec-3] c.s.e.m.CategoryMapper.readCategory : <==        Row: 3020, 대형 식탁등, 2 
17:35:58.541 TRACE --- [http-nio-9000-exec-3] c.s.e.m.CategoryMapper.readCategory : <==        Row: 4010, 소형 방등, 2 
17:35:58.541 TRACE --- [http-nio-9000-exec-3] c.s.e.m.CategoryMapper.readCategory : <==        Row: 4020, 대형 방등, 2 
17:35:58.541 TRACE --- [http-nio-9000-exec-3] c.s.e.m.CategoryMapper.readCategory : <==        Row: 5010, 싱크대, 2 
17:35:58.541 TRACE --- [http-nio-9000-exec-3] c.s.e.m.CategoryMapper.readCategory : <==        Row: 5020, 레일형, 2 
17:35:58.541 TRACE --- [http-nio-9000-exec-3] c.s.e.m.CategoryMapper.readCategory : <==        Row: 6010, LED스탠드, 2 
17:35:58.541 TRACE --- [http-nio-9000-exec-3] c.s.e.m.CategoryMapper.readCategory : <==        Row: 6020, 일반스탠드, 2 
17:35:58.541 TRACE --- [http-nio-9000-exec-3] c.s.e.m.CategoryMapper.readCategory : <==        Row: 7010, 2구스위치, 2 
17:35:58.541 TRACE --- [http-nio-9000-exec-3] c.s.e.m.CategoryMapper.readCategory : <==        Row: 7020, 멀티탭, 2 
17:35:58.541 DEBUG --- [http-nio-9000-exec-3] c.s.e.m.CategoryMapper.readCategory : <==      Total: 19 
17:36:17.953 DEBUG --- [http-nio-9000-exec-4] c.s.e.m.CategoryMapper.readCategory : ==>  Preparing: SELECT cg_id as id, cg_name as name, cg_product_count as product_count FROM category 
17:36:17.953 DEBUG --- [http-nio-9000-exec-4] c.s.e.m.CategoryMapper.readCategory : ==> Parameters:  
17:36:17.954 TRACE --- [http-nio-9000-exec-4] c.s.e.m.CategoryMapper.readCategory : <==    Columns: id, name, product_count 
17:36:17.954 TRACE --- [http-nio-9000-exec-4] c.s.e.m.CategoryMapper.readCategory : <==        Row: 0, 전체, 9999999 
17:36:17.954 TRACE --- [http-nio-9000-exec-4] c.s.e.m.CategoryMapper.readCategory : <==        Row: 20, 거실등, 4 
17:36:17.954 TRACE --- [http-nio-9000-exec-4] c.s.e.m.CategoryMapper.readCategory : <==        Row: 30, 식탁등, 4 
17:36:17.954 TRACE --- [http-nio-9000-exec-4] c.s.e.m.CategoryMapper.readCategory : <==        Row: 40, 방등, 4 
17:36:17.954 TRACE --- [http-nio-9000-exec-4] c.s.e.m.CategoryMapper.readCategory : <==        Row: 50, 주방등, 4 
17:36:17.954 TRACE --- [http-nio-9000-exec-4] c.s.e.m.CategoryMapper.readCategory : <==        Row: 60, 스탠드, 4 
17:36:17.954 TRACE --- [http-nio-9000-exec-4] c.s.e.m.CategoryMapper.readCategory : <==        Row: 70, 전기재료, 4 
17:36:17.954 TRACE --- [http-nio-9000-exec-4] c.s.e.m.CategoryMapper.readCategory : <==        Row: 2010, 거실등 30평형, 2 
17:36:17.954 TRACE --- [http-nio-9000-exec-4] c.s.e.m.CategoryMapper.readCategory : <==        Row: 2020, 거실등 40평형, 2 
17:36:17.954 TRACE --- [http-nio-9000-exec-4] c.s.e.m.CategoryMapper.readCategory : <==        Row: 3010, 소형 식탁등, 2 
17:36:17.954 TRACE --- [http-nio-9000-exec-4] c.s.e.m.CategoryMapper.readCategory : <==        Row: 3020, 대형 식탁등, 2 
17:36:17.954 TRACE --- [http-nio-9000-exec-4] c.s.e.m.CategoryMapper.readCategory : <==        Row: 4010, 소형 방등, 2 
17:36:17.954 TRACE --- [http-nio-9000-exec-4] c.s.e.m.CategoryMapper.readCategory : <==        Row: 4020, 대형 방등, 2 
17:36:17.954 TRACE --- [http-nio-9000-exec-4] c.s.e.m.CategoryMapper.readCategory : <==        Row: 5010, 싱크대, 2 
17:36:17.954 TRACE --- [http-nio-9000-exec-4] c.s.e.m.CategoryMapper.readCategory : <==        Row: 5020, 레일형, 2 
17:36:17.954 TRACE --- [http-nio-9000-exec-4] c.s.e.m.CategoryMapper.readCategory : <==        Row: 6010, LED스탠드, 2 
17:36:17.954 TRACE --- [http-nio-9000-exec-4] c.s.e.m.CategoryMapper.readCategory : <==        Row: 6020, 일반스탠드, 2 
17:36:17.954 TRACE --- [http-nio-9000-exec-4] c.s.e.m.CategoryMapper.readCategory : <==        Row: 7010, 2구스위치, 2 
17:36:17.954 TRACE --- [http-nio-9000-exec-4] c.s.e.m.CategoryMapper.readCategory : <==        Row: 7020, 멀티탭, 2 
17:36:17.954 DEBUG --- [http-nio-9000-exec-4] c.s.e.m.CategoryMapper.readCategory : <==      Total: 19 
17:49:51.944 DEBUG --- [http-nio-9000-exec-7] c.s.e.m.U.shopping_readUser : ==>  Preparing: SELECT user_id as username, user_password as password, user_name as name, user_address as address, user_phone as phone, user_email as email, user_point as point FROM user 
17:49:51.944 DEBUG --- [http-nio-9000-exec-7] c.s.e.m.U.shopping_readUser : ==> Parameters:  
17:49:51.945 TRACE --- [http-nio-9000-exec-7] c.s.e.m.U.shopping_readUser : <==    Columns: username, password, name, address, phone, email, point 
17:49:51.945 TRACE --- [http-nio-9000-exec-7] c.s.e.m.U.shopping_readUser : <==        Row: jy0935, 11111, 주문자1, 대구시 동구, 010-2354-8451, abc@naver.com, 50000 
17:49:51.945 TRACE --- [http-nio-9000-exec-7] c.s.e.m.U.shopping_readUser : <==        Row: jy1234, 356484, 주문자2, 대구시 서구, 010-1111-1234, abced@naver.com, 500000 
17:49:51.945 TRACE --- [http-nio-9000-exec-7] c.s.e.m.U.shopping_readUser : <==        Row: jy12345, 4234, 이모씨, 대구시 수성구, 010-1111-1234, fruit@naver.com, 1000 
17:49:51.945 TRACE --- [http-nio-9000-exec-7] c.s.e.m.U.shopping_readUser : <==        Row: jy1515, 33311, 김모씨, 대구시 중구, 010-7555-1234, jkjk@naver.com, 20000 
17:49:51.945 TRACE --- [http-nio-9000-exec-7] c.s.e.m.U.shopping_readUser : <==        Row: kkk333, 1523, 김모씨, 대구시 북구, 010-1111-1234, 123c@naver.com, 10000 
17:49:51.945 TRACE --- [http-nio-9000-exec-7] c.s.e.m.U.shopping_readUser : <==        Row: sef, 3423, 박모씨, 대구시 남구, 010-1111-1234, 123c@naver.com, 10000 
17:49:51.945 DEBUG --- [http-nio-9000-exec-7] c.s.e.m.U.shopping_readUser : <==      Total: 6 
17:49:53.582 DEBUG --- [http-nio-9000-exec-5] c.s.e.m.CategoryMapper.readCategory : ==>  Preparing: SELECT cg_id as id, cg_name as name, cg_product_count as product_count FROM category 
17:49:53.582 DEBUG --- [http-nio-9000-exec-5] c.s.e.m.CategoryMapper.readCategory : ==> Parameters:  
17:49:53.582 TRACE --- [http-nio-9000-exec-5] c.s.e.m.CategoryMapper.readCategory : <==    Columns: id, name, product_count 
17:49:53.582 TRACE --- [http-nio-9000-exec-5] c.s.e.m.CategoryMapper.readCategory : <==        Row: 0, 전체, 9999999 
17:49:53.582 TRACE --- [http-nio-9000-exec-5] c.s.e.m.CategoryMapper.readCategory : <==        Row: 20, 거실등, 4 
17:49:53.582 TRACE --- [http-nio-9000-exec-5] c.s.e.m.CategoryMapper.readCategory : <==        Row: 30, 식탁등, 4 
17:49:53.582 TRACE --- [http-nio-9000-exec-5] c.s.e.m.CategoryMapper.readCategory : <==        Row: 40, 방등, 4 
17:49:53.582 TRACE --- [http-nio-9000-exec-5] c.s.e.m.CategoryMapper.readCategory : <==        Row: 50, 주방등, 4 
17:49:53.582 TRACE --- [http-nio-9000-exec-5] c.s.e.m.CategoryMapper.readCategory : <==        Row: 60, 스탠드, 4 
17:49:53.582 TRACE --- [http-nio-9000-exec-5] c.s.e.m.CategoryMapper.readCategory : <==        Row: 70, 전기재료, 4 
17:49:53.582 TRACE --- [http-nio-9000-exec-5] c.s.e.m.CategoryMapper.readCategory : <==        Row: 2010, 거실등 30평형, 2 
17:49:53.582 TRACE --- [http-nio-9000-exec-5] c.s.e.m.CategoryMapper.readCategory : <==        Row: 2020, 거실등 40평형, 2 
17:49:53.582 TRACE --- [http-nio-9000-exec-5] c.s.e.m.CategoryMapper.readCategory : <==        Row: 3010, 소형 식탁등, 2 
17:49:53.582 TRACE --- [http-nio-9000-exec-5] c.s.e.m.CategoryMapper.readCategory : <==        Row: 3020, 대형 식탁등, 2 
17:49:53.582 TRACE --- [http-nio-9000-exec-5] c.s.e.m.CategoryMapper.readCategory : <==        Row: 4010, 소형 방등, 2 
17:49:53.582 TRACE --- [http-nio-9000-exec-5] c.s.e.m.CategoryMapper.readCategory : <==        Row: 4020, 대형 방등, 2 
17:49:53.582 TRACE --- [http-nio-9000-exec-5] c.s.e.m.CategoryMapper.readCategory : <==        Row: 5010, 싱크대, 2 
17:49:53.583 TRACE --- [http-nio-9000-exec-5] c.s.e.m.CategoryMapper.readCategory : <==        Row: 5020, 레일형, 2 
17:49:53.583 TRACE --- [http-nio-9000-exec-5] c.s.e.m.CategoryMapper.readCategory : <==        Row: 6010, LED스탠드, 2 
17:49:53.583 TRACE --- [http-nio-9000-exec-5] c.s.e.m.CategoryMapper.readCategory : <==        Row: 6020, 일반스탠드, 2 
17:49:53.583 TRACE --- [http-nio-9000-exec-5] c.s.e.m.CategoryMapper.readCategory : <==        Row: 7010, 2구스위치, 2 
17:49:53.583 TRACE --- [http-nio-9000-exec-5] c.s.e.m.CategoryMapper.readCategory : <==        Row: 7020, 멀티탭, 2 
17:49:53.583 DEBUG --- [http-nio-9000-exec-5] c.s.e.m.CategoryMapper.readCategory : <==      Total: 19 
17:54:00.842 DEBUG --- [http-nio-9000-exec-9] c.s.e.m.U.shopping_readUser : ==>  Preparing: SELECT user_id as username, user_password as password, user_name as name, user_address as address, user_phone as phone, user_email as email, user_point as point FROM user 
17:54:00.842 DEBUG --- [http-nio-9000-exec-9] c.s.e.m.U.shopping_readUser : ==> Parameters:  
17:54:00.842 TRACE --- [http-nio-9000-exec-9] c.s.e.m.U.shopping_readUser : <==    Columns: username, password, name, address, phone, email, point 
17:54:00.842 TRACE --- [http-nio-9000-exec-9] c.s.e.m.U.shopping_readUser : <==        Row: jy0935, 11111, 주문자1, 대구시 동구, 010-2354-8451, abc@naver.com, 50000 
17:54:00.842 TRACE --- [http-nio-9000-exec-9] c.s.e.m.U.shopping_readUser : <==        Row: jy1234, 356484, 주문자2, 대구시 서구, 010-1111-1234, abced@naver.com, 500000 
17:54:00.842 TRACE --- [http-nio-9000-exec-9] c.s.e.m.U.shopping_readUser : <==        Row: jy12345, 4234, 이모씨, 대구시 수성구, 010-1111-1234, fruit@naver.com, 1000 
17:54:00.842 TRACE --- [http-nio-9000-exec-9] c.s.e.m.U.shopping_readUser : <==        Row: jy1515, 33311, 김모씨, 대구시 중구, 010-7555-1234, jkjk@naver.com, 20000 
17:54:00.843 TRACE --- [http-nio-9000-exec-9] c.s.e.m.U.shopping_readUser : <==        Row: kkk333, 1523, 김모씨, 대구시 북구, 010-1111-1234, 123c@naver.com, 10000 
17:54:00.843 TRACE --- [http-nio-9000-exec-9] c.s.e.m.U.shopping_readUser : <==        Row: sef, 3423, 박모씨, 대구시 남구, 010-1111-1234, 123c@naver.com, 10000 
17:54:00.843 DEBUG --- [http-nio-9000-exec-9] c.s.e.m.U.shopping_readUser : <==      Total: 6 
17:54:02.045 DEBUG --- [http-nio-9000-exec-10] c.s.e.m.CategoryMapper.readCategory : ==>  Preparing: SELECT cg_id as id, cg_name as name, cg_product_count as product_count FROM category 
17:54:02.045 DEBUG --- [http-nio-9000-exec-10] c.s.e.m.CategoryMapper.readCategory : ==> Parameters:  
17:54:02.046 TRACE --- [http-nio-9000-exec-10] c.s.e.m.CategoryMapper.readCategory : <==    Columns: id, name, product_count 
17:54:02.046 TRACE --- [http-nio-9000-exec-10] c.s.e.m.CategoryMapper.readCategory : <==        Row: 0, 전체, 9999999 
17:54:02.046 TRACE --- [http-nio-9000-exec-10] c.s.e.m.CategoryMapper.readCategory : <==        Row: 20, 거실등, 4 
17:54:02.046 TRACE --- [http-nio-9000-exec-10] c.s.e.m.CategoryMapper.readCategory : <==        Row: 30, 식탁등, 4 
17:54:02.046 TRACE --- [http-nio-9000-exec-10] c.s.e.m.CategoryMapper.readCategory : <==        Row: 40, 방등, 4 
17:54:02.046 TRACE --- [http-nio-9000-exec-10] c.s.e.m.CategoryMapper.readCategory : <==        Row: 50, 주방등, 4 
17:54:02.046 TRACE --- [http-nio-9000-exec-10] c.s.e.m.CategoryMapper.readCategory : <==        Row: 60, 스탠드, 4 
17:54:02.046 TRACE --- [http-nio-9000-exec-10] c.s.e.m.CategoryMapper.readCategory : <==        Row: 70, 전기재료, 4 
17:54:02.046 TRACE --- [http-nio-9000-exec-10] c.s.e.m.CategoryMapper.readCategory : <==        Row: 2010, 거실등 30평형, 2 
17:54:02.046 TRACE --- [http-nio-9000-exec-10] c.s.e.m.CategoryMapper.readCategory : <==        Row: 2020, 거실등 40평형, 2 
17:54:02.046 TRACE --- [http-nio-9000-exec-10] c.s.e.m.CategoryMapper.readCategory : <==        Row: 3010, 소형 식탁등, 2 
17:54:02.046 TRACE --- [http-nio-9000-exec-10] c.s.e.m.CategoryMapper.readCategory : <==        Row: 3020, 대형 식탁등, 2 
17:54:02.046 TRACE --- [http-nio-9000-exec-10] c.s.e.m.CategoryMapper.readCategory : <==        Row: 4010, 소형 방등, 2 
17:54:02.046 TRACE --- [http-nio-9000-exec-10] c.s.e.m.CategoryMapper.readCategory : <==        Row: 4020, 대형 방등, 2 
17:54:02.046 TRACE --- [http-nio-9000-exec-10] c.s.e.m.CategoryMapper.readCategory : <==        Row: 5010, 싱크대, 2 
17:54:02.046 TRACE --- [http-nio-9000-exec-10] c.s.e.m.CategoryMapper.readCategory : <==        Row: 5020, 레일형, 2 
17:54:02.046 TRACE --- [http-nio-9000-exec-10] c.s.e.m.CategoryMapper.readCategory : <==        Row: 6010, LED스탠드, 2 
17:54:02.046 TRACE --- [http-nio-9000-exec-10] c.s.e.m.CategoryMapper.readCategory : <==        Row: 6020, 일반스탠드, 2 
17:54:02.046 TRACE --- [http-nio-9000-exec-10] c.s.e.m.CategoryMapper.readCategory : <==        Row: 7010, 2구스위치, 2 
17:54:02.046 TRACE --- [http-nio-9000-exec-10] c.s.e.m.CategoryMapper.readCategory : <==        Row: 7020, 멀티탭, 2 
17:54:02.046 DEBUG --- [http-nio-9000-exec-10] c.s.e.m.CategoryMapper.readCategory : <==      Total: 19 
