20:34:11.202 INFO  --- [main] c.s.example.ShoppingmallApplication : Starting ShoppingmallApplication on LAPTOP-9DTE2H8I with PID 16020 (C:\Users\taswp\shoppingmall\bin\main started by taswp in C:\Users\taswp\shoppingmall) 
20:34:11.208 DEBUG --- [main] c.s.example.ShoppingmallApplication : Running with Spring Boot v2.3.2.RELEASE, Spring v5.2.8.RELEASE 
20:34:11.208 INFO  --- [main] c.s.example.ShoppingmallApplication : The following profiles are active: local 
20:34:12.561 DEBUG --- [main] c.s.example.config.AuthTokenFilter : Filter 'authenticationJwtTokenFilter' configured for use 
20:34:13.104 INFO  --- [main] c.s.example.ShoppingmallApplication : Started ShoppingmallApplication in 2.36 seconds (JVM running for 3.176) 
20:35:07.290 DEBUG --- [http-nio-9000-exec-2] c.s.e.mapper.ProductMapper.ranking : ==>  Preparing: SELECT p_id as id, p_name as name, p_order_count as order_count, p_rank as rank FROM product 
20:35:07.290 DEBUG --- [http-nio-9000-exec-1] c.s.e.m.C.readCategory_name : ==>  Preparing: SELECT cg_name as name FROM category WHERE CHAR_LENGTH(cg_id) <= 2 
20:35:07.306 DEBUG --- [http-nio-9000-exec-1] c.s.e.m.C.readCategory_name : ==> Parameters:  
20:35:07.306 DEBUG --- [http-nio-9000-exec-2] c.s.e.mapper.ProductMapper.ranking : ==> Parameters:  
20:35:07.331 TRACE --- [http-nio-9000-exec-1] c.s.e.m.C.readCategory_name : <==    Columns: name 
20:35:07.331 TRACE --- [http-nio-9000-exec-2] c.s.e.mapper.ProductMapper.ranking : <==    Columns: id, name, order_count, rank 
20:35:07.331 TRACE --- [http-nio-9000-exec-1] c.s.e.m.C.readCategory_name : <==        Row: 전체 
20:35:07.331 TRACE --- [http-nio-9000-exec-2] c.s.e.mapper.ProductMapper.ranking : <==        Row: 1, 거실등 1, 30, null 
20:35:07.332 TRACE --- [http-nio-9000-exec-1] c.s.e.m.C.readCategory_name : <==        Row: 거실등 
20:35:07.332 TRACE --- [http-nio-9000-exec-2] c.s.e.mapper.ProductMapper.ranking : <==        Row: 2, 방등, 35, null 
20:35:07.333 TRACE --- [http-nio-9000-exec-2] c.s.e.mapper.ProductMapper.ranking : <==        Row: 3, 형광등 스탠드, 20, null 
20:35:07.333 TRACE --- [http-nio-9000-exec-1] c.s.e.m.C.readCategory_name : <==        Row: 식탁등 
20:35:07.333 TRACE --- [http-nio-9000-exec-1] c.s.e.m.C.readCategory_name : <==        Row: 방등 
20:35:07.333 TRACE --- [http-nio-9000-exec-2] c.s.e.mapper.ProductMapper.ranking : <==        Row: 4, 멀티탭, 5, null 
20:35:07.333 TRACE --- [http-nio-9000-exec-1] c.s.e.m.C.readCategory_name : <==        Row: 주방등 
20:35:07.333 TRACE --- [http-nio-9000-exec-2] c.s.e.mapper.ProductMapper.ranking : <==        Row: 5, 식탁등, 25, null 
20:35:07.333 TRACE --- [http-nio-9000-exec-1] c.s.e.m.C.readCategory_name : <==        Row: 스탠드 
20:35:07.333 TRACE --- [http-nio-9000-exec-1] c.s.e.m.C.readCategory_name : <==        Row: 전기재료 
20:35:07.333 TRACE --- [http-nio-9000-exec-2] c.s.e.mapper.ProductMapper.ranking : <==        Row: 6, 2구 스위치, 25, null 
20:35:07.333 DEBUG --- [http-nio-9000-exec-1] c.s.e.m.C.readCategory_name : <==      Total: 7 
20:35:07.333 TRACE --- [http-nio-9000-exec-2] c.s.e.mapper.ProductMapper.ranking : <==        Row: 7, LED 스탠드, 15, null 
20:35:07.333 TRACE --- [http-nio-9000-exec-2] c.s.e.mapper.ProductMapper.ranking : <==        Row: 8, 3구 스위치, 20, null 
20:35:07.334 TRACE --- [http-nio-9000-exec-2] c.s.e.mapper.ProductMapper.ranking : <==        Row: 9, 거실등 2, 10, null 
20:35:07.334 DEBUG --- [http-nio-9000-exec-2] c.s.e.mapper.ProductMapper.ranking : <==      Total: 9 
20:35:12.670 DEBUG --- [http-nio-9000-exec-4] c.s.e.m.CategoryMapper.findCg_id : ==>  Preparing: SELECT cg_id FROM category WHERE cg_name = ? 
20:35:12.670 DEBUG --- [http-nio-9000-exec-4] c.s.e.m.CategoryMapper.findCg_id : ==> Parameters: 거실등(String) 
20:35:12.672 TRACE --- [http-nio-9000-exec-4] c.s.e.m.CategoryMapper.findCg_id : <==    Columns: cg_id 
20:35:12.672 TRACE --- [http-nio-9000-exec-4] c.s.e.m.CategoryMapper.findCg_id : <==        Row: 20 
20:35:12.672 DEBUG --- [http-nio-9000-exec-4] c.s.e.m.CategoryMapper.findCg_id : <==      Total: 1 
20:35:12.673 DEBUG --- [http-nio-9000-exec-4] c.s.e.m.ProductMapper.lowCgData : ==>  Preparing: SELECT p_id as id, p_name as name, p_order_count as order_count, p_rank as rank FROM product, (SELECT cg_id as id FROM category WHERE cg_id LIKE CONCAT(?, '%')) ta1 where ta1.id = product.p_category 
20:35:12.673 DEBUG --- [http-nio-9000-exec-4] c.s.e.m.ProductMapper.lowCgData : ==> Parameters: 20(Integer) 
20:35:12.678 DEBUG --- [http-nio-9000-exec-4] c.s.e.m.ProductMapper.lowCgData : <==      Total: 0 
20:35:14.705 DEBUG --- [http-nio-9000-exec-5] c.s.e.m.CategoryMapper.findCg_id : ==>  Preparing: SELECT cg_id FROM category WHERE cg_name = ? 
20:35:14.705 DEBUG --- [http-nio-9000-exec-5] c.s.e.m.CategoryMapper.findCg_id : ==> Parameters: 방등(String) 
20:35:14.706 TRACE --- [http-nio-9000-exec-5] c.s.e.m.CategoryMapper.findCg_id : <==    Columns: cg_id 
20:35:14.706 TRACE --- [http-nio-9000-exec-5] c.s.e.m.CategoryMapper.findCg_id : <==        Row: 40 
20:35:14.706 DEBUG --- [http-nio-9000-exec-5] c.s.e.m.CategoryMapper.findCg_id : <==      Total: 1 
20:35:14.707 DEBUG --- [http-nio-9000-exec-5] c.s.e.m.ProductMapper.lowCgData : ==>  Preparing: SELECT p_id as id, p_name as name, p_order_count as order_count, p_rank as rank FROM product, (SELECT cg_id as id FROM category WHERE cg_id LIKE CONCAT(?, '%')) ta1 where ta1.id = product.p_category 
20:35:14.707 DEBUG --- [http-nio-9000-exec-5] c.s.e.m.ProductMapper.lowCgData : ==> Parameters: 40(Integer) 
20:35:14.708 DEBUG --- [http-nio-9000-exec-5] c.s.e.m.ProductMapper.lowCgData : <==      Total: 0 
20:35:16.498 DEBUG --- [http-nio-9000-exec-6] c.s.e.m.CategoryMapper.findCg_id : ==>  Preparing: SELECT cg_id FROM category WHERE cg_name = ? 
20:35:16.498 DEBUG --- [http-nio-9000-exec-6] c.s.e.m.CategoryMapper.findCg_id : ==> Parameters: 스탠드(String) 
20:35:16.499 TRACE --- [http-nio-9000-exec-6] c.s.e.m.CategoryMapper.findCg_id : <==    Columns: cg_id 
20:35:16.499 TRACE --- [http-nio-9000-exec-6] c.s.e.m.CategoryMapper.findCg_id : <==        Row: 60 
20:35:16.499 DEBUG --- [http-nio-9000-exec-6] c.s.e.m.CategoryMapper.findCg_id : <==      Total: 1 
20:35:16.500 DEBUG --- [http-nio-9000-exec-6] c.s.e.m.ProductMapper.lowCgData : ==>  Preparing: SELECT p_id as id, p_name as name, p_order_count as order_count, p_rank as rank FROM product, (SELECT cg_id as id FROM category WHERE cg_id LIKE CONCAT(?, '%')) ta1 where ta1.id = product.p_category 
20:35:16.500 DEBUG --- [http-nio-9000-exec-6] c.s.e.m.ProductMapper.lowCgData : ==> Parameters: 60(Integer) 
20:35:16.501 DEBUG --- [http-nio-9000-exec-6] c.s.e.m.ProductMapper.lowCgData : <==      Total: 0 
20:35:23.158 DEBUG --- [http-nio-9000-exec-7] c.s.e.m.CategoryMapper.findCg_id : ==>  Preparing: SELECT cg_id FROM category WHERE cg_name = ? 
20:35:23.159 DEBUG --- [http-nio-9000-exec-7] c.s.e.m.CategoryMapper.findCg_id : ==> Parameters: 전체(String) 
20:35:23.159 TRACE --- [http-nio-9000-exec-7] c.s.e.m.CategoryMapper.findCg_id : <==    Columns: cg_id 
20:35:23.159 TRACE --- [http-nio-9000-exec-7] c.s.e.m.CategoryMapper.findCg_id : <==        Row: 0 
20:35:23.160 DEBUG --- [http-nio-9000-exec-7] c.s.e.m.CategoryMapper.findCg_id : <==      Total: 1 
20:35:23.160 DEBUG --- [http-nio-9000-exec-7] c.s.e.m.ProductMapper.lowCgData_all : ==>  Preparing: SELECT p_id as id, p_name as name, p_order_count as order_count, p_rank as rank FROM product 
20:35:23.161 DEBUG --- [http-nio-9000-exec-7] c.s.e.m.ProductMapper.lowCgData_all : ==> Parameters:  
20:35:23.161 TRACE --- [http-nio-9000-exec-7] c.s.e.m.ProductMapper.lowCgData_all : <==    Columns: id, name, order_count, rank 
20:35:23.161 TRACE --- [http-nio-9000-exec-7] c.s.e.m.ProductMapper.lowCgData_all : <==        Row: 1, 거실등 1, 30, null 
20:35:23.162 TRACE --- [http-nio-9000-exec-7] c.s.e.m.ProductMapper.lowCgData_all : <==        Row: 2, 방등, 35, null 
20:35:23.162 TRACE --- [http-nio-9000-exec-7] c.s.e.m.ProductMapper.lowCgData_all : <==        Row: 3, 형광등 스탠드, 20, null 
20:35:23.162 TRACE --- [http-nio-9000-exec-7] c.s.e.m.ProductMapper.lowCgData_all : <==        Row: 4, 멀티탭, 5, null 
20:35:23.162 TRACE --- [http-nio-9000-exec-7] c.s.e.m.ProductMapper.lowCgData_all : <==        Row: 5, 식탁등, 25, null 
20:35:23.162 TRACE --- [http-nio-9000-exec-7] c.s.e.m.ProductMapper.lowCgData_all : <==        Row: 6, 2구 스위치, 25, null 
20:35:23.163 TRACE --- [http-nio-9000-exec-7] c.s.e.m.ProductMapper.lowCgData_all : <==        Row: 7, LED 스탠드, 15, null 
20:35:23.164 TRACE --- [http-nio-9000-exec-7] c.s.e.m.ProductMapper.lowCgData_all : <==        Row: 8, 3구 스위치, 20, null 
20:35:23.164 TRACE --- [http-nio-9000-exec-7] c.s.e.m.ProductMapper.lowCgData_all : <==        Row: 9, 거실등 2, 10, null 
20:35:23.164 DEBUG --- [http-nio-9000-exec-7] c.s.e.m.ProductMapper.lowCgData_all : <==      Total: 9 
20:37:58.671 DEBUG --- [http-nio-9000-exec-10] c.s.e.m.U.shopping_readUser : ==>  Preparing: SELECT user_id as username, user_password as password, user_name as name, user_address as address, user_phone as phone, user_email as email, user_point as point FROM user 
20:37:58.671 DEBUG --- [http-nio-9000-exec-10] c.s.e.m.U.shopping_readUser : ==> Parameters:  
20:37:58.672 TRACE --- [http-nio-9000-exec-10] c.s.e.m.U.shopping_readUser : <==    Columns: username, password, name, address, phone, email, point 
20:37:58.672 TRACE --- [http-nio-9000-exec-10] c.s.e.m.U.shopping_readUser : <==        Row: jy0935, 11111, 주문자1, 대구시 동구, 010-2354-8451, abc@naver.com, 5000 
20:37:58.673 TRACE --- [http-nio-9000-exec-10] c.s.e.m.U.shopping_readUser : <==        Row: jy1234, 356484, 주문자2, 대구시 서구, 010-1111-1234, abced@naver.com, 500000 
20:37:58.673 TRACE --- [http-nio-9000-exec-10] c.s.e.m.U.shopping_readUser : <==        Row: jy12345, 4234, 이모씨, 대구시 수성구, 010-1111-1234, fruit@naver.com, 1000 
20:37:58.673 TRACE --- [http-nio-9000-exec-10] c.s.e.m.U.shopping_readUser : <==        Row: jy1515, 33311, 김모씨, 대구시 중구, 010-7555-1234, jkjk@naver.com, 20000 
20:37:58.673 TRACE --- [http-nio-9000-exec-10] c.s.e.m.U.shopping_readUser : <==        Row: kkk333, 1523, 김모씨, 대구시 북구, 010-1111-1234, 123c@naver.com, 10000 
20:37:58.673 TRACE --- [http-nio-9000-exec-10] c.s.e.m.U.shopping_readUser : <==        Row: zzsfdx15, 3423, 박모씨, 대구시 남구, 010-1111-1234, 123c@naver.com, 10000 
20:37:58.673 DEBUG --- [http-nio-9000-exec-10] c.s.e.m.U.shopping_readUser : <==      Total: 6 
20:38:01.701 DEBUG --- [http-nio-9000-exec-2] c.s.e.mapper.OrderMapper.readOrder : ==>  Preparing: SELECT ta.o_id, o_date, SUM(tb.od_count*tb.od_price) o_total_price, o_state, user_id, GROUP_CONCAT( tc.p_name SEPARATOR ', ') p_total_name FROM orders ta LEFT JOIN order_detail tb ON(ta.o_id = tb.o_id) LEFT JOIN product tc ON(tb.p_id = tc.p_id) GROUP BY o_id 
20:38:01.701 DEBUG --- [http-nio-9000-exec-2] c.s.e.mapper.OrderMapper.readOrder : ==> Parameters:  
20:38:01.709 TRACE --- [http-nio-9000-exec-2] c.s.e.mapper.OrderMapper.readOrder : <==    Columns: o_id, o_date, o_total_price, o_state, user_id, p_total_name 
20:38:01.710 TRACE --- [http-nio-9000-exec-2] c.s.e.mapper.OrderMapper.readOrder : <==        Row: 1, 2020-12-23, 820000, 배송중, jy0935, <<BLOB>> 
20:38:01.711 TRACE --- [http-nio-9000-exec-2] c.s.e.mapper.OrderMapper.readOrder : <==        Row: 2, 2020-12-25, 810000, 배송완료, jy1234, <<BLOB>> 
20:38:01.712 TRACE --- [http-nio-9000-exec-2] c.s.e.mapper.OrderMapper.readOrder : <==        Row: 3, 2021-01-16, 210000, 배송중, jy0935, <<BLOB>> 
20:38:01.713 TRACE --- [http-nio-9000-exec-2] c.s.e.mapper.OrderMapper.readOrder : <==        Row: 4, 2021-02-16, 230000, 배송완료, jy0935, <<BLOB>> 
20:38:01.713 TRACE --- [http-nio-9000-exec-2] c.s.e.mapper.OrderMapper.readOrder : <==        Row: 5, 2021-03-16, 900000, 배송준비중, jy0935, <<BLOB>> 
20:38:01.713 TRACE --- [http-nio-9000-exec-2] c.s.e.mapper.OrderMapper.readOrder : <==        Row: 6, 2019-02-16, 140000, 배송완료, jy1234, <<BLOB>> 
20:38:01.714 TRACE --- [http-nio-9000-exec-2] c.s.e.mapper.OrderMapper.readOrder : <==        Row: 7, 2020-12-28, 50000, 배송완료, jy1234, <<BLOB>> 
20:38:01.714 DEBUG --- [http-nio-9000-exec-2] c.s.e.mapper.OrderMapper.readOrder : <==      Total: 7 
20:38:02.476 DEBUG --- [http-nio-9000-exec-1] c.s.e.m.CategoryMapper.readCategory : ==>  Preparing: SELECT cg_id, cg_name as name, cg_product_count as product_count FROM category 
20:38:02.476 DEBUG --- [http-nio-9000-exec-1] c.s.e.m.CategoryMapper.readCategory : ==> Parameters:  
20:38:02.478 TRACE --- [http-nio-9000-exec-1] c.s.e.m.CategoryMapper.readCategory : <==    Columns: cg_id, name, product_count 
20:38:02.478 TRACE --- [http-nio-9000-exec-1] c.s.e.m.CategoryMapper.readCategory : <==        Row: 0, 전체, 9999999 
20:38:02.478 TRACE --- [http-nio-9000-exec-1] c.s.e.m.CategoryMapper.readCategory : <==        Row: 20, 거실등, 4 
20:38:02.478 TRACE --- [http-nio-9000-exec-1] c.s.e.m.CategoryMapper.readCategory : <==        Row: 30, 식탁등, 4 
20:38:02.478 TRACE --- [http-nio-9000-exec-1] c.s.e.m.CategoryMapper.readCategory : <==        Row: 40, 방등, 4 
20:38:02.478 TRACE --- [http-nio-9000-exec-1] c.s.e.m.CategoryMapper.readCategory : <==        Row: 50, 주방등, 4 
20:38:02.479 TRACE --- [http-nio-9000-exec-1] c.s.e.m.CategoryMapper.readCategory : <==        Row: 60, 스탠드, 4 
20:38:02.479 TRACE --- [http-nio-9000-exec-1] c.s.e.m.CategoryMapper.readCategory : <==        Row: 70, 전기재료, 4 
20:38:02.479 TRACE --- [http-nio-9000-exec-1] c.s.e.m.CategoryMapper.readCategory : <==        Row: 2011, 거실등 30평형, 2 
20:38:02.479 TRACE --- [http-nio-9000-exec-1] c.s.e.m.CategoryMapper.readCategory : <==        Row: 2012, 거실등 40평형, 2 
20:38:02.479 TRACE --- [http-nio-9000-exec-1] c.s.e.m.CategoryMapper.readCategory : <==        Row: 3011, 소형 식탁등, 2 
20:38:02.479 TRACE --- [http-nio-9000-exec-1] c.s.e.m.CategoryMapper.readCategory : <==        Row: 3012, 중형 식탁등, 2 
20:38:02.479 TRACE --- [http-nio-9000-exec-1] c.s.e.m.CategoryMapper.readCategory : <==        Row: 4011, 소형 방등, 2 
20:38:02.480 TRACE --- [http-nio-9000-exec-1] c.s.e.m.CategoryMapper.readCategory : <==        Row: 4012, 대형 방등, 2 
20:38:02.480 TRACE --- [http-nio-9000-exec-1] c.s.e.m.CategoryMapper.readCategory : <==        Row: 5011, 싱크대, 2 
20:38:02.480 TRACE --- [http-nio-9000-exec-1] c.s.e.m.CategoryMapper.readCategory : <==        Row: 5012, 레일형, 2 
20:38:02.480 TRACE --- [http-nio-9000-exec-1] c.s.e.m.CategoryMapper.readCategory : <==        Row: 6011, LED스탠드, 2 
20:38:02.480 TRACE --- [http-nio-9000-exec-1] c.s.e.m.CategoryMapper.readCategory : <==        Row: 6012, 일반스탠드, 2 
20:38:02.480 TRACE --- [http-nio-9000-exec-1] c.s.e.m.CategoryMapper.readCategory : <==        Row: 7011, 2구스위치, 2 
20:38:02.480 TRACE --- [http-nio-9000-exec-1] c.s.e.m.CategoryMapper.readCategory : <==        Row: 7012, 멀티탭, 2 
20:38:02.480 DEBUG --- [http-nio-9000-exec-1] c.s.e.m.CategoryMapper.readCategory : <==      Total: 19 
20:38:03.471 DEBUG --- [http-nio-9000-exec-3] c.s.e.m.P.readAllProduct : ==>  Preparing: SELECT product.p_id as id, p_name as name, p_price as price, p_order_count as order_count, p_views as views, p_category as category, p_quantity as quantity, pi_unique as image, p_text as text FROM product JOIN product_img ON (product.p_id = product_img.p_id); 
20:38:03.472 DEBUG --- [http-nio-9000-exec-3] c.s.e.m.P.readAllProduct : ==> Parameters:  
20:38:03.473 TRACE --- [http-nio-9000-exec-3] c.s.e.m.P.readAllProduct : <==    Columns: id, name, price, order_count, views, category, quantity, image, text 
20:38:03.473 TRACE --- [http-nio-9000-exec-3] c.s.e.m.P.readAllProduct : <==        Row: 1, 거실등 1, 200000, 30, 5, 2010, 3, 20210209_1658426, <<BLOB>> 
20:38:03.474 TRACE --- [http-nio-9000-exec-3] c.s.e.m.P.readAllProduct : <==        Row: 2, 방등, 70000, 35, 4, 4010, 2, 20210208_1235562, <<BLOB>> 
20:38:03.474 TRACE --- [http-nio-9000-exec-3] c.s.e.m.P.readAllProduct : <==        Row: 3, 형광등 스탠드, 70000, 20, 2, 6020, 3, 20210205_1622562, <<BLOB>> 
20:38:03.474 TRACE --- [http-nio-9000-exec-3] c.s.e.m.P.readAllProduct : <==        Row: 4, 멀티탭, 5000, 5, 2, 7020, 5, 20210205_1622522, <<BLOB>> 
20:38:03.474 TRACE --- [http-nio-9000-exec-3] c.s.e.m.P.readAllProduct : <==        Row: 5, 식탁등, 150000, 25, 3, 3010, 5, 20210209_1635562, <<BLOB>> 
20:38:03.475 TRACE --- [http-nio-9000-exec-3] c.s.e.m.P.readAllProduct : <==        Row: 6, 2구 스위치, 10000, 25, 3, 7010, 4, 20210209_1545351, <<BLOB>> 
20:38:03.475 TRACE --- [http-nio-9000-exec-3] c.s.e.m.P.readAllProduct : <==        Row: 7, LED 스탠드, 100000, 15, 2, 6010, 3, 20210210_1635562, <<BLOB>> 
20:38:03.475 TRACE --- [http-nio-9000-exec-3] c.s.e.m.P.readAllProduct : <==        Row: 8, 3구 스위치, 50000, 20, 0, 7030, 6, 20210208_1635562, <<BLOB>> 
20:38:03.475 TRACE --- [http-nio-9000-exec-3] c.s.e.m.P.readAllProduct : <==        Row: 9, 거실등 2, 600000, 10, 0, 2010, 5, 20210209_1659745, <<BLOB>> 
20:38:03.476 DEBUG --- [http-nio-9000-exec-3] c.s.e.m.P.readAllProduct : <==      Total: 9 
20:38:08.885 DEBUG --- [http-nio-9000-exec-4] c.s.e.mapper.ProductMapper.ranking : ==>  Preparing: SELECT p_id as id, p_name as name, p_order_count as order_count, p_rank as rank FROM product 
20:38:08.885 DEBUG --- [http-nio-9000-exec-5] c.s.e.m.C.readCategory_name : ==>  Preparing: SELECT cg_name as name FROM category WHERE CHAR_LENGTH(cg_id) <= 2 
20:38:08.885 DEBUG --- [http-nio-9000-exec-4] c.s.e.mapper.ProductMapper.ranking : ==> Parameters:  
20:38:08.885 DEBUG --- [http-nio-9000-exec-5] c.s.e.m.C.readCategory_name : ==> Parameters:  
20:38:08.886 TRACE --- [http-nio-9000-exec-4] c.s.e.mapper.ProductMapper.ranking : <==    Columns: id, name, order_count, rank 
20:38:08.886 TRACE --- [http-nio-9000-exec-4] c.s.e.mapper.ProductMapper.ranking : <==        Row: 1, 거실등 1, 30, null 
20:38:08.886 TRACE --- [http-nio-9000-exec-4] c.s.e.mapper.ProductMapper.ranking : <==        Row: 2, 방등, 35, null 
20:38:08.886 TRACE --- [http-nio-9000-exec-5] c.s.e.m.C.readCategory_name : <==    Columns: name 
20:38:08.886 TRACE --- [http-nio-9000-exec-5] c.s.e.m.C.readCategory_name : <==        Row: 전체 
20:38:08.886 TRACE --- [http-nio-9000-exec-4] c.s.e.mapper.ProductMapper.ranking : <==        Row: 3, 형광등 스탠드, 20, null 
20:38:08.887 TRACE --- [http-nio-9000-exec-4] c.s.e.mapper.ProductMapper.ranking : <==        Row: 4, 멀티탭, 5, null 
20:38:08.887 TRACE --- [http-nio-9000-exec-5] c.s.e.m.C.readCategory_name : <==        Row: 거실등 
20:38:08.887 TRACE --- [http-nio-9000-exec-5] c.s.e.m.C.readCategory_name : <==        Row: 식탁등 
20:38:08.887 TRACE --- [http-nio-9000-exec-4] c.s.e.mapper.ProductMapper.ranking : <==        Row: 5, 식탁등, 25, null 
20:38:08.887 TRACE --- [http-nio-9000-exec-5] c.s.e.m.C.readCategory_name : <==        Row: 방등 
20:38:08.887 TRACE --- [http-nio-9000-exec-4] c.s.e.mapper.ProductMapper.ranking : <==        Row: 6, 2구 스위치, 25, null 
20:38:08.887 TRACE --- [http-nio-9000-exec-5] c.s.e.m.C.readCategory_name : <==        Row: 주방등 
20:38:08.887 TRACE --- [http-nio-9000-exec-4] c.s.e.mapper.ProductMapper.ranking : <==        Row: 7, LED 스탠드, 15, null 
20:38:08.887 TRACE --- [http-nio-9000-exec-5] c.s.e.m.C.readCategory_name : <==        Row: 스탠드 
20:38:08.887 TRACE --- [http-nio-9000-exec-4] c.s.e.mapper.ProductMapper.ranking : <==        Row: 8, 3구 스위치, 20, null 
20:38:08.887 TRACE --- [http-nio-9000-exec-5] c.s.e.m.C.readCategory_name : <==        Row: 전기재료 
20:38:08.887 TRACE --- [http-nio-9000-exec-4] c.s.e.mapper.ProductMapper.ranking : <==        Row: 9, 거실등 2, 10, null 
20:38:08.887 DEBUG --- [http-nio-9000-exec-5] c.s.e.m.C.readCategory_name : <==      Total: 7 
20:38:08.887 DEBUG --- [http-nio-9000-exec-4] c.s.e.mapper.ProductMapper.ranking : <==      Total: 9 
20:38:46.816 DEBUG --- [http-nio-9000-exec-6] c.s.e.m.U.shopping_readUser : ==>  Preparing: SELECT user_id as username, user_password as password, user_name as name, user_address as address, user_phone as phone, user_email as email, user_point as point FROM user 
20:38:46.816 DEBUG --- [http-nio-9000-exec-6] c.s.e.m.U.shopping_readUser : ==> Parameters:  
20:38:46.817 TRACE --- [http-nio-9000-exec-6] c.s.e.m.U.shopping_readUser : <==    Columns: username, password, name, address, phone, email, point 
20:38:46.817 TRACE --- [http-nio-9000-exec-6] c.s.e.m.U.shopping_readUser : <==        Row: jy0935, 11111, 주문자1, 대구시 동구, 010-2354-8451, abc@naver.com, 5000 
20:38:46.818 TRACE --- [http-nio-9000-exec-6] c.s.e.m.U.shopping_readUser : <==        Row: jy1234, 356484, 주문자2, 대구시 서구, 010-1111-1234, abced@naver.com, 500000 
20:38:46.818 TRACE --- [http-nio-9000-exec-6] c.s.e.m.U.shopping_readUser : <==        Row: jy12345, 4234, 이모씨, 대구시 수성구, 010-1111-1234, fruit@naver.com, 1000 
20:38:46.818 TRACE --- [http-nio-9000-exec-6] c.s.e.m.U.shopping_readUser : <==        Row: jy1515, 33311, 김모씨, 대구시 중구, 010-7555-1234, jkjk@naver.com, 20000 
20:38:46.818 TRACE --- [http-nio-9000-exec-6] c.s.e.m.U.shopping_readUser : <==        Row: kkk333, 1523, 김모씨, 대구시 북구, 010-1111-1234, 123c@naver.com, 10000 
20:38:46.818 TRACE --- [http-nio-9000-exec-6] c.s.e.m.U.shopping_readUser : <==        Row: zzsfdx15, 3423, 박모씨, 대구시 남구, 010-1111-1234, 123c@naver.com, 10000 
20:38:46.818 DEBUG --- [http-nio-9000-exec-6] c.s.e.m.U.shopping_readUser : <==      Total: 6 
20:38:48.170 DEBUG --- [http-nio-9000-exec-7] c.s.e.mapper.OrderMapper.readOrder : ==>  Preparing: SELECT ta.o_id, o_date, SUM(tb.od_count*tb.od_price) o_total_price, o_state, user_id, GROUP_CONCAT( tc.p_name SEPARATOR ', ') p_total_name FROM orders ta LEFT JOIN order_detail tb ON(ta.o_id = tb.o_id) LEFT JOIN product tc ON(tb.p_id = tc.p_id) GROUP BY o_id 
20:38:48.170 DEBUG --- [http-nio-9000-exec-7] c.s.e.mapper.OrderMapper.readOrder : ==> Parameters:  
20:38:48.171 TRACE --- [http-nio-9000-exec-7] c.s.e.mapper.OrderMapper.readOrder : <==    Columns: o_id, o_date, o_total_price, o_state, user_id, p_total_name 
20:38:48.171 TRACE --- [http-nio-9000-exec-7] c.s.e.mapper.OrderMapper.readOrder : <==        Row: 1, 2020-12-23, 820000, 배송중, jy0935, <<BLOB>> 
20:38:48.172 TRACE --- [http-nio-9000-exec-7] c.s.e.mapper.OrderMapper.readOrder : <==        Row: 2, 2020-12-25, 810000, 배송완료, jy1234, <<BLOB>> 
20:38:48.172 TRACE --- [http-nio-9000-exec-7] c.s.e.mapper.OrderMapper.readOrder : <==        Row: 3, 2021-01-16, 210000, 배송중, jy0935, <<BLOB>> 
20:38:48.173 TRACE --- [http-nio-9000-exec-7] c.s.e.mapper.OrderMapper.readOrder : <==        Row: 4, 2021-02-16, 230000, 배송완료, jy0935, <<BLOB>> 
20:38:48.173 TRACE --- [http-nio-9000-exec-7] c.s.e.mapper.OrderMapper.readOrder : <==        Row: 5, 2021-03-16, 900000, 배송준비중, jy0935, <<BLOB>> 
20:38:48.174 TRACE --- [http-nio-9000-exec-7] c.s.e.mapper.OrderMapper.readOrder : <==        Row: 6, 2019-02-16, 140000, 배송완료, jy1234, <<BLOB>> 
20:38:48.174 TRACE --- [http-nio-9000-exec-7] c.s.e.mapper.OrderMapper.readOrder : <==        Row: 7, 2020-12-28, 50000, 배송완료, jy1234, <<BLOB>> 
20:38:48.174 DEBUG --- [http-nio-9000-exec-7] c.s.e.mapper.OrderMapper.readOrder : <==      Total: 7 
20:38:48.950 DEBUG --- [http-nio-9000-exec-8] c.s.e.m.CategoryMapper.readCategory : ==>  Preparing: SELECT cg_id, cg_name as name, cg_product_count as product_count FROM category 
20:38:48.951 DEBUG --- [http-nio-9000-exec-8] c.s.e.m.CategoryMapper.readCategory : ==> Parameters:  
20:38:48.951 TRACE --- [http-nio-9000-exec-8] c.s.e.m.CategoryMapper.readCategory : <==    Columns: cg_id, name, product_count 
20:38:48.951 TRACE --- [http-nio-9000-exec-8] c.s.e.m.CategoryMapper.readCategory : <==        Row: 0, 전체, 9999999 
20:38:48.952 TRACE --- [http-nio-9000-exec-8] c.s.e.m.CategoryMapper.readCategory : <==        Row: 20, 거실등, 4 
20:38:48.952 TRACE --- [http-nio-9000-exec-8] c.s.e.m.CategoryMapper.readCategory : <==        Row: 30, 식탁등, 4 
20:38:48.952 TRACE --- [http-nio-9000-exec-8] c.s.e.m.CategoryMapper.readCategory : <==        Row: 40, 방등, 4 
20:38:48.952 TRACE --- [http-nio-9000-exec-8] c.s.e.m.CategoryMapper.readCategory : <==        Row: 50, 주방등, 4 
20:38:48.952 TRACE --- [http-nio-9000-exec-8] c.s.e.m.CategoryMapper.readCategory : <==        Row: 60, 스탠드, 4 
20:38:48.952 TRACE --- [http-nio-9000-exec-8] c.s.e.m.CategoryMapper.readCategory : <==        Row: 70, 전기재료, 4 
20:38:48.952 TRACE --- [http-nio-9000-exec-8] c.s.e.m.CategoryMapper.readCategory : <==        Row: 2011, 거실등 30평형, 2 
20:38:48.952 TRACE --- [http-nio-9000-exec-8] c.s.e.m.CategoryMapper.readCategory : <==        Row: 2012, 거실등 40평형, 2 
20:38:48.952 TRACE --- [http-nio-9000-exec-8] c.s.e.m.CategoryMapper.readCategory : <==        Row: 3011, 소형 식탁등, 2 
20:38:48.952 TRACE --- [http-nio-9000-exec-8] c.s.e.m.CategoryMapper.readCategory : <==        Row: 3012, 중형 식탁등, 2 
20:38:48.952 TRACE --- [http-nio-9000-exec-8] c.s.e.m.CategoryMapper.readCategory : <==        Row: 4011, 소형 방등, 2 
20:38:48.952 TRACE --- [http-nio-9000-exec-8] c.s.e.m.CategoryMapper.readCategory : <==        Row: 4012, 대형 방등, 2 
20:38:48.952 TRACE --- [http-nio-9000-exec-8] c.s.e.m.CategoryMapper.readCategory : <==        Row: 5011, 싱크대, 2 
20:38:48.952 TRACE --- [http-nio-9000-exec-8] c.s.e.m.CategoryMapper.readCategory : <==        Row: 5012, 레일형, 2 
20:38:48.953 TRACE --- [http-nio-9000-exec-8] c.s.e.m.CategoryMapper.readCategory : <==        Row: 6011, LED스탠드, 2 
20:38:48.953 TRACE --- [http-nio-9000-exec-8] c.s.e.m.CategoryMapper.readCategory : <==        Row: 6012, 일반스탠드, 2 
20:38:48.953 TRACE --- [http-nio-9000-exec-8] c.s.e.m.CategoryMapper.readCategory : <==        Row: 7011, 2구스위치, 2 
20:38:48.953 TRACE --- [http-nio-9000-exec-8] c.s.e.m.CategoryMapper.readCategory : <==        Row: 7012, 멀티탭, 2 
20:38:48.953 DEBUG --- [http-nio-9000-exec-8] c.s.e.m.CategoryMapper.readCategory : <==      Total: 19 
20:38:49.773 DEBUG --- [http-nio-9000-exec-9] c.s.e.m.P.readAllProduct : ==>  Preparing: SELECT product.p_id as id, p_name as name, p_price as price, p_order_count as order_count, p_views as views, p_category as category, p_quantity as quantity, pi_unique as image, p_text as text FROM product JOIN product_img ON (product.p_id = product_img.p_id); 
20:38:49.774 DEBUG --- [http-nio-9000-exec-9] c.s.e.m.P.readAllProduct : ==> Parameters:  
20:38:49.775 TRACE --- [http-nio-9000-exec-9] c.s.e.m.P.readAllProduct : <==    Columns: id, name, price, order_count, views, category, quantity, image, text 
20:38:49.775 TRACE --- [http-nio-9000-exec-9] c.s.e.m.P.readAllProduct : <==        Row: 1, 거실등 1, 200000, 30, 5, 2010, 3, 20210209_1658426, <<BLOB>> 
20:38:49.775 TRACE --- [http-nio-9000-exec-9] c.s.e.m.P.readAllProduct : <==        Row: 2, 방등, 70000, 35, 4, 4010, 2, 20210208_1235562, <<BLOB>> 
20:38:49.775 TRACE --- [http-nio-9000-exec-9] c.s.e.m.P.readAllProduct : <==        Row: 3, 형광등 스탠드, 70000, 20, 2, 6020, 3, 20210205_1622562, <<BLOB>> 
20:38:49.776 TRACE --- [http-nio-9000-exec-9] c.s.e.m.P.readAllProduct : <==        Row: 4, 멀티탭, 5000, 5, 2, 7020, 5, 20210205_1622522, <<BLOB>> 
20:38:49.776 TRACE --- [http-nio-9000-exec-9] c.s.e.m.P.readAllProduct : <==        Row: 5, 식탁등, 150000, 25, 3, 3010, 5, 20210209_1635562, <<BLOB>> 
20:38:49.776 TRACE --- [http-nio-9000-exec-9] c.s.e.m.P.readAllProduct : <==        Row: 6, 2구 스위치, 10000, 25, 3, 7010, 4, 20210209_1545351, <<BLOB>> 
20:38:49.776 TRACE --- [http-nio-9000-exec-9] c.s.e.m.P.readAllProduct : <==        Row: 7, LED 스탠드, 100000, 15, 2, 6010, 3, 20210210_1635562, <<BLOB>> 
20:38:49.777 TRACE --- [http-nio-9000-exec-9] c.s.e.m.P.readAllProduct : <==        Row: 8, 3구 스위치, 50000, 20, 0, 7030, 6, 20210208_1635562, <<BLOB>> 
20:38:49.778 TRACE --- [http-nio-9000-exec-9] c.s.e.m.P.readAllProduct : <==        Row: 9, 거실등 2, 600000, 10, 0, 2010, 5, 20210209_1659745, <<BLOB>> 
20:38:49.778 DEBUG --- [http-nio-9000-exec-9] c.s.e.m.P.readAllProduct : <==      Total: 9 
20:38:52.725 DEBUG --- [http-nio-9000-exec-10] c.s.e.m.CategoryMapper.readCategory : ==>  Preparing: SELECT cg_id, cg_name as name, cg_product_count as product_count FROM category 
20:38:52.725 DEBUG --- [http-nio-9000-exec-10] c.s.e.m.CategoryMapper.readCategory : ==> Parameters:  
20:38:52.726 TRACE --- [http-nio-9000-exec-10] c.s.e.m.CategoryMapper.readCategory : <==    Columns: cg_id, name, product_count 
20:38:52.726 TRACE --- [http-nio-9000-exec-10] c.s.e.m.CategoryMapper.readCategory : <==        Row: 0, 전체, 9999999 
20:38:52.726 TRACE --- [http-nio-9000-exec-10] c.s.e.m.CategoryMapper.readCategory : <==        Row: 20, 거실등, 4 
20:38:52.726 TRACE --- [http-nio-9000-exec-10] c.s.e.m.CategoryMapper.readCategory : <==        Row: 30, 식탁등, 4 
20:38:52.726 TRACE --- [http-nio-9000-exec-10] c.s.e.m.CategoryMapper.readCategory : <==        Row: 40, 방등, 4 
20:38:52.726 TRACE --- [http-nio-9000-exec-10] c.s.e.m.CategoryMapper.readCategory : <==        Row: 50, 주방등, 4 
20:38:52.726 TRACE --- [http-nio-9000-exec-10] c.s.e.m.CategoryMapper.readCategory : <==        Row: 60, 스탠드, 4 
20:38:52.726 TRACE --- [http-nio-9000-exec-10] c.s.e.m.CategoryMapper.readCategory : <==        Row: 70, 전기재료, 4 
20:38:52.726 TRACE --- [http-nio-9000-exec-10] c.s.e.m.CategoryMapper.readCategory : <==        Row: 2011, 거실등 30평형, 2 
20:38:52.726 TRACE --- [http-nio-9000-exec-10] c.s.e.m.CategoryMapper.readCategory : <==        Row: 2012, 거실등 40평형, 2 
20:38:52.726 TRACE --- [http-nio-9000-exec-10] c.s.e.m.CategoryMapper.readCategory : <==        Row: 3011, 소형 식탁등, 2 
20:38:52.726 TRACE --- [http-nio-9000-exec-10] c.s.e.m.CategoryMapper.readCategory : <==        Row: 3012, 중형 식탁등, 2 
20:38:52.726 TRACE --- [http-nio-9000-exec-10] c.s.e.m.CategoryMapper.readCategory : <==        Row: 4011, 소형 방등, 2 
20:38:52.726 TRACE --- [http-nio-9000-exec-10] c.s.e.m.CategoryMapper.readCategory : <==        Row: 4012, 대형 방등, 2 
20:38:52.727 TRACE --- [http-nio-9000-exec-10] c.s.e.m.CategoryMapper.readCategory : <==        Row: 5011, 싱크대, 2 
20:38:52.727 TRACE --- [http-nio-9000-exec-10] c.s.e.m.CategoryMapper.readCategory : <==        Row: 5012, 레일형, 2 
20:38:52.727 TRACE --- [http-nio-9000-exec-10] c.s.e.m.CategoryMapper.readCategory : <==        Row: 6011, LED스탠드, 2 
20:38:52.727 TRACE --- [http-nio-9000-exec-10] c.s.e.m.CategoryMapper.readCategory : <==        Row: 6012, 일반스탠드, 2 
20:38:52.727 TRACE --- [http-nio-9000-exec-10] c.s.e.m.CategoryMapper.readCategory : <==        Row: 7011, 2구스위치, 2 
20:38:52.727 TRACE --- [http-nio-9000-exec-10] c.s.e.m.CategoryMapper.readCategory : <==        Row: 7012, 멀티탭, 2 
20:38:52.727 DEBUG --- [http-nio-9000-exec-10] c.s.e.m.CategoryMapper.readCategory : <==      Total: 19 
20:38:54.320 DEBUG --- [http-nio-9000-exec-1] c.s.e.m.C.readCategory_name : ==>  Preparing: SELECT cg_name as name FROM category WHERE CHAR_LENGTH(cg_id) <= 2 
20:38:54.320 DEBUG --- [http-nio-9000-exec-2] c.s.e.mapper.ProductMapper.ranking : ==>  Preparing: SELECT p_id as id, p_name as name, p_order_count as order_count, p_rank as rank FROM product 
20:38:54.320 DEBUG --- [http-nio-9000-exec-2] c.s.e.mapper.ProductMapper.ranking : ==> Parameters:  
20:38:54.320 DEBUG --- [http-nio-9000-exec-1] c.s.e.m.C.readCategory_name : ==> Parameters:  
20:38:54.322 TRACE --- [http-nio-9000-exec-2] c.s.e.mapper.ProductMapper.ranking : <==    Columns: id, name, order_count, rank 
20:38:54.322 TRACE --- [http-nio-9000-exec-1] c.s.e.m.C.readCategory_name : <==    Columns: name 
20:38:54.322 TRACE --- [http-nio-9000-exec-2] c.s.e.mapper.ProductMapper.ranking : <==        Row: 1, 거실등 1, 30, null 
20:38:54.322 TRACE --- [http-nio-9000-exec-1] c.s.e.m.C.readCategory_name : <==        Row: 전체 
20:38:54.323 TRACE --- [http-nio-9000-exec-1] c.s.e.m.C.readCategory_name : <==        Row: 거실등 
20:38:54.323 TRACE --- [http-nio-9000-exec-2] c.s.e.mapper.ProductMapper.ranking : <==        Row: 2, 방등, 35, null 
20:38:54.323 TRACE --- [http-nio-9000-exec-1] c.s.e.m.C.readCategory_name : <==        Row: 식탁등 
20:38:54.323 TRACE --- [http-nio-9000-exec-1] c.s.e.m.C.readCategory_name : <==        Row: 방등 
20:38:54.323 TRACE --- [http-nio-9000-exec-2] c.s.e.mapper.ProductMapper.ranking : <==        Row: 3, 형광등 스탠드, 20, null 
20:38:54.323 TRACE --- [http-nio-9000-exec-1] c.s.e.m.C.readCategory_name : <==        Row: 주방등 
20:38:54.323 TRACE --- [http-nio-9000-exec-2] c.s.e.mapper.ProductMapper.ranking : <==        Row: 4, 멀티탭, 5, null 
20:38:54.323 TRACE --- [http-nio-9000-exec-1] c.s.e.m.C.readCategory_name : <==        Row: 스탠드 
20:38:54.323 TRACE --- [http-nio-9000-exec-1] c.s.e.m.C.readCategory_name : <==        Row: 전기재료 
20:38:54.323 TRACE --- [http-nio-9000-exec-2] c.s.e.mapper.ProductMapper.ranking : <==        Row: 5, 식탁등, 25, null 
20:38:54.323 DEBUG --- [http-nio-9000-exec-1] c.s.e.m.C.readCategory_name : <==      Total: 7 
20:38:54.323 TRACE --- [http-nio-9000-exec-2] c.s.e.mapper.ProductMapper.ranking : <==        Row: 6, 2구 스위치, 25, null 
20:38:54.323 TRACE --- [http-nio-9000-exec-2] c.s.e.mapper.ProductMapper.ranking : <==        Row: 7, LED 스탠드, 15, null 
20:38:54.323 TRACE --- [http-nio-9000-exec-2] c.s.e.mapper.ProductMapper.ranking : <==        Row: 8, 3구 스위치, 20, null 
20:38:54.324 TRACE --- [http-nio-9000-exec-2] c.s.e.mapper.ProductMapper.ranking : <==        Row: 9, 거실등 2, 10, null 
20:38:54.324 DEBUG --- [http-nio-9000-exec-2] c.s.e.mapper.ProductMapper.ranking : <==      Total: 9 
