21:32:00.981 INFO  --- [main] c.s.example.ShoppingmallApplication : Starting ShoppingmallApplication on LAPTOP-9DTE2H8I with PID 12596 (C:\Users\taswp\shoppingmall\bin\main started by taswp in C:\Users\taswp\shoppingmall) 
21:32:00.988 DEBUG --- [main] c.s.example.ShoppingmallApplication : Running with Spring Boot v2.3.2.RELEASE, Spring v5.2.8.RELEASE 
21:32:00.988 INFO  --- [main] c.s.example.ShoppingmallApplication : The following profiles are active: local 
21:32:02.551 DEBUG --- [main] c.s.example.config.AuthTokenFilter : Filter 'authenticationJwtTokenFilter' configured for use 
21:32:03.070 INFO  --- [main] c.s.example.ShoppingmallApplication : Started ShoppingmallApplication in 2.487 seconds (JVM running for 3.307) 
21:32:15.819 DEBUG --- [http-nio-9000-exec-1] c.s.e.m.U.shopping_readUser : ==>  Preparing: SELECT user_id as username, user_password as password, user_name as name, user_address as address, user_phone as phone, user_email as email, user_point as point FROM user 
21:32:15.836 DEBUG --- [http-nio-9000-exec-1] c.s.e.m.U.shopping_readUser : ==> Parameters:  
21:32:15.849 TRACE --- [http-nio-9000-exec-1] c.s.e.m.U.shopping_readUser : <==    Columns: username, password, name, address, phone, email, point 
21:32:15.850 TRACE --- [http-nio-9000-exec-1] c.s.e.m.U.shopping_readUser : <==        Row: jy0935, $2a$10$w.e6J3Syz9ImcY5VxbTvI.s4Izi8z/nY6s5Yr.fAUPZSbPO/D.0AS, 주문자1, 대구시 동구, 010-2345-5416, abc@naver.com, 1000 
21:32:15.851 TRACE --- [http-nio-9000-exec-1] c.s.e.m.U.shopping_readUser : <==        Row: jy1234, 1234, 주문자2, 대구시 서구, 010-1111-1234, abced@naver.com, 500000 
21:32:15.851 TRACE --- [http-nio-9000-exec-1] c.s.e.m.U.shopping_readUser : <==        Row: jy12345, 4234, 이모씨, 대구시 수성구, 010-1111-1234, fruit@naver.com, 1000 
21:32:15.852 TRACE --- [http-nio-9000-exec-1] c.s.e.m.U.shopping_readUser : <==        Row: jy1515, 33311, 김모씨, 대구시 중구, 010-7555-1234, jkjk@naver.com, 20000 
21:32:15.852 TRACE --- [http-nio-9000-exec-1] c.s.e.m.U.shopping_readUser : <==        Row: kkk333, 1523, 김모씨, 대구시 북구, 010-1111-1234, 123c@naver.com, 10000 
21:32:15.852 DEBUG --- [http-nio-9000-exec-1] c.s.e.m.U.shopping_readUser : <==      Total: 5 
21:32:16.472 DEBUG --- [http-nio-9000-exec-2] c.s.e.mapper.PointMapper.read_point : ==>  Preparing: SELECT user_id as username, user_name as name, po_content as content, po_point as point, po_total_point as total_point, po_date as date FROM point 
21:32:16.472 DEBUG --- [http-nio-9000-exec-2] c.s.e.mapper.PointMapper.read_point : ==> Parameters:  
21:32:16.473 TRACE --- [http-nio-9000-exec-2] c.s.e.mapper.PointMapper.read_point : <==    Columns: username, name, content, point, total_point, date 
21:32:16.473 TRACE --- [http-nio-9000-exec-2] c.s.e.mapper.PointMapper.read_point : <==        Row: jy0935, 주문자1, 회원가입 축하, 1000, 1000, 20210101_1530429 
21:32:16.474 TRACE --- [http-nio-9000-exec-2] c.s.e.mapper.PointMapper.read_point : <==        Row: jy1234, 주문자2, 회원가입 축하, 1000, 1000, 20210101_1936429 
21:32:16.474 TRACE --- [http-nio-9000-exec-2] c.s.e.mapper.PointMapper.read_point : <==        Row: jy1234, 주문자2, 테스트 1, 1000, 2000, 20210221_1936429 
21:32:16.474 TRACE --- [http-nio-9000-exec-2] c.s.e.mapper.PointMapper.read_point : <==        Row: jy1234, 주문자2, 테스트 21, 1000, 3000, 20210310_1936429 
21:32:16.474 TRACE --- [http-nio-9000-exec-2] c.s.e.mapper.PointMapper.read_point : <==        Row: jy0935, 주문자1, 테스트33, 1000, 2000, 20210321_1936429 
21:32:16.474 TRACE --- [http-nio-9000-exec-2] c.s.e.mapper.PointMapper.read_point : <==        Row: jy0935, 주문자1, 테스트333, 50000, 52000, 20210321_2111538 
21:32:16.475 TRACE --- [http-nio-9000-exec-2] c.s.e.mapper.PointMapper.read_point : <==        Row: jy1234, 주문자2, 포인트 테스트, 2500, 5500, 20210321_211217 
21:32:16.475 DEBUG --- [http-nio-9000-exec-2] c.s.e.mapper.PointMapper.read_point : <==      Total: 7 
21:32:29.266 DEBUG --- [http-nio-9000-exec-4] c.s.e.mapper.PointMapper.checkId : ==>  Preparing: SELECT user_id as username FROM user WHERE user_id = ? 
21:32:29.267 DEBUG --- [http-nio-9000-exec-4] c.s.e.mapper.PointMapper.checkId : ==> Parameters: jy0935(String) 
21:32:29.268 TRACE --- [http-nio-9000-exec-4] c.s.e.mapper.PointMapper.checkId : <==    Columns: username 
21:32:29.268 TRACE --- [http-nio-9000-exec-4] c.s.e.mapper.PointMapper.checkId : <==        Row: jy0935 
21:32:29.268 DEBUG --- [http-nio-9000-exec-4] c.s.e.mapper.PointMapper.checkId : <==      Total: 1 
21:32:29.269 DEBUG --- [http-nio-9000-exec-4] c.s.e.m.PointMapper.sumPointById : ==>  Preparing: SELECT sum(po_point) as total_point, user_name as name FROM point WHERE user_id = ? 
21:32:29.269 DEBUG --- [http-nio-9000-exec-4] c.s.e.m.PointMapper.sumPointById : ==> Parameters: jy0935(String) 
21:32:29.270 TRACE --- [http-nio-9000-exec-4] c.s.e.m.PointMapper.sumPointById : <==    Columns: total_point, name 
21:32:29.270 TRACE --- [http-nio-9000-exec-4] c.s.e.m.PointMapper.sumPointById : <==        Row: 52000, 주문자1 
21:32:29.270 DEBUG --- [http-nio-9000-exec-4] c.s.e.m.PointMapper.sumPointById : <==      Total: 1 
21:32:29.271 DEBUG --- [http-nio-9000-exec-4] c.s.e.m.PointMapper.createPoint : ==>  Preparing: INSERT INTO point( user_id, user_name, po_content, po_point, po_total_point, po_date ) VALUES( ?, ?, ?, ?, ?, ? ) 
21:32:29.271 DEBUG --- [http-nio-9000-exec-4] c.s.e.m.PointMapper.createPoint : ==> Parameters: jy0935(String), 주문자1(String), 테스트111(String), 5000(String), 57000(String), 20210322_2132270(String) 
21:32:29.274 DEBUG --- [http-nio-9000-exec-4] c.s.e.m.PointMapper.createPoint : <==    Updates: 1 
21:32:29.335 DEBUG --- [http-nio-9000-exec-5] c.s.e.mapper.PointMapper.read_point : ==>  Preparing: SELECT user_id as username, user_name as name, po_content as content, po_point as point, po_total_point as total_point, po_date as date FROM point 
21:32:29.335 DEBUG --- [http-nio-9000-exec-5] c.s.e.mapper.PointMapper.read_point : ==> Parameters:  
21:32:29.336 TRACE --- [http-nio-9000-exec-5] c.s.e.mapper.PointMapper.read_point : <==    Columns: username, name, content, point, total_point, date 
21:32:29.336 TRACE --- [http-nio-9000-exec-5] c.s.e.mapper.PointMapper.read_point : <==        Row: jy0935, 주문자1, 회원가입 축하, 1000, 1000, 20210101_1530429 
21:32:29.336 TRACE --- [http-nio-9000-exec-5] c.s.e.mapper.PointMapper.read_point : <==        Row: jy1234, 주문자2, 회원가입 축하, 1000, 1000, 20210101_1936429 
21:32:29.337 TRACE --- [http-nio-9000-exec-5] c.s.e.mapper.PointMapper.read_point : <==        Row: jy1234, 주문자2, 테스트 1, 1000, 2000, 20210221_1936429 
21:32:29.337 TRACE --- [http-nio-9000-exec-5] c.s.e.mapper.PointMapper.read_point : <==        Row: jy1234, 주문자2, 테스트 21, 1000, 3000, 20210310_1936429 
21:32:29.337 TRACE --- [http-nio-9000-exec-5] c.s.e.mapper.PointMapper.read_point : <==        Row: jy0935, 주문자1, 테스트33, 1000, 2000, 20210321_1936429 
21:32:29.337 TRACE --- [http-nio-9000-exec-5] c.s.e.mapper.PointMapper.read_point : <==        Row: jy0935, 주문자1, 테스트333, 50000, 52000, 20210321_2111538 
21:32:29.338 TRACE --- [http-nio-9000-exec-5] c.s.e.mapper.PointMapper.read_point : <==        Row: jy1234, 주문자2, 포인트 테스트, 2500, 5500, 20210321_211217 
21:32:29.338 TRACE --- [http-nio-9000-exec-5] c.s.e.mapper.PointMapper.read_point : <==        Row: jy0935, 주문자1, 테스트111, 5000, 57000, 20210322_2132270 
21:32:29.339 DEBUG --- [http-nio-9000-exec-5] c.s.e.mapper.PointMapper.read_point : <==      Total: 8 
21:32:40.406 DEBUG --- [http-nio-9000-exec-6] c.s.e.m.U.shopping_readUser : ==>  Preparing: SELECT user_id as username, user_password as password, user_name as name, user_address as address, user_phone as phone, user_email as email, user_point as point FROM user 
21:32:40.406 DEBUG --- [http-nio-9000-exec-6] c.s.e.m.U.shopping_readUser : ==> Parameters:  
21:32:40.407 TRACE --- [http-nio-9000-exec-6] c.s.e.m.U.shopping_readUser : <==    Columns: username, password, name, address, phone, email, point 
21:32:40.407 TRACE --- [http-nio-9000-exec-6] c.s.e.m.U.shopping_readUser : <==        Row: jy0935, $2a$10$w.e6J3Syz9ImcY5VxbTvI.s4Izi8z/nY6s5Yr.fAUPZSbPO/D.0AS, 주문자1, 대구시 동구, 010-2345-5416, abc@naver.com, 1000 
21:32:40.407 TRACE --- [http-nio-9000-exec-6] c.s.e.m.U.shopping_readUser : <==        Row: jy1234, 1234, 주문자2, 대구시 서구, 010-1111-1234, abced@naver.com, 500000 
21:32:40.408 TRACE --- [http-nio-9000-exec-6] c.s.e.m.U.shopping_readUser : <==        Row: jy12345, 4234, 이모씨, 대구시 수성구, 010-1111-1234, fruit@naver.com, 1000 
21:32:40.408 TRACE --- [http-nio-9000-exec-6] c.s.e.m.U.shopping_readUser : <==        Row: jy1515, 33311, 김모씨, 대구시 중구, 010-7555-1234, jkjk@naver.com, 20000 
21:32:40.408 TRACE --- [http-nio-9000-exec-6] c.s.e.m.U.shopping_readUser : <==        Row: kkk333, 1523, 김모씨, 대구시 북구, 010-1111-1234, 123c@naver.com, 10000 
21:32:40.408 DEBUG --- [http-nio-9000-exec-6] c.s.e.m.U.shopping_readUser : <==      Total: 5 
21:32:42.000 DEBUG --- [http-nio-9000-exec-7] c.s.e.m.P.readAllProduct : ==>  Preparing: SELECT product.p_id as id, p_name as name, p_price as price, p_order_count as order_count, p_views as views, p_category as category, p_quantity as quantity, pi_unique as image, p_text as text FROM product JOIN product_img ON (product.p_id = product_img.p_id); 
21:32:42.000 DEBUG --- [http-nio-9000-exec-7] c.s.e.m.P.readAllProduct : ==> Parameters:  
21:32:42.003 TRACE --- [http-nio-9000-exec-7] c.s.e.m.P.readAllProduct : <==    Columns: id, name, price, order_count, views, category, quantity, image, text 
21:32:42.003 TRACE --- [http-nio-9000-exec-7] c.s.e.m.P.readAllProduct : <==        Row: 1, 거실등 1, 200000, 30, 5, 2011, 3, 20210209_1658426, <<BLOB>> 
21:32:42.004 TRACE --- [http-nio-9000-exec-7] c.s.e.m.P.readAllProduct : <==        Row: 2, 방등, 70000, 35, 4, 4011, 2, 20210208_1235562, <<BLOB>> 
21:32:42.004 TRACE --- [http-nio-9000-exec-7] c.s.e.m.P.readAllProduct : <==        Row: 3, 형광등 스탠드, 70000, 20, 2, 6021, 3, 20210205_1622562, <<BLOB>> 
21:32:42.004 TRACE --- [http-nio-9000-exec-7] c.s.e.m.P.readAllProduct : <==        Row: 4, 멀티탭, 5000, 5, 2, 7012, 5, 20210205_1622522, <<BLOB>> 
21:32:42.004 TRACE --- [http-nio-9000-exec-7] c.s.e.m.P.readAllProduct : <==        Row: 5, 식탁등, 150000, 25, 3, 3011, 5, 20210209_1635562, <<BLOB>> 
21:32:42.005 TRACE --- [http-nio-9000-exec-7] c.s.e.m.P.readAllProduct : <==        Row: 6, 2구 스위치, 10000, 25, 3, 7011, 4, 20210209_1545351, <<BLOB>> 
21:32:42.005 TRACE --- [http-nio-9000-exec-7] c.s.e.m.P.readAllProduct : <==        Row: 7, LED 스탠드, 100000, 15, 2, 6011, 3, 20210210_1635562, <<BLOB>> 
21:32:42.005 TRACE --- [http-nio-9000-exec-7] c.s.e.m.P.readAllProduct : <==        Row: 8, 3구 스위치, 50000, 20, 0, 7013, 6, 20210208_1635562, <<BLOB>> 
21:32:42.006 TRACE --- [http-nio-9000-exec-7] c.s.e.m.P.readAllProduct : <==        Row: 9, 거실등 2, 600000, 10, 0, 2011, 5, 20210209_1659745, <<BLOB>> 
21:32:42.007 DEBUG --- [http-nio-9000-exec-7] c.s.e.m.P.readAllProduct : <==      Total: 9 
21:32:43.084 DEBUG --- [http-nio-9000-exec-8] c.s.e.m.CategoryMapper.readCategory : ==>  Preparing: SELECT cg_id, cg_name as name, cg_product_count as product_count FROM category 
21:32:43.084 DEBUG --- [http-nio-9000-exec-8] c.s.e.m.CategoryMapper.readCategory : ==> Parameters:  
21:32:43.085 TRACE --- [http-nio-9000-exec-8] c.s.e.m.CategoryMapper.readCategory : <==    Columns: cg_id, name, product_count 
21:32:43.085 TRACE --- [http-nio-9000-exec-8] c.s.e.m.CategoryMapper.readCategory : <==        Row: 0, 전체, 9999999 
21:32:43.086 TRACE --- [http-nio-9000-exec-8] c.s.e.m.CategoryMapper.readCategory : <==        Row: 20, 거실등, 4 
21:32:43.086 TRACE --- [http-nio-9000-exec-8] c.s.e.m.CategoryMapper.readCategory : <==        Row: 30, 식탁등, 4 
21:32:43.086 TRACE --- [http-nio-9000-exec-8] c.s.e.m.CategoryMapper.readCategory : <==        Row: 40, 방등, 4 
21:32:43.086 TRACE --- [http-nio-9000-exec-8] c.s.e.m.CategoryMapper.readCategory : <==        Row: 50, 주방등, 4 
21:32:43.086 TRACE --- [http-nio-9000-exec-8] c.s.e.m.CategoryMapper.readCategory : <==        Row: 60, 스탠드, 4 
21:32:43.086 TRACE --- [http-nio-9000-exec-8] c.s.e.m.CategoryMapper.readCategory : <==        Row: 70, 전기재료, 4 
21:32:43.086 TRACE --- [http-nio-9000-exec-8] c.s.e.m.CategoryMapper.readCategory : <==        Row: 2011, 거실등 30평형, 2 
21:32:43.086 TRACE --- [http-nio-9000-exec-8] c.s.e.m.CategoryMapper.readCategory : <==        Row: 2012, 거실등 40평형, 2 
21:32:43.086 TRACE --- [http-nio-9000-exec-8] c.s.e.m.CategoryMapper.readCategory : <==        Row: 3011, 소형 식탁등, 2 
21:32:43.087 TRACE --- [http-nio-9000-exec-8] c.s.e.m.CategoryMapper.readCategory : <==        Row: 3012, 중형 식탁등, 2 
21:32:43.087 TRACE --- [http-nio-9000-exec-8] c.s.e.m.CategoryMapper.readCategory : <==        Row: 4011, 소형 방등, 2 
21:32:43.087 TRACE --- [http-nio-9000-exec-8] c.s.e.m.CategoryMapper.readCategory : <==        Row: 4012, 대형 방등, 2 
21:32:43.087 TRACE --- [http-nio-9000-exec-8] c.s.e.m.CategoryMapper.readCategory : <==        Row: 5011, 싱크대, 2 
21:32:43.087 TRACE --- [http-nio-9000-exec-8] c.s.e.m.CategoryMapper.readCategory : <==        Row: 5012, 레일형, 2 
21:32:43.087 TRACE --- [http-nio-9000-exec-8] c.s.e.m.CategoryMapper.readCategory : <==        Row: 6011, LED스탠드, 2 
21:32:43.088 TRACE --- [http-nio-9000-exec-8] c.s.e.m.CategoryMapper.readCategory : <==        Row: 6012, 일반스탠드, 2 
21:32:43.088 TRACE --- [http-nio-9000-exec-8] c.s.e.m.CategoryMapper.readCategory : <==        Row: 7011, 2구스위치, 2 
21:32:43.088 TRACE --- [http-nio-9000-exec-8] c.s.e.m.CategoryMapper.readCategory : <==        Row: 7012, 멀티탭, 2 
21:32:43.088 TRACE --- [http-nio-9000-exec-8] c.s.e.m.CategoryMapper.readCategory : <==        Row: 7013, 3구스위치, 2 
21:32:43.088 DEBUG --- [http-nio-9000-exec-8] c.s.e.m.CategoryMapper.readCategory : <==      Total: 20 
21:32:44.207 DEBUG --- [http-nio-9000-exec-9] c.s.e.mapper.OrderMapper.readOrder : ==>  Preparing: SELECT ta.o_id, o_date, SUM(tb.od_count*tb.od_price) o_total_price, o_state, user_id, GROUP_CONCAT( tc.p_name SEPARATOR ', ') p_total_name FROM orders ta LEFT JOIN order_detail tb ON(ta.o_id = tb.o_id) LEFT JOIN product tc ON(tb.p_id = tc.p_id) GROUP BY o_id 
21:32:44.207 DEBUG --- [http-nio-9000-exec-9] c.s.e.mapper.OrderMapper.readOrder : ==> Parameters:  
21:32:44.210 TRACE --- [http-nio-9000-exec-9] c.s.e.mapper.OrderMapper.readOrder : <==    Columns: o_id, o_date, o_total_price, o_state, user_id, p_total_name 
21:32:44.210 TRACE --- [http-nio-9000-exec-9] c.s.e.mapper.OrderMapper.readOrder : <==        Row: 1, 2020-12-23, 820000, 배송중, jy0935, <<BLOB>> 
21:32:44.211 TRACE --- [http-nio-9000-exec-9] c.s.e.mapper.OrderMapper.readOrder : <==        Row: 2, 2020-12-25, 810000, 배송완료, jy1234, <<BLOB>> 
21:32:44.211 TRACE --- [http-nio-9000-exec-9] c.s.e.mapper.OrderMapper.readOrder : <==        Row: 3, 2021-01-16, 210000, 배송중, jy0935, <<BLOB>> 
21:32:44.212 TRACE --- [http-nio-9000-exec-9] c.s.e.mapper.OrderMapper.readOrder : <==        Row: 4, 2021-02-16, 230000, 배송완료, jy0935, <<BLOB>> 
21:32:44.212 TRACE --- [http-nio-9000-exec-9] c.s.e.mapper.OrderMapper.readOrder : <==        Row: 5, 2021-03-16, 900000, 배송준비중, jy0935, <<BLOB>> 
21:32:44.212 TRACE --- [http-nio-9000-exec-9] c.s.e.mapper.OrderMapper.readOrder : <==        Row: 6, 2019-02-16, 140000, 배송완료, jy1234, <<BLOB>> 
21:32:44.213 TRACE --- [http-nio-9000-exec-9] c.s.e.mapper.OrderMapper.readOrder : <==        Row: 7, 2020-12-28, 50000, 배송완료, jy1234, <<BLOB>> 
21:32:44.214 DEBUG --- [http-nio-9000-exec-9] c.s.e.mapper.OrderMapper.readOrder : <==      Total: 7 
21:32:47.263 DEBUG --- [http-nio-9000-exec-10] c.s.e.m.ProductMapper.lowCgData_all : ==>  Preparing: SELECT ta.p_id AS id, tb.p_name as name, sum(ta.od_count) AS order_count, tb.p_rank AS rank FROM order_detail ta LEFT JOIN product tb ON tb.p_id = ta.p_id group by ta.p_id 
21:32:47.264 DEBUG --- [http-nio-9000-exec-1] c.s.e.m.C.readCategory_name : ==>  Preparing: SELECT cg_name as name FROM category WHERE CHAR_LENGTH(cg_id) <= 2 
21:32:47.264 DEBUG --- [http-nio-9000-exec-10] c.s.e.m.ProductMapper.lowCgData_all : ==> Parameters:  
21:32:47.264 DEBUG --- [http-nio-9000-exec-1] c.s.e.m.C.readCategory_name : ==> Parameters:  
21:32:47.265 TRACE --- [http-nio-9000-exec-1] c.s.e.m.C.readCategory_name : <==    Columns: name 
21:32:47.265 TRACE --- [http-nio-9000-exec-1] c.s.e.m.C.readCategory_name : <==        Row: 전체 
21:32:47.265 TRACE --- [http-nio-9000-exec-10] c.s.e.m.ProductMapper.lowCgData_all : <==    Columns: id, name, order_count, rank 
21:32:47.265 TRACE --- [http-nio-9000-exec-10] c.s.e.m.ProductMapper.lowCgData_all : <==        Row: 1, 거실등 1, 6, null 
21:32:47.265 TRACE --- [http-nio-9000-exec-1] c.s.e.m.C.readCategory_name : <==        Row: 거실등 
21:32:47.265 TRACE --- [http-nio-9000-exec-1] c.s.e.m.C.readCategory_name : <==        Row: 식탁등 
21:32:47.265 TRACE --- [http-nio-9000-exec-10] c.s.e.m.ProductMapper.lowCgData_all : <==        Row: 2, 방등, 5, null 
21:32:47.265 TRACE --- [http-nio-9000-exec-1] c.s.e.m.C.readCategory_name : <==        Row: 방등 
21:32:47.265 TRACE --- [http-nio-9000-exec-1] c.s.e.m.C.readCategory_name : <==        Row: 주방등 
21:32:47.265 TRACE --- [http-nio-9000-exec-10] c.s.e.m.ProductMapper.lowCgData_all : <==        Row: 3, 형광등 스탠드, 9, null 
21:32:47.265 TRACE --- [http-nio-9000-exec-1] c.s.e.m.C.readCategory_name : <==        Row: 스탠드 
21:32:47.266 TRACE --- [http-nio-9000-exec-1] c.s.e.m.C.readCategory_name : <==        Row: 전기재료 
21:32:47.266 TRACE --- [http-nio-9000-exec-10] c.s.e.m.ProductMapper.lowCgData_all : <==        Row: 4, 멀티탭, 10, null 
21:32:47.266 DEBUG --- [http-nio-9000-exec-1] c.s.e.m.C.readCategory_name : <==      Total: 7 
21:32:47.266 TRACE --- [http-nio-9000-exec-10] c.s.e.m.ProductMapper.lowCgData_all : <==        Row: 5, 식탁등, 6, null 
21:32:47.266 TRACE --- [http-nio-9000-exec-10] c.s.e.m.ProductMapper.lowCgData_all : <==        Row: 6, 2구 스위치, 3, null 
21:32:47.266 DEBUG --- [http-nio-9000-exec-10] c.s.e.m.ProductMapper.lowCgData_all : <==      Total: 6 
21:32:54.145 INFO  --- [http-nio-9000-exec-3] c.s.e.controller.AuthController : testLoginRequest [username=jy0935, password=1234] 
21:32:54.222 DEBUG --- [http-nio-9000-exec-3] c.s.e.mapper.UserMapper.readUser : ==>  Preparing: SELECT user_id as username, user_password as password, user_name as name, user_phone as phone, user_email as email, user_isAccountNonExpired as isAccountNonExpired, user_isAccountNonLocked as isAccountNonLocked, user_isCredentialNonExpired as isCredentialsNonExpired, user_isEnabled as isEnabled FROM user WHERE 1=1 AND user_id = ? 
21:32:54.222 DEBUG --- [http-nio-9000-exec-3] c.s.e.mapper.UserMapper.readUser : ==> Parameters: jy0935(String) 
21:32:54.223 TRACE --- [http-nio-9000-exec-3] c.s.e.mapper.UserMapper.readUser : <==    Columns: username, password, name, phone, email, isAccountNonExpired, isAccountNonLocked, isCredentialsNonExpired, isEnabled 
21:32:54.224 TRACE --- [http-nio-9000-exec-3] c.s.e.mapper.UserMapper.readUser : <==        Row: jy0935, $2a$10$w.e6J3Syz9ImcY5VxbTvI.s4Izi8z/nY6s5Yr.fAUPZSbPO/D.0AS, 주문자1, 010-2345-5416, abc@naver.com, 1, 1, 1, 1 
21:32:54.224 DEBUG --- [http-nio-9000-exec-3] c.s.e.mapper.UserMapper.readUser : <==      Total: 1 
21:32:54.224 DEBUG --- [http-nio-9000-exec-3] c.s.e.m.UserMapper.readAuthorities : ==>  Preparing: SELECT user_auth FROM userauth WHERE 1=1 AND user_id = ? 
21:32:54.225 DEBUG --- [http-nio-9000-exec-3] c.s.e.m.UserMapper.readAuthorities : ==> Parameters: jy0935(String) 
21:32:54.225 TRACE --- [http-nio-9000-exec-3] c.s.e.m.UserMapper.readAuthorities : <==    Columns: user_auth 
21:32:54.225 TRACE --- [http-nio-9000-exec-3] c.s.e.m.UserMapper.readAuthorities : <==        Row: ROLE_ADMIN 
21:32:54.226 TRACE --- [http-nio-9000-exec-3] c.s.e.m.UserMapper.readAuthorities : <==        Row: ROLE_USER 
21:32:54.226 DEBUG --- [http-nio-9000-exec-3] c.s.e.m.UserMapper.readAuthorities : <==      Total: 2 
21:32:54.595 INFO  --- [http-nio-9000-exec-3] c.s.e.controller.AuthController : ddddUser [username=jy0935, password=$2a$10$w.e6J3Syz9ImcY5VxbTvI.s4Izi8z/nY6s5Yr.fAUPZSbPO/D.0AS, name=주문자1, phone=010-2345-5416, uDateTime=null, authorities=[ROLE_ADMIN, ROLE_USER], isAccountNonExpired=true, isAccountNonLocked=true, isCredentialsNonExpired=true, isEnabled=true] 
21:34:20.945 DEBUG --- [http-nio-9000-exec-6] c.s.e.m.U.shopping_readUser : ==>  Preparing: SELECT user_id as username, user_password as password, user_name as name, user_address as address, user_phone as phone, user_email as email, user_point as point FROM user 
21:34:20.945 DEBUG --- [http-nio-9000-exec-6] c.s.e.m.U.shopping_readUser : ==> Parameters:  
21:34:20.946 TRACE --- [http-nio-9000-exec-6] c.s.e.m.U.shopping_readUser : <==    Columns: username, password, name, address, phone, email, point 
21:34:20.946 TRACE --- [http-nio-9000-exec-6] c.s.e.m.U.shopping_readUser : <==        Row: jy0935, $2a$10$w.e6J3Syz9ImcY5VxbTvI.s4Izi8z/nY6s5Yr.fAUPZSbPO/D.0AS, 주문자1, 대구시 동구, 010-2345-5416, abc@naver.com, 1000 
21:34:20.946 TRACE --- [http-nio-9000-exec-6] c.s.e.m.U.shopping_readUser : <==        Row: jy1234, 1234, 주문자2, 대구시 서구, 010-1111-1234, abced@naver.com, 500000 
21:34:20.946 TRACE --- [http-nio-9000-exec-6] c.s.e.m.U.shopping_readUser : <==        Row: jy12345, 4234, 이모씨, 대구시 수성구, 010-1111-1234, fruit@naver.com, 1000 
21:34:20.946 TRACE --- [http-nio-9000-exec-6] c.s.e.m.U.shopping_readUser : <==        Row: jy1515, 33311, 김모씨, 대구시 중구, 010-7555-1234, jkjk@naver.com, 20000 
21:34:20.946 TRACE --- [http-nio-9000-exec-6] c.s.e.m.U.shopping_readUser : <==        Row: kkk333, 1523, 김모씨, 대구시 북구, 010-1111-1234, 123c@naver.com, 10000 
21:34:20.946 DEBUG --- [http-nio-9000-exec-6] c.s.e.m.U.shopping_readUser : <==      Total: 5 
21:34:21.665 DEBUG --- [http-nio-9000-exec-7] c.s.e.mapper.PointMapper.read_point : ==>  Preparing: SELECT user_id as username, user_name as name, po_content as content, po_point as point, po_total_point as total_point, po_date as date FROM point 
21:34:21.665 DEBUG --- [http-nio-9000-exec-7] c.s.e.mapper.PointMapper.read_point : ==> Parameters:  
21:34:21.666 TRACE --- [http-nio-9000-exec-7] c.s.e.mapper.PointMapper.read_point : <==    Columns: username, name, content, point, total_point, date 
21:34:21.666 TRACE --- [http-nio-9000-exec-7] c.s.e.mapper.PointMapper.read_point : <==        Row: jy0935, 주문자1, 회원가입 축하, 1000, 1000, 20210101_1530429 
21:34:21.667 TRACE --- [http-nio-9000-exec-7] c.s.e.mapper.PointMapper.read_point : <==        Row: jy1234, 주문자2, 회원가입 축하, 1000, 1000, 20210101_1936429 
21:34:21.667 TRACE --- [http-nio-9000-exec-7] c.s.e.mapper.PointMapper.read_point : <==        Row: jy1234, 주문자2, 테스트 1, 1000, 2000, 20210221_1936429 
21:34:21.667 TRACE --- [http-nio-9000-exec-7] c.s.e.mapper.PointMapper.read_point : <==        Row: jy1234, 주문자2, 테스트 21, 1000, 3000, 20210310_1936429 
21:34:21.667 TRACE --- [http-nio-9000-exec-7] c.s.e.mapper.PointMapper.read_point : <==        Row: jy0935, 주문자1, 테스트33, 1000, 2000, 20210321_1936429 
21:34:21.667 TRACE --- [http-nio-9000-exec-7] c.s.e.mapper.PointMapper.read_point : <==        Row: jy0935, 주문자1, 테스트333, 50000, 52000, 20210321_2111538 
21:34:21.667 TRACE --- [http-nio-9000-exec-7] c.s.e.mapper.PointMapper.read_point : <==        Row: jy1234, 주문자2, 포인트 테스트, 2500, 5500, 20210321_211217 
21:34:21.667 TRACE --- [http-nio-9000-exec-7] c.s.e.mapper.PointMapper.read_point : <==        Row: jy0935, 주문자1, 테스트111, 5000, 57000, 20210322_2132270 
21:34:21.667 DEBUG --- [http-nio-9000-exec-7] c.s.e.mapper.PointMapper.read_point : <==      Total: 8 
21:34:22.569 DEBUG --- [http-nio-9000-exec-8] c.s.e.m.P.readAllProduct : ==>  Preparing: SELECT product.p_id as id, p_name as name, p_price as price, p_order_count as order_count, p_views as views, p_category as category, p_quantity as quantity, pi_unique as image, p_text as text FROM product JOIN product_img ON (product.p_id = product_img.p_id); 
21:34:22.570 DEBUG --- [http-nio-9000-exec-8] c.s.e.m.P.readAllProduct : ==> Parameters:  
21:34:22.571 TRACE --- [http-nio-9000-exec-8] c.s.e.m.P.readAllProduct : <==    Columns: id, name, price, order_count, views, category, quantity, image, text 
21:34:22.571 TRACE --- [http-nio-9000-exec-8] c.s.e.m.P.readAllProduct : <==        Row: 1, 거실등 1, 200000, 30, 5, 2011, 3, 20210209_1658426, <<BLOB>> 
21:34:22.572 TRACE --- [http-nio-9000-exec-8] c.s.e.m.P.readAllProduct : <==        Row: 2, 방등, 70000, 35, 4, 4011, 2, 20210208_1235562, <<BLOB>> 
21:34:22.572 TRACE --- [http-nio-9000-exec-8] c.s.e.m.P.readAllProduct : <==        Row: 3, 형광등 스탠드, 70000, 20, 2, 6021, 3, 20210205_1622562, <<BLOB>> 
21:34:22.573 TRACE --- [http-nio-9000-exec-8] c.s.e.m.P.readAllProduct : <==        Row: 4, 멀티탭, 5000, 5, 2, 7012, 5, 20210205_1622522, <<BLOB>> 
21:34:22.573 TRACE --- [http-nio-9000-exec-8] c.s.e.m.P.readAllProduct : <==        Row: 5, 식탁등, 150000, 25, 3, 3011, 5, 20210209_1635562, <<BLOB>> 
21:34:22.574 TRACE --- [http-nio-9000-exec-8] c.s.e.m.P.readAllProduct : <==        Row: 6, 2구 스위치, 10000, 25, 3, 7011, 4, 20210209_1545351, <<BLOB>> 
21:34:22.574 TRACE --- [http-nio-9000-exec-8] c.s.e.m.P.readAllProduct : <==        Row: 7, LED 스탠드, 100000, 15, 2, 6011, 3, 20210210_1635562, <<BLOB>> 
21:34:22.575 TRACE --- [http-nio-9000-exec-8] c.s.e.m.P.readAllProduct : <==        Row: 8, 3구 스위치, 50000, 20, 0, 7013, 6, 20210208_1635562, <<BLOB>> 
21:34:22.575 TRACE --- [http-nio-9000-exec-8] c.s.e.m.P.readAllProduct : <==        Row: 9, 거실등 2, 600000, 10, 0, 2011, 5, 20210209_1659745, <<BLOB>> 
21:34:22.576 DEBUG --- [http-nio-9000-exec-8] c.s.e.m.P.readAllProduct : <==      Total: 9 
21:34:23.548 DEBUG --- [http-nio-9000-exec-9] c.s.e.m.CategoryMapper.readCategory : ==>  Preparing: SELECT cg_id, cg_name as name, cg_product_count as product_count FROM category 
21:34:23.548 DEBUG --- [http-nio-9000-exec-9] c.s.e.m.CategoryMapper.readCategory : ==> Parameters:  
21:34:23.549 TRACE --- [http-nio-9000-exec-9] c.s.e.m.CategoryMapper.readCategory : <==    Columns: cg_id, name, product_count 
21:34:23.549 TRACE --- [http-nio-9000-exec-9] c.s.e.m.CategoryMapper.readCategory : <==        Row: 0, 전체, 9999999 
21:34:23.549 TRACE --- [http-nio-9000-exec-9] c.s.e.m.CategoryMapper.readCategory : <==        Row: 20, 거실등, 4 
21:34:23.549 TRACE --- [http-nio-9000-exec-9] c.s.e.m.CategoryMapper.readCategory : <==        Row: 30, 식탁등, 4 
21:34:23.549 TRACE --- [http-nio-9000-exec-9] c.s.e.m.CategoryMapper.readCategory : <==        Row: 40, 방등, 4 
21:34:23.549 TRACE --- [http-nio-9000-exec-9] c.s.e.m.CategoryMapper.readCategory : <==        Row: 50, 주방등, 4 
21:34:23.549 TRACE --- [http-nio-9000-exec-9] c.s.e.m.CategoryMapper.readCategory : <==        Row: 60, 스탠드, 4 
21:34:23.549 TRACE --- [http-nio-9000-exec-9] c.s.e.m.CategoryMapper.readCategory : <==        Row: 70, 전기재료, 4 
21:34:23.549 TRACE --- [http-nio-9000-exec-9] c.s.e.m.CategoryMapper.readCategory : <==        Row: 2011, 거실등 30평형, 2 
21:34:23.549 TRACE --- [http-nio-9000-exec-9] c.s.e.m.CategoryMapper.readCategory : <==        Row: 2012, 거실등 40평형, 2 
21:34:23.549 TRACE --- [http-nio-9000-exec-9] c.s.e.m.CategoryMapper.readCategory : <==        Row: 3011, 소형 식탁등, 2 
21:34:23.549 TRACE --- [http-nio-9000-exec-9] c.s.e.m.CategoryMapper.readCategory : <==        Row: 3012, 중형 식탁등, 2 
21:34:23.549 TRACE --- [http-nio-9000-exec-9] c.s.e.m.CategoryMapper.readCategory : <==        Row: 4011, 소형 방등, 2 
21:34:23.550 TRACE --- [http-nio-9000-exec-9] c.s.e.m.CategoryMapper.readCategory : <==        Row: 4012, 대형 방등, 2 
21:34:23.550 TRACE --- [http-nio-9000-exec-9] c.s.e.m.CategoryMapper.readCategory : <==        Row: 5011, 싱크대, 2 
21:34:23.550 TRACE --- [http-nio-9000-exec-9] c.s.e.m.CategoryMapper.readCategory : <==        Row: 5012, 레일형, 2 
21:34:23.550 TRACE --- [http-nio-9000-exec-9] c.s.e.m.CategoryMapper.readCategory : <==        Row: 6011, LED스탠드, 2 
21:34:23.550 TRACE --- [http-nio-9000-exec-9] c.s.e.m.CategoryMapper.readCategory : <==        Row: 6012, 일반스탠드, 2 
21:34:23.550 TRACE --- [http-nio-9000-exec-9] c.s.e.m.CategoryMapper.readCategory : <==        Row: 7011, 2구스위치, 2 
21:34:23.550 TRACE --- [http-nio-9000-exec-9] c.s.e.m.CategoryMapper.readCategory : <==        Row: 7012, 멀티탭, 2 
21:34:23.550 TRACE --- [http-nio-9000-exec-9] c.s.e.m.CategoryMapper.readCategory : <==        Row: 7013, 3구스위치, 2 
21:34:23.550 DEBUG --- [http-nio-9000-exec-9] c.s.e.m.CategoryMapper.readCategory : <==      Total: 20 
21:34:24.336 DEBUG --- [http-nio-9000-exec-1] c.s.e.mapper.OrderMapper.readOrder : ==>  Preparing: SELECT ta.o_id, o_date, SUM(tb.od_count*tb.od_price) o_total_price, o_state, user_id, GROUP_CONCAT( tc.p_name SEPARATOR ', ') p_total_name FROM orders ta LEFT JOIN order_detail tb ON(ta.o_id = tb.o_id) LEFT JOIN product tc ON(tb.p_id = tc.p_id) GROUP BY o_id 
21:34:24.336 DEBUG --- [http-nio-9000-exec-1] c.s.e.mapper.OrderMapper.readOrder : ==> Parameters:  
21:34:24.337 TRACE --- [http-nio-9000-exec-1] c.s.e.mapper.OrderMapper.readOrder : <==    Columns: o_id, o_date, o_total_price, o_state, user_id, p_total_name 
21:34:24.337 TRACE --- [http-nio-9000-exec-1] c.s.e.mapper.OrderMapper.readOrder : <==        Row: 1, 2020-12-23, 820000, 배송중, jy0935, <<BLOB>> 
21:34:24.337 TRACE --- [http-nio-9000-exec-1] c.s.e.mapper.OrderMapper.readOrder : <==        Row: 2, 2020-12-25, 810000, 배송완료, jy1234, <<BLOB>> 
21:34:24.337 TRACE --- [http-nio-9000-exec-1] c.s.e.mapper.OrderMapper.readOrder : <==        Row: 3, 2021-01-16, 210000, 배송중, jy0935, <<BLOB>> 
21:34:24.337 TRACE --- [http-nio-9000-exec-1] c.s.e.mapper.OrderMapper.readOrder : <==        Row: 4, 2021-02-16, 230000, 배송완료, jy0935, <<BLOB>> 
21:34:24.338 TRACE --- [http-nio-9000-exec-1] c.s.e.mapper.OrderMapper.readOrder : <==        Row: 5, 2021-03-16, 900000, 배송준비중, jy0935, <<BLOB>> 
21:34:24.338 TRACE --- [http-nio-9000-exec-1] c.s.e.mapper.OrderMapper.readOrder : <==        Row: 6, 2019-02-16, 140000, 배송완료, jy1234, <<BLOB>> 
21:34:24.338 TRACE --- [http-nio-9000-exec-1] c.s.e.mapper.OrderMapper.readOrder : <==        Row: 7, 2020-12-28, 50000, 배송완료, jy1234, <<BLOB>> 
21:34:24.339 DEBUG --- [http-nio-9000-exec-1] c.s.e.mapper.OrderMapper.readOrder : <==      Total: 7 
21:34:26.633 DEBUG --- [http-nio-9000-exec-2] c.s.e.m.C.readCategory_name : ==>  Preparing: SELECT cg_name as name FROM category WHERE CHAR_LENGTH(cg_id) <= 2 
21:34:26.633 DEBUG --- [http-nio-9000-exec-10] c.s.e.m.ProductMapper.lowCgData_all : ==>  Preparing: SELECT ta.p_id AS id, tb.p_name as name, sum(ta.od_count) AS order_count, tb.p_rank AS rank FROM order_detail ta LEFT JOIN product tb ON tb.p_id = ta.p_id group by ta.p_id 
21:34:26.633 DEBUG --- [http-nio-9000-exec-10] c.s.e.m.ProductMapper.lowCgData_all : ==> Parameters:  
21:34:26.633 DEBUG --- [http-nio-9000-exec-2] c.s.e.m.C.readCategory_name : ==> Parameters:  
21:34:26.634 TRACE --- [http-nio-9000-exec-2] c.s.e.m.C.readCategory_name : <==    Columns: name 
21:34:26.634 TRACE --- [http-nio-9000-exec-10] c.s.e.m.ProductMapper.lowCgData_all : <==    Columns: id, name, order_count, rank 
21:34:26.634 TRACE --- [http-nio-9000-exec-2] c.s.e.m.C.readCategory_name : <==        Row: 전체 
21:34:26.634 TRACE --- [http-nio-9000-exec-10] c.s.e.m.ProductMapper.lowCgData_all : <==        Row: 1, 거실등 1, 6, null 
21:34:26.634 TRACE --- [http-nio-9000-exec-2] c.s.e.m.C.readCategory_name : <==        Row: 거실등 
21:34:26.634 TRACE --- [http-nio-9000-exec-10] c.s.e.m.ProductMapper.lowCgData_all : <==        Row: 2, 방등, 5, null 
21:34:26.634 TRACE --- [http-nio-9000-exec-2] c.s.e.m.C.readCategory_name : <==        Row: 식탁등 
21:34:26.634 TRACE --- [http-nio-9000-exec-10] c.s.e.m.ProductMapper.lowCgData_all : <==        Row: 3, 형광등 스탠드, 9, null 
21:34:26.634 TRACE --- [http-nio-9000-exec-2] c.s.e.m.C.readCategory_name : <==        Row: 방등 
21:34:26.634 TRACE --- [http-nio-9000-exec-10] c.s.e.m.ProductMapper.lowCgData_all : <==        Row: 4, 멀티탭, 10, null 
21:34:26.634 TRACE --- [http-nio-9000-exec-2] c.s.e.m.C.readCategory_name : <==        Row: 주방등 
21:34:26.634 TRACE --- [http-nio-9000-exec-2] c.s.e.m.C.readCategory_name : <==        Row: 스탠드 
21:34:26.634 TRACE --- [http-nio-9000-exec-10] c.s.e.m.ProductMapper.lowCgData_all : <==        Row: 5, 식탁등, 6, null 
21:34:26.634 TRACE --- [http-nio-9000-exec-2] c.s.e.m.C.readCategory_name : <==        Row: 전기재료 
21:34:26.634 TRACE --- [http-nio-9000-exec-10] c.s.e.m.ProductMapper.lowCgData_all : <==        Row: 6, 2구 스위치, 3, null 
21:34:26.635 DEBUG --- [http-nio-9000-exec-2] c.s.e.m.C.readCategory_name : <==      Total: 7 
21:34:26.635 DEBUG --- [http-nio-9000-exec-10] c.s.e.m.ProductMapper.lowCgData_all : <==      Total: 6 
21:34:38.242 DEBUG --- [http-nio-9000-exec-3] c.s.e.m.U.shopping_readUser : ==>  Preparing: SELECT user_id as username, user_password as password, user_name as name, user_address as address, user_phone as phone, user_email as email, user_point as point FROM user 
21:34:38.243 DEBUG --- [http-nio-9000-exec-3] c.s.e.m.U.shopping_readUser : ==> Parameters:  
21:34:38.243 TRACE --- [http-nio-9000-exec-3] c.s.e.m.U.shopping_readUser : <==    Columns: username, password, name, address, phone, email, point 
21:34:38.243 TRACE --- [http-nio-9000-exec-3] c.s.e.m.U.shopping_readUser : <==        Row: jy0935, $2a$10$w.e6J3Syz9ImcY5VxbTvI.s4Izi8z/nY6s5Yr.fAUPZSbPO/D.0AS, 주문자1, 대구시 동구, 010-2345-5416, abc@naver.com, 1000 
21:34:38.244 TRACE --- [http-nio-9000-exec-3] c.s.e.m.U.shopping_readUser : <==        Row: jy1234, 1234, 주문자2, 대구시 서구, 010-1111-1234, abced@naver.com, 500000 
21:34:38.245 TRACE --- [http-nio-9000-exec-3] c.s.e.m.U.shopping_readUser : <==        Row: jy12345, 4234, 이모씨, 대구시 수성구, 010-1111-1234, fruit@naver.com, 1000 
21:34:38.245 TRACE --- [http-nio-9000-exec-3] c.s.e.m.U.shopping_readUser : <==        Row: jy1515, 33311, 김모씨, 대구시 중구, 010-7555-1234, jkjk@naver.com, 20000 
21:34:38.245 TRACE --- [http-nio-9000-exec-3] c.s.e.m.U.shopping_readUser : <==        Row: kkk333, 1523, 김모씨, 대구시 북구, 010-1111-1234, 123c@naver.com, 10000 
21:34:38.245 DEBUG --- [http-nio-9000-exec-3] c.s.e.m.U.shopping_readUser : <==      Total: 5 
21:34:39.002 DEBUG --- [http-nio-9000-exec-4] c.s.e.mapper.PointMapper.read_point : ==>  Preparing: SELECT user_id as username, user_name as name, po_content as content, po_point as point, po_total_point as total_point, po_date as date FROM point 
21:34:39.002 DEBUG --- [http-nio-9000-exec-4] c.s.e.mapper.PointMapper.read_point : ==> Parameters:  
21:34:39.002 TRACE --- [http-nio-9000-exec-4] c.s.e.mapper.PointMapper.read_point : <==    Columns: username, name, content, point, total_point, date 
21:34:39.002 TRACE --- [http-nio-9000-exec-4] c.s.e.mapper.PointMapper.read_point : <==        Row: jy0935, 주문자1, 회원가입 축하, 1000, 1000, 20210101_1530429 
21:34:39.003 TRACE --- [http-nio-9000-exec-4] c.s.e.mapper.PointMapper.read_point : <==        Row: jy1234, 주문자2, 회원가입 축하, 1000, 1000, 20210101_1936429 
21:34:39.003 TRACE --- [http-nio-9000-exec-4] c.s.e.mapper.PointMapper.read_point : <==        Row: jy1234, 주문자2, 테스트 1, 1000, 2000, 20210221_1936429 
21:34:39.003 TRACE --- [http-nio-9000-exec-4] c.s.e.mapper.PointMapper.read_point : <==        Row: jy1234, 주문자2, 테스트 21, 1000, 3000, 20210310_1936429 
21:34:39.003 TRACE --- [http-nio-9000-exec-4] c.s.e.mapper.PointMapper.read_point : <==        Row: jy0935, 주문자1, 테스트33, 1000, 2000, 20210321_1936429 
21:34:39.003 TRACE --- [http-nio-9000-exec-4] c.s.e.mapper.PointMapper.read_point : <==        Row: jy0935, 주문자1, 테스트333, 50000, 52000, 20210321_2111538 
21:34:39.003 TRACE --- [http-nio-9000-exec-4] c.s.e.mapper.PointMapper.read_point : <==        Row: jy1234, 주문자2, 포인트 테스트, 2500, 5500, 20210321_211217 
21:34:39.003 TRACE --- [http-nio-9000-exec-4] c.s.e.mapper.PointMapper.read_point : <==        Row: jy0935, 주문자1, 테스트111, 5000, 57000, 20210322_2132270 
21:34:39.003 DEBUG --- [http-nio-9000-exec-4] c.s.e.mapper.PointMapper.read_point : <==      Total: 8 
21:34:40.028 DEBUG --- [http-nio-9000-exec-5] c.s.e.m.CategoryMapper.readCategory : ==>  Preparing: SELECT cg_id, cg_name as name, cg_product_count as product_count FROM category 
21:34:40.028 DEBUG --- [http-nio-9000-exec-5] c.s.e.m.CategoryMapper.readCategory : ==> Parameters:  
21:34:40.028 TRACE --- [http-nio-9000-exec-5] c.s.e.m.CategoryMapper.readCategory : <==    Columns: cg_id, name, product_count 
21:34:40.028 TRACE --- [http-nio-9000-exec-5] c.s.e.m.CategoryMapper.readCategory : <==        Row: 0, 전체, 9999999 
21:34:40.029 TRACE --- [http-nio-9000-exec-5] c.s.e.m.CategoryMapper.readCategory : <==        Row: 20, 거실등, 4 
21:34:40.029 TRACE --- [http-nio-9000-exec-5] c.s.e.m.CategoryMapper.readCategory : <==        Row: 30, 식탁등, 4 
21:34:40.029 TRACE --- [http-nio-9000-exec-5] c.s.e.m.CategoryMapper.readCategory : <==        Row: 40, 방등, 4 
21:34:40.029 TRACE --- [http-nio-9000-exec-5] c.s.e.m.CategoryMapper.readCategory : <==        Row: 50, 주방등, 4 
21:34:40.029 TRACE --- [http-nio-9000-exec-5] c.s.e.m.CategoryMapper.readCategory : <==        Row: 60, 스탠드, 4 
21:34:40.029 TRACE --- [http-nio-9000-exec-5] c.s.e.m.CategoryMapper.readCategory : <==        Row: 70, 전기재료, 4 
21:34:40.029 TRACE --- [http-nio-9000-exec-5] c.s.e.m.CategoryMapper.readCategory : <==        Row: 2011, 거실등 30평형, 2 
21:34:40.029 TRACE --- [http-nio-9000-exec-5] c.s.e.m.CategoryMapper.readCategory : <==        Row: 2012, 거실등 40평형, 2 
21:34:40.029 TRACE --- [http-nio-9000-exec-5] c.s.e.m.CategoryMapper.readCategory : <==        Row: 3011, 소형 식탁등, 2 
21:34:40.029 TRACE --- [http-nio-9000-exec-5] c.s.e.m.CategoryMapper.readCategory : <==        Row: 3012, 중형 식탁등, 2 
21:34:40.030 TRACE --- [http-nio-9000-exec-5] c.s.e.m.CategoryMapper.readCategory : <==        Row: 4011, 소형 방등, 2 
21:34:40.030 TRACE --- [http-nio-9000-exec-5] c.s.e.m.CategoryMapper.readCategory : <==        Row: 4012, 대형 방등, 2 
21:34:40.030 TRACE --- [http-nio-9000-exec-5] c.s.e.m.CategoryMapper.readCategory : <==        Row: 5011, 싱크대, 2 
21:34:40.030 TRACE --- [http-nio-9000-exec-5] c.s.e.m.CategoryMapper.readCategory : <==        Row: 5012, 레일형, 2 
21:34:40.030 TRACE --- [http-nio-9000-exec-5] c.s.e.m.CategoryMapper.readCategory : <==        Row: 6011, LED스탠드, 2 
21:34:40.030 TRACE --- [http-nio-9000-exec-5] c.s.e.m.CategoryMapper.readCategory : <==        Row: 6012, 일반스탠드, 2 
21:34:40.030 TRACE --- [http-nio-9000-exec-5] c.s.e.m.CategoryMapper.readCategory : <==        Row: 7011, 2구스위치, 2 
21:34:40.030 TRACE --- [http-nio-9000-exec-5] c.s.e.m.CategoryMapper.readCategory : <==        Row: 7012, 멀티탭, 2 
21:34:40.030 TRACE --- [http-nio-9000-exec-5] c.s.e.m.CategoryMapper.readCategory : <==        Row: 7013, 3구스위치, 2 
21:34:40.030 DEBUG --- [http-nio-9000-exec-5] c.s.e.m.CategoryMapper.readCategory : <==      Total: 20 
21:34:40.949 DEBUG --- [http-nio-9000-exec-6] c.s.e.mapper.OrderMapper.readOrder : ==>  Preparing: SELECT ta.o_id, o_date, SUM(tb.od_count*tb.od_price) o_total_price, o_state, user_id, GROUP_CONCAT( tc.p_name SEPARATOR ', ') p_total_name FROM orders ta LEFT JOIN order_detail tb ON(ta.o_id = tb.o_id) LEFT JOIN product tc ON(tb.p_id = tc.p_id) GROUP BY o_id 
21:34:40.950 DEBUG --- [http-nio-9000-exec-6] c.s.e.mapper.OrderMapper.readOrder : ==> Parameters:  
21:34:40.950 TRACE --- [http-nio-9000-exec-6] c.s.e.mapper.OrderMapper.readOrder : <==    Columns: o_id, o_date, o_total_price, o_state, user_id, p_total_name 
21:34:40.950 TRACE --- [http-nio-9000-exec-6] c.s.e.mapper.OrderMapper.readOrder : <==        Row: 1, 2020-12-23, 820000, 배송중, jy0935, <<BLOB>> 
21:34:40.951 TRACE --- [http-nio-9000-exec-6] c.s.e.mapper.OrderMapper.readOrder : <==        Row: 2, 2020-12-25, 810000, 배송완료, jy1234, <<BLOB>> 
21:34:40.952 TRACE --- [http-nio-9000-exec-6] c.s.e.mapper.OrderMapper.readOrder : <==        Row: 3, 2021-01-16, 210000, 배송중, jy0935, <<BLOB>> 
21:34:40.953 TRACE --- [http-nio-9000-exec-6] c.s.e.mapper.OrderMapper.readOrder : <==        Row: 4, 2021-02-16, 230000, 배송완료, jy0935, <<BLOB>> 
21:34:40.953 TRACE --- [http-nio-9000-exec-6] c.s.e.mapper.OrderMapper.readOrder : <==        Row: 5, 2021-03-16, 900000, 배송준비중, jy0935, <<BLOB>> 
21:34:40.953 TRACE --- [http-nio-9000-exec-6] c.s.e.mapper.OrderMapper.readOrder : <==        Row: 6, 2019-02-16, 140000, 배송완료, jy1234, <<BLOB>> 
21:34:40.954 TRACE --- [http-nio-9000-exec-6] c.s.e.mapper.OrderMapper.readOrder : <==        Row: 7, 2020-12-28, 50000, 배송완료, jy1234, <<BLOB>> 
21:34:40.954 DEBUG --- [http-nio-9000-exec-6] c.s.e.mapper.OrderMapper.readOrder : <==      Total: 7 
21:34:41.665 DEBUG --- [http-nio-9000-exec-7] c.s.e.m.P.readAllProduct : ==>  Preparing: SELECT product.p_id as id, p_name as name, p_price as price, p_order_count as order_count, p_views as views, p_category as category, p_quantity as quantity, pi_unique as image, p_text as text FROM product JOIN product_img ON (product.p_id = product_img.p_id); 
21:34:41.665 DEBUG --- [http-nio-9000-exec-7] c.s.e.m.P.readAllProduct : ==> Parameters:  
21:34:41.666 TRACE --- [http-nio-9000-exec-7] c.s.e.m.P.readAllProduct : <==    Columns: id, name, price, order_count, views, category, quantity, image, text 
21:34:41.666 TRACE --- [http-nio-9000-exec-7] c.s.e.m.P.readAllProduct : <==        Row: 1, 거실등 1, 200000, 30, 5, 2011, 3, 20210209_1658426, <<BLOB>> 
21:34:41.666 TRACE --- [http-nio-9000-exec-7] c.s.e.m.P.readAllProduct : <==        Row: 2, 방등, 70000, 35, 4, 4011, 2, 20210208_1235562, <<BLOB>> 
21:34:41.666 TRACE --- [http-nio-9000-exec-7] c.s.e.m.P.readAllProduct : <==        Row: 3, 형광등 스탠드, 70000, 20, 2, 6021, 3, 20210205_1622562, <<BLOB>> 
21:34:41.666 TRACE --- [http-nio-9000-exec-7] c.s.e.m.P.readAllProduct : <==        Row: 4, 멀티탭, 5000, 5, 2, 7012, 5, 20210205_1622522, <<BLOB>> 
21:34:41.666 TRACE --- [http-nio-9000-exec-7] c.s.e.m.P.readAllProduct : <==        Row: 5, 식탁등, 150000, 25, 3, 3011, 5, 20210209_1635562, <<BLOB>> 
21:34:41.666 TRACE --- [http-nio-9000-exec-7] c.s.e.m.P.readAllProduct : <==        Row: 6, 2구 스위치, 10000, 25, 3, 7011, 4, 20210209_1545351, <<BLOB>> 
21:34:41.666 TRACE --- [http-nio-9000-exec-7] c.s.e.m.P.readAllProduct : <==        Row: 7, LED 스탠드, 100000, 15, 2, 6011, 3, 20210210_1635562, <<BLOB>> 
21:34:41.667 TRACE --- [http-nio-9000-exec-7] c.s.e.m.P.readAllProduct : <==        Row: 8, 3구 스위치, 50000, 20, 0, 7013, 6, 20210208_1635562, <<BLOB>> 
21:34:41.667 TRACE --- [http-nio-9000-exec-7] c.s.e.m.P.readAllProduct : <==        Row: 9, 거실등 2, 600000, 10, 0, 2011, 5, 20210209_1659745, <<BLOB>> 
21:34:41.667 DEBUG --- [http-nio-9000-exec-7] c.s.e.m.P.readAllProduct : <==      Total: 9 
21:34:43.239 DEBUG --- [http-nio-9000-exec-8] c.s.e.m.ProductMapper.lowCgData_all : ==>  Preparing: SELECT ta.p_id AS id, tb.p_name as name, sum(ta.od_count) AS order_count, tb.p_rank AS rank FROM order_detail ta LEFT JOIN product tb ON tb.p_id = ta.p_id group by ta.p_id 
21:34:43.239 DEBUG --- [http-nio-9000-exec-9] c.s.e.m.C.readCategory_name : ==>  Preparing: SELECT cg_name as name FROM category WHERE CHAR_LENGTH(cg_id) <= 2 
21:34:43.239 DEBUG --- [http-nio-9000-exec-9] c.s.e.m.C.readCategory_name : ==> Parameters:  
21:34:43.239 DEBUG --- [http-nio-9000-exec-8] c.s.e.m.ProductMapper.lowCgData_all : ==> Parameters:  
21:34:43.239 TRACE --- [http-nio-9000-exec-8] c.s.e.m.ProductMapper.lowCgData_all : <==    Columns: id, name, order_count, rank 
21:34:43.239 TRACE --- [http-nio-9000-exec-9] c.s.e.m.C.readCategory_name : <==    Columns: name 
21:34:43.239 TRACE --- [http-nio-9000-exec-8] c.s.e.m.ProductMapper.lowCgData_all : <==        Row: 1, 거실등 1, 6, null 
21:34:43.239 TRACE --- [http-nio-9000-exec-9] c.s.e.m.C.readCategory_name : <==        Row: 전체 
21:34:43.240 TRACE --- [http-nio-9000-exec-9] c.s.e.m.C.readCategory_name : <==        Row: 거실등 
21:34:43.240 TRACE --- [http-nio-9000-exec-8] c.s.e.m.ProductMapper.lowCgData_all : <==        Row: 2, 방등, 5, null 
21:34:43.240 TRACE --- [http-nio-9000-exec-9] c.s.e.m.C.readCategory_name : <==        Row: 식탁등 
21:34:43.240 TRACE --- [http-nio-9000-exec-8] c.s.e.m.ProductMapper.lowCgData_all : <==        Row: 3, 형광등 스탠드, 9, null 
21:34:43.240 TRACE --- [http-nio-9000-exec-9] c.s.e.m.C.readCategory_name : <==        Row: 방등 
21:34:43.240 TRACE --- [http-nio-9000-exec-8] c.s.e.m.ProductMapper.lowCgData_all : <==        Row: 4, 멀티탭, 10, null 
21:34:43.240 TRACE --- [http-nio-9000-exec-9] c.s.e.m.C.readCategory_name : <==        Row: 주방등 
21:34:43.240 TRACE --- [http-nio-9000-exec-8] c.s.e.m.ProductMapper.lowCgData_all : <==        Row: 5, 식탁등, 6, null 
21:34:43.240 TRACE --- [http-nio-9000-exec-9] c.s.e.m.C.readCategory_name : <==        Row: 스탠드 
21:34:43.240 TRACE --- [http-nio-9000-exec-9] c.s.e.m.C.readCategory_name : <==        Row: 전기재료 
21:34:43.240 TRACE --- [http-nio-9000-exec-8] c.s.e.m.ProductMapper.lowCgData_all : <==        Row: 6, 2구 스위치, 3, null 
21:34:43.240 DEBUG --- [http-nio-9000-exec-9] c.s.e.m.C.readCategory_name : <==      Total: 7 
21:34:43.240 DEBUG --- [http-nio-9000-exec-8] c.s.e.m.ProductMapper.lowCgData_all : <==      Total: 6 
21:34:44.333 DEBUG --- [http-nio-9000-exec-1] c.s.e.m.U.shopping_readUser : ==>  Preparing: SELECT user_id as username, user_password as password, user_name as name, user_address as address, user_phone as phone, user_email as email, user_point as point FROM user 
21:34:44.333 DEBUG --- [http-nio-9000-exec-1] c.s.e.m.U.shopping_readUser : ==> Parameters:  
21:34:44.334 TRACE --- [http-nio-9000-exec-1] c.s.e.m.U.shopping_readUser : <==    Columns: username, password, name, address, phone, email, point 
21:34:44.334 TRACE --- [http-nio-9000-exec-1] c.s.e.m.U.shopping_readUser : <==        Row: jy0935, $2a$10$w.e6J3Syz9ImcY5VxbTvI.s4Izi8z/nY6s5Yr.fAUPZSbPO/D.0AS, 주문자1, 대구시 동구, 010-2345-5416, abc@naver.com, 1000 
21:34:44.334 TRACE --- [http-nio-9000-exec-1] c.s.e.m.U.shopping_readUser : <==        Row: jy1234, 1234, 주문자2, 대구시 서구, 010-1111-1234, abced@naver.com, 500000 
21:34:44.334 TRACE --- [http-nio-9000-exec-1] c.s.e.m.U.shopping_readUser : <==        Row: jy12345, 4234, 이모씨, 대구시 수성구, 010-1111-1234, fruit@naver.com, 1000 
21:34:44.334 TRACE --- [http-nio-9000-exec-1] c.s.e.m.U.shopping_readUser : <==        Row: jy1515, 33311, 김모씨, 대구시 중구, 010-7555-1234, jkjk@naver.com, 20000 
21:34:44.334 TRACE --- [http-nio-9000-exec-1] c.s.e.m.U.shopping_readUser : <==        Row: kkk333, 1523, 김모씨, 대구시 북구, 010-1111-1234, 123c@naver.com, 10000 
21:34:44.334 DEBUG --- [http-nio-9000-exec-1] c.s.e.m.U.shopping_readUser : <==      Total: 5 
21:35:35.418 DEBUG --- [http-nio-9000-exec-2] c.s.e.mapper.PointMapper.read_point : ==>  Preparing: SELECT user_id as username, user_name as name, po_content as content, po_point as point, po_total_point as total_point, po_date as date FROM point 
21:35:35.418 DEBUG --- [http-nio-9000-exec-2] c.s.e.mapper.PointMapper.read_point : ==> Parameters:  
21:35:35.419 TRACE --- [http-nio-9000-exec-2] c.s.e.mapper.PointMapper.read_point : <==    Columns: username, name, content, point, total_point, date 
21:35:35.419 TRACE --- [http-nio-9000-exec-2] c.s.e.mapper.PointMapper.read_point : <==        Row: jy0935, 주문자1, 회원가입 축하, 1000, 1000, 20210101_1530429 
21:35:35.419 TRACE --- [http-nio-9000-exec-2] c.s.e.mapper.PointMapper.read_point : <==        Row: jy1234, 주문자2, 회원가입 축하, 1000, 1000, 20210101_1936429 
21:35:35.419 TRACE --- [http-nio-9000-exec-2] c.s.e.mapper.PointMapper.read_point : <==        Row: jy1234, 주문자2, 테스트 1, 1000, 2000, 20210221_1936429 
21:35:35.419 TRACE --- [http-nio-9000-exec-2] c.s.e.mapper.PointMapper.read_point : <==        Row: jy1234, 주문자2, 테스트 21, 1000, 3000, 20210310_1936429 
21:35:35.419 TRACE --- [http-nio-9000-exec-2] c.s.e.mapper.PointMapper.read_point : <==        Row: jy0935, 주문자1, 테스트33, 1000, 2000, 20210321_1936429 
21:35:35.419 TRACE --- [http-nio-9000-exec-2] c.s.e.mapper.PointMapper.read_point : <==        Row: jy0935, 주문자1, 테스트333, 50000, 52000, 20210321_2111538 
21:35:35.419 TRACE --- [http-nio-9000-exec-2] c.s.e.mapper.PointMapper.read_point : <==        Row: jy1234, 주문자2, 포인트 테스트, 2500, 5500, 20210321_211217 
21:35:35.419 TRACE --- [http-nio-9000-exec-2] c.s.e.mapper.PointMapper.read_point : <==        Row: jy0935, 주문자1, 테스트111, 5000, 57000, 20210322_2132270 
21:35:35.419 DEBUG --- [http-nio-9000-exec-2] c.s.e.mapper.PointMapper.read_point : <==      Total: 8 
21:35:36.180 DEBUG --- [http-nio-9000-exec-10] c.s.e.m.U.shopping_readUser : ==>  Preparing: SELECT user_id as username, user_password as password, user_name as name, user_address as address, user_phone as phone, user_email as email, user_point as point FROM user 
21:35:36.181 DEBUG --- [http-nio-9000-exec-10] c.s.e.m.U.shopping_readUser : ==> Parameters:  
21:35:36.181 TRACE --- [http-nio-9000-exec-10] c.s.e.m.U.shopping_readUser : <==    Columns: username, password, name, address, phone, email, point 
21:35:36.182 TRACE --- [http-nio-9000-exec-10] c.s.e.m.U.shopping_readUser : <==        Row: jy0935, $2a$10$w.e6J3Syz9ImcY5VxbTvI.s4Izi8z/nY6s5Yr.fAUPZSbPO/D.0AS, 주문자1, 대구시 동구, 010-2345-5416, abc@naver.com, 1000 
21:35:36.182 TRACE --- [http-nio-9000-exec-10] c.s.e.m.U.shopping_readUser : <==        Row: jy1234, 1234, 주문자2, 대구시 서구, 010-1111-1234, abced@naver.com, 500000 
21:35:36.182 TRACE --- [http-nio-9000-exec-10] c.s.e.m.U.shopping_readUser : <==        Row: jy12345, 4234, 이모씨, 대구시 수성구, 010-1111-1234, fruit@naver.com, 1000 
21:35:36.182 TRACE --- [http-nio-9000-exec-10] c.s.e.m.U.shopping_readUser : <==        Row: jy1515, 33311, 김모씨, 대구시 중구, 010-7555-1234, jkjk@naver.com, 20000 
21:35:36.182 TRACE --- [http-nio-9000-exec-10] c.s.e.m.U.shopping_readUser : <==        Row: kkk333, 1523, 김모씨, 대구시 북구, 010-1111-1234, 123c@naver.com, 10000 
21:35:36.182 DEBUG --- [http-nio-9000-exec-10] c.s.e.m.U.shopping_readUser : <==      Total: 5 
21:35:37.087 DEBUG --- [http-nio-9000-exec-3] c.s.e.m.P.readAllProduct : ==>  Preparing: SELECT product.p_id as id, p_name as name, p_price as price, p_order_count as order_count, p_views as views, p_category as category, p_quantity as quantity, pi_unique as image, p_text as text FROM product JOIN product_img ON (product.p_id = product_img.p_id); 
21:35:37.087 DEBUG --- [http-nio-9000-exec-3] c.s.e.m.P.readAllProduct : ==> Parameters:  
21:35:37.088 TRACE --- [http-nio-9000-exec-3] c.s.e.m.P.readAllProduct : <==    Columns: id, name, price, order_count, views, category, quantity, image, text 
21:35:37.088 TRACE --- [http-nio-9000-exec-3] c.s.e.m.P.readAllProduct : <==        Row: 1, 거실등 1, 200000, 30, 5, 2011, 3, 20210209_1658426, <<BLOB>> 
21:35:37.088 TRACE --- [http-nio-9000-exec-3] c.s.e.m.P.readAllProduct : <==        Row: 2, 방등, 70000, 35, 4, 4011, 2, 20210208_1235562, <<BLOB>> 
21:35:37.088 TRACE --- [http-nio-9000-exec-3] c.s.e.m.P.readAllProduct : <==        Row: 3, 형광등 스탠드, 70000, 20, 2, 6021, 3, 20210205_1622562, <<BLOB>> 
21:35:37.088 TRACE --- [http-nio-9000-exec-3] c.s.e.m.P.readAllProduct : <==        Row: 4, 멀티탭, 5000, 5, 2, 7012, 5, 20210205_1622522, <<BLOB>> 
21:35:37.088 TRACE --- [http-nio-9000-exec-3] c.s.e.m.P.readAllProduct : <==        Row: 5, 식탁등, 150000, 25, 3, 3011, 5, 20210209_1635562, <<BLOB>> 
21:35:37.088 TRACE --- [http-nio-9000-exec-3] c.s.e.m.P.readAllProduct : <==        Row: 6, 2구 스위치, 10000, 25, 3, 7011, 4, 20210209_1545351, <<BLOB>> 
21:35:37.088 TRACE --- [http-nio-9000-exec-3] c.s.e.m.P.readAllProduct : <==        Row: 7, LED 스탠드, 100000, 15, 2, 6011, 3, 20210210_1635562, <<BLOB>> 
21:35:37.088 TRACE --- [http-nio-9000-exec-3] c.s.e.m.P.readAllProduct : <==        Row: 8, 3구 스위치, 50000, 20, 0, 7013, 6, 20210208_1635562, <<BLOB>> 
21:35:37.089 TRACE --- [http-nio-9000-exec-3] c.s.e.m.P.readAllProduct : <==        Row: 9, 거실등 2, 600000, 10, 0, 2011, 5, 20210209_1659745, <<BLOB>> 
21:35:37.089 DEBUG --- [http-nio-9000-exec-3] c.s.e.m.P.readAllProduct : <==      Total: 9 
21:35:37.778 DEBUG --- [http-nio-9000-exec-4] c.s.e.m.CategoryMapper.readCategory : ==>  Preparing: SELECT cg_id, cg_name as name, cg_product_count as product_count FROM category 
21:35:37.778 DEBUG --- [http-nio-9000-exec-4] c.s.e.m.CategoryMapper.readCategory : ==> Parameters:  
21:35:37.778 TRACE --- [http-nio-9000-exec-4] c.s.e.m.CategoryMapper.readCategory : <==    Columns: cg_id, name, product_count 
21:35:37.778 TRACE --- [http-nio-9000-exec-4] c.s.e.m.CategoryMapper.readCategory : <==        Row: 0, 전체, 9999999 
21:35:37.779 TRACE --- [http-nio-9000-exec-4] c.s.e.m.CategoryMapper.readCategory : <==        Row: 20, 거실등, 4 
21:35:37.779 TRACE --- [http-nio-9000-exec-4] c.s.e.m.CategoryMapper.readCategory : <==        Row: 30, 식탁등, 4 
21:35:37.779 TRACE --- [http-nio-9000-exec-4] c.s.e.m.CategoryMapper.readCategory : <==        Row: 40, 방등, 4 
21:35:37.779 TRACE --- [http-nio-9000-exec-4] c.s.e.m.CategoryMapper.readCategory : <==        Row: 50, 주방등, 4 
21:35:37.779 TRACE --- [http-nio-9000-exec-4] c.s.e.m.CategoryMapper.readCategory : <==        Row: 60, 스탠드, 4 
21:35:37.779 TRACE --- [http-nio-9000-exec-4] c.s.e.m.CategoryMapper.readCategory : <==        Row: 70, 전기재료, 4 
21:35:37.779 TRACE --- [http-nio-9000-exec-4] c.s.e.m.CategoryMapper.readCategory : <==        Row: 2011, 거실등 30평형, 2 
21:35:37.779 TRACE --- [http-nio-9000-exec-4] c.s.e.m.CategoryMapper.readCategory : <==        Row: 2012, 거실등 40평형, 2 
21:35:37.779 TRACE --- [http-nio-9000-exec-4] c.s.e.m.CategoryMapper.readCategory : <==        Row: 3011, 소형 식탁등, 2 
21:35:37.779 TRACE --- [http-nio-9000-exec-4] c.s.e.m.CategoryMapper.readCategory : <==        Row: 3012, 중형 식탁등, 2 
21:35:37.779 TRACE --- [http-nio-9000-exec-4] c.s.e.m.CategoryMapper.readCategory : <==        Row: 4011, 소형 방등, 2 
21:35:37.779 TRACE --- [http-nio-9000-exec-4] c.s.e.m.CategoryMapper.readCategory : <==        Row: 4012, 대형 방등, 2 
21:35:37.779 TRACE --- [http-nio-9000-exec-4] c.s.e.m.CategoryMapper.readCategory : <==        Row: 5011, 싱크대, 2 
21:35:37.779 TRACE --- [http-nio-9000-exec-4] c.s.e.m.CategoryMapper.readCategory : <==        Row: 5012, 레일형, 2 
21:35:37.779 TRACE --- [http-nio-9000-exec-4] c.s.e.m.CategoryMapper.readCategory : <==        Row: 6011, LED스탠드, 2 
21:35:37.779 TRACE --- [http-nio-9000-exec-4] c.s.e.m.CategoryMapper.readCategory : <==        Row: 6012, 일반스탠드, 2 
21:35:37.779 TRACE --- [http-nio-9000-exec-4] c.s.e.m.CategoryMapper.readCategory : <==        Row: 7011, 2구스위치, 2 
21:35:37.779 TRACE --- [http-nio-9000-exec-4] c.s.e.m.CategoryMapper.readCategory : <==        Row: 7012, 멀티탭, 2 
21:35:37.779 TRACE --- [http-nio-9000-exec-4] c.s.e.m.CategoryMapper.readCategory : <==        Row: 7013, 3구스위치, 2 
21:35:37.779 DEBUG --- [http-nio-9000-exec-4] c.s.e.m.CategoryMapper.readCategory : <==      Total: 20 
21:35:38.479 DEBUG --- [http-nio-9000-exec-5] c.s.e.mapper.OrderMapper.readOrder : ==>  Preparing: SELECT ta.o_id, o_date, SUM(tb.od_count*tb.od_price) o_total_price, o_state, user_id, GROUP_CONCAT( tc.p_name SEPARATOR ', ') p_total_name FROM orders ta LEFT JOIN order_detail tb ON(ta.o_id = tb.o_id) LEFT JOIN product tc ON(tb.p_id = tc.p_id) GROUP BY o_id 
21:35:38.479 DEBUG --- [http-nio-9000-exec-5] c.s.e.mapper.OrderMapper.readOrder : ==> Parameters:  
21:35:38.480 TRACE --- [http-nio-9000-exec-5] c.s.e.mapper.OrderMapper.readOrder : <==    Columns: o_id, o_date, o_total_price, o_state, user_id, p_total_name 
21:35:38.480 TRACE --- [http-nio-9000-exec-5] c.s.e.mapper.OrderMapper.readOrder : <==        Row: 1, 2020-12-23, 820000, 배송중, jy0935, <<BLOB>> 
21:35:38.480 TRACE --- [http-nio-9000-exec-5] c.s.e.mapper.OrderMapper.readOrder : <==        Row: 2, 2020-12-25, 810000, 배송완료, jy1234, <<BLOB>> 
21:35:38.481 TRACE --- [http-nio-9000-exec-5] c.s.e.mapper.OrderMapper.readOrder : <==        Row: 3, 2021-01-16, 210000, 배송중, jy0935, <<BLOB>> 
21:35:38.481 TRACE --- [http-nio-9000-exec-5] c.s.e.mapper.OrderMapper.readOrder : <==        Row: 4, 2021-02-16, 230000, 배송완료, jy0935, <<BLOB>> 
21:35:38.481 TRACE --- [http-nio-9000-exec-5] c.s.e.mapper.OrderMapper.readOrder : <==        Row: 5, 2021-03-16, 900000, 배송준비중, jy0935, <<BLOB>> 
21:35:38.482 TRACE --- [http-nio-9000-exec-5] c.s.e.mapper.OrderMapper.readOrder : <==        Row: 6, 2019-02-16, 140000, 배송완료, jy1234, <<BLOB>> 
21:35:38.483 TRACE --- [http-nio-9000-exec-5] c.s.e.mapper.OrderMapper.readOrder : <==        Row: 7, 2020-12-28, 50000, 배송완료, jy1234, <<BLOB>> 
21:35:38.483 DEBUG --- [http-nio-9000-exec-5] c.s.e.mapper.OrderMapper.readOrder : <==      Total: 7 
21:35:40.146 DEBUG --- [http-nio-9000-exec-6] c.s.e.m.ProductMapper.lowCgData_all : ==>  Preparing: SELECT ta.p_id AS id, tb.p_name as name, sum(ta.od_count) AS order_count, tb.p_rank AS rank FROM order_detail ta LEFT JOIN product tb ON tb.p_id = ta.p_id group by ta.p_id 
21:35:40.146 DEBUG --- [http-nio-9000-exec-6] c.s.e.m.ProductMapper.lowCgData_all : ==> Parameters:  
21:35:40.147 TRACE --- [http-nio-9000-exec-6] c.s.e.m.ProductMapper.lowCgData_all : <==    Columns: id, name, order_count, rank 
21:35:40.147 TRACE --- [http-nio-9000-exec-6] c.s.e.m.ProductMapper.lowCgData_all : <==        Row: 1, 거실등 1, 6, null 
21:35:40.147 DEBUG --- [http-nio-9000-exec-7] c.s.e.m.C.readCategory_name : ==>  Preparing: SELECT cg_name as name FROM category WHERE CHAR_LENGTH(cg_id) <= 2 
21:35:40.147 TRACE --- [http-nio-9000-exec-6] c.s.e.m.ProductMapper.lowCgData_all : <==        Row: 2, 방등, 5, null 
21:35:40.147 DEBUG --- [http-nio-9000-exec-7] c.s.e.m.C.readCategory_name : ==> Parameters:  
21:35:40.147 TRACE --- [http-nio-9000-exec-6] c.s.e.m.ProductMapper.lowCgData_all : <==        Row: 3, 형광등 스탠드, 9, null 
21:35:40.147 TRACE --- [http-nio-9000-exec-6] c.s.e.m.ProductMapper.lowCgData_all : <==        Row: 4, 멀티탭, 10, null 
21:35:40.147 TRACE --- [http-nio-9000-exec-6] c.s.e.m.ProductMapper.lowCgData_all : <==        Row: 5, 식탁등, 6, null 
21:35:40.147 TRACE --- [http-nio-9000-exec-6] c.s.e.m.ProductMapper.lowCgData_all : <==        Row: 6, 2구 스위치, 3, null 
21:35:40.147 DEBUG --- [http-nio-9000-exec-6] c.s.e.m.ProductMapper.lowCgData_all : <==      Total: 6 
21:35:40.148 TRACE --- [http-nio-9000-exec-7] c.s.e.m.C.readCategory_name : <==    Columns: name 
21:35:40.148 TRACE --- [http-nio-9000-exec-7] c.s.e.m.C.readCategory_name : <==        Row: 전체 
21:35:40.148 TRACE --- [http-nio-9000-exec-7] c.s.e.m.C.readCategory_name : <==        Row: 거실등 
21:35:40.148 TRACE --- [http-nio-9000-exec-7] c.s.e.m.C.readCategory_name : <==        Row: 식탁등 
21:35:40.148 TRACE --- [http-nio-9000-exec-7] c.s.e.m.C.readCategory_name : <==        Row: 방등 
21:35:40.148 TRACE --- [http-nio-9000-exec-7] c.s.e.m.C.readCategory_name : <==        Row: 주방등 
21:35:40.148 TRACE --- [http-nio-9000-exec-7] c.s.e.m.C.readCategory_name : <==        Row: 스탠드 
21:35:40.148 TRACE --- [http-nio-9000-exec-7] c.s.e.m.C.readCategory_name : <==        Row: 전기재료 
21:35:40.148 DEBUG --- [http-nio-9000-exec-7] c.s.e.m.C.readCategory_name : <==      Total: 7 
21:35:42.774 DEBUG --- [http-nio-9000-exec-9] c.s.e.m.C.readCategory_name : ==>  Preparing: SELECT cg_name as name FROM category WHERE CHAR_LENGTH(cg_id) <= 2 
21:35:42.774 DEBUG --- [http-nio-9000-exec-8] c.s.e.m.ProductMapper.lowCgData_all : ==>  Preparing: SELECT ta.p_id AS id, tb.p_name as name, sum(ta.od_count) AS order_count, tb.p_rank AS rank FROM order_detail ta LEFT JOIN product tb ON tb.p_id = ta.p_id group by ta.p_id 
21:35:42.774 DEBUG --- [http-nio-9000-exec-8] c.s.e.m.ProductMapper.lowCgData_all : ==> Parameters:  
21:35:42.774 DEBUG --- [http-nio-9000-exec-9] c.s.e.m.C.readCategory_name : ==> Parameters:  
21:35:42.775 TRACE --- [http-nio-9000-exec-9] c.s.e.m.C.readCategory_name : <==    Columns: name 
21:35:42.775 TRACE --- [http-nio-9000-exec-8] c.s.e.m.ProductMapper.lowCgData_all : <==    Columns: id, name, order_count, rank 
21:35:42.775 TRACE --- [http-nio-9000-exec-9] c.s.e.m.C.readCategory_name : <==        Row: 전체 
21:35:42.775 TRACE --- [http-nio-9000-exec-8] c.s.e.m.ProductMapper.lowCgData_all : <==        Row: 1, 거실등 1, 6, null 
21:35:42.775 TRACE --- [http-nio-9000-exec-9] c.s.e.m.C.readCategory_name : <==        Row: 거실등 
21:35:42.775 TRACE --- [http-nio-9000-exec-9] c.s.e.m.C.readCategory_name : <==        Row: 식탁등 
21:35:42.775 TRACE --- [http-nio-9000-exec-8] c.s.e.m.ProductMapper.lowCgData_all : <==        Row: 2, 방등, 5, null 
21:35:42.775 TRACE --- [http-nio-9000-exec-9] c.s.e.m.C.readCategory_name : <==        Row: 방등 
21:35:42.775 TRACE --- [http-nio-9000-exec-9] c.s.e.m.C.readCategory_name : <==        Row: 주방등 
21:35:42.775 TRACE --- [http-nio-9000-exec-8] c.s.e.m.ProductMapper.lowCgData_all : <==        Row: 3, 형광등 스탠드, 9, null 
21:35:42.775 TRACE --- [http-nio-9000-exec-9] c.s.e.m.C.readCategory_name : <==        Row: 스탠드 
21:35:42.775 TRACE --- [http-nio-9000-exec-8] c.s.e.m.ProductMapper.lowCgData_all : <==        Row: 4, 멀티탭, 10, null 
21:35:42.775 TRACE --- [http-nio-9000-exec-9] c.s.e.m.C.readCategory_name : <==        Row: 전기재료 
21:35:42.775 TRACE --- [http-nio-9000-exec-8] c.s.e.m.ProductMapper.lowCgData_all : <==        Row: 5, 식탁등, 6, null 
21:35:42.775 DEBUG --- [http-nio-9000-exec-9] c.s.e.m.C.readCategory_name : <==      Total: 7 
21:35:42.775 TRACE --- [http-nio-9000-exec-8] c.s.e.m.ProductMapper.lowCgData_all : <==        Row: 6, 2구 스위치, 3, null 
21:35:42.775 DEBUG --- [http-nio-9000-exec-8] c.s.e.m.ProductMapper.lowCgData_all : <==      Total: 6 
